TpTrace Verbose: 0 : 49900, 1, 2024/04/23, 22:48:34.788, 2693349609748, vstest.console.dll, Version: 17.9.0-release-24072-02 Current process architecture: X64
TpTrace Verbose: 0 : 49900, 1, 2024/04/23, 22:48:34.793, 2693349653688, vstest.console.dll, Runtime location: C:\Program Files\dotnet\shared\Microsoft.NETCore.App\8.0.3
TpTrace Verbose: 0 : 49900, 1, 2024/04/23, 22:48:34.796, 2693349687724, vstest.console.dll, ArtifactProcessingPostProcessModeProcessorExecutor.Initialize: ArtifactProcessingMode.Collect
TpTrace Verbose: 0 : 49900, 1, 2024/04/23, 22:48:34.796, 2693349690002, vstest.console.dll, TestSessionCorrelationIdProcessorModeProcessorExecutor.Initialize: TestSessionCorrelationId '45004_68c0649b-4f63-4fe8-b52d-0f4ce852a5d9'
TpTrace Information: 0 : 49900, 1, 2024/04/23, 22:48:34.806, 2693349785830, vstest.console.dll, FilePatternParser: The given file C:\Users\VC\Documents\Projects\Day10(Unit-Testing)\HospitalManagerSln\HospitalManagerBLTesting\bin\Debug\net6.0\fine-code-coverage\build-output\HospitalManagerBLTesting.dll is a full path.
TpTrace Verbose: 0 : 49900, 1, 2024/04/23, 22:48:34.812, 2693349846860, vstest.console.dll, TestPluginCache.DiscoverTestExtensions: finding test extensions in assemblies ends with: RuntimeProvider.dll TPluginInfo: Microsoft.VisualStudio.TestPlatform.Common.ExtensionFramework.Utilities.TestRuntimePluginInformation TExtension: Microsoft.VisualStudio.TestPlatform.ObjectModel.Host.ITestRuntimeProvider
TpTrace Verbose: 0 : 49900, 1, 2024/04/23, 22:48:34.813, 2693349854967, vstest.console.dll, TestPluginCache.GetExtensionPaths: Filtered extension paths: 
TpTrace Verbose: 0 : 49900, 1, 2024/04/23, 22:48:34.813, 2693349857785, vstest.console.dll, TestPluginCache.GetExtensionPaths: Added default extension paths: C:\Program Files\dotnet\sdk\8.0.202\Extensions\Microsoft.Diagnostics.NETCore.Client.dll
C:\Program Files\dotnet\sdk\8.0.202\Extensions\Microsoft.TestPlatform.Extensions.BlameDataCollector.dll
C:\Program Files\dotnet\sdk\8.0.202\Extensions\Microsoft.TestPlatform.Extensions.EventLogCollector.dll
C:\Program Files\dotnet\sdk\8.0.202\Extensions\Microsoft.TestPlatform.TestHostRuntimeProvider.dll
C:\Program Files\dotnet\sdk\8.0.202\Extensions\Microsoft.VisualStudio.TestPlatform.Extensions.Html.TestLogger.dll
C:\Program Files\dotnet\sdk\8.0.202\Extensions\Microsoft.VisualStudio.TestPlatform.Extensions.Trx.TestLogger.dll
TpTrace Verbose: 0 : 49900, 1, 2024/04/23, 22:48:34.813, 2693349858411, vstest.console.dll, TestPluginCache.GetExtensionPaths: Added unfilterableExtensionPaths: 
TpTrace Information: 0 : 49900, 1, 2024/04/23, 22:48:34.814, 2693349867755, vstest.console.dll, AssemblyResolver.ctor: Creating AssemblyResolver with searchDirectories C:\Program Files\dotnet\sdk\8.0.202\Extensions,C:\Program Files\dotnet\sdk\8.0.202
TpTrace Verbose: 0 : 49900, 1, 2024/04/23, 22:48:34.816, 2693349889076, vstest.console.dll, TestPluginCache.DiscoverTestExtensions: Discovering the extensions using extension path.
TpTrace Verbose: 0 : 49900, 1, 2024/04/23, 22:48:34.816, 2693349891270, vstest.console.dll, TestPluginCache.GetExtensionPaths: Filtered extension paths: 
TpTrace Verbose: 0 : 49900, 1, 2024/04/23, 22:48:34.817, 2693349891992, vstest.console.dll, TestPluginCache.GetExtensionPaths: Added default extension paths: C:\Program Files\dotnet\sdk\8.0.202\Extensions\Microsoft.Diagnostics.NETCore.Client.dll
C:\Program Files\dotnet\sdk\8.0.202\Extensions\Microsoft.TestPlatform.Extensions.BlameDataCollector.dll
C:\Program Files\dotnet\sdk\8.0.202\Extensions\Microsoft.TestPlatform.Extensions.EventLogCollector.dll
C:\Program Files\dotnet\sdk\8.0.202\Extensions\Microsoft.TestPlatform.TestHostRuntimeProvider.dll
C:\Program Files\dotnet\sdk\8.0.202\Extensions\Microsoft.VisualStudio.TestPlatform.Extensions.Html.TestLogger.dll
C:\Program Files\dotnet\sdk\8.0.202\Extensions\Microsoft.VisualStudio.TestPlatform.Extensions.Trx.TestLogger.dll
TpTrace Verbose: 0 : 49900, 1, 2024/04/23, 22:48:34.817, 2693349892410, vstest.console.dll, TestPluginCache.GetExtensionPaths: Added unfilterableExtensionPaths: 
TpTrace Verbose: 0 : 49900, 1, 2024/04/23, 22:48:34.817, 2693349893958, vstest.console.dll, TestPluginCache.DiscoverTestExtensions: Discovering the extensions using allExtensionPaths: C:\Program Files\dotnet\sdk\8.0.202\Extensions\Microsoft.Diagnostics.NETCore.Client.dll
C:\Program Files\dotnet\sdk\8.0.202\Extensions\Microsoft.TestPlatform.Extensions.BlameDataCollector.dll
C:\Program Files\dotnet\sdk\8.0.202\Extensions\Microsoft.TestPlatform.Extensions.EventLogCollector.dll
C:\Program Files\dotnet\sdk\8.0.202\Extensions\Microsoft.TestPlatform.TestHostRuntimeProvider.dll
C:\Program Files\dotnet\sdk\8.0.202\Extensions\Microsoft.VisualStudio.TestPlatform.Extensions.Html.TestLogger.dll
C:\Program Files\dotnet\sdk\8.0.202\Extensions\Microsoft.VisualStudio.TestPlatform.Extensions.Trx.TestLogger.dll
TpTrace Information: 0 : 49900, 1, 2024/04/23, 22:48:34.817, 2693349895513, vstest.console.dll, AssemblyResolver.AddSearchDirectories: Adding more searchDirectories C:\Program Files\dotnet\sdk\8.0.202\Extensions,C:\Program Files\dotnet\sdk\8.0.202
TpTrace Information: 0 : 49900, 1, 2024/04/23, 22:48:34.817, 2693349896343, vstest.console.dll, AssemblyResolver.AddSearchDirectories: Adding more searchDirectories C:\Program Files\dotnet\sdk\8.0.202\Extensions,C:\Program Files\dotnet\sdk\8.0.202
TpTrace Information: 0 : 49900, 1, 2024/04/23, 22:48:34.817, 2693349896993, vstest.console.dll, AssemblyResolver.AddSearchDirectories: Adding more searchDirectories C:\Program Files\dotnet\sdk\8.0.202\Extensions,C:\Program Files\dotnet\sdk\8.0.202
TpTrace Information: 0 : 49900, 1, 2024/04/23, 22:48:34.817, 2693349897424, vstest.console.dll, AssemblyResolver.AddSearchDirectories: Adding more searchDirectories C:\Program Files\dotnet\sdk\8.0.202\Extensions,C:\Program Files\dotnet\sdk\8.0.202
TpTrace Information: 0 : 49900, 1, 2024/04/23, 22:48:34.817, 2693349897886, vstest.console.dll, AssemblyResolver.AddSearchDirectories: Adding more searchDirectories C:\Program Files\dotnet\sdk\8.0.202\Extensions,C:\Program Files\dotnet\sdk\8.0.202
TpTrace Information: 0 : 49900, 1, 2024/04/23, 22:48:34.817, 2693349898298, vstest.console.dll, AssemblyResolver.AddSearchDirectories: Adding more searchDirectories C:\Program Files\dotnet\sdk\8.0.202\Extensions,C:\Program Files\dotnet\sdk\8.0.202
TpTrace Information: 0 : 49900, 1, 2024/04/23, 22:48:34.818, 2693349904684, vstest.console.dll, AssemblyResolver.OnResolve: Microsoft.Diagnostics.NETCore.Client: Resolving assembly.
TpTrace Information: 0 : 49900, 1, 2024/04/23, 22:48:34.818, 2693349905980, vstest.console.dll, AssemblyResolver.OnResolve: Microsoft.Diagnostics.NETCore.Client: Searching in: 'C:\Program Files\dotnet\sdk\8.0.202\Extensions'.
TpTrace Information: 0 : 49900, 1, 2024/04/23, 22:48:34.827, 2693349996519, vstest.console.dll, AssemblyResolver.OnResolve: Microsoft.Diagnostics.NETCore.Client: Loading assembly 'C:\Program Files\dotnet\sdk\8.0.202\Extensions\Microsoft.Diagnostics.NETCore.Client.dll'.
TpTrace Information: 0 : 49900, 1, 2024/04/23, 22:48:34.828, 2693350006167, vstest.console.dll, AssemblyResolver.OnResolve: Resolved assembly: Microsoft.Diagnostics.NETCore.Client, from path: C:\Program Files\dotnet\sdk\8.0.202\Extensions\Microsoft.Diagnostics.NETCore.Client.dll
TpTrace Verbose: 0 : 49900, 1, 2024/04/23, 22:48:34.834, 2693350065841, vstest.console.dll, MetadataReaderExtensionsHelper: Discovering extensions inside assembly 'Microsoft.Diagnostics.NETCore.Client, Version=0.2.9.2401, Culture=neutral, PublicKeyToken=31bf3856ad364e35' file path 'C:\Program Files\dotnet\sdk\8.0.202\Extensions\Microsoft.Diagnostics.NETCore.Client.dll'
TpTrace Information: 0 : 49900, 1, 2024/04/23, 22:48:34.838, 2693350109679, vstest.console.dll, AssemblyResolver.OnResolve: Microsoft.Bcl.AsyncInterfaces: Resolving assembly.
TpTrace Information: 0 : 49900, 1, 2024/04/23, 22:48:34.839, 2693350111368, vstest.console.dll, AssemblyResolver.OnResolve: Microsoft.Bcl.AsyncInterfaces: Searching in: 'C:\Program Files\dotnet\sdk\8.0.202\Extensions'.
TpTrace Information: 0 : 49900, 1, 2024/04/23, 22:48:34.839, 2693350112764, vstest.console.dll, AssemblyResolver.OnResolve: Microsoft.Bcl.AsyncInterfaces: Assembly path does not exist: 'C:\Program Files\dotnet\sdk\8.0.202\Extensions\Microsoft.Bcl.AsyncInterfaces.dll', returning.
TpTrace Information: 0 : 49900, 1, 2024/04/23, 22:48:34.839, 2693350114007, vstest.console.dll, AssemblyResolver.OnResolve: Microsoft.Bcl.AsyncInterfaces: Assembly path does not exist: 'C:\Program Files\dotnet\sdk\8.0.202\Extensions\Microsoft.Bcl.AsyncInterfaces.exe', returning.
TpTrace Information: 0 : 49900, 1, 2024/04/23, 22:48:34.839, 2693350114358, vstest.console.dll, AssemblyResolver.OnResolve: Microsoft.Bcl.AsyncInterfaces: Searching in: 'C:\Program Files\dotnet\sdk\8.0.202'.
TpTrace Information: 0 : 49900, 1, 2024/04/23, 22:48:34.839, 2693350115055, vstest.console.dll, AssemblyResolver.OnResolve: Microsoft.Bcl.AsyncInterfaces: Assembly path does not exist: 'C:\Program Files\dotnet\sdk\8.0.202\Microsoft.Bcl.AsyncInterfaces.dll', returning.
TpTrace Information: 0 : 49900, 1, 2024/04/23, 22:48:34.839, 2693350115587, vstest.console.dll, AssemblyResolver.OnResolve: Microsoft.Bcl.AsyncInterfaces: Assembly path does not exist: 'C:\Program Files\dotnet\sdk\8.0.202\Microsoft.Bcl.AsyncInterfaces.exe', returning.
TpTrace Information: 0 : 49900, 1, 2024/04/23, 22:48:34.839, 2693350115875, vstest.console.dll, AssemblyResolver.OnResolve: Microsoft.Bcl.AsyncInterfaces: Failed to load assembly.
TpTrace Verbose: 0 : 49900, 1, 2024/04/23, 22:48:34.839, 2693350116285, vstest.console.dll, CurrentDomainAssemblyResolve: Resolving assembly 'Microsoft.Bcl.AsyncInterfaces'.
TpTrace Information: 0 : 49900, 1, 2024/04/23, 22:48:34.839, 2693350116890, vstest.console.dll, AssemblyResolver.OnResolve: Microsoft.Bcl.AsyncInterfaces: Resolving assembly.
TpTrace Information: 0 : 49900, 1, 2024/04/23, 22:48:34.839, 2693350117295, vstest.console.dll, AssemblyResolver.OnResolve: Microsoft.Bcl.AsyncInterfaces: Resolved from cache.
TpTrace Verbose: 0 : 49900, 1, 2024/04/23, 22:48:34.839, 2693350117564, vstest.console.dll, CurrentDomainAssemblyResolve: Resolving assembly 'Microsoft.Bcl.AsyncInterfaces'.
TpTrace Verbose: 0 : 49900, 1, 2024/04/23, 22:48:34.839, 2693350118004, vstest.console.dll, CurrentDomainAssemblyResolve: Failed to resolve assembly 'Microsoft.Bcl.AsyncInterfaces'.
TpTrace Verbose: 0 : 49900, 1, 2024/04/23, 22:48:34.840, 2693350125760, vstest.console.dll, CurrentDomainAssemblyResolve: Failed to resolve assembly 'Microsoft.Bcl.AsyncInterfaces'.
TpTrace Warning: 0 : 49900, 1, 2024/04/23, 22:48:34.854, 2693350264413, vstest.console.dll, TestPluginDiscoverer: Failed to get types from assembly 'Microsoft.Diagnostics.NETCore.Client, Version=0.2.9.2401, Culture=neutral, PublicKeyToken=31bf3856ad364e35'. Error: System.Reflection.ReflectionTypeLoadException: Unable to load one or more of the requested types.
Could not load file or assembly 'Microsoft.Bcl.AsyncInterfaces, Version=6.0.0.0, Culture=neutral, PublicKeyToken=cc7b13ffcd2ddd51'. The system cannot find the file specified.
   at System.Reflection.RuntimeModule.GetTypes(RuntimeModule module)
   at System.Reflection.RuntimeModule.GetTypes()
   at Microsoft.VisualStudio.TestPlatform.Common.ExtensionFramework.TestPluginDiscoverer.GetTestExtensionsFromAssembly[TPluginInfo,TExtension](Assembly assembly, Dictionary`2 pluginInfos, String filePath) in /_/src/Microsoft.TestPlatform.Common/ExtensionFramework/TestPluginDiscoverer.cs:line 158
System.IO.FileNotFoundException: Could not load file or assembly 'Microsoft.Bcl.AsyncInterfaces, Version=6.0.0.0, Culture=neutral, PublicKeyToken=cc7b13ffcd2ddd51'. The system cannot find the file specified.
File name: 'Microsoft.Bcl.AsyncInterfaces, Version=6.0.0.0, Culture=neutral, PublicKeyToken=cc7b13ffcd2ddd51'
 ---> System.IO.FileNotFoundException: Could not load file or assembly 'Microsoft.Bcl.AsyncInterfaces, Culture=neutral, PublicKeyToken=null'. The system cannot find the file specified.
File name: 'Microsoft.Bcl.AsyncInterfaces, Culture=neutral, PublicKeyToken=null'
   at System.Reflection.RuntimeAssembly.InternalLoad(AssemblyName assemblyName, StackCrawlMark& stackMark, AssemblyLoadContext assemblyLoadContext, RuntimeAssembly requestingAssembly, Boolean throwOnFileNotFound)
   at System.Reflection.Assembly.Load(AssemblyName assemblyRef)
   at Microsoft.VisualStudio.TestPlatform.Common.ExtensionFramework.TestPluginCache.CurrentDomainAssemblyResolve(Object sender, AssemblyResolveEventArgs args) in /_/src/Microsoft.TestPlatform.Common/ExtensionFramework/TestPluginCache.cs:line 513
   at System.Runtime.Loader.AssemblyLoadContext.GetFirstResolvedAssemblyFromResolvingEvent(AssemblyName assemblyName)
   at System.Runtime.Loader.AssemblyLoadContext.ResolveUsingEvent(AssemblyName assemblyName)
   at System.Runtime.Loader.AssemblyLoadContext.ResolveUsingResolvingEvent(IntPtr gchManagedAssemblyLoadContext, AssemblyName assemblyName)
TpTrace Warning: 0 : 49900, 1, 2024/04/23, 22:48:34.854, 2693350269969, vstest.console.dll, LoaderExceptions: System.IO.FileNotFoundException: Could not load file or assembly 'Microsoft.Bcl.AsyncInterfaces, Version=6.0.0.0, Culture=neutral, PublicKeyToken=cc7b13ffcd2ddd51'. The system cannot find the file specified.
File name: 'Microsoft.Bcl.AsyncInterfaces, Version=6.0.0.0, Culture=neutral, PublicKeyToken=cc7b13ffcd2ddd51'
 ---> System.IO.FileNotFoundException: Could not load file or assembly 'Microsoft.Bcl.AsyncInterfaces, Culture=neutral, PublicKeyToken=null'. The system cannot find the file specified.
File name: 'Microsoft.Bcl.AsyncInterfaces, Culture=neutral, PublicKeyToken=null'
   at System.Reflection.RuntimeAssembly.InternalLoad(AssemblyName assemblyName, StackCrawlMark& stackMark, AssemblyLoadContext assemblyLoadContext, RuntimeAssembly requestingAssembly, Boolean throwOnFileNotFound)
   at System.Reflection.Assembly.Load(AssemblyName assemblyRef)
   at Microsoft.VisualStudio.TestPlatform.Common.ExtensionFramework.TestPluginCache.CurrentDomainAssemblyResolve(Object sender, AssemblyResolveEventArgs args) in /_/src/Microsoft.TestPlatform.Common/ExtensionFramework/TestPluginCache.cs:line 513
   at System.Runtime.Loader.AssemblyLoadContext.GetFirstResolvedAssemblyFromResolvingEvent(AssemblyName assemblyName)
   at System.Runtime.Loader.AssemblyLoadContext.ResolveUsingEvent(AssemblyName assemblyName)
   at System.Runtime.Loader.AssemblyLoadContext.ResolveUsingResolvingEvent(IntPtr gchManagedAssemblyLoadContext, AssemblyName assemblyName)
TpTrace Information: 0 : 49900, 1, 2024/04/23, 22:48:34.855, 2693350272255, vstest.console.dll, AssemblyResolver.OnResolve: Microsoft.TestPlatform.Extensions.BlameDataCollector: Resolving assembly.
TpTrace Information: 0 : 49900, 1, 2024/04/23, 22:48:34.855, 2693350272826, vstest.console.dll, AssemblyResolver.OnResolve: Microsoft.TestPlatform.Extensions.BlameDataCollector: Searching in: 'C:\Program Files\dotnet\sdk\8.0.202\Extensions'.
TpTrace Information: 0 : 49900, 1, 2024/04/23, 22:48:34.855, 2693350277807, vstest.console.dll, AssemblyResolver.OnResolve: Microsoft.TestPlatform.Extensions.BlameDataCollector: Loading assembly 'C:\Program Files\dotnet\sdk\8.0.202\Extensions\Microsoft.TestPlatform.Extensions.BlameDataCollector.dll'.
TpTrace Information: 0 : 49900, 1, 2024/04/23, 22:48:34.856, 2693350286818, vstest.console.dll, AssemblyResolver.OnResolve: Resolved assembly: Microsoft.TestPlatform.Extensions.BlameDataCollector, from path: C:\Program Files\dotnet\sdk\8.0.202\Extensions\Microsoft.TestPlatform.Extensions.BlameDataCollector.dll
TpTrace Verbose: 0 : 49900, 1, 2024/04/23, 22:48:34.856, 2693350288322, vstest.console.dll, MetadataReaderExtensionsHelper: Discovering extensions inside assembly 'Microsoft.TestPlatform.Extensions.BlameDataCollector, Version=15.0.0.0, Culture=neutral, PublicKeyToken=b03f5f7f11d50a3a' file path 'C:\Program Files\dotnet\sdk\8.0.202\Extensions\Microsoft.TestPlatform.Extensions.BlameDataCollector.dll'
TpTrace Information: 0 : 49900, 1, 2024/04/23, 22:48:34.858, 2693350308178, vstest.console.dll, AssemblyResolver.OnResolve: Microsoft.TestPlatform.Extensions.EventLogCollector: Resolving assembly.
TpTrace Information: 0 : 49900, 1, 2024/04/23, 22:48:34.858, 2693350309591, vstest.console.dll, AssemblyResolver.OnResolve: Microsoft.TestPlatform.Extensions.EventLogCollector: Searching in: 'C:\Program Files\dotnet\sdk\8.0.202\Extensions'.
TpTrace Information: 0 : 49900, 1, 2024/04/23, 22:48:34.859, 2693350314891, vstest.console.dll, AssemblyResolver.OnResolve: Microsoft.TestPlatform.Extensions.EventLogCollector: Loading assembly 'C:\Program Files\dotnet\sdk\8.0.202\Extensions\Microsoft.TestPlatform.Extensions.EventLogCollector.dll'.
TpTrace Information: 0 : 49900, 1, 2024/04/23, 22:48:34.860, 2693350324637, vstest.console.dll, AssemblyResolver.OnResolve: Resolved assembly: Microsoft.TestPlatform.Extensions.EventLogCollector, from path: C:\Program Files\dotnet\sdk\8.0.202\Extensions\Microsoft.TestPlatform.Extensions.EventLogCollector.dll
TpTrace Verbose: 0 : 49900, 1, 2024/04/23, 22:48:34.860, 2693350326027, vstest.console.dll, MetadataReaderExtensionsHelper: Discovering extensions inside assembly 'Microsoft.TestPlatform.Extensions.EventLogCollector, Version=15.0.0.0, Culture=neutral, PublicKeyToken=b03f5f7f11d50a3a' file path 'C:\Program Files\dotnet\sdk\8.0.202\Extensions\Microsoft.TestPlatform.Extensions.EventLogCollector.dll'
TpTrace Information: 0 : 49900, 1, 2024/04/23, 22:48:34.864, 2693350366050, vstest.console.dll, AssemblyResolver.OnResolve: Microsoft.TestPlatform.TestHostRuntimeProvider: Resolving assembly.
TpTrace Information: 0 : 49900, 1, 2024/04/23, 22:48:34.864, 2693350367943, vstest.console.dll, AssemblyResolver.OnResolve: Microsoft.TestPlatform.TestHostRuntimeProvider: Searching in: 'C:\Program Files\dotnet\sdk\8.0.202\Extensions'.
TpTrace Information: 0 : 49900, 1, 2024/04/23, 22:48:34.865, 2693350374294, vstest.console.dll, AssemblyResolver.OnResolve: Microsoft.TestPlatform.TestHostRuntimeProvider: Loading assembly 'C:\Program Files\dotnet\sdk\8.0.202\Extensions\Microsoft.TestPlatform.TestHostRuntimeProvider.dll'.
TpTrace Information: 0 : 49900, 1, 2024/04/23, 22:48:34.866, 2693350383991, vstest.console.dll, AssemblyResolver.OnResolve: Resolved assembly: Microsoft.TestPlatform.TestHostRuntimeProvider, from path: C:\Program Files\dotnet\sdk\8.0.202\Extensions\Microsoft.TestPlatform.TestHostRuntimeProvider.dll
TpTrace Verbose: 0 : 49900, 1, 2024/04/23, 22:48:34.866, 2693350385291, vstest.console.dll, MetadataReaderExtensionsHelper: Discovering extensions inside assembly 'Microsoft.TestPlatform.TestHostRuntimeProvider, Version=15.0.0.0, Culture=neutral, PublicKeyToken=b03f5f7f11d50a3a' file path 'C:\Program Files\dotnet\sdk\8.0.202\Extensions\Microsoft.TestPlatform.TestHostRuntimeProvider.dll'
TpTrace Information: 0 : 49900, 1, 2024/04/23, 22:48:34.868, 2693350407756, vstest.console.dll, GetTestExtensionFromType: Register extension with identifier data 'HostProvider://DefaultTestHost' and type 'Microsoft.VisualStudio.TestPlatform.CrossPlatEngine.Hosting.DefaultTestHostManager, Microsoft.TestPlatform.TestHostRuntimeProvider, Version=15.0.0.0, Culture=neutral, PublicKeyToken=b03f5f7f11d50a3a' inside file 'C:\Program Files\dotnet\sdk\8.0.202\Extensions\Microsoft.TestPlatform.TestHostRuntimeProvider.dll'
TpTrace Information: 0 : 49900, 1, 2024/04/23, 22:48:34.869, 2693350412520, vstest.console.dll, GetTestExtensionFromType: Register extension with identifier data 'HostProvider://DotnetTestHost' and type 'Microsoft.VisualStudio.TestPlatform.CrossPlatEngine.Hosting.DotnetTestHostManager, Microsoft.TestPlatform.TestHostRuntimeProvider, Version=15.0.0.0, Culture=neutral, PublicKeyToken=b03f5f7f11d50a3a' inside file 'C:\Program Files\dotnet\sdk\8.0.202\Extensions\Microsoft.TestPlatform.TestHostRuntimeProvider.dll'
TpTrace Information: 0 : 49900, 1, 2024/04/23, 22:48:34.869, 2693350414051, vstest.console.dll, AssemblyResolver.OnResolve: Microsoft.VisualStudio.TestPlatform.Extensions.Html.TestLogger: Resolving assembly.
TpTrace Information: 0 : 49900, 1, 2024/04/23, 22:48:34.869, 2693350414872, vstest.console.dll, AssemblyResolver.OnResolve: Microsoft.VisualStudio.TestPlatform.Extensions.Html.TestLogger: Searching in: 'C:\Program Files\dotnet\sdk\8.0.202\Extensions'.
TpTrace Information: 0 : 49900, 1, 2024/04/23, 22:48:34.869, 2693350420383, vstest.console.dll, AssemblyResolver.OnResolve: Microsoft.VisualStudio.TestPlatform.Extensions.Html.TestLogger: Loading assembly 'C:\Program Files\dotnet\sdk\8.0.202\Extensions\Microsoft.VisualStudio.TestPlatform.Extensions.Html.TestLogger.dll'.
TpTrace Information: 0 : 49900, 1, 2024/04/23, 22:48:34.870, 2693350430982, vstest.console.dll, AssemblyResolver.OnResolve: Resolved assembly: Microsoft.VisualStudio.TestPlatform.Extensions.Html.TestLogger, from path: C:\Program Files\dotnet\sdk\8.0.202\Extensions\Microsoft.VisualStudio.TestPlatform.Extensions.Html.TestLogger.dll
TpTrace Verbose: 0 : 49900, 1, 2024/04/23, 22:48:34.871, 2693350432424, vstest.console.dll, MetadataReaderExtensionsHelper: Discovering extensions inside assembly 'Microsoft.VisualStudio.TestPlatform.Extensions.Html.TestLogger, Version=15.0.0.0, Culture=neutral, PublicKeyToken=b03f5f7f11d50a3a' file path 'C:\Program Files\dotnet\sdk\8.0.202\Extensions\Microsoft.VisualStudio.TestPlatform.Extensions.Html.TestLogger.dll'
TpTrace Information: 0 : 49900, 1, 2024/04/23, 22:48:34.872, 2693350445687, vstest.console.dll, AssemblyResolver.OnResolve: Microsoft.VisualStudio.TestPlatform.Extensions.Trx.TestLogger: Resolving assembly.
TpTrace Information: 0 : 49900, 1, 2024/04/23, 22:48:34.872, 2693350446926, vstest.console.dll, AssemblyResolver.OnResolve: Microsoft.VisualStudio.TestPlatform.Extensions.Trx.TestLogger: Searching in: 'C:\Program Files\dotnet\sdk\8.0.202\Extensions'.
TpTrace Information: 0 : 49900, 1, 2024/04/23, 22:48:34.873, 2693350452164, vstest.console.dll, AssemblyResolver.OnResolve: Microsoft.VisualStudio.TestPlatform.Extensions.Trx.TestLogger: Loading assembly 'C:\Program Files\dotnet\sdk\8.0.202\Extensions\Microsoft.VisualStudio.TestPlatform.Extensions.Trx.TestLogger.dll'.
TpTrace Information: 0 : 49900, 1, 2024/04/23, 22:48:34.874, 2693350463339, vstest.console.dll, AssemblyResolver.OnResolve: Resolved assembly: Microsoft.VisualStudio.TestPlatform.Extensions.Trx.TestLogger, from path: C:\Program Files\dotnet\sdk\8.0.202\Extensions\Microsoft.VisualStudio.TestPlatform.Extensions.Trx.TestLogger.dll
TpTrace Verbose: 0 : 49900, 1, 2024/04/23, 22:48:34.874, 2693350464673, vstest.console.dll, MetadataReaderExtensionsHelper: Discovering extensions inside assembly 'Microsoft.VisualStudio.TestPlatform.Extensions.Trx.TestLogger, Version=15.0.0.0, Culture=neutral, PublicKeyToken=b03f5f7f11d50a3a' file path 'C:\Program Files\dotnet\sdk\8.0.202\Extensions\Microsoft.VisualStudio.TestPlatform.Extensions.Trx.TestLogger.dll'
TpTrace Verbose: 0 : 49900, 1, 2024/04/23, 22:48:34.876, 2693350485839, vstest.console.dll, TestPluginCache: Discovered the extensions using extension path ''.
TpTrace Verbose: 0 : 49900, 1, 2024/04/23, 22:48:34.876, 2693350487758, vstest.console.dll, TestPluginCache: Discoverers are ''.
TpTrace Verbose: 0 : 49900, 1, 2024/04/23, 22:48:34.876, 2693350488585, vstest.console.dll, TestPluginCache: Executors are ''.
TpTrace Verbose: 0 : 49900, 1, 2024/04/23, 22:48:34.876, 2693350489257, vstest.console.dll, TestPluginCache: Executors2 are ''.
TpTrace Verbose: 0 : 49900, 1, 2024/04/23, 22:48:34.876, 2693350489755, vstest.console.dll, TestPluginCache: Setting providers are ''.
TpTrace Verbose: 0 : 49900, 1, 2024/04/23, 22:48:34.876, 2693350490219, vstest.console.dll, TestPluginCache: Loggers are ''.
TpTrace Verbose: 0 : 49900, 1, 2024/04/23, 22:48:34.877, 2693350491458, vstest.console.dll, TestPluginCache: TestHosts are 'HostProvider://DefaultTestHost,HostProvider://DotnetTestHost'.
TpTrace Verbose: 0 : 49900, 1, 2024/04/23, 22:48:34.877, 2693350492011, vstest.console.dll, TestPluginCache: DataCollectors are ''.
TpTrace Information: 0 : 49900, 1, 2024/04/23, 22:48:34.895, 2693350675068, vstest.console.dll, RunTestsArgumentProcessor:Execute: Test run is starting.
TpTrace Verbose: 0 : 49900, 1, 2024/04/23, 22:48:34.895, 2693350676501, vstest.console.dll, RunTestsArgumentProcessor:Execute: Queuing Test run.
TpTrace Information: 0 : 49900, 1, 2024/04/23, 22:48:34.895, 2693350679137, vstest.console.dll, TestRequestManager.RunTests: run tests started.
TpTrace Information: 0 : 49900, 1, 2024/04/23, 22:48:34.897, 2693350696095, vstest.console.dll, AssemblyMetadataProvider.GetFrameworkName: Determined framework:'.NETCoreApp,Version=v6.0' for source: 'C:\Users\VC\Documents\Projects\Day10(Unit-Testing)\HospitalManagerSln\HospitalManagerBLTesting\bin\Debug\net6.0\fine-code-coverage\build-output\HospitalManagerBLTesting.dll'
TpTrace Information: 0 : 49900, 1, 2024/04/23, 22:48:34.897, 2693350699265, vstest.console.dll, Determined framework for all sources: .NETCoreApp,Version=v6.0
TpTrace Verbose: 0 : 49900, 1, 2024/04/23, 22:48:34.898, 2693350705181, vstest.console.dll, TestRequestManager.UpdateRunSettingsIfRequired: Default architecture: X64 IsDefaultTargetArchitecture: True, Current process architecture: X64 OperatingSystem: Windows.
TpTrace Information: 0 : 49900, 1, 2024/04/23, 22:48:34.900, 2693350727154, vstest.console.dll, AssemblyMetadataProvider.GetArchitecture: Determined architecture:AnyCPU info for assembly: C:\Users\VC\Documents\Projects\Day10(Unit-Testing)\HospitalManagerSln\HospitalManagerBLTesting\bin\Debug\net6.0\fine-code-coverage\build-output\HospitalManagerBLTesting.dll
TpTrace Information: 0 : 49900, 1, 2024/04/23, 22:48:34.900, 2693350728199, vstest.console.dll, Determined platform for source 'C:\Users\VC\Documents\Projects\Day10(Unit-Testing)\HospitalManagerSln\HospitalManagerBLTesting\bin\Debug\net6.0\fine-code-coverage\build-output\HospitalManagerBLTesting.dll' was AnyCPU and it will use the default plaform X64.
TpTrace Information: 0 : 49900, 1, 2024/04/23, 22:48:34.900, 2693350728576, vstest.console.dll, None of the sources provided any runnable platform, using the default platform: X64
TpTrace Information: 0 : 49900, 1, 2024/04/23, 22:48:34.900, 2693350729852, vstest.console.dll, Platform was updated to 'X64'.
TpTrace Information: 0 : 49900, 1, 2024/04/23, 22:48:34.904, 2693350767681, vstest.console.dll, InferRunSettingsHelper.IsTestSettingsEnabled: Unable to navigate to RunSettings/MSTest. Current node: RunSettings
TpTrace Information: 0 : 49900, 1, 2024/04/23, 22:48:34.905, 2693350775298, vstest.console.dll, AssemblyResolver.OnResolve: Microsoft.VisualStudio.TestPlatform.Fakes: Resolving assembly.
TpTrace Information: 0 : 49900, 1, 2024/04/23, 22:48:34.905, 2693350776232, vstest.console.dll, AssemblyResolver.OnResolve: Microsoft.VisualStudio.TestPlatform.Fakes: Searching in: 'C:\Program Files\dotnet\sdk\8.0.202\Extensions'.
TpTrace Information: 0 : 49900, 1, 2024/04/23, 22:48:34.905, 2693350777425, vstest.console.dll, AssemblyResolver.OnResolve: Microsoft.VisualStudio.TestPlatform.Fakes: Assembly path does not exist: 'C:\Program Files\dotnet\sdk\8.0.202\Extensions\Microsoft.VisualStudio.TestPlatform.Fakes.dll', returning.
TpTrace Information: 0 : 49900, 1, 2024/04/23, 22:48:34.905, 2693350778183, vstest.console.dll, AssemblyResolver.OnResolve: Microsoft.VisualStudio.TestPlatform.Fakes: Assembly path does not exist: 'C:\Program Files\dotnet\sdk\8.0.202\Extensions\Microsoft.VisualStudio.TestPlatform.Fakes.exe', returning.
TpTrace Information: 0 : 49900, 1, 2024/04/23, 22:48:34.905, 2693350778518, vstest.console.dll, AssemblyResolver.OnResolve: Microsoft.VisualStudio.TestPlatform.Fakes: Searching in: 'C:\Program Files\dotnet\sdk\8.0.202'.
TpTrace Information: 0 : 49900, 1, 2024/04/23, 22:48:34.905, 2693350779119, vstest.console.dll, AssemblyResolver.OnResolve: Microsoft.VisualStudio.TestPlatform.Fakes: Assembly path does not exist: 'C:\Program Files\dotnet\sdk\8.0.202\Microsoft.VisualStudio.TestPlatform.Fakes.dll', returning.
TpTrace Information: 0 : 49900, 1, 2024/04/23, 22:48:34.905, 2693350779678, vstest.console.dll, AssemblyResolver.OnResolve: Microsoft.VisualStudio.TestPlatform.Fakes: Assembly path does not exist: 'C:\Program Files\dotnet\sdk\8.0.202\Microsoft.VisualStudio.TestPlatform.Fakes.exe', returning.
TpTrace Information: 0 : 49900, 1, 2024/04/23, 22:48:34.905, 2693350780083, vstest.console.dll, AssemblyResolver.OnResolve: Microsoft.VisualStudio.TestPlatform.Fakes: Failed to load assembly.
TpTrace Information: 0 : 49900, 1, 2024/04/23, 22:48:34.906, 2693350783185, vstest.console.dll, Failed to load assembly Microsoft.VisualStudio.TestPlatform.Fakes, Version=17.0.0.0, Culture=neutral. Reason:System.IO.FileNotFoundException: Could not load file or assembly 'Microsoft.VisualStudio.TestPlatform.Fakes, Version=17.0.0.0, Culture=neutral, PublicKeyToken=null'. The system cannot find the file specified.
File name: 'Microsoft.VisualStudio.TestPlatform.Fakes, Version=17.0.0.0, Culture=neutral, PublicKeyToken=null'
   at System.Reflection.RuntimeAssembly.InternalLoad(AssemblyName assemblyName, StackCrawlMark& stackMark, AssemblyLoadContext assemblyLoadContext, RuntimeAssembly requestingAssembly, Boolean throwOnFileNotFound)
   at System.Reflection.Assembly.Load(AssemblyName assemblyRef)
   at Microsoft.VisualStudio.TestPlatform.Common.Utilities.FakesUtilities.LoadTestPlatformAssembly() in /_/src/Microsoft.TestPlatform.Common/Utilities/FakesUtilities.cs:line 272
TpTrace Verbose: 0 : 49900, 1, 2024/04/23, 22:48:34.910, 2693350826094, vstest.console.dll, TestPluginCache.DiscoverTestExtensions: finding test extensions in assemblies ends with: TestLogger.dll TPluginInfo: Microsoft.VisualStudio.TestPlatform.Common.ExtensionFramework.Utilities.TestLoggerPluginInformation TExtension: Microsoft.VisualStudio.TestPlatform.ObjectModel.Client.ITestLogger
TpTrace Verbose: 0 : 49900, 1, 2024/04/23, 22:48:34.910, 2693350827442, vstest.console.dll, TestPluginCache.GetExtensionPaths: Filtered extension paths: 
TpTrace Verbose: 0 : 49900, 1, 2024/04/23, 22:48:34.910, 2693350827801, vstest.console.dll, TestPluginCache.GetExtensionPaths: Added default extension paths: C:\Program Files\dotnet\sdk\8.0.202\Extensions\Microsoft.Diagnostics.NETCore.Client.dll
C:\Program Files\dotnet\sdk\8.0.202\Extensions\Microsoft.TestPlatform.Extensions.BlameDataCollector.dll
C:\Program Files\dotnet\sdk\8.0.202\Extensions\Microsoft.TestPlatform.Extensions.EventLogCollector.dll
C:\Program Files\dotnet\sdk\8.0.202\Extensions\Microsoft.TestPlatform.TestHostRuntimeProvider.dll
C:\Program Files\dotnet\sdk\8.0.202\Extensions\Microsoft.VisualStudio.TestPlatform.Extensions.Html.TestLogger.dll
C:\Program Files\dotnet\sdk\8.0.202\Extensions\Microsoft.VisualStudio.TestPlatform.Extensions.Trx.TestLogger.dll
TpTrace Verbose: 0 : 49900, 1, 2024/04/23, 22:48:34.910, 2693350828242, vstest.console.dll, TestPluginCache.GetExtensionPaths: Added unfilterableExtensionPaths: 
TpTrace Information: 0 : 49900, 1, 2024/04/23, 22:48:34.910, 2693350829691, vstest.console.dll, AssemblyResolver.AddSearchDirectories: Adding more searchDirectories C:\Program Files\dotnet\sdk\8.0.202\Extensions,C:\Program Files\dotnet\sdk\8.0.202
TpTrace Verbose: 0 : 49900, 1, 2024/04/23, 22:48:34.910, 2693350830171, vstest.console.dll, TestPluginCache.DiscoverTestExtensions: Discovering the extensions using extension path.
TpTrace Verbose: 0 : 49900, 1, 2024/04/23, 22:48:34.910, 2693350830614, vstest.console.dll, TestPluginCache.GetExtensionPaths: Filtered extension paths: 
TpTrace Verbose: 0 : 49900, 1, 2024/04/23, 22:48:34.910, 2693350830924, vstest.console.dll, TestPluginCache.GetExtensionPaths: Added default extension paths: C:\Program Files\dotnet\sdk\8.0.202\Extensions\Microsoft.Diagnostics.NETCore.Client.dll
C:\Program Files\dotnet\sdk\8.0.202\Extensions\Microsoft.TestPlatform.Extensions.BlameDataCollector.dll
C:\Program Files\dotnet\sdk\8.0.202\Extensions\Microsoft.TestPlatform.Extensions.EventLogCollector.dll
C:\Program Files\dotnet\sdk\8.0.202\Extensions\Microsoft.TestPlatform.TestHostRuntimeProvider.dll
C:\Program Files\dotnet\sdk\8.0.202\Extensions\Microsoft.VisualStudio.TestPlatform.Extensions.Html.TestLogger.dll
C:\Program Files\dotnet\sdk\8.0.202\Extensions\Microsoft.VisualStudio.TestPlatform.Extensions.Trx.TestLogger.dll
TpTrace Verbose: 0 : 49900, 1, 2024/04/23, 22:48:34.910, 2693350831288, vstest.console.dll, TestPluginCache.GetExtensionPaths: Added unfilterableExtensionPaths: 
TpTrace Verbose: 0 : 49900, 1, 2024/04/23, 22:48:34.911, 2693350832218, vstest.console.dll, TestPluginCache.DiscoverTestExtensions: Discovering the extensions using allExtensionPaths: C:\Program Files\dotnet\sdk\8.0.202\Extensions\Microsoft.Diagnostics.NETCore.Client.dll
C:\Program Files\dotnet\sdk\8.0.202\Extensions\Microsoft.TestPlatform.Extensions.BlameDataCollector.dll
C:\Program Files\dotnet\sdk\8.0.202\Extensions\Microsoft.TestPlatform.Extensions.EventLogCollector.dll
C:\Program Files\dotnet\sdk\8.0.202\Extensions\Microsoft.TestPlatform.TestHostRuntimeProvider.dll
C:\Program Files\dotnet\sdk\8.0.202\Extensions\Microsoft.VisualStudio.TestPlatform.Extensions.Html.TestLogger.dll
C:\Program Files\dotnet\sdk\8.0.202\Extensions\Microsoft.VisualStudio.TestPlatform.Extensions.Trx.TestLogger.dll
TpTrace Information: 0 : 49900, 1, 2024/04/23, 22:48:34.911, 2693350832769, vstest.console.dll, AssemblyResolver.AddSearchDirectories: Adding more searchDirectories C:\Program Files\dotnet\sdk\8.0.202\Extensions,C:\Program Files\dotnet\sdk\8.0.202
TpTrace Information: 0 : 49900, 1, 2024/04/23, 22:48:34.911, 2693350833179, vstest.console.dll, AssemblyResolver.AddSearchDirectories: Adding more searchDirectories C:\Program Files\dotnet\sdk\8.0.202\Extensions,C:\Program Files\dotnet\sdk\8.0.202
TpTrace Information: 0 : 49900, 1, 2024/04/23, 22:48:34.911, 2693350833548, vstest.console.dll, AssemblyResolver.AddSearchDirectories: Adding more searchDirectories C:\Program Files\dotnet\sdk\8.0.202\Extensions,C:\Program Files\dotnet\sdk\8.0.202
TpTrace Information: 0 : 49900, 1, 2024/04/23, 22:48:34.911, 2693350833849, vstest.console.dll, AssemblyResolver.AddSearchDirectories: Adding more searchDirectories C:\Program Files\dotnet\sdk\8.0.202\Extensions,C:\Program Files\dotnet\sdk\8.0.202
TpTrace Information: 0 : 49900, 1, 2024/04/23, 22:48:34.911, 2693350834196, vstest.console.dll, AssemblyResolver.AddSearchDirectories: Adding more searchDirectories C:\Program Files\dotnet\sdk\8.0.202\Extensions,C:\Program Files\dotnet\sdk\8.0.202
TpTrace Information: 0 : 49900, 1, 2024/04/23, 22:48:34.911, 2693350834499, vstest.console.dll, AssemblyResolver.AddSearchDirectories: Adding more searchDirectories C:\Program Files\dotnet\sdk\8.0.202\Extensions,C:\Program Files\dotnet\sdk\8.0.202
TpTrace Verbose: 0 : 49900, 1, 2024/04/23, 22:48:34.911, 2693350835567, vstest.console.dll, MetadataReaderExtensionsHelper: Discovering extensions inside assembly 'Microsoft.Diagnostics.NETCore.Client, Version=0.2.9.2401, Culture=neutral, PublicKeyToken=31bf3856ad364e35' file path 'C:\Program Files\dotnet\sdk\8.0.202\Extensions\Microsoft.Diagnostics.NETCore.Client.dll'
TpTrace Information: 0 : 49900, 1, 2024/04/23, 22:48:34.912, 2693350842794, vstest.console.dll, AssemblyResolver.OnResolve: Microsoft.Bcl.AsyncInterfaces: Resolving assembly.
TpTrace Information: 0 : 49900, 1, 2024/04/23, 22:48:34.912, 2693350843489, vstest.console.dll, AssemblyResolver.OnResolve: Microsoft.Bcl.AsyncInterfaces: Resolved from cache.
TpTrace Verbose: 0 : 49900, 1, 2024/04/23, 22:48:34.912, 2693350843865, vstest.console.dll, CurrentDomainAssemblyResolve: Resolving assembly 'Microsoft.Bcl.AsyncInterfaces'.
TpTrace Information: 0 : 49900, 1, 2024/04/23, 22:48:34.912, 2693350844320, vstest.console.dll, AssemblyResolver.OnResolve: Microsoft.Bcl.AsyncInterfaces: Resolving assembly.
TpTrace Information: 0 : 49900, 1, 2024/04/23, 22:48:34.912, 2693350844615, vstest.console.dll, AssemblyResolver.OnResolve: Microsoft.Bcl.AsyncInterfaces: Resolved from cache.
TpTrace Verbose: 0 : 49900, 1, 2024/04/23, 22:48:34.912, 2693350844886, vstest.console.dll, CurrentDomainAssemblyResolve: Resolving assembly 'Microsoft.Bcl.AsyncInterfaces'.
TpTrace Verbose: 0 : 49900, 1, 2024/04/23, 22:48:34.912, 2693350845185, vstest.console.dll, CurrentDomainAssemblyResolve: Failed to resolve assembly 'Microsoft.Bcl.AsyncInterfaces'.
TpTrace Verbose: 0 : 49900, 1, 2024/04/23, 22:48:34.912, 2693350846525, vstest.console.dll, CurrentDomainAssemblyResolve: Failed to resolve assembly 'Microsoft.Bcl.AsyncInterfaces'.
TpTrace Warning: 0 : 49900, 1, 2024/04/23, 22:48:34.912, 2693350849788, vstest.console.dll, TestPluginDiscoverer: Failed to get types from assembly 'Microsoft.Diagnostics.NETCore.Client, Version=0.2.9.2401, Culture=neutral, PublicKeyToken=31bf3856ad364e35'. Error: System.Reflection.ReflectionTypeLoadException: Unable to load one or more of the requested types.
Could not load file or assembly 'Microsoft.Bcl.AsyncInterfaces, Version=6.0.0.0, Culture=neutral, PublicKeyToken=cc7b13ffcd2ddd51'. The system cannot find the file specified.
   at System.Reflection.RuntimeModule.GetTypes(RuntimeModule module)
   at System.Reflection.RuntimeModule.GetTypes()
   at Microsoft.VisualStudio.TestPlatform.Common.ExtensionFramework.TestPluginDiscoverer.GetTestExtensionsFromAssembly[TPluginInfo,TExtension](Assembly assembly, Dictionary`2 pluginInfos, String filePath) in /_/src/Microsoft.TestPlatform.Common/ExtensionFramework/TestPluginDiscoverer.cs:line 158
System.IO.FileNotFoundException: Could not load file or assembly 'Microsoft.Bcl.AsyncInterfaces, Version=6.0.0.0, Culture=neutral, PublicKeyToken=cc7b13ffcd2ddd51'. The system cannot find the file specified.
File name: 'Microsoft.Bcl.AsyncInterfaces, Version=6.0.0.0, Culture=neutral, PublicKeyToken=cc7b13ffcd2ddd51'
 ---> System.IO.FileNotFoundException: Could not load file or assembly 'Microsoft.Bcl.AsyncInterfaces, Culture=neutral, PublicKeyToken=null'. The system cannot find the file specified.
File name: 'Microsoft.Bcl.AsyncInterfaces, Culture=neutral, PublicKeyToken=null'
   at System.Reflection.RuntimeAssembly.InternalLoad(AssemblyName assemblyName, StackCrawlMark& stackMark, AssemblyLoadContext assemblyLoadContext, RuntimeAssembly requestingAssembly, Boolean throwOnFileNotFound)
   at System.Reflection.Assembly.Load(AssemblyName assemblyRef)
   at Microsoft.VisualStudio.TestPlatform.Common.ExtensionFramework.TestPluginCache.CurrentDomainAssemblyResolve(Object sender, AssemblyResolveEventArgs args) in /_/src/Microsoft.TestPlatform.Common/ExtensionFramework/TestPluginCache.cs:line 513
   at System.Runtime.Loader.AssemblyLoadContext.GetFirstResolvedAssemblyFromResolvingEvent(AssemblyName assemblyName)
   at System.Runtime.Loader.AssemblyLoadContext.ResolveUsingEvent(AssemblyName assemblyName)
   at System.Runtime.Loader.AssemblyLoadContext.ResolveUsingResolvingEvent(IntPtr gchManagedAssemblyLoadContext, AssemblyName assemblyName)
TpTrace Warning: 0 : 49900, 1, 2024/04/23, 22:48:34.913, 2693350851429, vstest.console.dll, LoaderExceptions: System.IO.FileNotFoundException: Could not load file or assembly 'Microsoft.Bcl.AsyncInterfaces, Version=6.0.0.0, Culture=neutral, PublicKeyToken=cc7b13ffcd2ddd51'. The system cannot find the file specified.
File name: 'Microsoft.Bcl.AsyncInterfaces, Version=6.0.0.0, Culture=neutral, PublicKeyToken=cc7b13ffcd2ddd51'
 ---> System.IO.FileNotFoundException: Could not load file or assembly 'Microsoft.Bcl.AsyncInterfaces, Culture=neutral, PublicKeyToken=null'. The system cannot find the file specified.
File name: 'Microsoft.Bcl.AsyncInterfaces, Culture=neutral, PublicKeyToken=null'
   at System.Reflection.RuntimeAssembly.InternalLoad(AssemblyName assemblyName, StackCrawlMark& stackMark, AssemblyLoadContext assemblyLoadContext, RuntimeAssembly requestingAssembly, Boolean throwOnFileNotFound)
   at System.Reflection.Assembly.Load(AssemblyName assemblyRef)
   at Microsoft.VisualStudio.TestPlatform.Common.ExtensionFramework.TestPluginCache.CurrentDomainAssemblyResolve(Object sender, AssemblyResolveEventArgs args) in /_/src/Microsoft.TestPlatform.Common/ExtensionFramework/TestPluginCache.cs:line 513
   at System.Runtime.Loader.AssemblyLoadContext.GetFirstResolvedAssemblyFromResolvingEvent(AssemblyName assemblyName)
   at System.Runtime.Loader.AssemblyLoadContext.ResolveUsingEvent(AssemblyName assemblyName)
   at System.Runtime.Loader.AssemblyLoadContext.ResolveUsingResolvingEvent(IntPtr gchManagedAssemblyLoadContext, AssemblyName assemblyName)
TpTrace Verbose: 0 : 49900, 1, 2024/04/23, 22:48:34.913, 2693350852239, vstest.console.dll, MetadataReaderExtensionsHelper: Discovering extensions inside assembly 'Microsoft.TestPlatform.Extensions.BlameDataCollector, Version=15.0.0.0, Culture=neutral, PublicKeyToken=b03f5f7f11d50a3a' file path 'C:\Program Files\dotnet\sdk\8.0.202\Extensions\Microsoft.TestPlatform.Extensions.BlameDataCollector.dll'
TpTrace Information: 0 : 49900, 1, 2024/04/23, 22:48:34.913, 2693350857040, vstest.console.dll, GetTestExtensionFromType: Register extension with identifier data 'logger://Microsoft/TestPlatform/Extensions/Blame/v1' and type 'Microsoft.TestPlatform.Extensions.BlameDataCollector.BlameLogger, Microsoft.TestPlatform.Extensions.BlameDataCollector, Version=15.0.0.0, Culture=neutral, PublicKeyToken=b03f5f7f11d50a3a' inside file 'C:\Program Files\dotnet\sdk\8.0.202\Extensions\Microsoft.TestPlatform.Extensions.BlameDataCollector.dll'
TpTrace Verbose: 0 : 49900, 1, 2024/04/23, 22:48:34.913, 2693350857899, vstest.console.dll, MetadataReaderExtensionsHelper: Discovering extensions inside assembly 'Microsoft.TestPlatform.Extensions.EventLogCollector, Version=15.0.0.0, Culture=neutral, PublicKeyToken=b03f5f7f11d50a3a' file path 'C:\Program Files\dotnet\sdk\8.0.202\Extensions\Microsoft.TestPlatform.Extensions.EventLogCollector.dll'
TpTrace Verbose: 0 : 49900, 1, 2024/04/23, 22:48:34.913, 2693350860658, vstest.console.dll, MetadataReaderExtensionsHelper: Discovering extensions inside assembly 'Microsoft.TestPlatform.TestHostRuntimeProvider, Version=15.0.0.0, Culture=neutral, PublicKeyToken=b03f5f7f11d50a3a' file path 'C:\Program Files\dotnet\sdk\8.0.202\Extensions\Microsoft.TestPlatform.TestHostRuntimeProvider.dll'
TpTrace Verbose: 0 : 49900, 1, 2024/04/23, 22:48:34.914, 2693350863518, vstest.console.dll, MetadataReaderExtensionsHelper: Discovering extensions inside assembly 'Microsoft.VisualStudio.TestPlatform.Extensions.Html.TestLogger, Version=15.0.0.0, Culture=neutral, PublicKeyToken=b03f5f7f11d50a3a' file path 'C:\Program Files\dotnet\sdk\8.0.202\Extensions\Microsoft.VisualStudio.TestPlatform.Extensions.Html.TestLogger.dll'
TpTrace Information: 0 : 49900, 1, 2024/04/23, 22:48:34.914, 2693350868772, vstest.console.dll, GetTestExtensionFromType: Register extension with identifier data 'logger://Microsoft/TestPlatform/HtmlLogger/v1' and type 'Microsoft.VisualStudio.TestPlatform.Extensions.HtmlLogger.HtmlLogger, Microsoft.VisualStudio.TestPlatform.Extensions.Html.TestLogger, Version=15.0.0.0, Culture=neutral, PublicKeyToken=b03f5f7f11d50a3a' inside file 'C:\Program Files\dotnet\sdk\8.0.202\Extensions\Microsoft.VisualStudio.TestPlatform.Extensions.Html.TestLogger.dll'
TpTrace Verbose: 0 : 49900, 1, 2024/04/23, 22:48:34.914, 2693350869648, vstest.console.dll, MetadataReaderExtensionsHelper: Discovering extensions inside assembly 'Microsoft.VisualStudio.TestPlatform.Extensions.Trx.TestLogger, Version=15.0.0.0, Culture=neutral, PublicKeyToken=b03f5f7f11d50a3a' file path 'C:\Program Files\dotnet\sdk\8.0.202\Extensions\Microsoft.VisualStudio.TestPlatform.Extensions.Trx.TestLogger.dll'
TpTrace Information: 0 : 49900, 1, 2024/04/23, 22:48:34.915, 2693350873381, vstest.console.dll, GetTestExtensionFromType: Register extension with identifier data 'logger://Microsoft/TestPlatform/TrxLogger/v1' and type 'Microsoft.VisualStudio.TestPlatform.Extensions.TrxLogger.TrxLogger, Microsoft.VisualStudio.TestPlatform.Extensions.Trx.TestLogger, Version=15.0.0.0, Culture=neutral, PublicKeyToken=b03f5f7f11d50a3a' inside file 'C:\Program Files\dotnet\sdk\8.0.202\Extensions\Microsoft.VisualStudio.TestPlatform.Extensions.Trx.TestLogger.dll'
TpTrace Verbose: 0 : 49900, 1, 2024/04/23, 22:48:34.915, 2693350874106, vstest.console.dll, TestPluginCache: Discovered the extensions using extension path ''.
TpTrace Verbose: 0 : 49900, 1, 2024/04/23, 22:48:34.915, 2693350874406, vstest.console.dll, TestPluginCache: Discoverers are ''.
TpTrace Verbose: 0 : 49900, 1, 2024/04/23, 22:48:34.915, 2693350874670, vstest.console.dll, TestPluginCache: Executors are ''.
TpTrace Verbose: 0 : 49900, 1, 2024/04/23, 22:48:34.915, 2693350874932, vstest.console.dll, TestPluginCache: Executors2 are ''.
TpTrace Verbose: 0 : 49900, 1, 2024/04/23, 22:48:34.915, 2693350875241, vstest.console.dll, TestPluginCache: Setting providers are ''.
TpTrace Verbose: 0 : 49900, 1, 2024/04/23, 22:48:34.915, 2693350876204, vstest.console.dll, TestPluginCache: Loggers are 'logger://Microsoft/TestPlatform/Extensions/Blame/v1,logger://Microsoft/TestPlatform/HtmlLogger/v1,logger://Microsoft/TestPlatform/TrxLogger/v1'.
TpTrace Verbose: 0 : 49900, 1, 2024/04/23, 22:48:34.915, 2693350876568, vstest.console.dll, TestPluginCache: TestHosts are 'HostProvider://DefaultTestHost,HostProvider://DotnetTestHost'.
TpTrace Verbose: 0 : 49900, 1, 2024/04/23, 22:48:34.915, 2693350876839, vstest.console.dll, TestPluginCache: DataCollectors are ''.
TpTrace Information: 0 : 49900, 1, 2024/04/23, 22:48:34.916, 2693350887128, vstest.console.dll, TestPluginManager.CreateTestExtension: Attempting to load test extension: Microsoft.TestPlatform.Extensions.BlameDataCollector.BlameLogger
TpTrace Verbose: 0 : 49900, 1, 2024/04/23, 22:48:34.924, 2693350966909, vstest.console.dll, TestEngine: Initializing Parallel Execution as MaxCpuCount is set to: 1
TpTrace Information: 0 : 49900, 1, 2024/04/23, 22:48:34.926, 2693350981688, vstest.console.dll, TestPluginManager.CreateTestExtension: Attempting to load test extension: Microsoft.VisualStudio.TestPlatform.CrossPlatEngine.Hosting.DefaultTestHostManager
TpTrace Information: 0 : 49900, 1, 2024/04/23, 22:48:34.927, 2693350992478, vstest.console.dll, TestPluginManager.CreateTestExtension: Attempting to load test extension: Microsoft.VisualStudio.TestPlatform.CrossPlatEngine.Hosting.DotnetTestHostManager
TpTrace Information: 0 : 49900, 1, 2024/04/23, 22:48:34.927, 2693350999039, vstest.console.dll, InferRunSettingsHelper.IsTestSettingsEnabled: Unable to navigate to RunSettings/MSTest. Current node: RunSettings
TpTrace Verbose: 0 : 49900, 1, 2024/04/23, 22:48:34.928, 2693351009739, vstest.console.dll, ParallelOperationManager.ClearSlots: Clearing all slots. Slots should accept more work: True
TpTrace Verbose: 0 : 49900, 1, 2024/04/23, 22:48:34.929, 2693351015115, vstest.console.dll, ParallelOperationManager.SetOccupiedSlotCount: Setting slot counts AvailableSlotCount = 1, OccupiedSlotCount = 0.
TpTrace Verbose: 0 : 49900, 1, 2024/04/23, 22:48:34.929, 2693351018063, vstest.console.dll, Occupied slots:

TpTrace Verbose: 0 : 49900, 1, 2024/04/23, 22:48:34.932, 2693351048617, vstest.console.dll, TestEngine.GetExecutionManager: Chosen execution manager 'Microsoft.VisualStudio.TestPlatform.CrossPlatEngine.Client.Parallel.ParallelProxyExecutionManager, Microsoft.TestPlatform.CrossPlatEngine, Version=15.0.0.0, Culture=neutral, PublicKeyToken=b03f5f7f11d50a3a' ParallelLevel '1'.
TpTrace Verbose: 0 : 49900, 1, 2024/04/23, 22:48:34.932, 2693351050469, vstest.console.dll, TestRunRequest.ExecuteAsync: Creating test run request.
TpTrace Verbose: 0 : 49900, 1, 2024/04/23, 22:48:34.933, 2693351052434, vstest.console.dll, TestRunRequest.ExecuteAsync: Starting.
TpTrace Information: 0 : 49900, 1, 2024/04/23, 22:48:34.934, 2693351063579, vstest.console.dll, TestRunRequest.ExecuteAsync: Starting run with settings:TestRunCriteria:
   KeepAlive=False,FrequencyOfRunStatsChangeEvent=10,RunStatsChangeEventTimeout=00:00:01.5000000,TestCaseFilter=,TestExecutorLauncher=
   Settingsxml=<RunSettings>
  <RunConfiguration>
    <ResultsDirectory>C:\Users\VC\Documents\Projects\Day10(Unit-Testing)\HospitalManagerSln\HospitalManagerBLTesting\bin\Debug\net6.0\fine-code-coverage\coverage-tool-output</ResultsDirectory>
    <TargetPlatform>X64</TargetPlatform>
    <TargetFrameworkVersion>.NETCoreApp,Version=v6.0</TargetFrameworkVersion>
    <DesignMode>False</DesignMode>
    <CollectSourceInformation>False</CollectSourceInformation>
  </RunConfiguration>
  <LoggerRunSettings>
    <Loggers>
      <Logger friendlyName="blame" enabled="True" />
      <Logger friendlyName="Console" uri="logger://microsoft/TestPlatform/ConsoleLogger/v1" assemblyQualifiedName="Microsoft.VisualStudio.TestPlatform.CommandLine.Internal.ConsoleLogger, vstest.console, Version=15.0.0.0, Culture=neutral, PublicKeyToken=b03f5f7f11d50a3a" codeBase="C:\Program Files\dotnet\sdk\8.0.202\vstest.console.dll" enabled="True" />
    </Loggers>
  </LoggerRunSettings>
  <DataCollectionRunSettings>
    <DataCollectors>
      <DataCollector friendlyName="blame" enabled="True">
        <Configuration>
          <ResultsDirectory>C:\Users\VC\Documents\Projects\Day10(Unit-Testing)\HospitalManagerSln\HospitalManagerBLTesting\bin\Debug\net6.0\fine-code-coverage\coverage-tool-output</ResultsDirectory>
        </Configuration>
      </DataCollector>
    </DataCollectors>
  </DataCollectionRunSettings>
</RunSettings>

TpTrace Verbose: 0 : 49900, 1, 2024/04/23, 22:48:34.934, 2693351064456, vstest.console.dll, TestRunRequest.ExecuteAsync: Wait for the first run request is over.
TpTrace Verbose: 0 : 49900, 1, 2024/04/23, 22:48:34.934, 2693351069699, vstest.console.dll, MulticastDelegateUtilities.SafeInvoke: TestRun.TestRunStart: Invoking callbacks was skipped because there are no subscribers.
TpTrace Verbose: 0 : 49900, 5, 2024/04/23, 22:48:34.935, 2693351073391, vstest.console.dll, MulticastDelegateUtilities.SafeInvoke: InternalTestLoggerEvents.SendTestRunStart: Invoking callback 1/1 for Microsoft.VisualStudio.TestPlatform.CommandLine.Internal.ConsoleLogger., took 0 ms.
TpTrace Verbose: 0 : 49900, 1, 2024/04/23, 22:48:34.935, 2693351080879, vstest.console.dll, ParallelProxyExecutionManager: Start execution. Total sources: 1
TpTrace Verbose: 0 : 49900, 1, 2024/04/23, 22:48:34.936, 2693351084494, vstest.console.dll, ParallelOperationManager.StartWork: Starting adding 1 workloads.
TpTrace Verbose: 0 : 49900, 1, 2024/04/23, 22:48:34.936, 2693351085356, vstest.console.dll, ParallelOperationManager.ClearSlots: Clearing all slots. Slots should accept more work: True
TpTrace Verbose: 0 : 49900, 1, 2024/04/23, 22:48:34.936, 2693351086125, vstest.console.dll, ParallelOperationManager.SetOccupiedSlotCount: Setting slot counts AvailableSlotCount = 1, OccupiedSlotCount = 0.
TpTrace Verbose: 0 : 49900, 1, 2024/04/23, 22:48:34.936, 2693351086543, vstest.console.dll, Occupied slots:

TpTrace Verbose: 0 : 49900, 1, 2024/04/23, 22:48:34.938, 2693351107376, vstest.console.dll, TestRequestSender is acting as server.
TpTrace Verbose: 0 : 49900, 1, 2024/04/23, 22:48:34.940, 2693351130849, vstest.console.dll, ParallelOperationManager.RunWorkInParallel: Adding 1 workload to slot, remaining workloads 0.
TpTrace Verbose: 0 : 49900, 1, 2024/04/23, 22:48:34.941, 2693351131948, vstest.console.dll, ParallelOperationManager.SetOccupiedSlotCount: Setting slot counts AvailableSlotCount = 0, OccupiedSlotCount = 1.
TpTrace Verbose: 0 : 49900, 1, 2024/04/23, 22:48:34.941, 2693351133155, vstest.console.dll, Occupied slots:
0: C:\Users\VC\Documents\Projects\Day10(Unit-Testing)\HospitalManagerSln\HospitalManagerBLTesting\bin\Debug\net6.0\fine-code-coverage\build-output\HospitalManagerBLTesting.dll
TpTrace Verbose: 0 : 49900, 1, 2024/04/23, 22:48:34.942, 2693351143825, vstest.console.dll, ParallelOperationManager.RunWorkInParallel: Started host in slot number 0 for work (source): C:\Users\VC\Documents\Projects\Day10(Unit-Testing)\HospitalManagerSln\HospitalManagerBLTesting\bin\Debug\net6.0\fine-code-coverage\build-output\HospitalManagerBLTesting.dll.
TpTrace Verbose: 0 : 49900, 1, 2024/04/23, 22:48:34.943, 2693351155685, vstest.console.dll, ParallelOperationManager.RunWorkInParallel: We started 1 work items, which is the max parallel level. Won't start more work.
TpTrace Verbose: 0 : 49900, 1, 2024/04/23, 22:48:34.943, 2693351156761, vstest.console.dll, ParallelOperationManager.RunWorkInParallel: We started 1 work items in here, returning True.
TpTrace Information: 0 : 49900, 1, 2024/04/23, 22:48:34.943, 2693351157365, vstest.console.dll, TestRunRequest.ExecuteAsync: Started.
TpTrace Verbose: 0 : 49900, 6, 2024/04/23, 22:48:34.943, 2693351158041, vstest.console.dll, ParallelProxyExecutionManager.StartTestRunOnConcurrentManager: Initializing uninitialized client. Started clients: 0
TpTrace Verbose: 0 : 49900, 6, 2024/04/23, 22:48:34.943, 2693351160319, vstest.console.dll, DataCollectionRequestSender.InitializeCommunication : Initialize communication. 
TpTrace Verbose: 0 : 49900, 1, 2024/04/23, 22:48:34.944, 2693351163936, vstest.console.dll, TestRunRequest.WaitForCompletion: Waiting with timeout -1.
TpTrace Information: 0 : 49900, 6, 2024/04/23, 22:48:34.954, 2693351265092, vstest.console.dll, Listening on Endpoint : 127.0.0.1:59637
TpTrace Verbose: 0 : 49900, 6, 2024/04/23, 22:48:34.963, 2693351360596, vstest.console.dll, DotnetDataCollectionLauncher: Adding  --runtimeconfig "C:\Program Files\dotnet\sdk\8.0.202\datacollector.runtimeconfig.json" in args
TpTrace Verbose: 0 : 49900, 6, 2024/04/23, 22:48:34.964, 2693351362490, vstest.console.dll, DotnetDataCollectionLauncher: Adding  --depsfile "C:\Program Files\dotnet\sdk\8.0.202\datacollector.deps.json" in args
TpTrace Verbose: 0 : 49900, 6, 2024/04/23, 22:48:34.964, 2693351370648, vstest.console.dll, DotnetDataCollectionLauncher: Full path of dotnet.exe is C:\Program Files\dotnet\dotnet.exe
TpTrace Information: 0 : 49900, 6, 2024/04/23, 22:48:34.974, 2693351467588, vstest.console.dll, ProxyDataCollectionManager.Initialize: Launched datacollector processId: 43900 port: 59637
TpTrace Information: 0 : 49900, 6, 2024/04/23, 22:48:34.974, 2693351469515, vstest.console.dll, ProxyDataCollectionManager.Initialize: waiting for connection with timeout: 90 seconds
TpTrace Verbose: 0 : 49900, 6, 2024/04/23, 22:48:34.974, 2693351470154, vstest.console.dll, DataCollectionRequestSender.WaitForRequestHandlerConnection : Waiting for connection with timeout: 90000
TpTrace Information: 0 : 49900, 8, 2024/04/23, 22:48:35.272, 2693354448192, vstest.console.dll, Using the buffer size of 16384 bytes
TpTrace Verbose: 0 : 49900, 6, 2024/04/23, 22:48:35.272, 2693354449303, vstest.console.dll, SocketCommunicationManager.WaitForClientConnection took: 297 ms, with 90000 ms timeout, and finished with True.
TpTrace Information: 0 : 49900, 8, 2024/04/23, 22:48:35.272, 2693354450134, vstest.console.dll, Accepted Client request and set the flag
TpTrace Verbose: 0 : 49900, 6, 2024/04/23, 22:48:35.273, 2693354453338, vstest.console.dll, ProxyDataCollectionManager.InvokeDataCollectionServiceAction: Starting.
TpTrace Information: 0 : 49900, 6, 2024/04/23, 22:48:35.273, 2693354455045, vstest.console.dll, ProxyDataCollectionManager.BeforeTestRunStart: Get environment variable and port for datacollector processId: 43900 port: 59637
TpTrace Verbose: 0 : 49900, 6, 2024/04/23, 22:48:35.273, 2693354457722, vstest.console.dll, DataCollectionRequestSender.SendBeforeTestRunStartAndGetResult: Send BeforeTestRunStart message with settingsXml <RunSettings><RunConfiguration><ResultsDirectory>C:\Users\VC\Documents\Projects\Day10(Unit-Testing)\HospitalManagerSln\HospitalManagerBLTesting\bin\Debug\net6.0\fine-code-coverage\coverage-tool-output</ResultsDirectory><TargetPlatform>X64</TargetPlatform><TargetFrameworkVersion>.NETCoreApp,Version=v6.0</TargetFrameworkVersion><DesignMode>False</DesignMode><CollectSourceInformation>False</CollectSourceInformation><TestAdaptersPaths>C:\Program Files\dotnet\sdk\8.0.202\Extensions</TestAdaptersPaths></RunConfiguration><LoggerRunSettings><Loggers><Logger friendlyName="blame" enabled="True" /><Logger friendlyName="Console" uri="logger://microsoft/TestPlatform/ConsoleLogger/v1" assemblyQualifiedName="Microsoft.VisualStudio.TestPlatform.CommandLine.Internal.ConsoleLogger, vstest.console, Version=15.0.0.0, Culture=neutral, PublicKeyToken=b03f5f7f11d50a3a" codeBase="C:\Program Files\dotnet\sdk\8.0.202\vstest.console.dll" enabled="True" /></Loggers></LoggerRunSettings><DataCollectionRunSettings><DataCollectors><DataCollector friendlyName="blame" enabled="True"><Configuration><ResultsDirectory>C:\Users\VC\Documents\Projects\Day10(Unit-Testing)\HospitalManagerSln\HospitalManagerBLTesting\bin\Debug\net6.0\fine-code-coverage\coverage-tool-output</ResultsDirectory></Configuration></DataCollector></DataCollectors></DataCollectionRunSettings></RunSettings> and sources System.Collections.Generic.List`1[System.String]: 
TpTrace Verbose: 0 : 49900, 6, 2024/04/23, 22:48:35.370, 2693355431277, vstest.console.dll, DataCollectionRequestSender.SendBeforeTestRunStartAndGetResult: Received message: (DataCollection.SendMessage) -> {"MessageType":"DataCollection.SendMessage","Payload":{"FriendlyName":null,"Uri":null,"TestCaseId":"00000000-0000-0000-0000-000000000000","Message":"Logging DataCollector Diagnostics in file: C:\\Users\\VC\\Documents\\Projects\\Day10(Unit-Testing)\\HospitalManagerSln\\HospitalManagerBLTesting\\bin\\Debug\\net6.0\\fine-code-coverage\\coverage-tool-output\\diagnostics.datacollector.24-04-23_22-48-34_96359_6.log","Level":0}}
TpTrace Verbose: 0 : 49900, 6, 2024/04/23, 22:48:35.471, 2693356437442, vstest.console.dll, DataCollectionRequestSender.SendBeforeTestRunStartAndGetResult: Received message: (DataCollection.BeforeTestRunStartResult) -> {"MessageType":"DataCollection.BeforeTestRunStartResult","Payload":{"EnvironmentVariables":{},"DataCollectionEventsPort":59641}}
TpTrace Information: 0 : 49900, 6, 2024/04/23, 22:48:35.479, 2693356513012, vstest.console.dll, ProxyDataCollectionManager.BeforeTestRunStart: SendBeforeTestRunStartAndGetResult successful, env variable from datacollector:   and testhost port: 59641
TpTrace Information: 0 : 49900, 6, 2024/04/23, 22:48:35.479, 2693356514633, vstest.console.dll, ProxyDataCollectionManager.InvokeDataCollectionServiceAction: Completed.
TpTrace Verbose: 0 : 49900, 6, 2024/04/23, 22:48:35.479, 2693356515131, vstest.console.dll, ParallelProxyExecutionManager.StartTestRunOnConcurrentManager: Initializing test run. Started clients: 0
TpTrace Verbose: 0 : 49900, 6, 2024/04/23, 22:48:35.479, 2693356516058, vstest.console.dll, ProxyExecutionManager: Test host is always Lazy initialize.
TpTrace Verbose: 0 : 49900, 6, 2024/04/23, 22:48:35.479, 2693356519418, vstest.console.dll, TestRequestSender.InitializeCommunication: initialize communication. 
TpTrace Information: 0 : 49900, 6, 2024/04/23, 22:48:35.480, 2693356525803, vstest.console.dll, SocketServer.Start: Listening on endpoint : 127.0.0.1:59642
TpTrace Verbose: 0 : 49900, 6, 2024/04/23, 22:48:35.481, 2693356535415, vstest.console.dll, DotnetTestHostmanager.GetTestHostProcessStartInfo: Platform environment 'X64' target architecture 'X64' framework '.NETCoreApp,Version=v6.0' OS 'Windows'
TpTrace Verbose: 0 : 49900, 6, 2024/04/23, 22:48:35.481, 2693356538463, vstest.console.dll, DotnetTestHostmanager: Adding  --runtimeconfig "C:\Users\VC\Documents\Projects\Day10(Unit-Testing)\HospitalManagerSln\HospitalManagerBLTesting\bin\Debug\net6.0\fine-code-coverage\build-output\HospitalManagerBLTesting.runtimeconfig.json" in args
TpTrace Verbose: 0 : 49900, 6, 2024/04/23, 22:48:35.481, 2693356539537, vstest.console.dll, DotnetTestHostmanager: Adding  --depsfile "C:\Users\VC\Documents\Projects\Day10(Unit-Testing)\HospitalManagerSln\HospitalManagerBLTesting\bin\Debug\net6.0\fine-code-coverage\build-output\HospitalManagerBLTesting.deps.json" in args
TpTrace Verbose: 0 : 49900, 6, 2024/04/23, 22:48:35.482, 2693356541532, vstest.console.dll, DotnetTestHostmanager.IsWinOnArm: Current PROCESSOR_ARCHITECTURE from environment variable 'AMD64'
TpTrace Verbose: 0 : 49900, 6, 2024/04/23, 22:48:35.482, 2693356542175, vstest.console.dll, DotnetTestHostmanager.IsWinOnArm: Is Windows on ARM 'False'
TpTrace Verbose: 0 : 49900, 6, 2024/04/23, 22:48:35.482, 2693356543241, vstest.console.dll, DotnetTestHostManager: testhost.exe found at path: C:\Users\VC\Documents\Projects\Day10(Unit-Testing)\HospitalManagerSln\HospitalManagerBLTesting\bin\Debug\net6.0\fine-code-coverage\build-output\testhost.exe
TpTrace Verbose: 0 : 49900, 6, 2024/04/23, 22:48:35.482, 2693356543716, vstest.console.dll, DotnetTestHostmanager: Full path of host exe is C:\Users\VC\Documents\Projects\Day10(Unit-Testing)\HospitalManagerSln\HospitalManagerBLTesting\bin\Debug\net6.0\fine-code-coverage\build-output\testhost.exe
TpTrace Verbose: 0 : 49900, 6, 2024/04/23, 22:48:35.482, 2693356545026, vstest.console.dll, DotnetTestHostmanager.LaunchTestHostAsync: Found 'VSTEST_WINAPPHOST_DOTNET_ROOT' in env variables, value 'C:\Program Files\dotnet', forwarding to 'DOTNET_ROOT'
TpTrace Verbose: 0 : 49900, 6, 2024/04/23, 22:48:35.482, 2693356546544, vstest.console.dll, DotnetTestHostManager: Starting process 'C:\Users\VC\Documents\Projects\Day10(Unit-Testing)\HospitalManagerSln\HospitalManagerBLTesting\bin\Debug\net6.0\fine-code-coverage\build-output\testhost.exe' with command line ' --runtimeconfig "C:\Users\VC\Documents\Projects\Day10(Unit-Testing)\HospitalManagerSln\HospitalManagerBLTesting\bin\Debug\net6.0\fine-code-coverage\build-output\HospitalManagerBLTesting.runtimeconfig.json" --depsfile "C:\Users\VC\Documents\Projects\Day10(Unit-Testing)\HospitalManagerSln\HospitalManagerBLTesting\bin\Debug\net6.0\fine-code-coverage\build-output\HospitalManagerBLTesting.deps.json" --port 59642 --endpoint 127.0.0.1:059642 --role client --parentprocessid 49900 --diag "C:\Users\VC\Documents\Projects\Day10(Unit-Testing)\HospitalManagerSln\HospitalManagerBLTesting\bin\Debug\net6.0\fine-code-coverage\coverage-tool-output\diagnostics.host.24-04-23_22-48-35_48096_6.log" --tracelevel 4 --datacollectionport 59641 --telemetryoptedin false'
TpTrace Verbose: 0 : 49900, 6, 2024/04/23, 22:48:35.489, 2693356618645, vstest.console.dll, MulticastDelegateUtilities.SafeInvoke: HostProviderEvents.OnHostLaunched: Invoking callback 1/2 for Microsoft.VisualStudio.TestPlatform.CrossPlatEngine.Client.ProxyExecutionManagerWithDataCollection., took 1 ms.
TpTrace Verbose: 0 : 49900, 6, 2024/04/23, 22:48:35.490, 2693356622399, vstest.console.dll, Test Runtime launched
TpTrace Verbose: 0 : 49900, 6, 2024/04/23, 22:48:35.490, 2693356623515, vstest.console.dll, MulticastDelegateUtilities.SafeInvoke: HostProviderEvents.OnHostLaunched: Invoking callback 2/2 for Microsoft.VisualStudio.TestPlatform.CrossPlatEngine.Client.ProxyOperationManager., took 0 ms.
TpTrace Verbose: 0 : 49900, 6, 2024/04/23, 22:48:35.490, 2693356626159, vstest.console.dll, TestRequestSender.WaitForRequestHandlerConnection: waiting for connection with timeout: 90000.
TpTrace Verbose: 0 : 49900, 8, 2024/04/23, 22:48:35.843, 2693360154418, vstest.console.dll, MulticastDelegateUtilities.SafeInvoke: SocketServer: ClientConnected: Invoking callback 1/1 for Microsoft.VisualStudio.TestPlatform.CommunicationUtilities.TestRequestSender., took 0 ms.
TpTrace Verbose: 0 : 49900, 6, 2024/04/23, 22:48:35.843, 2693360154436, vstest.console.dll, TestRequestSender.WaitForRequestHandlerConnection: waiting took 352 ms, with timeout 90000 ms, and result 0, which is success.
TpTrace Verbose: 0 : 49900, 8, 2024/04/23, 22:48:35.843, 2693360156786, vstest.console.dll, SocketServer.OnClientConnected: Client connected for endPoint: 127.0.0.1:59642, starting MessageLoopAsync:
TpTrace Verbose: 0 : 49900, 14, 2024/04/23, 22:48:35.844, 2693360164563, vstest.console.dll, TcpClientExtensions.MessageLoopAsync: Polling on remoteEndPoint: 127.0.0.1:59645 localEndPoint: 127.0.0.1:59642 after 0 ms
TpTrace Verbose: 0 : 49900, 6, 2024/04/23, 22:48:35.844, 2693360171186, vstest.console.dll, TestRequestSender.CheckVersionWithTestHost: Sending check version message: {"MessageType":"ProtocolVersion","Payload":7}
TpTrace Verbose: 0 : 49900, 14, 2024/04/23, 22:48:35.998, 2693361711221, vstest.console.dll, TcpClientExtensions.MessageLoopAsync: NotifyDataAvailable remoteEndPoint: 127.0.0.1:59645 localEndPoint: 127.0.0.1:59642
TpTrace Verbose: 0 : 49900, 14, 2024/04/23, 22:48:35.999, 2693361714996, vstest.console.dll, TestRequestSender.CheckVersionWithTestHost: onMessageReceived received message: (ProtocolVersion) -> {"MessageType":"ProtocolVersion","Payload":7}
TpTrace Verbose: 0 : 49900, 14, 2024/04/23, 22:48:36.000, 2693361725168, vstest.console.dll, MulticastDelegateUtilities.SafeInvoke: LengthPrefixCommunicationChannel: MessageReceived: Invoking callback 1/1 for Microsoft.VisualStudio.TestPlatform.CommunicationUtilities.TestRequestSender+<>c__DisplayClass29_0., took 1 ms.
TpTrace Verbose: 0 : 49900, 14, 2024/04/23, 22:48:36.000, 2693361727322, vstest.console.dll, TcpClientExtensions.MessageLoopAsync: Polling on remoteEndPoint: 127.0.0.1:59645 localEndPoint: 127.0.0.1:59642 after 156 ms
TpTrace Verbose: 0 : 49900, 6, 2024/04/23, 22:48:36.000, 2693361728892, vstest.console.dll, TestPluginCache.GetExtensionPaths: Filtered extension paths: 
TpTrace Verbose: 0 : 49900, 6, 2024/04/23, 22:48:36.000, 2693361730726, vstest.console.dll, TestPluginCache.GetExtensionPaths: Added default extension paths: C:\Program Files\dotnet\sdk\8.0.202\Extensions\Microsoft.Diagnostics.NETCore.Client.dll
C:\Program Files\dotnet\sdk\8.0.202\Extensions\Microsoft.TestPlatform.Extensions.BlameDataCollector.dll
C:\Program Files\dotnet\sdk\8.0.202\Extensions\Microsoft.TestPlatform.Extensions.EventLogCollector.dll
C:\Program Files\dotnet\sdk\8.0.202\Extensions\Microsoft.TestPlatform.TestHostRuntimeProvider.dll
C:\Program Files\dotnet\sdk\8.0.202\Extensions\Microsoft.VisualStudio.TestPlatform.Extensions.Html.TestLogger.dll
C:\Program Files\dotnet\sdk\8.0.202\Extensions\Microsoft.VisualStudio.TestPlatform.Extensions.Trx.TestLogger.dll
TpTrace Verbose: 0 : 49900, 6, 2024/04/23, 22:48:36.000, 2693361731313, vstest.console.dll, TestPluginCache.GetExtensionPaths: Added unfilterableExtensionPaths: 
TpTrace Verbose: 0 : 49900, 6, 2024/04/23, 22:48:36.005, 2693361780330, vstest.console.dll, TestRequestSender.InitializeExecution: Sending initialize execution with message: {"Version":7,"MessageType":"TestExecution.Initialize","Payload":["C:\\Users\\VC\\Documents\\Projects\\Day10(Unit-Testing)\\HospitalManagerSln\\HospitalManagerBLTesting\\bin\\Debug\\net6.0\\fine-code-coverage\\build-output\\NUnit3.TestAdapter.dll"]}
TpTrace Verbose: 0 : 49900, 6, 2024/04/23, 22:48:36.006, 2693361783723, vstest.console.dll, ParallelProxyExecutionManager.StartTestRunOnConcurrentManager: Execution starting. Started clients: 1
TpTrace Verbose: 0 : 49900, 6, 2024/04/23, 22:48:36.006, 2693361787047, vstest.console.dll, TestRunRequest:SendTestRunMessage: Starting.
TpTrace Verbose: 0 : 49900, 6, 2024/04/23, 22:48:36.006, 2693361789044, vstest.console.dll, MulticastDelegateUtilities.SafeInvoke: TestRun.LogMessages: Invoking callback 1/1 for Microsoft.VisualStudio.TestPlatform.CommandLine.TestRunResultAggregator., took 0 ms.
TpTrace Information: 0 : 49900, 6, 2024/04/23, 22:48:36.006, 2693361789578, vstest.console.dll, TestRunRequest:SendTestRunMessage: Completed.
TpTrace Verbose: 0 : 49900, 5, 2024/04/23, 22:48:36.007, 2693361791969, vstest.console.dll, MulticastDelegateUtilities.SafeInvoke: InternalTestLoggerEvents.SendTestRunMessage: Invoking callback 1/1 for Microsoft.VisualStudio.TestPlatform.CommandLine.Internal.ConsoleLogger., took 0 ms.
TpTrace Warning: 0 : 49900, 6, 2024/04/23, 22:48:36.007, 2693361793472, vstest.console.dll, InferRunSettingsHelper.MakeRunsettingsCompatible: Removing the following settings: TargetPlatform from RunSettings file. To use those settings please move to latest version of Microsoft.NET.Test.Sdk
TpTrace Verbose: 0 : 49900, 14, 2024/04/23, 22:48:36.008, 2693361802620, vstest.console.dll, TcpClientExtensions.MessageLoopAsync: NotifyDataAvailable remoteEndPoint: 127.0.0.1:59645 localEndPoint: 127.0.0.1:59642
TpTrace Verbose: 0 : 49900, 14, 2024/04/23, 22:48:36.008, 2693361807008, vstest.console.dll, TestRequestSender.OnExecutionMessageReceived: Received message: {"Version":7,"MessageType":"TestSession.Message","Payload":{"MessageLevel":0,"Message":"Logging TestHost Diagnostics in file: C:\\Users\\VC\\Documents\\Projects\\Day10(Unit-Testing)\\HospitalManagerSln\\HospitalManagerBLTesting\\bin\\Debug\\net6.0\\fine-code-coverage\\coverage-tool-output\\diagnostics.host.24-04-23_22-48-35_48096_6.log"}}
TpTrace Verbose: 0 : 49900, 14, 2024/04/23, 22:48:36.011, 2693361837728, vstest.console.dll, TestRunRequest:SendTestRunMessage: Starting.
TpTrace Verbose: 0 : 49900, 14, 2024/04/23, 22:48:36.011, 2693361840204, vstest.console.dll, MulticastDelegateUtilities.SafeInvoke: TestRun.LogMessages: Invoking callback 1/1 for Microsoft.VisualStudio.TestPlatform.CommandLine.TestRunResultAggregator., took 0 ms.
TpTrace Information: 0 : 49900, 14, 2024/04/23, 22:48:36.011, 2693361841110, vstest.console.dll, TestRunRequest:SendTestRunMessage: Completed.
TpTrace Verbose: 0 : 49900, 5, 2024/04/23, 22:48:36.011, 2693361840984, vstest.console.dll, MulticastDelegateUtilities.SafeInvoke: InternalTestLoggerEvents.SendTestRunMessage: Invoking callback 1/1 for Microsoft.VisualStudio.TestPlatform.CommandLine.Internal.ConsoleLogger., took 0 ms.
TpTrace Verbose: 0 : 49900, 14, 2024/04/23, 22:48:36.012, 2693361843597, vstest.console.dll, MulticastDelegateUtilities.SafeInvoke: LengthPrefixCommunicationChannel: MessageReceived: Invoking callback 1/1 for Microsoft.VisualStudio.TestPlatform.CommunicationUtilities.TestRequestSender+<>c__DisplayClass34_0., took 3 ms.
TpTrace Verbose: 0 : 49900, 14, 2024/04/23, 22:48:36.012, 2693361844367, vstest.console.dll, TcpClientExtensions.MessageLoopAsync: Polling on remoteEndPoint: 127.0.0.1:59645 localEndPoint: 127.0.0.1:59642 after 11 ms
TpTrace Verbose: 0 : 49900, 6, 2024/04/23, 22:48:36.015, 2693361872650, vstest.console.dll, TestRequestSender.StartTestRun: Sending test run with message: {"Version":7,"MessageType":"TestExecution.StartWithSources","Payload":{"AdapterSourceMap":{"_none_":["C:\\Users\\VC\\Documents\\Projects\\Day10(Unit-Testing)\\HospitalManagerSln\\HospitalManagerBLTesting\\bin\\Debug\\net6.0\\fine-code-coverage\\build-output\\HospitalManagerBLTesting.dll"]},"RunSettings":"<RunSettings>\r\n  <RunConfiguration>\r\n    <ResultsDirectory>C:\\Users\\VC\\Documents\\Projects\\Day10(Unit-Testing)\\HospitalManagerSln\\HospitalManagerBLTesting\\bin\\Debug\\net6.0\\fine-code-coverage\\coverage-tool-output</ResultsDirectory>\r\n    <TargetFrameworkVersion>.NETCoreApp,Version=v6.0</TargetFrameworkVersion>\r\n    <DesignMode>False</DesignMode>\r\n    <CollectSourceInformation>False</CollectSourceInformation>\r\n  </RunConfiguration>\r\n  <LoggerRunSettings>\r\n    <Loggers>\r\n      <Logger friendlyName=\"blame\" enabled=\"True\" />\r\n      <Logger friendlyName=\"Console\" uri=\"logger://microsoft/TestPlatform/ConsoleLogger/v1\" assemblyQualifiedName=\"Microsoft.VisualStudio.TestPlatform.CommandLine.Internal.ConsoleLogger, vstest.console, Version=15.0.0.0, Culture=neutral, PublicKeyToken=b03f5f7f11d50a3a\" codeBase=\"C:\\Program Files\\dotnet\\sdk\\8.0.202\\vstest.console.dll\" enabled=\"True\" />\r\n    </Loggers>\r\n  </LoggerRunSettings>\r\n  <DataCollectionRunSettings>\r\n    <DataCollectors>\r\n      <DataCollector friendlyName=\"blame\" enabled=\"True\">\r\n        <Configuration>\r\n          <ResultsDirectory>C:\\Users\\VC\\Documents\\Projects\\Day10(Unit-Testing)\\HospitalManagerSln\\HospitalManagerBLTesting\\bin\\Debug\\net6.0\\fine-code-coverage\\coverage-tool-output</ResultsDirectory>\r\n        </Configuration>\r\n      </DataCollector>\r\n    </DataCollectors>\r\n  </DataCollectionRunSettings>\r\n</RunSettings>","TestExecutionContext":{"FrequencyOfRunStatsChangeEvent":10,"RunStatsChangeEventTimeout":"00:00:01.5000000","InIsolation":false,"KeepAlive":false,"AreTestCaseLevelEventsRequired":false,"IsDebug":false,"TestCaseFilter":null,"FilterOptions":null},"Package":null}}
TpTrace Verbose: 0 : 49900, 6, 2024/04/23, 22:48:36.015, 2693361875255, vstest.console.dll, ParallelProxyExecutionManager.StartTestRunOnConcurrentManager: Execution started. Started clients: 1
TpTrace Verbose: 0 : 49900, 14, 2024/04/23, 22:48:36.321, 2693364938858, vstest.console.dll, TcpClientExtensions.MessageLoopAsync: NotifyDataAvailable remoteEndPoint: 127.0.0.1:59645 localEndPoint: 127.0.0.1:59642
TpTrace Verbose: 0 : 49900, 14, 2024/04/23, 22:48:36.322, 2693364941499, vstest.console.dll, TestRequestSender.OnExecutionMessageReceived: Received message: {"Version":7,"MessageType":"TestSession.Message","Payload":{"MessageLevel":0,"Message":"NUnit Adapter 4.4.0.0: Test execution started"}}
TpTrace Verbose: 0 : 49900, 14, 2024/04/23, 22:48:36.322, 2693364944501, vstest.console.dll, TestRunRequest:SendTestRunMessage: Starting.
TpTrace Verbose: 0 : 49900, 14, 2024/04/23, 22:48:36.322, 2693364945550, vstest.console.dll, MulticastDelegateUtilities.SafeInvoke: TestRun.LogMessages: Invoking callback 1/1 for Microsoft.VisualStudio.TestPlatform.CommandLine.TestRunResultAggregator., took 0 ms.
TpTrace Information: 0 : 49900, 14, 2024/04/23, 22:48:36.322, 2693364946108, vstest.console.dll, TestRunRequest:SendTestRunMessage: Completed.
TpTrace Verbose: 0 : 49900, 5, 2024/04/23, 22:48:36.322, 2693364946183, vstest.console.dll, MulticastDelegateUtilities.SafeInvoke: InternalTestLoggerEvents.SendTestRunMessage: Invoking callback 1/1 for Microsoft.VisualStudio.TestPlatform.CommandLine.Internal.ConsoleLogger., took 0 ms.
TpTrace Verbose: 0 : 49900, 14, 2024/04/23, 22:48:36.322, 2693364946680, vstest.console.dll, MulticastDelegateUtilities.SafeInvoke: LengthPrefixCommunicationChannel: MessageReceived: Invoking callback 1/1 for Microsoft.VisualStudio.TestPlatform.CommunicationUtilities.TestRequestSender+<>c__DisplayClass34_0., took 0 ms.
TpTrace Verbose: 0 : 49900, 14, 2024/04/23, 22:48:36.322, 2693364948443, vstest.console.dll, TcpClientExtensions.MessageLoopAsync: Polling on remoteEndPoint: 127.0.0.1:59645 localEndPoint: 127.0.0.1:59642 after 310 ms
TpTrace Verbose: 0 : 49900, 14, 2024/04/23, 22:48:36.372, 2693365450888, vstest.console.dll, TcpClientExtensions.MessageLoopAsync: NotifyDataAvailable remoteEndPoint: 127.0.0.1:59645 localEndPoint: 127.0.0.1:59642
TpTrace Verbose: 0 : 49900, 14, 2024/04/23, 22:48:36.373, 2693365453076, vstest.console.dll, TestRequestSender.OnExecutionMessageReceived: Received message: {"Version":7,"MessageType":"TestSession.Message","Payload":{"MessageLevel":0,"Message":"Running all tests in C:\\Users\\VC\\Documents\\Projects\\Day10(Unit-Testing)\\HospitalManagerSln\\HospitalManagerBLTesting\\bin\\Debug\\net6.0\\fine-code-coverage\\build-output\\HospitalManagerBLTesting.dll"}}
TpTrace Verbose: 0 : 49900, 14, 2024/04/23, 22:48:36.373, 2693365454962, vstest.console.dll, TestRunRequest:SendTestRunMessage: Starting.
TpTrace Verbose: 0 : 49900, 14, 2024/04/23, 22:48:36.373, 2693365456153, vstest.console.dll, MulticastDelegateUtilities.SafeInvoke: TestRun.LogMessages: Invoking callback 1/1 for Microsoft.VisualStudio.TestPlatform.CommandLine.TestRunResultAggregator., took 0 ms.
TpTrace Information: 0 : 49900, 14, 2024/04/23, 22:48:36.373, 2693365456883, vstest.console.dll, TestRunRequest:SendTestRunMessage: Completed.
TpTrace Verbose: 0 : 49900, 5, 2024/04/23, 22:48:36.373, 2693365457133, vstest.console.dll, MulticastDelegateUtilities.SafeInvoke: InternalTestLoggerEvents.SendTestRunMessage: Invoking callback 1/1 for Microsoft.VisualStudio.TestPlatform.CommandLine.Internal.ConsoleLogger., took 0 ms.
TpTrace Verbose: 0 : 49900, 14, 2024/04/23, 22:48:36.373, 2693365457615, vstest.console.dll, MulticastDelegateUtilities.SafeInvoke: LengthPrefixCommunicationChannel: MessageReceived: Invoking callback 1/1 for Microsoft.VisualStudio.TestPlatform.CommunicationUtilities.TestRequestSender+<>c__DisplayClass34_0., took 0 ms.
TpTrace Verbose: 0 : 49900, 14, 2024/04/23, 22:48:36.373, 2693365460451, vstest.console.dll, TcpClientExtensions.MessageLoopAsync: Polling on remoteEndPoint: 127.0.0.1:59645 localEndPoint: 127.0.0.1:59642 after 51 ms
TpTrace Verbose: 0 : 49900, 14, 2024/04/23, 22:48:36.638, 2693368104003, vstest.console.dll, TcpClientExtensions.MessageLoopAsync: NotifyDataAvailable remoteEndPoint: 127.0.0.1:59645 localEndPoint: 127.0.0.1:59642
TpTrace Verbose: 0 : 49900, 14, 2024/04/23, 22:48:36.638, 2693368105972, vstest.console.dll, TestRequestSender.OnExecutionMessageReceived: Received message: {"Version":7,"MessageType":"TestSession.Message","Payload":{"MessageLevel":0,"Message":"   NUnit3TestExecutor discovered 22 of 22 NUnit test cases using Current Discovery mode, Non-Explicit run"}}
TpTrace Verbose: 0 : 49900, 14, 2024/04/23, 22:48:36.638, 2693368107358, vstest.console.dll, TestRunRequest:SendTestRunMessage: Starting.
TpTrace Verbose: 0 : 49900, 14, 2024/04/23, 22:48:36.638, 2693368110719, vstest.console.dll, MulticastDelegateUtilities.SafeInvoke: TestRun.LogMessages: Invoking callback 1/1 for Microsoft.VisualStudio.TestPlatform.CommandLine.TestRunResultAggregator., took 0 ms.
TpTrace Verbose: 0 : 49900, 5, 2024/04/23, 22:48:36.638, 2693368110760, vstest.console.dll, MulticastDelegateUtilities.SafeInvoke: InternalTestLoggerEvents.SendTestRunMessage: Invoking callback 1/1 for Microsoft.VisualStudio.TestPlatform.CommandLine.Internal.ConsoleLogger., took 0 ms.
TpTrace Information: 0 : 49900, 14, 2024/04/23, 22:48:36.639, 2693368113951, vstest.console.dll, TestRunRequest:SendTestRunMessage: Completed.
TpTrace Verbose: 0 : 49900, 14, 2024/04/23, 22:48:36.639, 2693368115698, vstest.console.dll, MulticastDelegateUtilities.SafeInvoke: LengthPrefixCommunicationChannel: MessageReceived: Invoking callback 1/1 for Microsoft.VisualStudio.TestPlatform.CommunicationUtilities.TestRequestSender+<>c__DisplayClass34_0., took 0 ms.
TpTrace Verbose: 0 : 49900, 14, 2024/04/23, 22:48:36.639, 2693368116173, vstest.console.dll, TcpClientExtensions.MessageLoopAsync: Polling on remoteEndPoint: 127.0.0.1:59645 localEndPoint: 127.0.0.1:59642 after 265 ms
TpTrace Verbose: 0 : 49900, 14, 2024/04/23, 22:48:36.925, 2693370974874, vstest.console.dll, TcpClientExtensions.MessageLoopAsync: NotifyDataAvailable remoteEndPoint: 127.0.0.1:59645 localEndPoint: 127.0.0.1:59642
TpTrace Verbose: 0 : 49900, 14, 2024/04/23, 22:48:36.926, 2693370981555, vstest.console.dll, TestRequestSender.OnExecutionMessageReceived: Received message: {"Version":7,"MessageType":"TestExecution.StatsChange","Payload":{"NewTestResults":[{"TestCase":{"Id":"cbbe8cc5-d61e-dd11-332d-0f7f16262420","FullyQualifiedName":"HospitalManagerBLTesting.PatientTesting.AddPatient","DisplayName":"AddPatient","ExecutorUri":"executor://NUnit3TestExecutor","Source":"C:\\Users\\VC\\Documents\\Projects\\Day10(Unit-Testing)\\HospitalManagerSln\\HospitalManagerBLTesting\\bin\\Debug\\net6.0\\fine-code-coverage\\build-output\\HospitalManagerBLTesting.dll","CodeFilePath":null,"LineNumber":0,"Properties":[{"Key":{"Id":"NUnit.Seed","Label":"Seed","Category":"","Description":"","Attributes":0,"ValueType":"System.String"},"Value":"1047088932"}]},"Attachments":[],"Outcome":1,"ErrorMessage":null,"ErrorStackTrace":null,"DisplayName":"AddPatient","Messages":[],"ComputerName":"75RBBX3","Duration":"00:00:00.0820050","StartTime":"2024-04-23T17:18:36.6993947+00:00","EndTime":"2024-04-23T17:18:36.7812523+00:00","Properties":[{"Key":{"Id":"NUnit.Seed","Label":"Seed","Category":"","Description":"","Attributes":0,"ValueType":"System.String"},"Value":"1047088932"}]},{"TestCase":{"Id":"ba81ee1a-ef94-23b3-d9c3-728127384060","FullyQualifiedName":"HospitalManagerBLTesting.PatientTesting.ChangeName","DisplayName":"ChangeName","ExecutorUri":"executor://NUnit3TestExecutor","Source":"C:\\Users\\VC\\Documents\\Projects\\Day10(Unit-Testing)\\HospitalManagerSln\\HospitalManagerBLTesting\\bin\\Debug\\net6.0\\fine-code-coverage\\build-output\\HospitalManagerBLTesting.dll","CodeFilePath":null,"LineNumber":0,"Properties":[{"Key":{"Id":"NUnit.Seed","Label":"Seed","Category":"","Description":"","Attributes":0,"ValueType":"System.String"},"Value":"1010151944"}]},"Attachments":[],"Outcome":1,"ErrorMessage":null,"ErrorStackTrace":null,"DisplayName":"ChangeName","Messages":[],"ComputerName":"75RBBX3","Duration":"00:00:00.0031390","StartTime":"2024-04-23T17:18:36.7833991+00:00","EndTime":"2024-04-23T17:18:36.786538+00:00","Properties":[{"Key":{"Id":"NUnit.Seed","Label":"Seed","Category":"","Description":"","Attributes":0,"ValueType":"System.String"},"Value":"1010151944"}]},{"TestCase":{"Id":"30e68330-d313-6a2e-cec0-78d24a7a44d8","FullyQualifiedName":"HospitalManagerBLTesting.PatientTesting.ExceptionInAddPatient","DisplayName":"ExceptionInAddPatient","ExecutorUri":"executor://NUnit3TestExecutor","Source":"C:\\Users\\VC\\Documents\\Projects\\Day10(Unit-Testing)\\HospitalManagerSln\\HospitalManagerBLTesting\\bin\\Debug\\net6.0\\fine-code-coverage\\build-output\\HospitalManagerBLTesting.dll","CodeFilePath":null,"LineNumber":0,"Properties":[{"Key":{"Id":"NUnit.Seed","Label":"Seed","Category":"","Description":"","Attributes":0,"ValueType":"System.String"},"Value":"1455650507"}]},"Attachments":[],"Outcome":1,"ErrorMessage":null,"ErrorStackTrace":null,"DisplayName":"ExceptionInAddPatient","Messages":[],"ComputerName":"75RBBX3","Duration":"00:00:00.0066070","StartTime":"2024-04-23T17:18:36.7865678+00:00","EndTime":"2024-04-23T17:18:36.7931742+00:00","Properties":[{"Key":{"Id":"NUnit.Seed","Label":"Seed","Category":"","Description":"","Attributes":0,"ValueType":"System.String"},"Value":"1455650507"}]},{"TestCase":{"Id":"436bcd80-1df4-5b07-886b-b6e65ac33161","FullyQualifiedName":"HospitalManagerBLTesting.PatientTesting.ExceptionInChangePatientName","DisplayName":"ExceptionInChangePatientName","ExecutorUri":"executor://NUnit3TestExecutor","Source":"C:\\Users\\VC\\Documents\\Projects\\Day10(Unit-Testing)\\HospitalManagerSln\\HospitalManagerBLTesting\\bin\\Debug\\net6.0\\fine-code-coverage\\build-output\\HospitalManagerBLTesting.dll","CodeFilePath":null,"LineNumber":0,"Properties":[{"Key":{"Id":"NUnit.Seed","Label":"Seed","Category":"","Description":"","Attributes":0,"ValueType":"System.String"},"Value":"860121990"}]},"Attachments":[],"Outcome":1,"ErrorMessage":null,"ErrorStackTrace":null,"DisplayName":"ExceptionInChangePatientName","Messages":[],"ComputerName":"75RBBX3","Duration":"00:00:00.0017820","StartTime":"2024-04-23T17:18:36.7931957+00:00","EndTime":"2024-04-23T17:18:36.7949764+00:00","Properties":[{"Key":{"Id":"NUnit.Seed","Label":"Seed","Category":"","Description":"","Attributes":0,"ValueType":"System.String"},"Value":"860121990"}]},{"TestCase":{"Id":"f97d565b-6d44-533b-c9a8-a32126e435e2","FullyQualifiedName":"HospitalManagerBLTesting.PatientTesting.ExceptionInGetAllPatient","DisplayName":"ExceptionInGetAllPatient","ExecutorUri":"executor://NUnit3TestExecutor","Source":"C:\\Users\\VC\\Documents\\Projects\\Day10(Unit-Testing)\\HospitalManagerSln\\HospitalManagerBLTesting\\bin\\Debug\\net6.0\\fine-code-coverage\\build-output\\HospitalManagerBLTesting.dll","CodeFilePath":null,"LineNumber":0,"Properties":[{"Key":{"Id":"NUnit.Seed","Label":"Seed","Category":"","Description":"","Attributes":0,"ValueType":"System.String"},"Value":"84668578"}]},"Attachments":[],"Outcome":1,"ErrorMessage":null,"ErrorStackTrace":null,"DisplayName":"ExceptionInGetAllPatient","Messages":[],"ComputerName":"75RBBX3","Duration":"00:00:00.0024370","StartTime":"2024-04-23T17:18:36.7950054+00:00","EndTime":"2024-04-23T17:18:36.7974423+00:00","Properties":[{"Key":{"Id":"NUnit.Seed","Label":"Seed","Category":"","Description":"","Attributes":0,"ValueType":"System.String"},"Value":"84668578"}]},{"TestCase":{"Id":"6f037f95-9890-a6e1-905e-12b56c0b5a2a","FullyQualifiedName":"HospitalManagerBLTesting.PatientTesting.ExceptionInRetrivePatientById","DisplayName":"ExceptionInRetrivePatientById","ExecutorUri":"executor://NUnit3TestExecutor","Source":"C:\\Users\\VC\\Documents\\Projects\\Day10(Unit-Testing)\\HospitalManagerSln\\HospitalManagerBLTesting\\bin\\Debug\\net6.0\\fine-code-coverage\\build-output\\HospitalManagerBLTesting.dll","CodeFilePath":null,"LineNumber":0,"Properties":[{"Key":{"Id":"NUnit.Seed","Label":"Seed","Category":"","Description":"","Attributes":0,"ValueType":"System.String"},"Value":"2043395327"}]},"Attachments":[],"Outcome":1,"ErrorMessage":null,"ErrorStackTrace":null,"DisplayName":"ExceptionInRetrivePatientById","Messages":[],"ComputerName":"75RBBX3","Duration":"00:00:00.0014350","StartTime":"2024-04-23T17:18:36.7974773+00:00","EndTime":"2024-04-23T17:18:36.7989123+00:00","Properties":[{"Key":{"Id":"NUnit.Seed","Label":"Seed","Category":"","Description":"","Attributes":0,"ValueType":"System.String"},"Value":"2043395327"}]},{"TestCase":{"Id":"0c7ab9fd-2715-bc62-102c-28bbaa662631","FullyQualifiedName":"HospitalManagerBLTesting.PatientTesting.FailAddPatient","DisplayName":"FailAddPatient","ExecutorUri":"executor://NUnit3TestExecutor","Source":"C:\\Users\\VC\\Documents\\Projects\\Day10(Unit-Testing)\\HospitalManagerSln\\HospitalManagerBLTesting\\bin\\Debug\\net6.0\\fine-code-coverage\\build-output\\HospitalManagerBLTesting.dll","CodeFilePath":null,"LineNumber":0,"Properties":[{"Key":{"Id":"NUnit.Seed","Label":"Seed","Category":"","Description":"","Attributes":0,"ValueType":"System.String"},"Value":"1250773219"}]},"Attachments":[],"Outcome":1,"ErrorMessage":null,"ErrorStackTrace":null,"DisplayName":"FailAddPatient","Messages":[],"ComputerName":"75RBBX3","Duration":"00:00:00.0016180","StartTime":"2024-04-23T17:18:36.7989425+00:00","EndTime":"2024-04-23T17:18:36.8005602+00:00","Properties":[{"Key":{"Id":"NUnit.Seed","Label":"Seed","Category":"","Description":"","Attributes":0,"ValueType":"System.String"},"Value":"1250773219"}]},{"TestCase":{"Id":"16f3051e-ff38-0e86-dbe3-2afc3facda6d","FullyQualifiedName":"HospitalManagerBLTesting.PatientTesting.FailChangePatientName","DisplayName":"FailChangePatientName","ExecutorUri":"executor://NUnit3TestExecutor","Source":"C:\\Users\\VC\\Documents\\Projects\\Day10(Unit-Testing)\\HospitalManagerSln\\HospitalManagerBLTesting\\bin\\Debug\\net6.0\\fine-code-coverage\\build-output\\HospitalManagerBLTesting.dll","CodeFilePath":null,"LineNumber":0,"Properties":[{"Key":{"Id":"NUnit.Seed","Label":"Seed","Category":"","Description":"","Attributes":0,"ValueType":"System.String"},"Value":"658388"}]},"Attachments":[],"Outcome":1,"ErrorMessage":null,"ErrorStackTrace":null,"DisplayName":"FailChangePatientName","Messages":[],"ComputerName":"75RBBX3","Duration":"00:00:00.0017640","StartTime":"2024-04-23T17:18:36.8005921+00:00","EndTime":"2024-04-23T17:18:36.8023553+00:00","Properties":[{"Key":{"Id":"NUnit.Seed","Label":"Seed","Category":"","Description":"","Attributes":0,"ValueType":"System.String"},"Value":"658388"}]},{"TestCase":{"Id":"fdb7b068-9c09-595f-6b8e-1e9d4fde32de","FullyQualifiedName":"HospitalManagerBLTesting.PatientTesting.FailRetrivePatientById","DisplayName":"FailRetrivePatientById","ExecutorUri":"executor://NUnit3TestExecutor","Source":"C:\\Users\\VC\\Documents\\Projects\\Day10(Unit-Testing)\\HospitalManagerSln\\HospitalManagerBLTesting\\bin\\Debug\\net6.0\\fine-code-coverage\\build-output\\HospitalManagerBLTesting.dll","CodeFilePath":null,"LineNumber":0,"Properties":[{"Key":{"Id":"NUnit.Seed","Label":"Seed","Category":"","Description":"","Attributes":0,"ValueType":"System.String"},"Value":"1323260100"}]},"Attachments":[],"Outcome":1,"ErrorMessage":null,"ErrorStackTrace":null,"DisplayName":"FailRetrivePatientById","Messages":[],"ComputerName":"75RBBX3","Duration":"00:00:00.0016500","StartTime":"2024-04-23T17:18:36.8023958+00:00","EndTime":"2024-04-23T17:18:36.8040451+00:00","Properties":[{"Key":{"Id":"NUnit.Seed","Label":"Seed","Category":"","Description":"","Attributes":0,"ValueType":"System.String"},"Value":"1323260100"}]}],"TestRunStatistics":{"ExecutedTests":9,"Stats":{"Passed":9}},"ActiveTests":[{"Id":"168afa0e-db8c-0908-3606-023a08bfcbca","FullyQualifiedName":"HospitalManagerBLTesting.PatientTesting.GetAllPatient","DisplayName":"GetAllPatient","ExecutorUri":"executor://NUnit3TestExecutor","Source":"C:\\Users\\VC\\Documents\\Projects\\Day10(Unit-Testing)\\HospitalManagerSln\\HospitalManagerBLTesting\\bin\\Debug\\net6.0\\fine-code-coverage\\build-output\\HospitalManagerBLTesting.dll","CodeFilePath":null,"LineNumber":0,"Properties":[{"Key":{"Id":"NUnit.Seed","Label":"Seed","Category":"","Description":"","Attributes":0,"ValueType":"System.String"},"Value":"1354560529"}]}]}}
TpTrace Verbose: 0 : 49900, 14, 2024/04/23, 22:48:36.965, 2693371371805, vstest.console.dll, TestRunRequest:SendTestRunStatsChange: Starting.
TpTrace Verbose: 0 : 49900, 14, 2024/04/23, 22:48:36.965, 2693371378319, vstest.console.dll, InProgress is GetAllPatient
TpTrace Verbose: 0 : 49900, 14, 2024/04/23, 22:48:36.966, 2693371384154, vstest.console.dll, MulticastDelegateUtilities.SafeInvoke: TestRun.RunStatsChanged: Invoking callbacks was skipped because there are no subscribers.
TpTrace Information: 0 : 49900, 14, 2024/04/23, 22:48:36.966, 2693371385078, vstest.console.dll, TestRunRequest:SendTestRunStatsChange: Completed.
TpTrace Verbose: 0 : 49900, 14, 2024/04/23, 22:48:36.966, 2693371385949, vstest.console.dll, MulticastDelegateUtilities.SafeInvoke: LengthPrefixCommunicationChannel: MessageReceived: Invoking callback 1/1 for Microsoft.VisualStudio.TestPlatform.CommunicationUtilities.TestRequestSender+<>c__DisplayClass34_0., took 40 ms.
TpTrace Verbose: 0 : 49900, 14, 2024/04/23, 22:48:36.966, 2693371386916, vstest.console.dll, TcpClientExtensions.MessageLoopAsync: Polling on remoteEndPoint: 127.0.0.1:59645 localEndPoint: 127.0.0.1:59642 after 327 ms
TpTrace Verbose: 0 : 49900, 5, 2024/04/23, 22:48:36.969, 2693371417431, vstest.console.dll, MulticastDelegateUtilities.SafeInvoke: InternalTestLoggerEvents.SendTestResult: Invoking callback 1/1 for Microsoft.VisualStudio.TestPlatform.CommandLine.Internal.ConsoleLogger., took 3 ms.
TpTrace Verbose: 0 : 49900, 5, 2024/04/23, 22:48:36.970, 2693371422914, vstest.console.dll, MulticastDelegateUtilities.SafeInvoke: InternalTestLoggerEvents.SendTestResult: Invoking callback 1/1 for Microsoft.VisualStudio.TestPlatform.CommandLine.Internal.ConsoleLogger., took 0 ms.
TpTrace Verbose: 0 : 49900, 5, 2024/04/23, 22:48:36.970, 2693371424073, vstest.console.dll, MulticastDelegateUtilities.SafeInvoke: InternalTestLoggerEvents.SendTestResult: Invoking callback 1/1 for Microsoft.VisualStudio.TestPlatform.CommandLine.Internal.ConsoleLogger., took 0 ms.
TpTrace Verbose: 0 : 49900, 5, 2024/04/23, 22:48:36.970, 2693371424774, vstest.console.dll, MulticastDelegateUtilities.SafeInvoke: InternalTestLoggerEvents.SendTestResult: Invoking callback 1/1 for Microsoft.VisualStudio.TestPlatform.CommandLine.Internal.ConsoleLogger., took 0 ms.
TpTrace Verbose: 0 : 49900, 5, 2024/04/23, 22:48:36.970, 2693371425528, vstest.console.dll, MulticastDelegateUtilities.SafeInvoke: InternalTestLoggerEvents.SendTestResult: Invoking callback 1/1 for Microsoft.VisualStudio.TestPlatform.CommandLine.Internal.ConsoleLogger., took 0 ms.
TpTrace Verbose: 0 : 49900, 5, 2024/04/23, 22:48:36.970, 2693371426158, vstest.console.dll, MulticastDelegateUtilities.SafeInvoke: InternalTestLoggerEvents.SendTestResult: Invoking callback 1/1 for Microsoft.VisualStudio.TestPlatform.CommandLine.Internal.ConsoleLogger., took 0 ms.
TpTrace Verbose: 0 : 49900, 5, 2024/04/23, 22:48:36.970, 2693371426824, vstest.console.dll, MulticastDelegateUtilities.SafeInvoke: InternalTestLoggerEvents.SendTestResult: Invoking callback 1/1 for Microsoft.VisualStudio.TestPlatform.CommandLine.Internal.ConsoleLogger., took 0 ms.
TpTrace Verbose: 0 : 49900, 5, 2024/04/23, 22:48:36.970, 2693371427575, vstest.console.dll, MulticastDelegateUtilities.SafeInvoke: InternalTestLoggerEvents.SendTestResult: Invoking callback 1/1 for Microsoft.VisualStudio.TestPlatform.CommandLine.Internal.ConsoleLogger., took 0 ms.
TpTrace Verbose: 0 : 49900, 5, 2024/04/23, 22:48:36.970, 2693371428226, vstest.console.dll, MulticastDelegateUtilities.SafeInvoke: InternalTestLoggerEvents.SendTestResult: Invoking callback 1/1 for Microsoft.VisualStudio.TestPlatform.CommandLine.Internal.ConsoleLogger., took 0 ms.
TpTrace Verbose: 0 : 49900, 14, 2024/04/23, 22:48:36.976, 2693371490249, vstest.console.dll, TcpClientExtensions.MessageLoopAsync: NotifyDataAvailable remoteEndPoint: 127.0.0.1:59645 localEndPoint: 127.0.0.1:59642
TpTrace Verbose: 0 : 49900, 14, 2024/04/23, 22:48:36.977, 2693371494517, vstest.console.dll, TestRequestSender.OnExecutionMessageReceived: Received message: {"Version":7,"MessageType":"TestExecution.StatsChange","Payload":{"NewTestResults":[{"TestCase":{"Id":"168afa0e-db8c-0908-3606-023a08bfcbca","FullyQualifiedName":"HospitalManagerBLTesting.PatientTesting.GetAllPatient","DisplayName":"GetAllPatient","ExecutorUri":"executor://NUnit3TestExecutor","Source":"C:\\Users\\VC\\Documents\\Projects\\Day10(Unit-Testing)\\HospitalManagerSln\\HospitalManagerBLTesting\\bin\\Debug\\net6.0\\fine-code-coverage\\build-output\\HospitalManagerBLTesting.dll","CodeFilePath":null,"LineNumber":0,"Properties":[{"Key":{"Id":"NUnit.Seed","Label":"Seed","Category":"","Description":"","Attributes":0,"ValueType":"System.String"},"Value":"1354560529"}]},"Attachments":[],"Outcome":1,"ErrorMessage":null,"ErrorStackTrace":null,"DisplayName":"GetAllPatient","Messages":[],"ComputerName":"75RBBX3","Duration":"00:00:00.0017350","StartTime":"2024-04-23T17:18:36.8040815+00:00","EndTime":"2024-04-23T17:18:36.8058162+00:00","Properties":[{"Key":{"Id":"NUnit.Seed","Label":"Seed","Category":"","Description":"","Attributes":0,"ValueType":"System.String"},"Value":"1354560529"}]},{"TestCase":{"Id":"f5b335a1-a1af-b87f-8900-80c2147d9ff8","FullyQualifiedName":"HospitalManagerBLTesting.PatientTesting.RetrivePatientById","DisplayName":"RetrivePatientById","ExecutorUri":"executor://NUnit3TestExecutor","Source":"C:\\Users\\VC\\Documents\\Projects\\Day10(Unit-Testing)\\HospitalManagerSln\\HospitalManagerBLTesting\\bin\\Debug\\net6.0\\fine-code-coverage\\build-output\\HospitalManagerBLTesting.dll","CodeFilePath":null,"LineNumber":0,"Properties":[{"Key":{"Id":"NUnit.Seed","Label":"Seed","Category":"","Description":"","Attributes":0,"ValueType":"System.String"},"Value":"60443963"}]},"Attachments":[],"Outcome":1,"ErrorMessage":null,"ErrorStackTrace":null,"DisplayName":"RetrivePatientById","Messages":[],"ComputerName":"75RBBX3","Duration":"00:00:00.0015160","StartTime":"2024-04-23T17:18:36.8059668+00:00","EndTime":"2024-04-23T17:18:36.8074822+00:00","Properties":[{"Key":{"Id":"NUnit.Seed","Label":"Seed","Category":"","Description":"","Attributes":0,"ValueType":"System.String"},"Value":"60443963"}]},{"TestCase":{"Id":"aa2a164a-4fdb-7db6-8962-2a2fbdf2c420","FullyQualifiedName":"HospitalManagerBLTesting.Tests.AddDoctor","DisplayName":"AddDoctor","ExecutorUri":"executor://NUnit3TestExecutor","Source":"C:\\Users\\VC\\Documents\\Projects\\Day10(Unit-Testing)\\HospitalManagerSln\\HospitalManagerBLTesting\\bin\\Debug\\net6.0\\fine-code-coverage\\build-output\\HospitalManagerBLTesting.dll","CodeFilePath":null,"LineNumber":0,"Properties":[{"Key":{"Id":"NUnit.Seed","Label":"Seed","Category":"","Description":"","Attributes":0,"ValueType":"System.String"},"Value":"231238141"}]},"Attachments":[],"Outcome":1,"ErrorMessage":null,"ErrorStackTrace":null,"DisplayName":"AddDoctor","Messages":[],"ComputerName":"75RBBX3","Duration":"00:00:00.0032230","StartTime":"2024-04-23T17:18:36.8134843+00:00","EndTime":"2024-04-23T17:18:36.8167069+00:00","Properties":[{"Key":{"Id":"NUnit.Seed","Label":"Seed","Category":"","Description":"","Attributes":0,"ValueType":"System.String"},"Value":"231238141"}]},{"TestCase":{"Id":"3a1d040c-abe0-c0a2-3ee7-1c47f06c787f","FullyQualifiedName":"HospitalManagerBLTesting.Tests.ExceptionInAddDoctor","DisplayName":"ExceptionInAddDoctor","ExecutorUri":"executor://NUnit3TestExecutor","Source":"C:\\Users\\VC\\Documents\\Projects\\Day10(Unit-Testing)\\HospitalManagerSln\\HospitalManagerBLTesting\\bin\\Debug\\net6.0\\fine-code-coverage\\build-output\\HospitalManagerBLTesting.dll","CodeFilePath":null,"LineNumber":0,"Properties":[{"Key":{"Id":"NUnit.Seed","Label":"Seed","Category":"","Description":"","Attributes":0,"ValueType":"System.String"},"Value":"1085454957"}]},"Attachments":[],"Outcome":1,"ErrorMessage":null,"ErrorStackTrace":null,"DisplayName":"ExceptionInAddDoctor","Messages":[],"ComputerName":"75RBBX3","Duration":"00:00:00.0014319","StartTime":"2024-04-23T17:18:36.8167397+00:00","EndTime":"2024-04-23T17:18:36.8181718+00:00","Properties":[{"Key":{"Id":"NUnit.Seed","Label":"Seed","Category":"","Description":"","Attributes":0,"ValueType":"System.String"},"Value":"1085454957"}]},{"TestCase":{"Id":"b9b0da0d-80a2-e382-313b-42f68f913766","FullyQualifiedName":"HospitalManagerBLTesting.Tests.ExceptionInGetAllDoctor","DisplayName":"ExceptionInGetAllDoctor","ExecutorUri":"executor://NUnit3TestExecutor","Source":"C:\\Users\\VC\\Documents\\Projects\\Day10(Unit-Testing)\\HospitalManagerSln\\HospitalManagerBLTesting\\bin\\Debug\\net6.0\\fine-code-coverage\\build-output\\HospitalManagerBLTesting.dll","CodeFilePath":null,"LineNumber":0,"Properties":[{"Key":{"Id":"NUnit.Seed","Label":"Seed","Category":"","Description":"","Attributes":0,"ValueType":"System.String"},"Value":"174525435"}]},"Attachments":[],"Outcome":1,"ErrorMessage":null,"ErrorStackTrace":null,"DisplayName":"ExceptionInGetAllDoctor","Messages":[],"ComputerName":"75RBBX3","Duration":"00:00:00.0017630","StartTime":"2024-04-23T17:18:36.8181996+00:00","EndTime":"2024-04-23T17:18:36.8199618+00:00","Properties":[{"Key":{"Id":"NUnit.Seed","Label":"Seed","Category":"","Description":"","Attributes":0,"ValueType":"System.String"},"Value":"174525435"}]},{"TestCase":{"Id":"f9aac9a9-1623-a62d-a287-66a0aba7b66d","FullyQualifiedName":"HospitalManagerBLTesting.Tests.ExceptionInRetriveDoctorById","DisplayName":"ExceptionInRetriveDoctorById","ExecutorUri":"executor://NUnit3TestExecutor","Source":"C:\\Users\\VC\\Documents\\Projects\\Day10(Unit-Testing)\\HospitalManagerSln\\HospitalManagerBLTesting\\bin\\Debug\\net6.0\\fine-code-coverage\\build-output\\HospitalManagerBLTesting.dll","CodeFilePath":null,"LineNumber":0,"Properties":[{"Key":{"Id":"NUnit.Seed","Label":"Seed","Category":"","Description":"","Attributes":0,"ValueType":"System.String"},"Value":"306458984"}]},"Attachments":[],"Outcome":1,"ErrorMessage":null,"ErrorStackTrace":null,"DisplayName":"ExceptionInRetriveDoctorById","Messages":[],"ComputerName":"75RBBX3","Duration":"00:00:00.0013350","StartTime":"2024-04-23T17:18:36.819985+00:00","EndTime":"2024-04-23T17:18:36.8213196+00:00","Properties":[{"Key":{"Id":"NUnit.Seed","Label":"Seed","Category":"","Description":"","Attributes":0,"ValueType":"System.String"},"Value":"306458984"}]},{"TestCase":{"Id":"0d64dcd8-d6f5-9796-1bea-ebf24ef69639","FullyQualifiedName":"HospitalManagerBLTesting.Tests.ExceptionInUpdateDoctor","DisplayName":"ExceptionInUpdateDoctor","ExecutorUri":"executor://NUnit3TestExecutor","Source":"C:\\Users\\VC\\Documents\\Projects\\Day10(Unit-Testing)\\HospitalManagerSln\\HospitalManagerBLTesting\\bin\\Debug\\net6.0\\fine-code-coverage\\build-output\\HospitalManagerBLTesting.dll","CodeFilePath":null,"LineNumber":0,"Properties":[{"Key":{"Id":"NUnit.Seed","Label":"Seed","Category":"","Description":"","Attributes":0,"ValueType":"System.String"},"Value":"680299996"}]},"Attachments":[],"Outcome":1,"ErrorMessage":null,"ErrorStackTrace":null,"DisplayName":"ExceptionInUpdateDoctor","Messages":[],"ComputerName":"75RBBX3","Duration":"00:00:00.0017280","StartTime":"2024-04-23T17:18:36.8213414+00:00","EndTime":"2024-04-23T17:18:36.823069+00:00","Properties":[{"Key":{"Id":"NUnit.Seed","Label":"Seed","Category":"","Description":"","Attributes":0,"ValueType":"System.String"},"Value":"680299996"}]},{"TestCase":{"Id":"ff33b9a0-37d7-f5d5-c7de-7f55026349c2","FullyQualifiedName":"HospitalManagerBLTesting.Tests.FailAddDoctor","DisplayName":"FailAddDoctor","ExecutorUri":"executor://NUnit3TestExecutor","Source":"C:\\Users\\VC\\Documents\\Projects\\Day10(Unit-Testing)\\HospitalManagerSln\\HospitalManagerBLTesting\\bin\\Debug\\net6.0\\fine-code-coverage\\build-output\\HospitalManagerBLTesting.dll","CodeFilePath":null,"LineNumber":0,"Properties":[{"Key":{"Id":"NUnit.Seed","Label":"Seed","Category":"","Description":"","Attributes":0,"ValueType":"System.String"},"Value":"1376865956"}]},"Attachments":[],"Outcome":1,"ErrorMessage":null,"ErrorStackTrace":null,"DisplayName":"FailAddDoctor","Messages":[],"ComputerName":"75RBBX3","Duration":"00:00:00.0011090","StartTime":"2024-04-23T17:18:36.8231075+00:00","EndTime":"2024-04-23T17:18:36.8242165+00:00","Properties":[{"Key":{"Id":"NUnit.Seed","Label":"Seed","Category":"","Description":"","Attributes":0,"ValueType":"System.String"},"Value":"1376865956"}]},{"TestCase":{"Id":"19fde8ba-62b7-3d6b-bec2-a5338772573f","FullyQualifiedName":"HospitalManagerBLTesting.Tests.FailRetriveDoctorById","DisplayName":"FailRetriveDoctorById","ExecutorUri":"executor://NUnit3TestExecutor","Source":"C:\\Users\\VC\\Documents\\Projects\\Day10(Unit-Testing)\\HospitalManagerSln\\HospitalManagerBLTesting\\bin\\Debug\\net6.0\\fine-code-coverage\\build-output\\HospitalManagerBLTesting.dll","CodeFilePath":null,"LineNumber":0,"Properties":[{"Key":{"Id":"NUnit.Seed","Label":"Seed","Category":"","Description":"","Attributes":0,"ValueType":"System.String"},"Value":"1584637459"}]},"Attachments":[],"Outcome":1,"ErrorMessage":null,"ErrorStackTrace":null,"DisplayName":"FailRetriveDoctorById","Messages":[],"ComputerName":"75RBBX3","Duration":"00:00:00.0009700","StartTime":"2024-04-23T17:18:36.8242384+00:00","EndTime":"2024-04-23T17:18:36.8252077+00:00","Properties":[{"Key":{"Id":"NUnit.Seed","Label":"Seed","Category":"","Description":"","Attributes":0,"ValueType":"System.String"},"Value":"1584637459"}]}],"TestRunStatistics":{"ExecutedTests":18,"Stats":{"Passed":18}},"ActiveTests":[{"Id":"72c09f5b-a2e8-7eb4-dafe-1fae2743cd4c","FullyQualifiedName":"HospitalManagerBLTesting.Tests.FailUpdateDoctor","DisplayName":"FailUpdateDoctor","ExecutorUri":"executor://NUnit3TestExecutor","Source":"C:\\Users\\VC\\Documents\\Projects\\Day10(Unit-Testing)\\HospitalManagerSln\\HospitalManagerBLTesting\\bin\\Debug\\net6.0\\fine-code-coverage\\build-output\\HospitalManagerBLTesting.dll","CodeFilePath":null,"LineNumber":0,"Properties":[{"Key":{"Id":"NUnit.Seed","Label":"Seed","Category":"","Description":"","Attributes":0,"ValueType":"System.String"},"Value":"2067885266"}]}]}}
TpTrace Verbose: 0 : 49900, 14, 2024/04/23, 22:48:36.979, 2693371518850, vstest.console.dll, TestRunRequest:SendTestRunStatsChange: Starting.
TpTrace Verbose: 0 : 49900, 14, 2024/04/23, 22:48:36.979, 2693371519882, vstest.console.dll, InProgress is FailUpdateDoctor
TpTrace Verbose: 0 : 49900, 14, 2024/04/23, 22:48:36.979, 2693371520884, vstest.console.dll, MulticastDelegateUtilities.SafeInvoke: TestRun.RunStatsChanged: Invoking callbacks was skipped because there are no subscribers.
TpTrace Information: 0 : 49900, 14, 2024/04/23, 22:48:36.980, 2693371521508, vstest.console.dll, TestRunRequest:SendTestRunStatsChange: Completed.
TpTrace Verbose: 0 : 49900, 14, 2024/04/23, 22:48:36.980, 2693371522018, vstest.console.dll, MulticastDelegateUtilities.SafeInvoke: LengthPrefixCommunicationChannel: MessageReceived: Invoking callback 1/1 for Microsoft.VisualStudio.TestPlatform.CommunicationUtilities.TestRequestSender+<>c__DisplayClass34_0., took 2 ms.
TpTrace Verbose: 0 : 49900, 5, 2024/04/23, 22:48:36.980, 2693371521916, vstest.console.dll, MulticastDelegateUtilities.SafeInvoke: InternalTestLoggerEvents.SendTestResult: Invoking callback 1/1 for Microsoft.VisualStudio.TestPlatform.CommandLine.Internal.ConsoleLogger., took 0 ms.
TpTrace Verbose: 0 : 49900, 14, 2024/04/23, 22:48:36.980, 2693371522578, vstest.console.dll, TcpClientExtensions.MessageLoopAsync: Polling on remoteEndPoint: 127.0.0.1:59645 localEndPoint: 127.0.0.1:59642 after 13 ms
TpTrace Verbose: 0 : 49900, 5, 2024/04/23, 22:48:36.981, 2693371540287, vstest.console.dll, MulticastDelegateUtilities.SafeInvoke: InternalTestLoggerEvents.SendTestResult: Invoking callback 1/1 for Microsoft.VisualStudio.TestPlatform.CommandLine.Internal.ConsoleLogger., took 1 ms.
TpTrace Verbose: 0 : 49900, 5, 2024/04/23, 22:48:36.982, 2693371542617, vstest.console.dll, MulticastDelegateUtilities.SafeInvoke: InternalTestLoggerEvents.SendTestResult: Invoking callback 1/1 for Microsoft.VisualStudio.TestPlatform.CommandLine.Internal.ConsoleLogger., took 0 ms.
TpTrace Verbose: 0 : 49900, 5, 2024/04/23, 22:48:36.982, 2693371543677, vstest.console.dll, MulticastDelegateUtilities.SafeInvoke: InternalTestLoggerEvents.SendTestResult: Invoking callback 1/1 for Microsoft.VisualStudio.TestPlatform.CommandLine.Internal.ConsoleLogger., took 0 ms.
TpTrace Verbose: 0 : 49900, 5, 2024/04/23, 22:48:36.982, 2693371544769, vstest.console.dll, MulticastDelegateUtilities.SafeInvoke: InternalTestLoggerEvents.SendTestResult: Invoking callback 1/1 for Microsoft.VisualStudio.TestPlatform.CommandLine.Internal.ConsoleLogger., took 0 ms.
TpTrace Verbose: 0 : 49900, 5, 2024/04/23, 22:48:36.982, 2693371545577, vstest.console.dll, MulticastDelegateUtilities.SafeInvoke: InternalTestLoggerEvents.SendTestResult: Invoking callback 1/1 for Microsoft.VisualStudio.TestPlatform.CommandLine.Internal.ConsoleLogger., took 0 ms.
TpTrace Verbose: 0 : 49900, 5, 2024/04/23, 22:48:36.982, 2693371546570, vstest.console.dll, MulticastDelegateUtilities.SafeInvoke: InternalTestLoggerEvents.SendTestResult: Invoking callback 1/1 for Microsoft.VisualStudio.TestPlatform.CommandLine.Internal.ConsoleLogger., took 0 ms.
TpTrace Verbose: 0 : 49900, 5, 2024/04/23, 22:48:36.982, 2693371547376, vstest.console.dll, MulticastDelegateUtilities.SafeInvoke: InternalTestLoggerEvents.SendTestResult: Invoking callback 1/1 for Microsoft.VisualStudio.TestPlatform.CommandLine.Internal.ConsoleLogger., took 0 ms.
TpTrace Verbose: 0 : 49900, 5, 2024/04/23, 22:48:36.982, 2693371548248, vstest.console.dll, MulticastDelegateUtilities.SafeInvoke: InternalTestLoggerEvents.SendTestResult: Invoking callback 1/1 for Microsoft.VisualStudio.TestPlatform.CommandLine.Internal.ConsoleLogger., took 0 ms.
TpTrace Verbose: 0 : 49900, 14, 2024/04/23, 22:48:37.001, 2693371734585, vstest.console.dll, TcpClientExtensions.MessageLoopAsync: NotifyDataAvailable remoteEndPoint: 127.0.0.1:59645 localEndPoint: 127.0.0.1:59642
TpTrace Verbose: 0 : 49900, 14, 2024/04/23, 22:48:37.001, 2693371737752, vstest.console.dll, TestRequestSender.OnExecutionMessageReceived: Received message: {"Version":7,"MessageType":"TestSession.Message","Payload":{"MessageLevel":0,"Message":"NUnit Adapter 4.4.0.0: Test execution complete"}}
TpTrace Verbose: 0 : 49900, 14, 2024/04/23, 22:48:37.001, 2693371740088, vstest.console.dll, TestRunRequest:SendTestRunMessage: Starting.
TpTrace Verbose: 0 : 49900, 14, 2024/04/23, 22:48:37.001, 2693371741354, vstest.console.dll, MulticastDelegateUtilities.SafeInvoke: TestRun.LogMessages: Invoking callback 1/1 for Microsoft.VisualStudio.TestPlatform.CommandLine.TestRunResultAggregator., took 0 ms.
TpTrace Information: 0 : 49900, 14, 2024/04/23, 22:48:37.002, 2693371742135, vstest.console.dll, TestRunRequest:SendTestRunMessage: Completed.
TpTrace Verbose: 0 : 49900, 5, 2024/04/23, 22:48:37.002, 2693371742200, vstest.console.dll, MulticastDelegateUtilities.SafeInvoke: InternalTestLoggerEvents.SendTestRunMessage: Invoking callback 1/1 for Microsoft.VisualStudio.TestPlatform.CommandLine.Internal.ConsoleLogger., took 0 ms.
TpTrace Verbose: 0 : 49900, 14, 2024/04/23, 22:48:37.002, 2693371743036, vstest.console.dll, MulticastDelegateUtilities.SafeInvoke: LengthPrefixCommunicationChannel: MessageReceived: Invoking callback 1/1 for Microsoft.VisualStudio.TestPlatform.CommunicationUtilities.TestRequestSender+<>c__DisplayClass34_0., took 0 ms.
TpTrace Verbose: 0 : 49900, 14, 2024/04/23, 22:48:37.002, 2693371745385, vstest.console.dll, TcpClientExtensions.MessageLoopAsync: Polling on remoteEndPoint: 127.0.0.1:59645 localEndPoint: 127.0.0.1:59642 after 22 ms
TpTrace Verbose: 0 : 49900, 14, 2024/04/23, 22:48:37.042, 2693372144161, vstest.console.dll, TcpClientExtensions.MessageLoopAsync: NotifyDataAvailable remoteEndPoint: 127.0.0.1:59645 localEndPoint: 127.0.0.1:59642
TpTrace Verbose: 0 : 49900, 14, 2024/04/23, 22:48:37.042, 2693372149707, vstest.console.dll, TestRequestSender.OnExecutionMessageReceived: Received message: {"Version":7,"MessageType":"TestExecution.Completed","Payload":{"TestRunCompleteArgs":{"TestRunStatistics":{"ExecutedTests":22,"Stats":{"Passed":22}},"IsCanceled":false,"IsAborted":false,"Error":null,"AttachmentSets":[],"InvokedDataCollectors":[],"ElapsedTimeInRunningTests":"00:00:00.7480447","Metrics":{},"DiscoveredExtensions":{"TestDiscoverers":["NUnit.VisualStudio.TestAdapter.NUnit3TestDiscoverer, NUnit3.TestAdapter, Version=4.4.0.0, Culture=neutral, PublicKeyToken=4cb40d35494691ac"],"TestExecutors":["executor://NUnit3TestExecutor"],"TestExecutors2":[],"TestSettingsProviders":[]}},"LastRunTests":{"NewTestResults":[{"TestCase":{"Id":"72c09f5b-a2e8-7eb4-dafe-1fae2743cd4c","FullyQualifiedName":"HospitalManagerBLTesting.Tests.FailUpdateDoctor","DisplayName":"FailUpdateDoctor","ExecutorUri":"executor://NUnit3TestExecutor","Source":"C:\\Users\\VC\\Documents\\Projects\\Day10(Unit-Testing)\\HospitalManagerSln\\HospitalManagerBLTesting\\bin\\Debug\\net6.0\\fine-code-coverage\\build-output\\HospitalManagerBLTesting.dll","CodeFilePath":null,"LineNumber":0,"Properties":[{"Key":{"Id":"NUnit.Seed","Label":"Seed","Category":"","Description":"","Attributes":0,"ValueType":"System.String"},"Value":"2067885266"}]},"Attachments":[],"Outcome":1,"ErrorMessage":null,"ErrorStackTrace":null,"DisplayName":"FailUpdateDoctor","Messages":[],"ComputerName":"75RBBX3","Duration":"00:00:00.0010870","StartTime":"2024-04-23T17:18:36.8252283+00:00","EndTime":"2024-04-23T17:18:36.8263152+00:00","Properties":[{"Key":{"Id":"NUnit.Seed","Label":"Seed","Category":"","Description":"","Attributes":0,"ValueType":"System.String"},"Value":"2067885266"}]},{"TestCase":{"Id":"7e745913-2b7e-67b5-ceb6-f14333980bed","FullyQualifiedName":"HospitalManagerBLTesting.Tests.GetAllDoctor","DisplayName":"GetAllDoctor","ExecutorUri":"executor://NUnit3TestExecutor","Source":"C:\\Users\\VC\\Documents\\Projects\\Day10(Unit-Testing)\\HospitalManagerSln\\HospitalManagerBLTesting\\bin\\Debug\\net6.0\\fine-code-coverage\\build-output\\HospitalManagerBLTesting.dll","CodeFilePath":null,"LineNumber":0,"Properties":[{"Key":{"Id":"NUnit.Seed","Label":"Seed","Category":"","Description":"","Attributes":0,"ValueType":"System.String"},"Value":"1473902125"}]},"Attachments":[],"Outcome":1,"ErrorMessage":null,"ErrorStackTrace":null,"DisplayName":"GetAllDoctor","Messages":[],"ComputerName":"75RBBX3","Duration":"00:00:00.0015710","StartTime":"2024-04-23T17:18:36.8263348+00:00","EndTime":"2024-04-23T17:18:36.8279057+00:00","Properties":[{"Key":{"Id":"NUnit.Seed","Label":"Seed","Category":"","Description":"","Attributes":0,"ValueType":"System.String"},"Value":"1473902125"}]},{"TestCase":{"Id":"617ea556-d4d0-95ee-6fc0-cd169dd8f809","FullyQualifiedName":"HospitalManagerBLTesting.Tests.RetriveDoctorById","DisplayName":"RetriveDoctorById","ExecutorUri":"executor://NUnit3TestExecutor","Source":"C:\\Users\\VC\\Documents\\Projects\\Day10(Unit-Testing)\\HospitalManagerSln\\HospitalManagerBLTesting\\bin\\Debug\\net6.0\\fine-code-coverage\\build-output\\HospitalManagerBLTesting.dll","CodeFilePath":null,"LineNumber":0,"Properties":[{"Key":{"Id":"NUnit.Seed","Label":"Seed","Category":"","Description":"","Attributes":0,"ValueType":"System.String"},"Value":"1919312620"}]},"Attachments":[],"Outcome":1,"ErrorMessage":null,"ErrorStackTrace":null,"DisplayName":"RetriveDoctorById","Messages":[],"ComputerName":"75RBBX3","Duration":"00:00:00.0010010","StartTime":"2024-04-23T17:18:36.8279341+00:00","EndTime":"2024-04-23T17:18:36.8289347+00:00","Properties":[{"Key":{"Id":"NUnit.Seed","Label":"Seed","Category":"","Description":"","Attributes":0,"ValueType":"System.String"},"Value":"1919312620"}]},{"TestCase":{"Id":"cb674c71-b764-d738-76b3-6c290d26c0c5","FullyQualifiedName":"HospitalManagerBLTesting.Tests.UpdateDoctor","DisplayName":"UpdateDoctor","ExecutorUri":"executor://NUnit3TestExecutor","Source":"C:\\Users\\VC\\Documents\\Projects\\Day10(Unit-Testing)\\HospitalManagerSln\\HospitalManagerBLTesting\\bin\\Debug\\net6.0\\fine-code-coverage\\build-output\\HospitalManagerBLTesting.dll","CodeFilePath":null,"LineNumber":0,"Properties":[{"Key":{"Id":"NUnit.Seed","Label":"Seed","Category":"","Description":"","Attributes":0,"ValueType":"System.String"},"Value":"862341982"}]},"Attachments":[],"Outcome":1,"ErrorMessage":null,"ErrorStackTrace":null,"DisplayName":"UpdateDoctor","Messages":[],"ComputerName":"75RBBX3","Duration":"00:00:00.0008680","StartTime":"2024-04-23T17:18:36.8289558+00:00","EndTime":"2024-04-23T17:18:36.8298237+00:00","Properties":[{"Key":{"Id":"NUnit.Seed","Label":"Seed","Category":"","Description":"","Attributes":0,"ValueType":"System.String"},"Value":"862341982"}]}],"TestRunStatistics":{"ExecutedTests":22,"Stats":{"Passed":22}},"ActiveTests":[]},"RunAttachments":[],"ExecutorUris":["executor://nunit3testexecutor/"]}}
TpTrace Verbose: 0 : 49900, 14, 2024/04/23, 22:48:37.043, 2693372152448, vstest.console.dll, TestRequestSender.EndSession: Sending end session.
TpTrace Verbose: 0 : 49900, 14, 2024/04/23, 22:48:37.043, 2693372155513, vstest.console.dll, ProxyOperationManager.Close: waiting for test host to exit for 100 ms
TpTrace Verbose: 0 : 49900, 13, 2024/04/23, 22:48:37.097, 2693372696303, vstest.console.dll, TestHostManagerCallbacks.ctor: Experimental forwarding output is disabled.
TpTrace Warning: 0 : 49900, 13, 2024/04/23, 22:48:37.097, 2693372698689, vstest.console.dll, TestHostManagerCallbacks.ErrorReceivedCallback Test host standard error line: 
TpTrace Verbose: 0 : 49900, 13, 2024/04/23, 22:48:37.114, 2693372870884, vstest.console.dll, TestHostProvider.ExitCallBack: Host exited starting callback.
TpTrace Information: 0 : 49900, 13, 2024/04/23, 22:48:37.115, 2693372874957, vstest.console.dll, TestHostManagerCallbacks.ExitCallBack: Testhost processId: 26856 exited with exitcode: 0 error: ''
TpTrace Verbose: 0 : 49900, 13, 2024/04/23, 22:48:37.115, 2693372876589, vstest.console.dll, DotnetTestHostManager.OnHostExited: invoking OnHostExited callback
TpTrace Verbose: 0 : 49900, 13, 2024/04/23, 22:48:37.115, 2693372878066, vstest.console.dll, CrossPlatEngine.TestHostManagerHostExited: calling on client process exit callback.
TpTrace Information: 0 : 49900, 13, 2024/04/23, 22:48:37.115, 2693372879210, vstest.console.dll, TestRequestSender.OnClientProcessExit: Test host process exited. Standard error: 
TpTrace Information: 0 : 49900, 13, 2024/04/23, 22:48:37.115, 2693372880279, vstest.console.dll, SocketServer.Stop: Stop server endPoint: 127.0.0.1:59642
TpTrace Information: 0 : 49900, 13, 2024/04/23, 22:48:37.115, 2693372880991, vstest.console.dll, SocketServer.Stop: Cancellation requested. Stopping message loop.
TpTrace Information: 0 : 49900, 14, 2024/04/23, 22:48:37.115, 2693372880879, vstest.console.dll, SocketServer.Stop: Stop server endPoint: 127.0.0.1:59642
TpTrace Verbose: 0 : 49900, 13, 2024/04/23, 22:48:37.116, 2693372883192, vstest.console.dll, MulticastDelegateUtilities.SafeInvoke: HostProviderEvents.OnHostExited: Invoking callback 1/1 for Microsoft.VisualStudio.TestPlatform.CrossPlatEngine.Client.ProxyOperationManager., took 0 ms.
TpTrace Information: 0 : 49900, 14, 2024/04/23, 22:48:37.116, 2693372883421, vstest.console.dll, SocketServer.Stop: Cancellation requested. Stopping message loop.
TpTrace Information: 0 : 49900, 14, 2024/04/23, 22:48:37.116, 2693372887238, vstest.console.dll, Closing the connection
TpTrace Verbose: 0 : 49900, 14, 2024/04/23, 22:48:37.117, 2693372892043, vstest.console.dll, ProxyDataCollectionManager.InvokeDataCollectionServiceAction: Starting.
TpTrace Information: 0 : 49900, 14, 2024/04/23, 22:48:37.117, 2693372893273, vstest.console.dll, ProxyDataCollectionManager.AfterTestRunEnd: Get attachment set and invoked data collectors processId: 43900 port: 59637
TpTrace Verbose: 0 : 49900, 14, 2024/04/23, 22:48:37.117, 2693372894364, vstest.console.dll, DataCollectionRequestSender.SendAfterTestRunStartAndGetResult: Send AfterTestRunEnd message with isCancelled: False
TpTrace Verbose: 0 : 49900, 14, 2024/04/23, 22:48:37.130, 2693373026853, vstest.console.dll, DataCollectionRequestSender.SendAfterTestRunStartAndGetResult: Received message: (DataCollection.AfterTestRunEndResult) -> {"MessageType":"DataCollection.AfterTestRunEndResult","Payload":{"AttachmentSets":[],"InvokedDataCollectors":[{"Uri":"datacollector://Microsoft/TestPlatform/Extensions/Blame/v1","FriendlyName":"Blame","AssemblyQualifiedName":"Microsoft.TestPlatform.Extensions.BlameDataCollector.BlameCollector, Microsoft.TestPlatform.Extensions.BlameDataCollector, Version=15.0.0.0, Culture=neutral, PublicKeyToken=b03f5f7f11d50a3a","FilePath":"C:\\Program Files\\dotnet\\sdk\\8.0.202\\Extensions\\Microsoft.TestPlatform.Extensions.BlameDataCollector.dll","HasAttachmentProcessor":false}],"Metrics":{}}}
TpTrace Information: 0 : 49900, 14, 2024/04/23, 22:48:37.142, 2693373145479, vstest.console.dll, ProxyDataCollectionManager.InvokeDataCollectionServiceAction: Completed.
TpTrace Warning: 0 : 49900, 11, 2024/04/23, 22:48:37.158, 2693373304206, vstest.console.dll, DataCollectionLauncher.ErrorReceivedCallback datacollector standard error line: 
TpTrace Information: 0 : 49900, 11, 2024/04/23, 22:48:37.171, 2693373440984, vstest.console.dll, DataCollectionLauncher.ExitCallBack: Data collector exited with exitcode: 0 error: ''
TpTrace Verbose: 0 : 49900, 14, 2024/04/23, 22:48:37.225, 2693373972315, vstest.console.dll, TestRunRequest:SendTestRunStatsChange: Starting.
TpTrace Verbose: 0 : 49900, 14, 2024/04/23, 22:48:37.225, 2693373974674, vstest.console.dll, MulticastDelegateUtilities.SafeInvoke: TestRun.RunStatsChanged: Invoking callbacks was skipped because there are no subscribers.
TpTrace Information: 0 : 49900, 14, 2024/04/23, 22:48:37.225, 2693373975282, vstest.console.dll, TestRunRequest:SendTestRunStatsChange: Completed.
TpTrace Verbose: 0 : 49900, 5, 2024/04/23, 22:48:37.225, 2693373975982, vstest.console.dll, MulticastDelegateUtilities.SafeInvoke: InternalTestLoggerEvents.SendTestResult: Invoking callback 1/1 for Microsoft.VisualStudio.TestPlatform.CommandLine.Internal.ConsoleLogger., took 0 ms.
TpTrace Verbose: 0 : 49900, 5, 2024/04/23, 22:48:37.225, 2693373977689, vstest.console.dll, MulticastDelegateUtilities.SafeInvoke: InternalTestLoggerEvents.SendTestResult: Invoking callback 1/1 for Microsoft.VisualStudio.TestPlatform.CommandLine.Internal.ConsoleLogger., took 0 ms.
TpTrace Verbose: 0 : 49900, 5, 2024/04/23, 22:48:37.225, 2693373978824, vstest.console.dll, MulticastDelegateUtilities.SafeInvoke: InternalTestLoggerEvents.SendTestResult: Invoking callback 1/1 for Microsoft.VisualStudio.TestPlatform.CommandLine.Internal.ConsoleLogger., took 0 ms.
TpTrace Verbose: 0 : 49900, 5, 2024/04/23, 22:48:37.225, 2693373979813, vstest.console.dll, MulticastDelegateUtilities.SafeInvoke: InternalTestLoggerEvents.SendTestResult: Invoking callback 1/1 for Microsoft.VisualStudio.TestPlatform.CommandLine.Internal.ConsoleLogger., took 0 ms.
TpTrace Verbose: 0 : 49900, 14, 2024/04/23, 22:48:37.225, 2693373980387, vstest.console.dll, ParallelProxyExecutionManager: HandlePartialRunComplete: Total workloads = 1, Total started clients = 1 Total completed clients = 1, Run complete = True, Run canceled: False.
TpTrace Verbose: 0 : 49900, 14, 2024/04/23, 22:48:37.225, 2693373981216, vstest.console.dll, ParallelProxyExecutionManager: HandlePartialRunComplete: All runs completed stopping all managers.
TpTrace Verbose: 0 : 49900, 14, 2024/04/23, 22:48:37.226, 2693373981835, vstest.console.dll, ParallelOperationManager.StopAllManagers: Stopping all managers.
TpTrace Verbose: 0 : 49900, 14, 2024/04/23, 22:48:37.226, 2693373982400, vstest.console.dll, ParallelOperationManager.ClearSlots: Clearing all slots. Slots should accept more work: False
TpTrace Verbose: 0 : 49900, 14, 2024/04/23, 22:48:37.226, 2693373983125, vstest.console.dll, ParallelOperationManager.SetOccupiedSlotCount: Setting slot counts AvailableSlotCount = 1, OccupiedSlotCount = 0.
TpTrace Verbose: 0 : 49900, 14, 2024/04/23, 22:48:37.226, 2693373983996, vstest.console.dll, Occupied slots:

TpTrace Verbose: 0 : 49900, 5, 2024/04/23, 22:48:37.241, 2693374137268, vstest.console.dll, MulticastDelegateUtilities.SafeInvoke: InternalTestLoggerEvents.SendTestRunComplete: Invoking callback 1/2 for Microsoft.TestPlatform.Extensions.BlameDataCollector.BlameLogger., took 0 ms.
TpTrace Verbose: 0 : 49900, 5, 2024/04/23, 22:48:37.253, 2693374252933, vstest.console.dll, MulticastDelegateUtilities.SafeInvoke: InternalTestLoggerEvents.SendTestRunComplete: Invoking callback 2/2 for Microsoft.VisualStudio.TestPlatform.CommandLine.Internal.ConsoleLogger., took 11 ms.
TpTrace Verbose: 0 : 49900, 14, 2024/04/23, 22:48:37.254, 2693374261897, vstest.console.dll, TestRunRequest:TestRunComplete: Starting. IsAborted:False IsCanceled:False.
TpTrace Verbose: 0 : 49900, 14, 2024/04/23, 22:48:37.254, 2693374266428, vstest.console.dll, ParallelOperationManager.DoActionOnAllManagers: Calling an action on all managers.
TpTrace Verbose: 0 : 49900, 14, 2024/04/23, 22:48:37.257, 2693374293546, vstest.console.dll, TestLoggerManager.HandleTestRunComplete: Ignoring as the object is disposed.
TpTrace Verbose: 0 : 49900, 14, 2024/04/23, 22:48:37.257, 2693374299975, vstest.console.dll, MulticastDelegateUtilities.SafeInvoke: TestRun.TestRunComplete: Invoking callback 1/2 for Microsoft.VisualStudio.TestPlatform.CommandLine.TestRunResultAggregator., took 0 ms.
TpTrace Verbose: 0 : 49900, 14, 2024/04/23, 22:48:37.258, 2693374303585, vstest.console.dll, MulticastDelegateUtilities.SafeInvoke: TestRun.TestRunComplete: Invoking callback 2/2 for Microsoft.VisualStudio.TestPlatform.CommandLine.Processors.RunTestsArgumentExecutor+TestRunRequestEventsRegistrar., took 0 ms.
TpTrace Information: 0 : 49900, 14, 2024/04/23, 22:48:37.258, 2693374306508, vstest.console.dll, TestRunRequest:TestRunComplete: Completed.
TpTrace Verbose: 0 : 49900, 1, 2024/04/23, 22:48:37.258, 2693374306920, vstest.console.dll, TestRunRequest.Dispose: Starting.
TpTrace Verbose: 0 : 49900, 14, 2024/04/23, 22:48:37.258, 2693374309345, vstest.console.dll, TestRequestSender.SetOperationComplete: Setting operation complete.
TpTrace Information: 0 : 49900, 1, 2024/04/23, 22:48:37.258, 2693374309523, vstest.console.dll, TestRunRequest.Dispose: Completed.
TpTrace Information: 0 : 49900, 1, 2024/04/23, 22:48:37.259, 2693374312244, vstest.console.dll, TestRequestManager.RunTests: run tests completed.
TpTrace Information: 0 : 49900, 14, 2024/04/23, 22:48:37.258, 2693374311129, vstest.console.dll, SocketServer.Stop: Stop server endPoint: 127.0.0.1:59642
TpTrace Information: 0 : 49900, 1, 2024/04/23, 22:48:37.259, 2693374313922, vstest.console.dll, RunTestsArgumentProcessor:Execute: Test run is completed.
TpTrace Information: 0 : 49900, 14, 2024/04/23, 22:48:37.259, 2693374315407, vstest.console.dll, SocketServer.Stop: Cancellation requested. Stopping message loop.
TpTrace Verbose: 0 : 49900, 14, 2024/04/23, 22:48:37.259, 2693374317623, vstest.console.dll, MulticastDelegateUtilities.SafeInvoke: LengthPrefixCommunicationChannel: MessageReceived: Invoking callback 1/1 for Microsoft.VisualStudio.TestPlatform.CommunicationUtilities.TestRequestSender+<>c__DisplayClass34_0., took 216 ms.
TpTrace Information: 0 : 49900, 14, 2024/04/23, 22:48:37.259, 2693374318775, vstest.console.dll, SocketServer.PrivateStop: Stopping server endPoint: 127.0.0.1:59642 error: 
TpTrace Verbose: 0 : 49900, 1, 2024/04/23, 22:48:37.259, 2693374319966, vstest.console.dll, Executor.Execute: Exiting with exit code of 0
TpTrace Verbose: 0 : 49900, 14, 2024/04/23, 22:48:37.260, 2693374329420, vstest.console.dll, LengthPrefixCommunicationChannel.Dispose: Dispose reader and writer.
