TpTrace Verbose: 0 : 3740, 1, 2024/04/24, 10:18:42.326, 3107421504726, vstest.console.dll, Version: 17.9.0-release-24072-02 Current process architecture: X64
TpTrace Verbose: 0 : 3740, 1, 2024/04/24, 10:18:42.330, 3107421540677, vstest.console.dll, Runtime location: C:\Program Files\dotnet\shared\Microsoft.NETCore.App\8.0.3
TpTrace Verbose: 0 : 3740, 1, 2024/04/24, 10:18:42.332, 3107421561581, vstest.console.dll, ArtifactProcessingPostProcessModeProcessorExecutor.Initialize: ArtifactProcessingMode.Collect
TpTrace Verbose: 0 : 3740, 1, 2024/04/24, 10:18:42.332, 3107421562778, vstest.console.dll, TestSessionCorrelationIdProcessorModeProcessorExecutor.Initialize: TestSessionCorrelationId '12128_8d0a69f2-c8ef-40bc-a15a-a9114f14aa90'
TpTrace Information: 0 : 3740, 1, 2024/04/24, 10:18:42.340, 3107421641527, vstest.console.dll, FilePatternParser: The given file C:\Users\VC\Documents\Projects\Day10(Unit-Testing)\HospitalManagerSln\HospitalManagerBLTesting\bin\Debug\net6.0\fine-code-coverage\build-output\HospitalManagerBLTesting.dll is a full path.
TpTrace Verbose: 0 : 3740, 1, 2024/04/24, 10:18:42.344, 3107421685376, vstest.console.dll, TestPluginCache.DiscoverTestExtensions: finding test extensions in assemblies ends with: RuntimeProvider.dll TPluginInfo: Microsoft.VisualStudio.TestPlatform.Common.ExtensionFramework.Utilities.TestRuntimePluginInformation TExtension: Microsoft.VisualStudio.TestPlatform.ObjectModel.Host.ITestRuntimeProvider
TpTrace Verbose: 0 : 3740, 1, 2024/04/24, 10:18:42.344, 3107421688414, vstest.console.dll, TestPluginCache.GetExtensionPaths: Filtered extension paths: 
TpTrace Verbose: 0 : 3740, 1, 2024/04/24, 10:18:42.344, 3107421689044, vstest.console.dll, TestPluginCache.GetExtensionPaths: Added default extension paths: C:\Program Files\dotnet\sdk\8.0.202\Extensions\Microsoft.Diagnostics.NETCore.Client.dll
C:\Program Files\dotnet\sdk\8.0.202\Extensions\Microsoft.TestPlatform.Extensions.BlameDataCollector.dll
C:\Program Files\dotnet\sdk\8.0.202\Extensions\Microsoft.TestPlatform.Extensions.EventLogCollector.dll
C:\Program Files\dotnet\sdk\8.0.202\Extensions\Microsoft.TestPlatform.TestHostRuntimeProvider.dll
C:\Program Files\dotnet\sdk\8.0.202\Extensions\Microsoft.VisualStudio.TestPlatform.Extensions.Html.TestLogger.dll
C:\Program Files\dotnet\sdk\8.0.202\Extensions\Microsoft.VisualStudio.TestPlatform.Extensions.Trx.TestLogger.dll
TpTrace Verbose: 0 : 3740, 1, 2024/04/24, 10:18:42.345, 3107421689347, vstest.console.dll, TestPluginCache.GetExtensionPaths: Added unfilterableExtensionPaths: 
TpTrace Information: 0 : 3740, 1, 2024/04/24, 10:18:42.345, 3107421693299, vstest.console.dll, AssemblyResolver.ctor: Creating AssemblyResolver with searchDirectories C:\Program Files\dotnet\sdk\8.0.202\Extensions,C:\Program Files\dotnet\sdk\8.0.202
TpTrace Verbose: 0 : 3740, 1, 2024/04/24, 10:18:42.346, 3107421704388, vstest.console.dll, TestPluginCache.DiscoverTestExtensions: Discovering the extensions using extension path.
TpTrace Verbose: 0 : 3740, 1, 2024/04/24, 10:18:42.346, 3107421705700, vstest.console.dll, TestPluginCache.GetExtensionPaths: Filtered extension paths: 
TpTrace Verbose: 0 : 3740, 1, 2024/04/24, 10:18:42.346, 3107421706051, vstest.console.dll, TestPluginCache.GetExtensionPaths: Added default extension paths: C:\Program Files\dotnet\sdk\8.0.202\Extensions\Microsoft.Diagnostics.NETCore.Client.dll
C:\Program Files\dotnet\sdk\8.0.202\Extensions\Microsoft.TestPlatform.Extensions.BlameDataCollector.dll
C:\Program Files\dotnet\sdk\8.0.202\Extensions\Microsoft.TestPlatform.Extensions.EventLogCollector.dll
C:\Program Files\dotnet\sdk\8.0.202\Extensions\Microsoft.TestPlatform.TestHostRuntimeProvider.dll
C:\Program Files\dotnet\sdk\8.0.202\Extensions\Microsoft.VisualStudio.TestPlatform.Extensions.Html.TestLogger.dll
C:\Program Files\dotnet\sdk\8.0.202\Extensions\Microsoft.VisualStudio.TestPlatform.Extensions.Trx.TestLogger.dll
TpTrace Verbose: 0 : 3740, 1, 2024/04/24, 10:18:42.346, 3107421706358, vstest.console.dll, TestPluginCache.GetExtensionPaths: Added unfilterableExtensionPaths: 
TpTrace Verbose: 0 : 3740, 1, 2024/04/24, 10:18:42.346, 3107421706819, vstest.console.dll, TestPluginCache.DiscoverTestExtensions: Discovering the extensions using allExtensionPaths: C:\Program Files\dotnet\sdk\8.0.202\Extensions\Microsoft.Diagnostics.NETCore.Client.dll
C:\Program Files\dotnet\sdk\8.0.202\Extensions\Microsoft.TestPlatform.Extensions.BlameDataCollector.dll
C:\Program Files\dotnet\sdk\8.0.202\Extensions\Microsoft.TestPlatform.Extensions.EventLogCollector.dll
C:\Program Files\dotnet\sdk\8.0.202\Extensions\Microsoft.TestPlatform.TestHostRuntimeProvider.dll
C:\Program Files\dotnet\sdk\8.0.202\Extensions\Microsoft.VisualStudio.TestPlatform.Extensions.Html.TestLogger.dll
C:\Program Files\dotnet\sdk\8.0.202\Extensions\Microsoft.VisualStudio.TestPlatform.Extensions.Trx.TestLogger.dll
TpTrace Information: 0 : 3740, 1, 2024/04/24, 10:18:42.346, 3107421708472, vstest.console.dll, AssemblyResolver.AddSearchDirectories: Adding more searchDirectories C:\Program Files\dotnet\sdk\8.0.202\Extensions,C:\Program Files\dotnet\sdk\8.0.202
TpTrace Information: 0 : 3740, 1, 2024/04/24, 10:18:42.346, 3107421709004, vstest.console.dll, AssemblyResolver.AddSearchDirectories: Adding more searchDirectories C:\Program Files\dotnet\sdk\8.0.202\Extensions,C:\Program Files\dotnet\sdk\8.0.202
TpTrace Information: 0 : 3740, 1, 2024/04/24, 10:18:42.347, 3107421709245, vstest.console.dll, AssemblyResolver.AddSearchDirectories: Adding more searchDirectories C:\Program Files\dotnet\sdk\8.0.202\Extensions,C:\Program Files\dotnet\sdk\8.0.202
TpTrace Information: 0 : 3740, 1, 2024/04/24, 10:18:42.347, 3107421709528, vstest.console.dll, AssemblyResolver.AddSearchDirectories: Adding more searchDirectories C:\Program Files\dotnet\sdk\8.0.202\Extensions,C:\Program Files\dotnet\sdk\8.0.202
TpTrace Information: 0 : 3740, 1, 2024/04/24, 10:18:42.347, 3107421709746, vstest.console.dll, AssemblyResolver.AddSearchDirectories: Adding more searchDirectories C:\Program Files\dotnet\sdk\8.0.202\Extensions,C:\Program Files\dotnet\sdk\8.0.202
TpTrace Information: 0 : 3740, 1, 2024/04/24, 10:18:42.347, 3107421709959, vstest.console.dll, AssemblyResolver.AddSearchDirectories: Adding more searchDirectories C:\Program Files\dotnet\sdk\8.0.202\Extensions,C:\Program Files\dotnet\sdk\8.0.202
TpTrace Information: 0 : 3740, 1, 2024/04/24, 10:18:42.347, 3107421714355, vstest.console.dll, AssemblyResolver.OnResolve: Microsoft.Diagnostics.NETCore.Client: Resolving assembly.
TpTrace Information: 0 : 3740, 1, 2024/04/24, 10:18:42.347, 3107421715087, vstest.console.dll, AssemblyResolver.OnResolve: Microsoft.Diagnostics.NETCore.Client: Searching in: 'C:\Program Files\dotnet\sdk\8.0.202\Extensions'.
TpTrace Information: 0 : 3740, 1, 2024/04/24, 10:18:42.353, 3107421769852, vstest.console.dll, AssemblyResolver.OnResolve: Microsoft.Diagnostics.NETCore.Client: Loading assembly 'C:\Program Files\dotnet\sdk\8.0.202\Extensions\Microsoft.Diagnostics.NETCore.Client.dll'.
TpTrace Information: 0 : 3740, 1, 2024/04/24, 10:18:42.353, 3107421775472, vstest.console.dll, AssemblyResolver.OnResolve: Resolved assembly: Microsoft.Diagnostics.NETCore.Client, from path: C:\Program Files\dotnet\sdk\8.0.202\Extensions\Microsoft.Diagnostics.NETCore.Client.dll
TpTrace Verbose: 0 : 3740, 1, 2024/04/24, 10:18:42.357, 3107421809646, vstest.console.dll, MetadataReaderExtensionsHelper: Discovering extensions inside assembly 'Microsoft.Diagnostics.NETCore.Client, Version=0.2.9.2401, Culture=neutral, PublicKeyToken=31bf3856ad364e35' file path 'C:\Program Files\dotnet\sdk\8.0.202\Extensions\Microsoft.Diagnostics.NETCore.Client.dll'
TpTrace Information: 0 : 3740, 1, 2024/04/24, 10:18:42.360, 3107421844853, vstest.console.dll, AssemblyResolver.OnResolve: Microsoft.Bcl.AsyncInterfaces: Resolving assembly.
TpTrace Information: 0 : 3740, 1, 2024/04/24, 10:18:42.360, 3107421845813, vstest.console.dll, AssemblyResolver.OnResolve: Microsoft.Bcl.AsyncInterfaces: Searching in: 'C:\Program Files\dotnet\sdk\8.0.202\Extensions'.
TpTrace Information: 0 : 3740, 1, 2024/04/24, 10:18:42.360, 3107421846525, vstest.console.dll, AssemblyResolver.OnResolve: Microsoft.Bcl.AsyncInterfaces: Assembly path does not exist: 'C:\Program Files\dotnet\sdk\8.0.202\Extensions\Microsoft.Bcl.AsyncInterfaces.dll', returning.
TpTrace Information: 0 : 3740, 1, 2024/04/24, 10:18:42.360, 3107421847309, vstest.console.dll, AssemblyResolver.OnResolve: Microsoft.Bcl.AsyncInterfaces: Assembly path does not exist: 'C:\Program Files\dotnet\sdk\8.0.202\Extensions\Microsoft.Bcl.AsyncInterfaces.exe', returning.
TpTrace Information: 0 : 3740, 1, 2024/04/24, 10:18:42.360, 3107421847584, vstest.console.dll, AssemblyResolver.OnResolve: Microsoft.Bcl.AsyncInterfaces: Searching in: 'C:\Program Files\dotnet\sdk\8.0.202'.
TpTrace Information: 0 : 3740, 1, 2024/04/24, 10:18:42.360, 3107421848014, vstest.console.dll, AssemblyResolver.OnResolve: Microsoft.Bcl.AsyncInterfaces: Assembly path does not exist: 'C:\Program Files\dotnet\sdk\8.0.202\Microsoft.Bcl.AsyncInterfaces.dll', returning.
TpTrace Information: 0 : 3740, 1, 2024/04/24, 10:18:42.360, 3107421848478, vstest.console.dll, AssemblyResolver.OnResolve: Microsoft.Bcl.AsyncInterfaces: Assembly path does not exist: 'C:\Program Files\dotnet\sdk\8.0.202\Microsoft.Bcl.AsyncInterfaces.exe', returning.
TpTrace Information: 0 : 3740, 1, 2024/04/24, 10:18:42.360, 3107421848702, vstest.console.dll, AssemblyResolver.OnResolve: Microsoft.Bcl.AsyncInterfaces: Failed to load assembly.
TpTrace Verbose: 0 : 3740, 1, 2024/04/24, 10:18:42.360, 3107421848988, vstest.console.dll, CurrentDomainAssemblyResolve: Resolving assembly 'Microsoft.Bcl.AsyncInterfaces'.
TpTrace Information: 0 : 3740, 1, 2024/04/24, 10:18:42.361, 3107421849411, vstest.console.dll, AssemblyResolver.OnResolve: Microsoft.Bcl.AsyncInterfaces: Resolving assembly.
TpTrace Information: 0 : 3740, 1, 2024/04/24, 10:18:42.361, 3107421849700, vstest.console.dll, AssemblyResolver.OnResolve: Microsoft.Bcl.AsyncInterfaces: Resolved from cache.
TpTrace Verbose: 0 : 3740, 1, 2024/04/24, 10:18:42.361, 3107421849912, vstest.console.dll, CurrentDomainAssemblyResolve: Resolving assembly 'Microsoft.Bcl.AsyncInterfaces'.
TpTrace Verbose: 0 : 3740, 1, 2024/04/24, 10:18:42.361, 3107421850229, vstest.console.dll, CurrentDomainAssemblyResolve: Failed to resolve assembly 'Microsoft.Bcl.AsyncInterfaces'.
TpTrace Verbose: 0 : 3740, 1, 2024/04/24, 10:18:42.361, 3107421856222, vstest.console.dll, CurrentDomainAssemblyResolve: Failed to resolve assembly 'Microsoft.Bcl.AsyncInterfaces'.
TpTrace Warning: 0 : 3740, 1, 2024/04/24, 10:18:42.371, 3107421950143, vstest.console.dll, TestPluginDiscoverer: Failed to get types from assembly 'Microsoft.Diagnostics.NETCore.Client, Version=0.2.9.2401, Culture=neutral, PublicKeyToken=31bf3856ad364e35'. Error: System.Reflection.ReflectionTypeLoadException: Unable to load one or more of the requested types.
Could not load file or assembly 'Microsoft.Bcl.AsyncInterfaces, Version=6.0.0.0, Culture=neutral, PublicKeyToken=cc7b13ffcd2ddd51'. The system cannot find the file specified.
   at System.Reflection.RuntimeModule.GetTypes(RuntimeModule module)
   at System.Reflection.RuntimeModule.GetTypes()
   at Microsoft.VisualStudio.TestPlatform.Common.ExtensionFramework.TestPluginDiscoverer.GetTestExtensionsFromAssembly[TPluginInfo,TExtension](Assembly assembly, Dictionary`2 pluginInfos, String filePath) in /_/src/Microsoft.TestPlatform.Common/ExtensionFramework/TestPluginDiscoverer.cs:line 158
System.IO.FileNotFoundException: Could not load file or assembly 'Microsoft.Bcl.AsyncInterfaces, Version=6.0.0.0, Culture=neutral, PublicKeyToken=cc7b13ffcd2ddd51'. The system cannot find the file specified.
File name: 'Microsoft.Bcl.AsyncInterfaces, Version=6.0.0.0, Culture=neutral, PublicKeyToken=cc7b13ffcd2ddd51'
 ---> System.IO.FileNotFoundException: Could not load file or assembly 'Microsoft.Bcl.AsyncInterfaces, Culture=neutral, PublicKeyToken=null'. The system cannot find the file specified.
File name: 'Microsoft.Bcl.AsyncInterfaces, Culture=neutral, PublicKeyToken=null'
   at System.Reflection.RuntimeAssembly.InternalLoad(AssemblyName assemblyName, StackCrawlMark& stackMark, AssemblyLoadContext assemblyLoadContext, RuntimeAssembly requestingAssembly, Boolean throwOnFileNotFound)
   at System.Reflection.Assembly.Load(AssemblyName assemblyRef)
   at Microsoft.VisualStudio.TestPlatform.Common.ExtensionFramework.TestPluginCache.CurrentDomainAssemblyResolve(Object sender, AssemblyResolveEventArgs args) in /_/src/Microsoft.TestPlatform.Common/ExtensionFramework/TestPluginCache.cs:line 513
   at System.Runtime.Loader.AssemblyLoadContext.GetFirstResolvedAssemblyFromResolvingEvent(AssemblyName assemblyName)
   at System.Runtime.Loader.AssemblyLoadContext.ResolveUsingEvent(AssemblyName assemblyName)
   at System.Runtime.Loader.AssemblyLoadContext.ResolveUsingResolvingEvent(IntPtr gchManagedAssemblyLoadContext, AssemblyName assemblyName)
TpTrace Warning: 0 : 3740, 1, 2024/04/24, 10:18:42.371, 3107421953406, vstest.console.dll, LoaderExceptions: System.IO.FileNotFoundException: Could not load file or assembly 'Microsoft.Bcl.AsyncInterfaces, Version=6.0.0.0, Culture=neutral, PublicKeyToken=cc7b13ffcd2ddd51'. The system cannot find the file specified.
File name: 'Microsoft.Bcl.AsyncInterfaces, Version=6.0.0.0, Culture=neutral, PublicKeyToken=cc7b13ffcd2ddd51'
 ---> System.IO.FileNotFoundException: Could not load file or assembly 'Microsoft.Bcl.AsyncInterfaces, Culture=neutral, PublicKeyToken=null'. The system cannot find the file specified.
File name: 'Microsoft.Bcl.AsyncInterfaces, Culture=neutral, PublicKeyToken=null'
   at System.Reflection.RuntimeAssembly.InternalLoad(AssemblyName assemblyName, StackCrawlMark& stackMark, AssemblyLoadContext assemblyLoadContext, RuntimeAssembly requestingAssembly, Boolean throwOnFileNotFound)
   at System.Reflection.Assembly.Load(AssemblyName assemblyRef)
   at Microsoft.VisualStudio.TestPlatform.Common.ExtensionFramework.TestPluginCache.CurrentDomainAssemblyResolve(Object sender, AssemblyResolveEventArgs args) in /_/src/Microsoft.TestPlatform.Common/ExtensionFramework/TestPluginCache.cs:line 513
   at System.Runtime.Loader.AssemblyLoadContext.GetFirstResolvedAssemblyFromResolvingEvent(AssemblyName assemblyName)
   at System.Runtime.Loader.AssemblyLoadContext.ResolveUsingEvent(AssemblyName assemblyName)
   at System.Runtime.Loader.AssemblyLoadContext.ResolveUsingResolvingEvent(IntPtr gchManagedAssemblyLoadContext, AssemblyName assemblyName)
TpTrace Information: 0 : 3740, 1, 2024/04/24, 10:18:42.371, 3107421955042, vstest.console.dll, AssemblyResolver.OnResolve: Microsoft.TestPlatform.Extensions.BlameDataCollector: Resolving assembly.
TpTrace Information: 0 : 3740, 1, 2024/04/24, 10:18:42.371, 3107421955594, vstest.console.dll, AssemblyResolver.OnResolve: Microsoft.TestPlatform.Extensions.BlameDataCollector: Searching in: 'C:\Program Files\dotnet\sdk\8.0.202\Extensions'.
TpTrace Information: 0 : 3740, 1, 2024/04/24, 10:18:42.372, 3107421959986, vstest.console.dll, AssemblyResolver.OnResolve: Microsoft.TestPlatform.Extensions.BlameDataCollector: Loading assembly 'C:\Program Files\dotnet\sdk\8.0.202\Extensions\Microsoft.TestPlatform.Extensions.BlameDataCollector.dll'.
TpTrace Information: 0 : 3740, 1, 2024/04/24, 10:18:42.372, 3107421965189, vstest.console.dll, AssemblyResolver.OnResolve: Resolved assembly: Microsoft.TestPlatform.Extensions.BlameDataCollector, from path: C:\Program Files\dotnet\sdk\8.0.202\Extensions\Microsoft.TestPlatform.Extensions.BlameDataCollector.dll
TpTrace Verbose: 0 : 3740, 1, 2024/04/24, 10:18:42.372, 3107421965871, vstest.console.dll, MetadataReaderExtensionsHelper: Discovering extensions inside assembly 'Microsoft.TestPlatform.Extensions.BlameDataCollector, Version=15.0.0.0, Culture=neutral, PublicKeyToken=b03f5f7f11d50a3a' file path 'C:\Program Files\dotnet\sdk\8.0.202\Extensions\Microsoft.TestPlatform.Extensions.BlameDataCollector.dll'
TpTrace Information: 0 : 3740, 1, 2024/04/24, 10:18:42.373, 3107421976831, vstest.console.dll, AssemblyResolver.OnResolve: Microsoft.TestPlatform.Extensions.EventLogCollector: Resolving assembly.
TpTrace Information: 0 : 3740, 1, 2024/04/24, 10:18:42.373, 3107421977291, vstest.console.dll, AssemblyResolver.OnResolve: Microsoft.TestPlatform.Extensions.EventLogCollector: Searching in: 'C:\Program Files\dotnet\sdk\8.0.202\Extensions'.
TpTrace Information: 0 : 3740, 1, 2024/04/24, 10:18:42.374, 3107421979540, vstest.console.dll, AssemblyResolver.OnResolve: Microsoft.TestPlatform.Extensions.EventLogCollector: Loading assembly 'C:\Program Files\dotnet\sdk\8.0.202\Extensions\Microsoft.TestPlatform.Extensions.EventLogCollector.dll'.
TpTrace Information: 0 : 3740, 1, 2024/04/24, 10:18:42.374, 3107421983345, vstest.console.dll, AssemblyResolver.OnResolve: Resolved assembly: Microsoft.TestPlatform.Extensions.EventLogCollector, from path: C:\Program Files\dotnet\sdk\8.0.202\Extensions\Microsoft.TestPlatform.Extensions.EventLogCollector.dll
TpTrace Verbose: 0 : 3740, 1, 2024/04/24, 10:18:42.374, 3107421983865, vstest.console.dll, MetadataReaderExtensionsHelper: Discovering extensions inside assembly 'Microsoft.TestPlatform.Extensions.EventLogCollector, Version=15.0.0.0, Culture=neutral, PublicKeyToken=b03f5f7f11d50a3a' file path 'C:\Program Files\dotnet\sdk\8.0.202\Extensions\Microsoft.TestPlatform.Extensions.EventLogCollector.dll'
TpTrace Information: 0 : 3740, 1, 2024/04/24, 10:18:42.376, 3107422006363, vstest.console.dll, AssemblyResolver.OnResolve: Microsoft.TestPlatform.TestHostRuntimeProvider: Resolving assembly.
TpTrace Information: 0 : 3740, 1, 2024/04/24, 10:18:42.376, 3107422007349, vstest.console.dll, AssemblyResolver.OnResolve: Microsoft.TestPlatform.TestHostRuntimeProvider: Searching in: 'C:\Program Files\dotnet\sdk\8.0.202\Extensions'.
TpTrace Information: 0 : 3740, 1, 2024/04/24, 10:18:42.377, 3107422010917, vstest.console.dll, AssemblyResolver.OnResolve: Microsoft.TestPlatform.TestHostRuntimeProvider: Loading assembly 'C:\Program Files\dotnet\sdk\8.0.202\Extensions\Microsoft.TestPlatform.TestHostRuntimeProvider.dll'.
TpTrace Information: 0 : 3740, 1, 2024/04/24, 10:18:42.377, 3107422016317, vstest.console.dll, AssemblyResolver.OnResolve: Resolved assembly: Microsoft.TestPlatform.TestHostRuntimeProvider, from path: C:\Program Files\dotnet\sdk\8.0.202\Extensions\Microsoft.TestPlatform.TestHostRuntimeProvider.dll
TpTrace Verbose: 0 : 3740, 1, 2024/04/24, 10:18:42.377, 3107422017172, vstest.console.dll, MetadataReaderExtensionsHelper: Discovering extensions inside assembly 'Microsoft.TestPlatform.TestHostRuntimeProvider, Version=15.0.0.0, Culture=neutral, PublicKeyToken=b03f5f7f11d50a3a' file path 'C:\Program Files\dotnet\sdk\8.0.202\Extensions\Microsoft.TestPlatform.TestHostRuntimeProvider.dll'
TpTrace Information: 0 : 3740, 1, 2024/04/24, 10:18:42.379, 3107422029557, vstest.console.dll, GetTestExtensionFromType: Register extension with identifier data 'HostProvider://DefaultTestHost' and type 'Microsoft.VisualStudio.TestPlatform.CrossPlatEngine.Hosting.DefaultTestHostManager, Microsoft.TestPlatform.TestHostRuntimeProvider, Version=15.0.0.0, Culture=neutral, PublicKeyToken=b03f5f7f11d50a3a' inside file 'C:\Program Files\dotnet\sdk\8.0.202\Extensions\Microsoft.TestPlatform.TestHostRuntimeProvider.dll'
TpTrace Information: 0 : 3740, 1, 2024/04/24, 10:18:42.379, 3107422031865, vstest.console.dll, GetTestExtensionFromType: Register extension with identifier data 'HostProvider://DotnetTestHost' and type 'Microsoft.VisualStudio.TestPlatform.CrossPlatEngine.Hosting.DotnetTestHostManager, Microsoft.TestPlatform.TestHostRuntimeProvider, Version=15.0.0.0, Culture=neutral, PublicKeyToken=b03f5f7f11d50a3a' inside file 'C:\Program Files\dotnet\sdk\8.0.202\Extensions\Microsoft.TestPlatform.TestHostRuntimeProvider.dll'
TpTrace Information: 0 : 3740, 1, 2024/04/24, 10:18:42.379, 3107422032765, vstest.console.dll, AssemblyResolver.OnResolve: Microsoft.VisualStudio.TestPlatform.Extensions.Html.TestLogger: Resolving assembly.
TpTrace Information: 0 : 3740, 1, 2024/04/24, 10:18:42.379, 3107422033163, vstest.console.dll, AssemblyResolver.OnResolve: Microsoft.VisualStudio.TestPlatform.Extensions.Html.TestLogger: Searching in: 'C:\Program Files\dotnet\sdk\8.0.202\Extensions'.
TpTrace Information: 0 : 3740, 1, 2024/04/24, 10:18:42.379, 3107422035901, vstest.console.dll, AssemblyResolver.OnResolve: Microsoft.VisualStudio.TestPlatform.Extensions.Html.TestLogger: Loading assembly 'C:\Program Files\dotnet\sdk\8.0.202\Extensions\Microsoft.VisualStudio.TestPlatform.Extensions.Html.TestLogger.dll'.
TpTrace Information: 0 : 3740, 1, 2024/04/24, 10:18:42.380, 3107422041191, vstest.console.dll, AssemblyResolver.OnResolve: Resolved assembly: Microsoft.VisualStudio.TestPlatform.Extensions.Html.TestLogger, from path: C:\Program Files\dotnet\sdk\8.0.202\Extensions\Microsoft.VisualStudio.TestPlatform.Extensions.Html.TestLogger.dll
TpTrace Verbose: 0 : 3740, 1, 2024/04/24, 10:18:42.380, 3107422041789, vstest.console.dll, MetadataReaderExtensionsHelper: Discovering extensions inside assembly 'Microsoft.VisualStudio.TestPlatform.Extensions.Html.TestLogger, Version=15.0.0.0, Culture=neutral, PublicKeyToken=b03f5f7f11d50a3a' file path 'C:\Program Files\dotnet\sdk\8.0.202\Extensions\Microsoft.VisualStudio.TestPlatform.Extensions.Html.TestLogger.dll'
TpTrace Information: 0 : 3740, 1, 2024/04/24, 10:18:42.381, 3107422050148, vstest.console.dll, AssemblyResolver.OnResolve: Microsoft.VisualStudio.TestPlatform.Extensions.Trx.TestLogger: Resolving assembly.
TpTrace Information: 0 : 3740, 1, 2024/04/24, 10:18:42.381, 3107422050704, vstest.console.dll, AssemblyResolver.OnResolve: Microsoft.VisualStudio.TestPlatform.Extensions.Trx.TestLogger: Searching in: 'C:\Program Files\dotnet\sdk\8.0.202\Extensions'.
TpTrace Information: 0 : 3740, 1, 2024/04/24, 10:18:42.381, 3107422052790, vstest.console.dll, AssemblyResolver.OnResolve: Microsoft.VisualStudio.TestPlatform.Extensions.Trx.TestLogger: Loading assembly 'C:\Program Files\dotnet\sdk\8.0.202\Extensions\Microsoft.VisualStudio.TestPlatform.Extensions.Trx.TestLogger.dll'.
TpTrace Information: 0 : 3740, 1, 2024/04/24, 10:18:42.381, 3107422057808, vstest.console.dll, AssemblyResolver.OnResolve: Resolved assembly: Microsoft.VisualStudio.TestPlatform.Extensions.Trx.TestLogger, from path: C:\Program Files\dotnet\sdk\8.0.202\Extensions\Microsoft.VisualStudio.TestPlatform.Extensions.Trx.TestLogger.dll
TpTrace Verbose: 0 : 3740, 1, 2024/04/24, 10:18:42.381, 3107422058355, vstest.console.dll, MetadataReaderExtensionsHelper: Discovering extensions inside assembly 'Microsoft.VisualStudio.TestPlatform.Extensions.Trx.TestLogger, Version=15.0.0.0, Culture=neutral, PublicKeyToken=b03f5f7f11d50a3a' file path 'C:\Program Files\dotnet\sdk\8.0.202\Extensions\Microsoft.VisualStudio.TestPlatform.Extensions.Trx.TestLogger.dll'
TpTrace Verbose: 0 : 3740, 1, 2024/04/24, 10:18:42.382, 3107422066157, vstest.console.dll, TestPluginCache: Discovered the extensions using extension path ''.
TpTrace Verbose: 0 : 3740, 1, 2024/04/24, 10:18:42.382, 3107422066870, vstest.console.dll, TestPluginCache: Discoverers are ''.
TpTrace Verbose: 0 : 3740, 1, 2024/04/24, 10:18:42.382, 3107422067087, vstest.console.dll, TestPluginCache: Executors are ''.
TpTrace Verbose: 0 : 3740, 1, 2024/04/24, 10:18:42.382, 3107422067284, vstest.console.dll, TestPluginCache: Executors2 are ''.
TpTrace Verbose: 0 : 3740, 1, 2024/04/24, 10:18:42.382, 3107422067508, vstest.console.dll, TestPluginCache: Setting providers are ''.
TpTrace Verbose: 0 : 3740, 1, 2024/04/24, 10:18:42.382, 3107422067701, vstest.console.dll, TestPluginCache: Loggers are ''.
TpTrace Verbose: 0 : 3740, 1, 2024/04/24, 10:18:42.382, 3107422069015, vstest.console.dll, TestPluginCache: TestHosts are 'HostProvider://DefaultTestHost,HostProvider://DotnetTestHost'.
TpTrace Verbose: 0 : 3740, 1, 2024/04/24, 10:18:42.383, 3107422069297, vstest.console.dll, TestPluginCache: DataCollectors are ''.
TpTrace Information: 0 : 3740, 1, 2024/04/24, 10:18:42.394, 3107422183396, vstest.console.dll, RunTestsArgumentProcessor:Execute: Test run is starting.
TpTrace Verbose: 0 : 3740, 1, 2024/04/24, 10:18:42.394, 3107422184688, vstest.console.dll, RunTestsArgumentProcessor:Execute: Queuing Test run.
TpTrace Information: 0 : 3740, 1, 2024/04/24, 10:18:42.394, 3107422187864, vstest.console.dll, TestRequestManager.RunTests: run tests started.
TpTrace Information: 0 : 3740, 1, 2024/04/24, 10:18:42.396, 3107422205243, vstest.console.dll, AssemblyMetadataProvider.GetFrameworkName: Determined framework:'.NETCoreApp,Version=v6.0' for source: 'C:\Users\VC\Documents\Projects\Day10(Unit-Testing)\HospitalManagerSln\HospitalManagerBLTesting\bin\Debug\net6.0\fine-code-coverage\build-output\HospitalManagerBLTesting.dll'
TpTrace Information: 0 : 3740, 1, 2024/04/24, 10:18:42.396, 3107422207443, vstest.console.dll, Determined framework for all sources: .NETCoreApp,Version=v6.0
TpTrace Verbose: 0 : 3740, 1, 2024/04/24, 10:18:42.397, 3107422212489, vstest.console.dll, TestRequestManager.UpdateRunSettingsIfRequired: Default architecture: X64 IsDefaultTargetArchitecture: True, Current process architecture: X64 OperatingSystem: Windows.
TpTrace Information: 0 : 3740, 1, 2024/04/24, 10:18:42.398, 3107422229040, vstest.console.dll, AssemblyMetadataProvider.GetArchitecture: Determined architecture:AnyCPU info for assembly: C:\Users\VC\Documents\Projects\Day10(Unit-Testing)\HospitalManagerSln\HospitalManagerBLTesting\bin\Debug\net6.0\fine-code-coverage\build-output\HospitalManagerBLTesting.dll
TpTrace Information: 0 : 3740, 1, 2024/04/24, 10:18:42.399, 3107422229656, vstest.console.dll, Determined platform for source 'C:\Users\VC\Documents\Projects\Day10(Unit-Testing)\HospitalManagerSln\HospitalManagerBLTesting\bin\Debug\net6.0\fine-code-coverage\build-output\HospitalManagerBLTesting.dll' was AnyCPU and it will use the default plaform X64.
TpTrace Information: 0 : 3740, 1, 2024/04/24, 10:18:42.399, 3107422229893, vstest.console.dll, None of the sources provided any runnable platform, using the default platform: X64
TpTrace Information: 0 : 3740, 1, 2024/04/24, 10:18:42.399, 3107422230732, vstest.console.dll, Platform was updated to 'X64'.
TpTrace Information: 0 : 3740, 1, 2024/04/24, 10:18:42.401, 3107422255960, vstest.console.dll, InferRunSettingsHelper.IsTestSettingsEnabled: Unable to navigate to RunSettings/MSTest. Current node: RunSettings
TpTrace Information: 0 : 3740, 1, 2024/04/24, 10:18:42.402, 3107422261120, vstest.console.dll, AssemblyResolver.OnResolve: Microsoft.VisualStudio.TestPlatform.Fakes: Resolving assembly.
TpTrace Information: 0 : 3740, 1, 2024/04/24, 10:18:42.402, 3107422261657, vstest.console.dll, AssemblyResolver.OnResolve: Microsoft.VisualStudio.TestPlatform.Fakes: Searching in: 'C:\Program Files\dotnet\sdk\8.0.202\Extensions'.
TpTrace Information: 0 : 3740, 1, 2024/04/24, 10:18:42.402, 3107422263008, vstest.console.dll, AssemblyResolver.OnResolve: Microsoft.VisualStudio.TestPlatform.Fakes: Assembly path does not exist: 'C:\Program Files\dotnet\sdk\8.0.202\Extensions\Microsoft.VisualStudio.TestPlatform.Fakes.dll', returning.
TpTrace Information: 0 : 3740, 1, 2024/04/24, 10:18:42.402, 3107422263743, vstest.console.dll, AssemblyResolver.OnResolve: Microsoft.VisualStudio.TestPlatform.Fakes: Assembly path does not exist: 'C:\Program Files\dotnet\sdk\8.0.202\Extensions\Microsoft.VisualStudio.TestPlatform.Fakes.exe', returning.
TpTrace Information: 0 : 3740, 1, 2024/04/24, 10:18:42.402, 3107422264007, vstest.console.dll, AssemblyResolver.OnResolve: Microsoft.VisualStudio.TestPlatform.Fakes: Searching in: 'C:\Program Files\dotnet\sdk\8.0.202'.
TpTrace Information: 0 : 3740, 1, 2024/04/24, 10:18:42.402, 3107422264648, vstest.console.dll, AssemblyResolver.OnResolve: Microsoft.VisualStudio.TestPlatform.Fakes: Assembly path does not exist: 'C:\Program Files\dotnet\sdk\8.0.202\Microsoft.VisualStudio.TestPlatform.Fakes.dll', returning.
TpTrace Information: 0 : 3740, 1, 2024/04/24, 10:18:42.402, 3107422265080, vstest.console.dll, AssemblyResolver.OnResolve: Microsoft.VisualStudio.TestPlatform.Fakes: Assembly path does not exist: 'C:\Program Files\dotnet\sdk\8.0.202\Microsoft.VisualStudio.TestPlatform.Fakes.exe', returning.
TpTrace Information: 0 : 3740, 1, 2024/04/24, 10:18:42.402, 3107422265426, vstest.console.dll, AssemblyResolver.OnResolve: Microsoft.VisualStudio.TestPlatform.Fakes: Failed to load assembly.
TpTrace Information: 0 : 3740, 1, 2024/04/24, 10:18:42.402, 3107422268131, vstest.console.dll, Failed to load assembly Microsoft.VisualStudio.TestPlatform.Fakes, Version=17.0.0.0, Culture=neutral. Reason:System.IO.FileNotFoundException: Could not load file or assembly 'Microsoft.VisualStudio.TestPlatform.Fakes, Version=17.0.0.0, Culture=neutral, PublicKeyToken=null'. The system cannot find the file specified.
File name: 'Microsoft.VisualStudio.TestPlatform.Fakes, Version=17.0.0.0, Culture=neutral, PublicKeyToken=null'
   at System.Reflection.RuntimeAssembly.InternalLoad(AssemblyName assemblyName, StackCrawlMark& stackMark, AssemblyLoadContext assemblyLoadContext, RuntimeAssembly requestingAssembly, Boolean throwOnFileNotFound)
   at System.Reflection.Assembly.Load(AssemblyName assemblyRef)
   at Microsoft.VisualStudio.TestPlatform.Common.Utilities.FakesUtilities.LoadTestPlatformAssembly() in /_/src/Microsoft.TestPlatform.Common/Utilities/FakesUtilities.cs:line 272
TpTrace Verbose: 0 : 3740, 1, 2024/04/24, 10:18:42.406, 3107422307850, vstest.console.dll, TestPluginCache.DiscoverTestExtensions: finding test extensions in assemblies ends with: TestLogger.dll TPluginInfo: Microsoft.VisualStudio.TestPlatform.Common.ExtensionFramework.Utilities.TestLoggerPluginInformation TExtension: Microsoft.VisualStudio.TestPlatform.ObjectModel.Client.ITestLogger
TpTrace Verbose: 0 : 3740, 1, 2024/04/24, 10:18:42.407, 3107422309265, vstest.console.dll, TestPluginCache.GetExtensionPaths: Filtered extension paths: 
TpTrace Verbose: 0 : 3740, 1, 2024/04/24, 10:18:42.407, 3107422309567, vstest.console.dll, TestPluginCache.GetExtensionPaths: Added default extension paths: C:\Program Files\dotnet\sdk\8.0.202\Extensions\Microsoft.Diagnostics.NETCore.Client.dll
C:\Program Files\dotnet\sdk\8.0.202\Extensions\Microsoft.TestPlatform.Extensions.BlameDataCollector.dll
C:\Program Files\dotnet\sdk\8.0.202\Extensions\Microsoft.TestPlatform.Extensions.EventLogCollector.dll
C:\Program Files\dotnet\sdk\8.0.202\Extensions\Microsoft.TestPlatform.TestHostRuntimeProvider.dll
C:\Program Files\dotnet\sdk\8.0.202\Extensions\Microsoft.VisualStudio.TestPlatform.Extensions.Html.TestLogger.dll
C:\Program Files\dotnet\sdk\8.0.202\Extensions\Microsoft.VisualStudio.TestPlatform.Extensions.Trx.TestLogger.dll
TpTrace Verbose: 0 : 3740, 1, 2024/04/24, 10:18:42.407, 3107422309826, vstest.console.dll, TestPluginCache.GetExtensionPaths: Added unfilterableExtensionPaths: 
TpTrace Information: 0 : 3740, 1, 2024/04/24, 10:18:42.407, 3107422311079, vstest.console.dll, AssemblyResolver.AddSearchDirectories: Adding more searchDirectories C:\Program Files\dotnet\sdk\8.0.202\Extensions,C:\Program Files\dotnet\sdk\8.0.202
TpTrace Verbose: 0 : 3740, 1, 2024/04/24, 10:18:42.407, 3107422311483, vstest.console.dll, TestPluginCache.DiscoverTestExtensions: Discovering the extensions using extension path.
TpTrace Verbose: 0 : 3740, 1, 2024/04/24, 10:18:42.407, 3107422311774, vstest.console.dll, TestPluginCache.GetExtensionPaths: Filtered extension paths: 
TpTrace Verbose: 0 : 3740, 1, 2024/04/24, 10:18:42.407, 3107422312059, vstest.console.dll, TestPluginCache.GetExtensionPaths: Added default extension paths: C:\Program Files\dotnet\sdk\8.0.202\Extensions\Microsoft.Diagnostics.NETCore.Client.dll
C:\Program Files\dotnet\sdk\8.0.202\Extensions\Microsoft.TestPlatform.Extensions.BlameDataCollector.dll
C:\Program Files\dotnet\sdk\8.0.202\Extensions\Microsoft.TestPlatform.Extensions.EventLogCollector.dll
C:\Program Files\dotnet\sdk\8.0.202\Extensions\Microsoft.TestPlatform.TestHostRuntimeProvider.dll
C:\Program Files\dotnet\sdk\8.0.202\Extensions\Microsoft.VisualStudio.TestPlatform.Extensions.Html.TestLogger.dll
C:\Program Files\dotnet\sdk\8.0.202\Extensions\Microsoft.VisualStudio.TestPlatform.Extensions.Trx.TestLogger.dll
TpTrace Verbose: 0 : 3740, 1, 2024/04/24, 10:18:42.407, 3107422312308, vstest.console.dll, TestPluginCache.GetExtensionPaths: Added unfilterableExtensionPaths: 
TpTrace Verbose: 0 : 3740, 1, 2024/04/24, 10:18:42.407, 3107422312594, vstest.console.dll, TestPluginCache.DiscoverTestExtensions: Discovering the extensions using allExtensionPaths: C:\Program Files\dotnet\sdk\8.0.202\Extensions\Microsoft.Diagnostics.NETCore.Client.dll
C:\Program Files\dotnet\sdk\8.0.202\Extensions\Microsoft.TestPlatform.Extensions.BlameDataCollector.dll
C:\Program Files\dotnet\sdk\8.0.202\Extensions\Microsoft.TestPlatform.Extensions.EventLogCollector.dll
C:\Program Files\dotnet\sdk\8.0.202\Extensions\Microsoft.TestPlatform.TestHostRuntimeProvider.dll
C:\Program Files\dotnet\sdk\8.0.202\Extensions\Microsoft.VisualStudio.TestPlatform.Extensions.Html.TestLogger.dll
C:\Program Files\dotnet\sdk\8.0.202\Extensions\Microsoft.VisualStudio.TestPlatform.Extensions.Trx.TestLogger.dll
TpTrace Information: 0 : 3740, 1, 2024/04/24, 10:18:42.407, 3107422313004, vstest.console.dll, AssemblyResolver.AddSearchDirectories: Adding more searchDirectories C:\Program Files\dotnet\sdk\8.0.202\Extensions,C:\Program Files\dotnet\sdk\8.0.202
TpTrace Information: 0 : 3740, 1, 2024/04/24, 10:18:42.407, 3107422313325, vstest.console.dll, AssemblyResolver.AddSearchDirectories: Adding more searchDirectories C:\Program Files\dotnet\sdk\8.0.202\Extensions,C:\Program Files\dotnet\sdk\8.0.202
TpTrace Information: 0 : 3740, 1, 2024/04/24, 10:18:42.407, 3107422313570, vstest.console.dll, AssemblyResolver.AddSearchDirectories: Adding more searchDirectories C:\Program Files\dotnet\sdk\8.0.202\Extensions,C:\Program Files\dotnet\sdk\8.0.202
TpTrace Information: 0 : 3740, 1, 2024/04/24, 10:18:42.407, 3107422313811, vstest.console.dll, AssemblyResolver.AddSearchDirectories: Adding more searchDirectories C:\Program Files\dotnet\sdk\8.0.202\Extensions,C:\Program Files\dotnet\sdk\8.0.202
TpTrace Information: 0 : 3740, 1, 2024/04/24, 10:18:42.407, 3107422314050, vstest.console.dll, AssemblyResolver.AddSearchDirectories: Adding more searchDirectories C:\Program Files\dotnet\sdk\8.0.202\Extensions,C:\Program Files\dotnet\sdk\8.0.202
TpTrace Information: 0 : 3740, 1, 2024/04/24, 10:18:42.407, 3107422314315, vstest.console.dll, AssemblyResolver.AddSearchDirectories: Adding more searchDirectories C:\Program Files\dotnet\sdk\8.0.202\Extensions,C:\Program Files\dotnet\sdk\8.0.202
TpTrace Verbose: 0 : 3740, 1, 2024/04/24, 10:18:42.407, 3107422315396, vstest.console.dll, MetadataReaderExtensionsHelper: Discovering extensions inside assembly 'Microsoft.Diagnostics.NETCore.Client, Version=0.2.9.2401, Culture=neutral, PublicKeyToken=31bf3856ad364e35' file path 'C:\Program Files\dotnet\sdk\8.0.202\Extensions\Microsoft.Diagnostics.NETCore.Client.dll'
TpTrace Information: 0 : 3740, 1, 2024/04/24, 10:18:42.408, 3107422324621, vstest.console.dll, AssemblyResolver.OnResolve: Microsoft.Bcl.AsyncInterfaces: Resolving assembly.
TpTrace Information: 0 : 3740, 1, 2024/04/24, 10:18:42.408, 3107422325535, vstest.console.dll, AssemblyResolver.OnResolve: Microsoft.Bcl.AsyncInterfaces: Resolved from cache.
TpTrace Verbose: 0 : 3740, 1, 2024/04/24, 10:18:42.408, 3107422325808, vstest.console.dll, CurrentDomainAssemblyResolve: Resolving assembly 'Microsoft.Bcl.AsyncInterfaces'.
TpTrace Information: 0 : 3740, 1, 2024/04/24, 10:18:42.408, 3107422326257, vstest.console.dll, AssemblyResolver.OnResolve: Microsoft.Bcl.AsyncInterfaces: Resolving assembly.
TpTrace Information: 0 : 3740, 1, 2024/04/24, 10:18:42.408, 3107422326611, vstest.console.dll, AssemblyResolver.OnResolve: Microsoft.Bcl.AsyncInterfaces: Resolved from cache.
TpTrace Verbose: 0 : 3740, 1, 2024/04/24, 10:18:42.408, 3107422326853, vstest.console.dll, CurrentDomainAssemblyResolve: Resolving assembly 'Microsoft.Bcl.AsyncInterfaces'.
TpTrace Verbose: 0 : 3740, 1, 2024/04/24, 10:18:42.408, 3107422327098, vstest.console.dll, CurrentDomainAssemblyResolve: Failed to resolve assembly 'Microsoft.Bcl.AsyncInterfaces'.
TpTrace Verbose: 0 : 3740, 1, 2024/04/24, 10:18:42.408, 3107422328649, vstest.console.dll, CurrentDomainAssemblyResolve: Failed to resolve assembly 'Microsoft.Bcl.AsyncInterfaces'.
TpTrace Warning: 0 : 3740, 1, 2024/04/24, 10:18:42.409, 3107422331713, vstest.console.dll, TestPluginDiscoverer: Failed to get types from assembly 'Microsoft.Diagnostics.NETCore.Client, Version=0.2.9.2401, Culture=neutral, PublicKeyToken=31bf3856ad364e35'. Error: System.Reflection.ReflectionTypeLoadException: Unable to load one or more of the requested types.
Could not load file or assembly 'Microsoft.Bcl.AsyncInterfaces, Version=6.0.0.0, Culture=neutral, PublicKeyToken=cc7b13ffcd2ddd51'. The system cannot find the file specified.
   at System.Reflection.RuntimeModule.GetTypes(RuntimeModule module)
   at System.Reflection.RuntimeModule.GetTypes()
   at Microsoft.VisualStudio.TestPlatform.Common.ExtensionFramework.TestPluginDiscoverer.GetTestExtensionsFromAssembly[TPluginInfo,TExtension](Assembly assembly, Dictionary`2 pluginInfos, String filePath) in /_/src/Microsoft.TestPlatform.Common/ExtensionFramework/TestPluginDiscoverer.cs:line 158
System.IO.FileNotFoundException: Could not load file or assembly 'Microsoft.Bcl.AsyncInterfaces, Version=6.0.0.0, Culture=neutral, PublicKeyToken=cc7b13ffcd2ddd51'. The system cannot find the file specified.
File name: 'Microsoft.Bcl.AsyncInterfaces, Version=6.0.0.0, Culture=neutral, PublicKeyToken=cc7b13ffcd2ddd51'
 ---> System.IO.FileNotFoundException: Could not load file or assembly 'Microsoft.Bcl.AsyncInterfaces, Culture=neutral, PublicKeyToken=null'. The system cannot find the file specified.
File name: 'Microsoft.Bcl.AsyncInterfaces, Culture=neutral, PublicKeyToken=null'
   at System.Reflection.RuntimeAssembly.InternalLoad(AssemblyName assemblyName, StackCrawlMark& stackMark, AssemblyLoadContext assemblyLoadContext, RuntimeAssembly requestingAssembly, Boolean throwOnFileNotFound)
   at System.Reflection.Assembly.Load(AssemblyName assemblyRef)
   at Microsoft.VisualStudio.TestPlatform.Common.ExtensionFramework.TestPluginCache.CurrentDomainAssemblyResolve(Object sender, AssemblyResolveEventArgs args) in /_/src/Microsoft.TestPlatform.Common/ExtensionFramework/TestPluginCache.cs:line 513
   at System.Runtime.Loader.AssemblyLoadContext.GetFirstResolvedAssemblyFromResolvingEvent(AssemblyName assemblyName)
   at System.Runtime.Loader.AssemblyLoadContext.ResolveUsingEvent(AssemblyName assemblyName)
   at System.Runtime.Loader.AssemblyLoadContext.ResolveUsingResolvingEvent(IntPtr gchManagedAssemblyLoadContext, AssemblyName assemblyName)
TpTrace Warning: 0 : 3740, 1, 2024/04/24, 10:18:42.409, 3107422333123, vstest.console.dll, LoaderExceptions: System.IO.FileNotFoundException: Could not load file or assembly 'Microsoft.Bcl.AsyncInterfaces, Version=6.0.0.0, Culture=neutral, PublicKeyToken=cc7b13ffcd2ddd51'. The system cannot find the file specified.
File name: 'Microsoft.Bcl.AsyncInterfaces, Version=6.0.0.0, Culture=neutral, PublicKeyToken=cc7b13ffcd2ddd51'
 ---> System.IO.FileNotFoundException: Could not load file or assembly 'Microsoft.Bcl.AsyncInterfaces, Culture=neutral, PublicKeyToken=null'. The system cannot find the file specified.
File name: 'Microsoft.Bcl.AsyncInterfaces, Culture=neutral, PublicKeyToken=null'
   at System.Reflection.RuntimeAssembly.InternalLoad(AssemblyName assemblyName, StackCrawlMark& stackMark, AssemblyLoadContext assemblyLoadContext, RuntimeAssembly requestingAssembly, Boolean throwOnFileNotFound)
   at System.Reflection.Assembly.Load(AssemblyName assemblyRef)
   at Microsoft.VisualStudio.TestPlatform.Common.ExtensionFramework.TestPluginCache.CurrentDomainAssemblyResolve(Object sender, AssemblyResolveEventArgs args) in /_/src/Microsoft.TestPlatform.Common/ExtensionFramework/TestPluginCache.cs:line 513
   at System.Runtime.Loader.AssemblyLoadContext.GetFirstResolvedAssemblyFromResolvingEvent(AssemblyName assemblyName)
   at System.Runtime.Loader.AssemblyLoadContext.ResolveUsingEvent(AssemblyName assemblyName)
   at System.Runtime.Loader.AssemblyLoadContext.ResolveUsingResolvingEvent(IntPtr gchManagedAssemblyLoadContext, AssemblyName assemblyName)
TpTrace Verbose: 0 : 3740, 1, 2024/04/24, 10:18:42.409, 3107422333920, vstest.console.dll, MetadataReaderExtensionsHelper: Discovering extensions inside assembly 'Microsoft.TestPlatform.Extensions.BlameDataCollector, Version=15.0.0.0, Culture=neutral, PublicKeyToken=b03f5f7f11d50a3a' file path 'C:\Program Files\dotnet\sdk\8.0.202\Extensions\Microsoft.TestPlatform.Extensions.BlameDataCollector.dll'
TpTrace Information: 0 : 3740, 1, 2024/04/24, 10:18:42.409, 3107422338423, vstest.console.dll, GetTestExtensionFromType: Register extension with identifier data 'logger://Microsoft/TestPlatform/Extensions/Blame/v1' and type 'Microsoft.TestPlatform.Extensions.BlameDataCollector.BlameLogger, Microsoft.TestPlatform.Extensions.BlameDataCollector, Version=15.0.0.0, Culture=neutral, PublicKeyToken=b03f5f7f11d50a3a' inside file 'C:\Program Files\dotnet\sdk\8.0.202\Extensions\Microsoft.TestPlatform.Extensions.BlameDataCollector.dll'
TpTrace Verbose: 0 : 3740, 1, 2024/04/24, 10:18:42.409, 3107422339056, vstest.console.dll, MetadataReaderExtensionsHelper: Discovering extensions inside assembly 'Microsoft.TestPlatform.Extensions.EventLogCollector, Version=15.0.0.0, Culture=neutral, PublicKeyToken=b03f5f7f11d50a3a' file path 'C:\Program Files\dotnet\sdk\8.0.202\Extensions\Microsoft.TestPlatform.Extensions.EventLogCollector.dll'
TpTrace Verbose: 0 : 3740, 1, 2024/04/24, 10:18:42.410, 3107422341766, vstest.console.dll, MetadataReaderExtensionsHelper: Discovering extensions inside assembly 'Microsoft.TestPlatform.TestHostRuntimeProvider, Version=15.0.0.0, Culture=neutral, PublicKeyToken=b03f5f7f11d50a3a' file path 'C:\Program Files\dotnet\sdk\8.0.202\Extensions\Microsoft.TestPlatform.TestHostRuntimeProvider.dll'
TpTrace Verbose: 0 : 3740, 1, 2024/04/24, 10:18:42.410, 3107422344367, vstest.console.dll, MetadataReaderExtensionsHelper: Discovering extensions inside assembly 'Microsoft.VisualStudio.TestPlatform.Extensions.Html.TestLogger, Version=15.0.0.0, Culture=neutral, PublicKeyToken=b03f5f7f11d50a3a' file path 'C:\Program Files\dotnet\sdk\8.0.202\Extensions\Microsoft.VisualStudio.TestPlatform.Extensions.Html.TestLogger.dll'
TpTrace Information: 0 : 3740, 1, 2024/04/24, 10:18:42.410, 3107422348866, vstest.console.dll, GetTestExtensionFromType: Register extension with identifier data 'logger://Microsoft/TestPlatform/HtmlLogger/v1' and type 'Microsoft.VisualStudio.TestPlatform.Extensions.HtmlLogger.HtmlLogger, Microsoft.VisualStudio.TestPlatform.Extensions.Html.TestLogger, Version=15.0.0.0, Culture=neutral, PublicKeyToken=b03f5f7f11d50a3a' inside file 'C:\Program Files\dotnet\sdk\8.0.202\Extensions\Microsoft.VisualStudio.TestPlatform.Extensions.Html.TestLogger.dll'
TpTrace Verbose: 0 : 3740, 1, 2024/04/24, 10:18:42.411, 3107422349434, vstest.console.dll, MetadataReaderExtensionsHelper: Discovering extensions inside assembly 'Microsoft.VisualStudio.TestPlatform.Extensions.Trx.TestLogger, Version=15.0.0.0, Culture=neutral, PublicKeyToken=b03f5f7f11d50a3a' file path 'C:\Program Files\dotnet\sdk\8.0.202\Extensions\Microsoft.VisualStudio.TestPlatform.Extensions.Trx.TestLogger.dll'
TpTrace Information: 0 : 3740, 1, 2024/04/24, 10:18:42.411, 3107422352309, vstest.console.dll, GetTestExtensionFromType: Register extension with identifier data 'logger://Microsoft/TestPlatform/TrxLogger/v1' and type 'Microsoft.VisualStudio.TestPlatform.Extensions.TrxLogger.TrxLogger, Microsoft.VisualStudio.TestPlatform.Extensions.Trx.TestLogger, Version=15.0.0.0, Culture=neutral, PublicKeyToken=b03f5f7f11d50a3a' inside file 'C:\Program Files\dotnet\sdk\8.0.202\Extensions\Microsoft.VisualStudio.TestPlatform.Extensions.Trx.TestLogger.dll'
TpTrace Verbose: 0 : 3740, 1, 2024/04/24, 10:18:42.411, 3107422353127, vstest.console.dll, TestPluginCache: Discovered the extensions using extension path ''.
TpTrace Verbose: 0 : 3740, 1, 2024/04/24, 10:18:42.411, 3107422353440, vstest.console.dll, TestPluginCache: Discoverers are ''.
TpTrace Verbose: 0 : 3740, 1, 2024/04/24, 10:18:42.411, 3107422353662, vstest.console.dll, TestPluginCache: Executors are ''.
TpTrace Verbose: 0 : 3740, 1, 2024/04/24, 10:18:42.411, 3107422353911, vstest.console.dll, TestPluginCache: Executors2 are ''.
TpTrace Verbose: 0 : 3740, 1, 2024/04/24, 10:18:42.411, 3107422354128, vstest.console.dll, TestPluginCache: Setting providers are ''.
TpTrace Verbose: 0 : 3740, 1, 2024/04/24, 10:18:42.411, 3107422354848, vstest.console.dll, TestPluginCache: Loggers are 'logger://Microsoft/TestPlatform/Extensions/Blame/v1,logger://Microsoft/TestPlatform/HtmlLogger/v1,logger://Microsoft/TestPlatform/TrxLogger/v1'.
TpTrace Verbose: 0 : 3740, 1, 2024/04/24, 10:18:42.411, 3107422355232, vstest.console.dll, TestPluginCache: TestHosts are 'HostProvider://DefaultTestHost,HostProvider://DotnetTestHost'.
TpTrace Verbose: 0 : 3740, 1, 2024/04/24, 10:18:42.411, 3107422355527, vstest.console.dll, TestPluginCache: DataCollectors are ''.
TpTrace Information: 0 : 3740, 1, 2024/04/24, 10:18:42.412, 3107422362970, vstest.console.dll, TestPluginManager.CreateTestExtension: Attempting to load test extension: Microsoft.TestPlatform.Extensions.BlameDataCollector.BlameLogger
TpTrace Verbose: 0 : 3740, 1, 2024/04/24, 10:18:42.419, 3107422433866, vstest.console.dll, TestEngine: Initializing Parallel Execution as MaxCpuCount is set to: 1
TpTrace Information: 0 : 3740, 1, 2024/04/24, 10:18:42.421, 3107422449797, vstest.console.dll, TestPluginManager.CreateTestExtension: Attempting to load test extension: Microsoft.VisualStudio.TestPlatform.CrossPlatEngine.Hosting.DefaultTestHostManager
TpTrace Information: 0 : 3740, 1, 2024/04/24, 10:18:42.422, 3107422461620, vstest.console.dll, TestPluginManager.CreateTestExtension: Attempting to load test extension: Microsoft.VisualStudio.TestPlatform.CrossPlatEngine.Hosting.DotnetTestHostManager
TpTrace Information: 0 : 3740, 1, 2024/04/24, 10:18:42.422, 3107422466323, vstest.console.dll, InferRunSettingsHelper.IsTestSettingsEnabled: Unable to navigate to RunSettings/MSTest. Current node: RunSettings
TpTrace Verbose: 0 : 3740, 1, 2024/04/24, 10:18:42.423, 3107422474411, vstest.console.dll, ParallelOperationManager.ClearSlots: Clearing all slots. Slots should accept more work: True
TpTrace Verbose: 0 : 3740, 1, 2024/04/24, 10:18:42.423, 3107422479071, vstest.console.dll, ParallelOperationManager.SetOccupiedSlotCount: Setting slot counts AvailableSlotCount = 1, OccupiedSlotCount = 0.
TpTrace Verbose: 0 : 3740, 1, 2024/04/24, 10:18:42.424, 3107422481268, vstest.console.dll, Occupied slots:

TpTrace Verbose: 0 : 3740, 1, 2024/04/24, 10:18:42.426, 3107422507117, vstest.console.dll, TestEngine.GetExecutionManager: Chosen execution manager 'Microsoft.VisualStudio.TestPlatform.CrossPlatEngine.Client.Parallel.ParallelProxyExecutionManager, Microsoft.TestPlatform.CrossPlatEngine, Version=15.0.0.0, Culture=neutral, PublicKeyToken=b03f5f7f11d50a3a' ParallelLevel '1'.
TpTrace Verbose: 0 : 3740, 1, 2024/04/24, 10:18:42.427, 3107422509387, vstest.console.dll, TestRunRequest.ExecuteAsync: Creating test run request.
TpTrace Verbose: 0 : 3740, 1, 2024/04/24, 10:18:42.427, 3107422511846, vstest.console.dll, TestRunRequest.ExecuteAsync: Starting.
TpTrace Information: 0 : 3740, 1, 2024/04/24, 10:18:42.428, 3107422522146, vstest.console.dll, TestRunRequest.ExecuteAsync: Starting run with settings:TestRunCriteria:
   KeepAlive=False,FrequencyOfRunStatsChangeEvent=10,RunStatsChangeEventTimeout=00:00:01.5000000,TestCaseFilter=,TestExecutorLauncher=
   Settingsxml=<RunSettings>
  <RunConfiguration>
    <ResultsDirectory>C:\Users\VC\Documents\Projects\Day10(Unit-Testing)\HospitalManagerSln\HospitalManagerBLTesting\bin\Debug\net6.0\fine-code-coverage\coverage-tool-output</ResultsDirectory>
    <TargetPlatform>X64</TargetPlatform>
    <TargetFrameworkVersion>.NETCoreApp,Version=v6.0</TargetFrameworkVersion>
    <DesignMode>False</DesignMode>
    <CollectSourceInformation>False</CollectSourceInformation>
  </RunConfiguration>
  <LoggerRunSettings>
    <Loggers>
      <Logger friendlyName="blame" enabled="True" />
      <Logger friendlyName="Console" uri="logger://microsoft/TestPlatform/ConsoleLogger/v1" assemblyQualifiedName="Microsoft.VisualStudio.TestPlatform.CommandLine.Internal.ConsoleLogger, vstest.console, Version=15.0.0.0, Culture=neutral, PublicKeyToken=b03f5f7f11d50a3a" codeBase="C:\Program Files\dotnet\sdk\8.0.202\vstest.console.dll" enabled="True" />
    </Loggers>
  </LoggerRunSettings>
  <DataCollectionRunSettings>
    <DataCollectors>
      <DataCollector friendlyName="blame" enabled="True">
        <Configuration>
          <ResultsDirectory>C:\Users\VC\Documents\Projects\Day10(Unit-Testing)\HospitalManagerSln\HospitalManagerBLTesting\bin\Debug\net6.0\fine-code-coverage\coverage-tool-output</ResultsDirectory>
        </Configuration>
      </DataCollector>
    </DataCollectors>
  </DataCollectionRunSettings>
</RunSettings>

TpTrace Verbose: 0 : 3740, 1, 2024/04/24, 10:18:42.428, 3107422522786, vstest.console.dll, TestRunRequest.ExecuteAsync: Wait for the first run request is over.
TpTrace Verbose: 0 : 3740, 1, 2024/04/24, 10:18:42.428, 3107422525754, vstest.console.dll, MulticastDelegateUtilities.SafeInvoke: TestRun.TestRunStart: Invoking callbacks was skipped because there are no subscribers.
TpTrace Verbose: 0 : 3740, 4, 2024/04/24, 10:18:42.428, 3107422528066, vstest.console.dll, MulticastDelegateUtilities.SafeInvoke: InternalTestLoggerEvents.SendTestRunStart: Invoking callback 1/1 for Microsoft.VisualStudio.TestPlatform.CommandLine.Internal.ConsoleLogger., took 0 ms.
TpTrace Verbose: 0 : 3740, 1, 2024/04/24, 10:18:42.429, 3107422533578, vstest.console.dll, ParallelProxyExecutionManager: Start execution. Total sources: 1
TpTrace Verbose: 0 : 3740, 1, 2024/04/24, 10:18:42.429, 3107422536053, vstest.console.dll, ParallelOperationManager.StartWork: Starting adding 1 workloads.
TpTrace Verbose: 0 : 3740, 1, 2024/04/24, 10:18:42.429, 3107422536560, vstest.console.dll, ParallelOperationManager.ClearSlots: Clearing all slots. Slots should accept more work: True
TpTrace Verbose: 0 : 3740, 1, 2024/04/24, 10:18:42.429, 3107422537062, vstest.console.dll, ParallelOperationManager.SetOccupiedSlotCount: Setting slot counts AvailableSlotCount = 1, OccupiedSlotCount = 0.
TpTrace Verbose: 0 : 3740, 1, 2024/04/24, 10:18:42.429, 3107422537346, vstest.console.dll, Occupied slots:

TpTrace Verbose: 0 : 3740, 1, 2024/04/24, 10:18:42.430, 3107422548401, vstest.console.dll, TestRequestSender is acting as server.
TpTrace Verbose: 0 : 3740, 1, 2024/04/24, 10:18:42.432, 3107422562726, vstest.console.dll, ParallelOperationManager.RunWorkInParallel: Adding 1 workload to slot, remaining workloads 0.
TpTrace Verbose: 0 : 3740, 1, 2024/04/24, 10:18:42.432, 3107422563556, vstest.console.dll, ParallelOperationManager.SetOccupiedSlotCount: Setting slot counts AvailableSlotCount = 0, OccupiedSlotCount = 1.
TpTrace Verbose: 0 : 3740, 1, 2024/04/24, 10:18:42.432, 3107422564539, vstest.console.dll, Occupied slots:
0: C:\Users\VC\Documents\Projects\Day10(Unit-Testing)\HospitalManagerSln\HospitalManagerBLTesting\bin\Debug\net6.0\fine-code-coverage\build-output\HospitalManagerBLTesting.dll
TpTrace Verbose: 0 : 3740, 1, 2024/04/24, 10:18:42.433, 3107422573255, vstest.console.dll, ParallelOperationManager.RunWorkInParallel: Started host in slot number 0 for work (source): C:\Users\VC\Documents\Projects\Day10(Unit-Testing)\HospitalManagerSln\HospitalManagerBLTesting\bin\Debug\net6.0\fine-code-coverage\build-output\HospitalManagerBLTesting.dll.
TpTrace Verbose: 0 : 3740, 1, 2024/04/24, 10:18:42.434, 3107422582783, vstest.console.dll, ParallelOperationManager.RunWorkInParallel: We started 1 work items, which is the max parallel level. Won't start more work.
TpTrace Verbose: 0 : 3740, 1, 2024/04/24, 10:18:42.434, 3107422583378, vstest.console.dll, ParallelOperationManager.RunWorkInParallel: We started 1 work items in here, returning True.
TpTrace Information: 0 : 3740, 1, 2024/04/24, 10:18:42.434, 3107422583727, vstest.console.dll, TestRunRequest.ExecuteAsync: Started.
TpTrace Verbose: 0 : 3740, 5, 2024/04/24, 10:18:42.434, 3107422583871, vstest.console.dll, ParallelProxyExecutionManager.StartTestRunOnConcurrentManager: Initializing uninitialized client. Started clients: 0
TpTrace Verbose: 0 : 3740, 5, 2024/04/24, 10:18:42.434, 3107422585096, vstest.console.dll, DataCollectionRequestSender.InitializeCommunication : Initialize communication. 
TpTrace Verbose: 0 : 3740, 1, 2024/04/24, 10:18:42.434, 3107422588017, vstest.console.dll, TestRunRequest.WaitForCompletion: Waiting with timeout -1.
TpTrace Information: 0 : 3740, 5, 2024/04/24, 10:18:42.442, 3107422667030, vstest.console.dll, Listening on Endpoint : 127.0.0.1:61604
TpTrace Verbose: 0 : 3740, 5, 2024/04/24, 10:18:42.449, 3107422731832, vstest.console.dll, DotnetDataCollectionLauncher: Adding  --runtimeconfig "C:\Program Files\dotnet\sdk\8.0.202\datacollector.runtimeconfig.json" in args
TpTrace Verbose: 0 : 3740, 5, 2024/04/24, 10:18:42.449, 3107422733050, vstest.console.dll, DotnetDataCollectionLauncher: Adding  --depsfile "C:\Program Files\dotnet\sdk\8.0.202\datacollector.deps.json" in args
TpTrace Verbose: 0 : 3740, 5, 2024/04/24, 10:18:42.449, 3107422738739, vstest.console.dll, DotnetDataCollectionLauncher: Full path of dotnet.exe is C:\Program Files\dotnet\dotnet.exe
TpTrace Information: 0 : 3740, 5, 2024/04/24, 10:18:42.456, 3107422808164, vstest.console.dll, ProxyDataCollectionManager.Initialize: Launched datacollector processId: 30728 port: 61604
TpTrace Information: 0 : 3740, 5, 2024/04/24, 10:18:42.457, 3107422810057, vstest.console.dll, ProxyDataCollectionManager.Initialize: waiting for connection with timeout: 90 seconds
TpTrace Verbose: 0 : 3740, 5, 2024/04/24, 10:18:42.457, 3107422810693, vstest.console.dll, DataCollectionRequestSender.WaitForRequestHandlerConnection : Waiting for connection with timeout: 90000
TpTrace Information: 0 : 3740, 7, 2024/04/24, 10:18:42.628, 3107424526071, vstest.console.dll, Using the buffer size of 16384 bytes
TpTrace Information: 0 : 3740, 7, 2024/04/24, 10:18:42.628, 3107424527154, vstest.console.dll, Accepted Client request and set the flag
TpTrace Verbose: 0 : 3740, 5, 2024/04/24, 10:18:42.628, 3107424527117, vstest.console.dll, SocketCommunicationManager.WaitForClientConnection took: 171 ms, with 90000 ms timeout, and finished with True.
TpTrace Verbose: 0 : 3740, 5, 2024/04/24, 10:18:42.628, 3107424529029, vstest.console.dll, ProxyDataCollectionManager.InvokeDataCollectionServiceAction: Starting.
TpTrace Information: 0 : 3740, 5, 2024/04/24, 10:18:42.629, 3107424529771, vstest.console.dll, ProxyDataCollectionManager.BeforeTestRunStart: Get environment variable and port for datacollector processId: 30728 port: 61604
TpTrace Verbose: 0 : 3740, 5, 2024/04/24, 10:18:42.629, 3107424531029, vstest.console.dll, DataCollectionRequestSender.SendBeforeTestRunStartAndGetResult: Send BeforeTestRunStart message with settingsXml <RunSettings><RunConfiguration><ResultsDirectory>C:\Users\VC\Documents\Projects\Day10(Unit-Testing)\HospitalManagerSln\HospitalManagerBLTesting\bin\Debug\net6.0\fine-code-coverage\coverage-tool-output</ResultsDirectory><TargetPlatform>X64</TargetPlatform><TargetFrameworkVersion>.NETCoreApp,Version=v6.0</TargetFrameworkVersion><DesignMode>False</DesignMode><CollectSourceInformation>False</CollectSourceInformation><TestAdaptersPaths>C:\Program Files\dotnet\sdk\8.0.202\Extensions</TestAdaptersPaths></RunConfiguration><LoggerRunSettings><Loggers><Logger friendlyName="blame" enabled="True" /><Logger friendlyName="Console" uri="logger://microsoft/TestPlatform/ConsoleLogger/v1" assemblyQualifiedName="Microsoft.VisualStudio.TestPlatform.CommandLine.Internal.ConsoleLogger, vstest.console, Version=15.0.0.0, Culture=neutral, PublicKeyToken=b03f5f7f11d50a3a" codeBase="C:\Program Files\dotnet\sdk\8.0.202\vstest.console.dll" enabled="True" /></Loggers></LoggerRunSettings><DataCollectionRunSettings><DataCollectors><DataCollector friendlyName="blame" enabled="True"><Configuration><ResultsDirectory>C:\Users\VC\Documents\Projects\Day10(Unit-Testing)\HospitalManagerSln\HospitalManagerBLTesting\bin\Debug\net6.0\fine-code-coverage\coverage-tool-output</ResultsDirectory></Configuration></DataCollector></DataCollectors></DataCollectionRunSettings></RunSettings> and sources System.Collections.Generic.List`1[System.String]: 
TpTrace Verbose: 0 : 3740, 5, 2024/04/24, 10:18:42.680, 3107425041766, vstest.console.dll, DataCollectionRequestSender.SendBeforeTestRunStartAndGetResult: Received message: (DataCollection.SendMessage) -> {"MessageType":"DataCollection.SendMessage","Payload":{"FriendlyName":null,"Uri":null,"TestCaseId":"00000000-0000-0000-0000-000000000000","Message":"Logging DataCollector Diagnostics in file: C:\\Users\\VC\\Documents\\Projects\\Day10(Unit-Testing)\\HospitalManagerSln\\HospitalManagerBLTesting\\bin\\Debug\\net6.0\\fine-code-coverage\\coverage-tool-output\\diagnostics.datacollector.24-04-24_10-18-42_44904_5.log","Level":0}}
TpTrace Verbose: 0 : 3740, 5, 2024/04/24, 10:18:42.759, 3107425831701, vstest.console.dll, DataCollectionRequestSender.SendBeforeTestRunStartAndGetResult: Received message: (DataCollection.BeforeTestRunStartResult) -> {"MessageType":"DataCollection.BeforeTestRunStartResult","Payload":{"EnvironmentVariables":{},"DataCollectionEventsPort":61606}}
TpTrace Information: 0 : 3740, 5, 2024/04/24, 10:18:42.763, 3107425871813, vstest.console.dll, ProxyDataCollectionManager.BeforeTestRunStart: SendBeforeTestRunStartAndGetResult successful, env variable from datacollector:   and testhost port: 61606
TpTrace Information: 0 : 3740, 5, 2024/04/24, 10:18:42.763, 3107425873243, vstest.console.dll, ProxyDataCollectionManager.InvokeDataCollectionServiceAction: Completed.
TpTrace Verbose: 0 : 3740, 5, 2024/04/24, 10:18:42.763, 3107425873607, vstest.console.dll, ParallelProxyExecutionManager.StartTestRunOnConcurrentManager: Initializing test run. Started clients: 0
TpTrace Verbose: 0 : 3740, 5, 2024/04/24, 10:18:42.763, 3107425874343, vstest.console.dll, ProxyExecutionManager: Test host is always Lazy initialize.
TpTrace Verbose: 0 : 3740, 5, 2024/04/24, 10:18:42.763, 3107425876034, vstest.console.dll, TestRequestSender.InitializeCommunication: initialize communication. 
TpTrace Information: 0 : 3740, 5, 2024/04/24, 10:18:42.764, 3107425880315, vstest.console.dll, SocketServer.Start: Listening on endpoint : 127.0.0.1:61607
TpTrace Verbose: 0 : 3740, 5, 2024/04/24, 10:18:42.764, 3107425887668, vstest.console.dll, DotnetTestHostmanager.GetTestHostProcessStartInfo: Platform environment 'X64' target architecture 'X64' framework '.NETCoreApp,Version=v6.0' OS 'Windows'
TpTrace Verbose: 0 : 3740, 5, 2024/04/24, 10:18:42.765, 3107425889456, vstest.console.dll, DotnetTestHostmanager: Adding  --runtimeconfig "C:\Users\VC\Documents\Projects\Day10(Unit-Testing)\HospitalManagerSln\HospitalManagerBLTesting\bin\Debug\net6.0\fine-code-coverage\build-output\HospitalManagerBLTesting.runtimeconfig.json" in args
TpTrace Verbose: 0 : 3740, 5, 2024/04/24, 10:18:42.765, 3107425890476, vstest.console.dll, DotnetTestHostmanager: Adding  --depsfile "C:\Users\VC\Documents\Projects\Day10(Unit-Testing)\HospitalManagerSln\HospitalManagerBLTesting\bin\Debug\net6.0\fine-code-coverage\build-output\HospitalManagerBLTesting.deps.json" in args
TpTrace Verbose: 0 : 3740, 5, 2024/04/24, 10:18:42.765, 3107425892802, vstest.console.dll, DotnetTestHostmanager.IsWinOnArm: Current PROCESSOR_ARCHITECTURE from environment variable 'AMD64'
TpTrace Verbose: 0 : 3740, 5, 2024/04/24, 10:18:42.765, 3107425893309, vstest.console.dll, DotnetTestHostmanager.IsWinOnArm: Is Windows on ARM 'False'
TpTrace Verbose: 0 : 3740, 5, 2024/04/24, 10:18:42.765, 3107425894077, vstest.console.dll, DotnetTestHostManager: testhost.exe found at path: C:\Users\VC\Documents\Projects\Day10(Unit-Testing)\HospitalManagerSln\HospitalManagerBLTesting\bin\Debug\net6.0\fine-code-coverage\build-output\testhost.exe
TpTrace Verbose: 0 : 3740, 5, 2024/04/24, 10:18:42.765, 3107425894460, vstest.console.dll, DotnetTestHostmanager: Full path of host exe is C:\Users\VC\Documents\Projects\Day10(Unit-Testing)\HospitalManagerSln\HospitalManagerBLTesting\bin\Debug\net6.0\fine-code-coverage\build-output\testhost.exe
TpTrace Verbose: 0 : 3740, 5, 2024/04/24, 10:18:42.765, 3107425895405, vstest.console.dll, DotnetTestHostmanager.LaunchTestHostAsync: Found 'VSTEST_WINAPPHOST_DOTNET_ROOT' in env variables, value 'C:\Program Files\dotnet', forwarding to 'DOTNET_ROOT'
TpTrace Verbose: 0 : 3740, 5, 2024/04/24, 10:18:42.765, 3107425896461, vstest.console.dll, DotnetTestHostManager: Starting process 'C:\Users\VC\Documents\Projects\Day10(Unit-Testing)\HospitalManagerSln\HospitalManagerBLTesting\bin\Debug\net6.0\fine-code-coverage\build-output\testhost.exe' with command line ' --runtimeconfig "C:\Users\VC\Documents\Projects\Day10(Unit-Testing)\HospitalManagerSln\HospitalManagerBLTesting\bin\Debug\net6.0\fine-code-coverage\build-output\HospitalManagerBLTesting.runtimeconfig.json" --depsfile "C:\Users\VC\Documents\Projects\Day10(Unit-Testing)\HospitalManagerSln\HospitalManagerBLTesting\bin\Debug\net6.0\fine-code-coverage\build-output\HospitalManagerBLTesting.deps.json" --port 61607 --endpoint 127.0.0.1:061607 --role client --parentprocessid 3740 --diag "C:\Users\VC\Documents\Projects\Day10(Unit-Testing)\HospitalManagerSln\HospitalManagerBLTesting\bin\Debug\net6.0\fine-code-coverage\coverage-tool-output\diagnostics.host.24-04-24_10-18-42_76446_5.log" --tracelevel 4 --datacollectionport 61606 --telemetryoptedin false'
TpTrace Verbose: 0 : 3740, 5, 2024/04/24, 10:18:42.771, 3107425957121, vstest.console.dll, MulticastDelegateUtilities.SafeInvoke: HostProviderEvents.OnHostLaunched: Invoking callback 1/2 for Microsoft.VisualStudio.TestPlatform.CrossPlatEngine.Client.ProxyExecutionManagerWithDataCollection., took 1 ms.
TpTrace Verbose: 0 : 3740, 5, 2024/04/24, 10:18:42.772, 3107425960344, vstest.console.dll, Test Runtime launched
TpTrace Verbose: 0 : 3740, 5, 2024/04/24, 10:18:42.772, 3107425960924, vstest.console.dll, MulticastDelegateUtilities.SafeInvoke: HostProviderEvents.OnHostLaunched: Invoking callback 2/2 for Microsoft.VisualStudio.TestPlatform.CrossPlatEngine.Client.ProxyOperationManager., took 0 ms.
TpTrace Verbose: 0 : 3740, 5, 2024/04/24, 10:18:42.772, 3107425962294, vstest.console.dll, TestRequestSender.WaitForRequestHandlerConnection: waiting for connection with timeout: 90000.
TpTrace Verbose: 0 : 3740, 7, 2024/04/24, 10:18:42.967, 3107427909935, vstest.console.dll, MulticastDelegateUtilities.SafeInvoke: SocketServer: ClientConnected: Invoking callback 1/1 for Microsoft.VisualStudio.TestPlatform.CommunicationUtilities.TestRequestSender., took 0 ms.
TpTrace Verbose: 0 : 3740, 5, 2024/04/24, 10:18:42.967, 3107427909908, vstest.console.dll, TestRequestSender.WaitForRequestHandlerConnection: waiting took 194 ms, with timeout 90000 ms, and result 0, which is success.
TpTrace Verbose: 0 : 3740, 7, 2024/04/24, 10:18:42.967, 3107427911423, vstest.console.dll, SocketServer.OnClientConnected: Client connected for endPoint: 127.0.0.1:61607, starting MessageLoopAsync:
TpTrace Verbose: 0 : 3740, 7, 2024/04/24, 10:18:42.967, 3107427916228, vstest.console.dll, TcpClientExtensions.MessageLoopAsync: Polling on remoteEndPoint: 127.0.0.1:61608 localEndPoint: 127.0.0.1:61607 after 0 ms
TpTrace Verbose: 0 : 3740, 5, 2024/04/24, 10:18:42.968, 3107427919870, vstest.console.dll, TestRequestSender.CheckVersionWithTestHost: Sending check version message: {"MessageType":"ProtocolVersion","Payload":7}
TpTrace Verbose: 0 : 3740, 7, 2024/04/24, 10:18:43.092, 3107429168623, vstest.console.dll, TcpClientExtensions.MessageLoopAsync: NotifyDataAvailable remoteEndPoint: 127.0.0.1:61608 localEndPoint: 127.0.0.1:61607
TpTrace Verbose: 0 : 3740, 7, 2024/04/24, 10:18:43.093, 3107429172184, vstest.console.dll, TestRequestSender.CheckVersionWithTestHost: onMessageReceived received message: (ProtocolVersion) -> {"MessageType":"ProtocolVersion","Payload":7}
TpTrace Verbose: 0 : 3740, 7, 2024/04/24, 10:18:43.093, 3107429178485, vstest.console.dll, MulticastDelegateUtilities.SafeInvoke: LengthPrefixCommunicationChannel: MessageReceived: Invoking callback 1/1 for Microsoft.VisualStudio.TestPlatform.CommunicationUtilities.TestRequestSender+<>c__DisplayClass29_0., took 0 ms.
TpTrace Verbose: 0 : 3740, 7, 2024/04/24, 10:18:43.094, 3107429179768, vstest.console.dll, TcpClientExtensions.MessageLoopAsync: Polling on remoteEndPoint: 127.0.0.1:61608 localEndPoint: 127.0.0.1:61607 after 126 ms
TpTrace Verbose: 0 : 3740, 5, 2024/04/24, 10:18:43.094, 3107429180024, vstest.console.dll, TestPluginCache.GetExtensionPaths: Filtered extension paths: 
TpTrace Verbose: 0 : 3740, 5, 2024/04/24, 10:18:43.094, 3107429181138, vstest.console.dll, TestPluginCache.GetExtensionPaths: Added default extension paths: C:\Program Files\dotnet\sdk\8.0.202\Extensions\Microsoft.Diagnostics.NETCore.Client.dll
C:\Program Files\dotnet\sdk\8.0.202\Extensions\Microsoft.TestPlatform.Extensions.BlameDataCollector.dll
C:\Program Files\dotnet\sdk\8.0.202\Extensions\Microsoft.TestPlatform.Extensions.EventLogCollector.dll
C:\Program Files\dotnet\sdk\8.0.202\Extensions\Microsoft.TestPlatform.TestHostRuntimeProvider.dll
C:\Program Files\dotnet\sdk\8.0.202\Extensions\Microsoft.VisualStudio.TestPlatform.Extensions.Html.TestLogger.dll
C:\Program Files\dotnet\sdk\8.0.202\Extensions\Microsoft.VisualStudio.TestPlatform.Extensions.Trx.TestLogger.dll
TpTrace Verbose: 0 : 3740, 5, 2024/04/24, 10:18:43.094, 3107429181747, vstest.console.dll, TestPluginCache.GetExtensionPaths: Added unfilterableExtensionPaths: 
TpTrace Verbose: 0 : 3740, 5, 2024/04/24, 10:18:43.098, 3107429224553, vstest.console.dll, TestRequestSender.InitializeExecution: Sending initialize execution with message: {"Version":7,"MessageType":"TestExecution.Initialize","Payload":["C:\\Users\\VC\\Documents\\Projects\\Day10(Unit-Testing)\\HospitalManagerSln\\HospitalManagerBLTesting\\bin\\Debug\\net6.0\\fine-code-coverage\\build-output\\NUnit3.TestAdapter.dll"]}
TpTrace Verbose: 0 : 3740, 5, 2024/04/24, 10:18:43.098, 3107429227003, vstest.console.dll, ParallelProxyExecutionManager.StartTestRunOnConcurrentManager: Execution starting. Started clients: 1
TpTrace Verbose: 0 : 3740, 5, 2024/04/24, 10:18:43.099, 3107429229259, vstest.console.dll, TestRunRequest:SendTestRunMessage: Starting.
TpTrace Verbose: 0 : 3740, 5, 2024/04/24, 10:18:43.099, 3107429230872, vstest.console.dll, MulticastDelegateUtilities.SafeInvoke: TestRun.LogMessages: Invoking callback 1/1 for Microsoft.VisualStudio.TestPlatform.CommandLine.TestRunResultAggregator., took 0 ms.
TpTrace Information: 0 : 3740, 5, 2024/04/24, 10:18:43.099, 3107429231224, vstest.console.dll, TestRunRequest:SendTestRunMessage: Completed.
TpTrace Verbose: 0 : 3740, 7, 2024/04/24, 10:18:43.099, 3107429233323, vstest.console.dll, TcpClientExtensions.MessageLoopAsync: NotifyDataAvailable remoteEndPoint: 127.0.0.1:61608 localEndPoint: 127.0.0.1:61607
TpTrace Verbose: 0 : 3740, 4, 2024/04/24, 10:18:43.099, 3107429233914, vstest.console.dll, MulticastDelegateUtilities.SafeInvoke: InternalTestLoggerEvents.SendTestRunMessage: Invoking callback 1/1 for Microsoft.VisualStudio.TestPlatform.CommandLine.Internal.ConsoleLogger., took 0 ms.
TpTrace Warning: 0 : 3740, 5, 2024/04/24, 10:18:43.099, 3107429235129, vstest.console.dll, InferRunSettingsHelper.MakeRunsettingsCompatible: Removing the following settings: TargetPlatform from RunSettings file. To use those settings please move to latest version of Microsoft.NET.Test.Sdk
TpTrace Verbose: 0 : 3740, 7, 2024/04/24, 10:18:43.100, 3107429241638, vstest.console.dll, TestRequestSender.OnExecutionMessageReceived: Received message: {"Version":7,"MessageType":"TestSession.Message","Payload":{"MessageLevel":0,"Message":"Logging TestHost Diagnostics in file: C:\\Users\\VC\\Documents\\Projects\\Day10(Unit-Testing)\\HospitalManagerSln\\HospitalManagerBLTesting\\bin\\Debug\\net6.0\\fine-code-coverage\\coverage-tool-output\\diagnostics.host.24-04-24_10-18-42_76446_5.log"}}
TpTrace Verbose: 0 : 3740, 7, 2024/04/24, 10:18:43.102, 3107429267553, vstest.console.dll, TestRunRequest:SendTestRunMessage: Starting.
TpTrace Verbose: 0 : 3740, 7, 2024/04/24, 10:18:43.103, 3107429269210, vstest.console.dll, MulticastDelegateUtilities.SafeInvoke: TestRun.LogMessages: Invoking callback 1/1 for Microsoft.VisualStudio.TestPlatform.CommandLine.TestRunResultAggregator., took 0 ms.
TpTrace Information: 0 : 3740, 7, 2024/04/24, 10:18:43.103, 3107429269578, vstest.console.dll, TestRunRequest:SendTestRunMessage: Completed.
TpTrace Verbose: 0 : 3740, 7, 2024/04/24, 10:18:43.103, 3107429269989, vstest.console.dll, MulticastDelegateUtilities.SafeInvoke: LengthPrefixCommunicationChannel: MessageReceived: Invoking callback 1/1 for Microsoft.VisualStudio.TestPlatform.CommunicationUtilities.TestRequestSender+<>c__DisplayClass34_0., took 3 ms.
TpTrace Verbose: 0 : 3740, 7, 2024/04/24, 10:18:43.103, 3107429270363, vstest.console.dll, TcpClientExtensions.MessageLoopAsync: Polling on remoteEndPoint: 127.0.0.1:61608 localEndPoint: 127.0.0.1:61607 after 9 ms
TpTrace Verbose: 0 : 3740, 4, 2024/04/24, 10:18:43.103, 3107429270302, vstest.console.dll, MulticastDelegateUtilities.SafeInvoke: InternalTestLoggerEvents.SendTestRunMessage: Invoking callback 1/1 for Microsoft.VisualStudio.TestPlatform.CommandLine.Internal.ConsoleLogger., took 0 ms.
TpTrace Verbose: 0 : 3740, 5, 2024/04/24, 10:18:43.110, 3107429339767, vstest.console.dll, TestRequestSender.StartTestRun: Sending test run with message: {"Version":7,"MessageType":"TestExecution.StartWithSources","Payload":{"AdapterSourceMap":{"_none_":["C:\\Users\\VC\\Documents\\Projects\\Day10(Unit-Testing)\\HospitalManagerSln\\HospitalManagerBLTesting\\bin\\Debug\\net6.0\\fine-code-coverage\\build-output\\HospitalManagerBLTesting.dll"]},"RunSettings":"<RunSettings>\r\n  <RunConfiguration>\r\n    <ResultsDirectory>C:\\Users\\VC\\Documents\\Projects\\Day10(Unit-Testing)\\HospitalManagerSln\\HospitalManagerBLTesting\\bin\\Debug\\net6.0\\fine-code-coverage\\coverage-tool-output</ResultsDirectory>\r\n    <TargetFrameworkVersion>.NETCoreApp,Version=v6.0</TargetFrameworkVersion>\r\n    <DesignMode>False</DesignMode>\r\n    <CollectSourceInformation>False</CollectSourceInformation>\r\n  </RunConfiguration>\r\n  <LoggerRunSettings>\r\n    <Loggers>\r\n      <Logger friendlyName=\"blame\" enabled=\"True\" />\r\n      <Logger friendlyName=\"Console\" uri=\"logger://microsoft/TestPlatform/ConsoleLogger/v1\" assemblyQualifiedName=\"Microsoft.VisualStudio.TestPlatform.CommandLine.Internal.ConsoleLogger, vstest.console, Version=15.0.0.0, Culture=neutral, PublicKeyToken=b03f5f7f11d50a3a\" codeBase=\"C:\\Program Files\\dotnet\\sdk\\8.0.202\\vstest.console.dll\" enabled=\"True\" />\r\n    </Loggers>\r\n  </LoggerRunSettings>\r\n  <DataCollectionRunSettings>\r\n    <DataCollectors>\r\n      <DataCollector friendlyName=\"blame\" enabled=\"True\">\r\n        <Configuration>\r\n          <ResultsDirectory>C:\\Users\\VC\\Documents\\Projects\\Day10(Unit-Testing)\\HospitalManagerSln\\HospitalManagerBLTesting\\bin\\Debug\\net6.0\\fine-code-coverage\\coverage-tool-output</ResultsDirectory>\r\n        </Configuration>\r\n      </DataCollector>\r\n    </DataCollectors>\r\n  </DataCollectionRunSettings>\r\n</RunSettings>","TestExecutionContext":{"FrequencyOfRunStatsChangeEvent":10,"RunStatsChangeEventTimeout":"00:00:01.5000000","InIsolation":false,"KeepAlive":false,"AreTestCaseLevelEventsRequired":false,"IsDebug":false,"TestCaseFilter":null,"FilterOptions":null},"Package":null}}
TpTrace Verbose: 0 : 3740, 5, 2024/04/24, 10:18:43.110, 3107429343311, vstest.console.dll, ParallelProxyExecutionManager.StartTestRunOnConcurrentManager: Execution started. Started clients: 1
TpTrace Verbose: 0 : 3740, 7, 2024/04/24, 10:18:43.295, 3107431195671, vstest.console.dll, TcpClientExtensions.MessageLoopAsync: NotifyDataAvailable remoteEndPoint: 127.0.0.1:61608 localEndPoint: 127.0.0.1:61607
TpTrace Verbose: 0 : 3740, 7, 2024/04/24, 10:18:43.295, 3107431197602, vstest.console.dll, TestRequestSender.OnExecutionMessageReceived: Received message: {"Version":7,"MessageType":"TestSession.Message","Payload":{"MessageLevel":0,"Message":"NUnit Adapter 4.4.0.0: Test execution started"}}
TpTrace Verbose: 0 : 3740, 7, 2024/04/24, 10:18:43.296, 3107431199341, vstest.console.dll, TestRunRequest:SendTestRunMessage: Starting.
TpTrace Verbose: 0 : 3740, 7, 2024/04/24, 10:18:43.296, 3107431199967, vstest.console.dll, MulticastDelegateUtilities.SafeInvoke: TestRun.LogMessages: Invoking callback 1/1 for Microsoft.VisualStudio.TestPlatform.CommandLine.TestRunResultAggregator., took 0 ms.
TpTrace Information: 0 : 3740, 7, 2024/04/24, 10:18:43.296, 3107431200232, vstest.console.dll, TestRunRequest:SendTestRunMessage: Completed.
TpTrace Verbose: 0 : 3740, 7, 2024/04/24, 10:18:43.296, 3107431200680, vstest.console.dll, MulticastDelegateUtilities.SafeInvoke: LengthPrefixCommunicationChannel: MessageReceived: Invoking callback 1/1 for Microsoft.VisualStudio.TestPlatform.CommunicationUtilities.TestRequestSender+<>c__DisplayClass34_0., took 0 ms.
TpTrace Verbose: 0 : 3740, 7, 2024/04/24, 10:18:43.296, 3107431200984, vstest.console.dll, TcpClientExtensions.MessageLoopAsync: Polling on remoteEndPoint: 127.0.0.1:61608 localEndPoint: 127.0.0.1:61607 after 193 ms
TpTrace Verbose: 0 : 3740, 4, 2024/04/24, 10:18:43.296, 3107431201239, vstest.console.dll, MulticastDelegateUtilities.SafeInvoke: InternalTestLoggerEvents.SendTestRunMessage: Invoking callback 1/1 for Microsoft.VisualStudio.TestPlatform.CommandLine.Internal.ConsoleLogger., took 0 ms.
TpTrace Verbose: 0 : 3740, 7, 2024/04/24, 10:18:43.326, 3107431507020, vstest.console.dll, TcpClientExtensions.MessageLoopAsync: NotifyDataAvailable remoteEndPoint: 127.0.0.1:61608 localEndPoint: 127.0.0.1:61607
TpTrace Verbose: 0 : 3740, 7, 2024/04/24, 10:18:43.327, 3107431510068, vstest.console.dll, TestRequestSender.OnExecutionMessageReceived: Received message: {"Version":7,"MessageType":"TestSession.Message","Payload":{"MessageLevel":0,"Message":"Running all tests in C:\\Users\\VC\\Documents\\Projects\\Day10(Unit-Testing)\\HospitalManagerSln\\HospitalManagerBLTesting\\bin\\Debug\\net6.0\\fine-code-coverage\\build-output\\HospitalManagerBLTesting.dll"}}
TpTrace Verbose: 0 : 3740, 7, 2024/04/24, 10:18:43.327, 3107431511669, vstest.console.dll, TestRunRequest:SendTestRunMessage: Starting.
TpTrace Verbose: 0 : 3740, 7, 2024/04/24, 10:18:43.327, 3107431512177, vstest.console.dll, MulticastDelegateUtilities.SafeInvoke: TestRun.LogMessages: Invoking callback 1/1 for Microsoft.VisualStudio.TestPlatform.CommandLine.TestRunResultAggregator., took 0 ms.
TpTrace Information: 0 : 3740, 7, 2024/04/24, 10:18:43.327, 3107431512439, vstest.console.dll, TestRunRequest:SendTestRunMessage: Completed.
TpTrace Verbose: 0 : 3740, 4, 2024/04/24, 10:18:43.327, 3107431512585, vstest.console.dll, MulticastDelegateUtilities.SafeInvoke: InternalTestLoggerEvents.SendTestRunMessage: Invoking callback 1/1 for Microsoft.VisualStudio.TestPlatform.CommandLine.Internal.ConsoleLogger., took 0 ms.
TpTrace Verbose: 0 : 3740, 7, 2024/04/24, 10:18:43.327, 3107431512774, vstest.console.dll, MulticastDelegateUtilities.SafeInvoke: LengthPrefixCommunicationChannel: MessageReceived: Invoking callback 1/1 for Microsoft.VisualStudio.TestPlatform.CommunicationUtilities.TestRequestSender+<>c__DisplayClass34_0., took 0 ms.
TpTrace Verbose: 0 : 3740, 7, 2024/04/24, 10:18:43.327, 3107431514418, vstest.console.dll, TcpClientExtensions.MessageLoopAsync: Polling on remoteEndPoint: 127.0.0.1:61608 localEndPoint: 127.0.0.1:61607 after 31 ms
TpTrace Verbose: 0 : 3740, 7, 2024/04/24, 10:18:43.447, 3107432711690, vstest.console.dll, TcpClientExtensions.MessageLoopAsync: NotifyDataAvailable remoteEndPoint: 127.0.0.1:61608 localEndPoint: 127.0.0.1:61607
TpTrace Verbose: 0 : 3740, 7, 2024/04/24, 10:18:43.447, 3107432713689, vstest.console.dll, TestRequestSender.OnExecutionMessageReceived: Received message: {"Version":7,"MessageType":"TestSession.Message","Payload":{"MessageLevel":0,"Message":"   NUnit3TestExecutor discovered 22 of 22 NUnit test cases using Current Discovery mode, Non-Explicit run"}}
TpTrace Verbose: 0 : 3740, 7, 2024/04/24, 10:18:43.447, 3107432714837, vstest.console.dll, TestRunRequest:SendTestRunMessage: Starting.
TpTrace Verbose: 0 : 3740, 7, 2024/04/24, 10:18:43.447, 3107432715468, vstest.console.dll, MulticastDelegateUtilities.SafeInvoke: TestRun.LogMessages: Invoking callback 1/1 for Microsoft.VisualStudio.TestPlatform.CommandLine.TestRunResultAggregator., took 0 ms.
TpTrace Information: 0 : 3740, 7, 2024/04/24, 10:18:43.447, 3107432715727, vstest.console.dll, TestRunRequest:SendTestRunMessage: Completed.
TpTrace Verbose: 0 : 3740, 7, 2024/04/24, 10:18:43.447, 3107432715986, vstest.console.dll, MulticastDelegateUtilities.SafeInvoke: LengthPrefixCommunicationChannel: MessageReceived: Invoking callback 1/1 for Microsoft.VisualStudio.TestPlatform.CommunicationUtilities.TestRequestSender+<>c__DisplayClass34_0., took 0 ms.
TpTrace Verbose: 0 : 3740, 7, 2024/04/24, 10:18:43.447, 3107432716329, vstest.console.dll, TcpClientExtensions.MessageLoopAsync: Polling on remoteEndPoint: 127.0.0.1:61608 localEndPoint: 127.0.0.1:61607 after 120 ms
TpTrace Verbose: 0 : 3740, 4, 2024/04/24, 10:18:43.447, 3107432716517, vstest.console.dll, MulticastDelegateUtilities.SafeInvoke: InternalTestLoggerEvents.SendTestRunMessage: Invoking callback 1/1 for Microsoft.VisualStudio.TestPlatform.CommandLine.Internal.ConsoleLogger., took 0 ms.
TpTrace Verbose: 0 : 3740, 7, 2024/04/24, 10:18:43.592, 3107434168915, vstest.console.dll, TcpClientExtensions.MessageLoopAsync: NotifyDataAvailable remoteEndPoint: 127.0.0.1:61608 localEndPoint: 127.0.0.1:61607
TpTrace Verbose: 0 : 3740, 7, 2024/04/24, 10:18:43.593, 3107434174523, vstest.console.dll, TestRequestSender.OnExecutionMessageReceived: Received message: {"Version":7,"MessageType":"TestExecution.StatsChange","Payload":{"NewTestResults":[{"TestCase":{"Id":"cbbe8cc5-d61e-dd11-332d-0f7f16262420","FullyQualifiedName":"HospitalManagerBLTesting.PatientTesting.AddPatient","DisplayName":"AddPatient","ExecutorUri":"executor://NUnit3TestExecutor","Source":"C:\\Users\\VC\\Documents\\Projects\\Day10(Unit-Testing)\\HospitalManagerSln\\HospitalManagerBLTesting\\bin\\Debug\\net6.0\\fine-code-coverage\\build-output\\HospitalManagerBLTesting.dll","CodeFilePath":null,"LineNumber":0,"Properties":[{"Key":{"Id":"NUnit.Seed","Label":"Seed","Category":"","Description":"","Attributes":0,"ValueType":"System.String"},"Value":"262643628"}]},"Attachments":[],"Outcome":1,"ErrorMessage":null,"ErrorStackTrace":null,"DisplayName":"AddPatient","Messages":[],"ComputerName":"75RBBX3","Duration":"00:00:00.0370510","StartTime":"2024-04-24T04:48:43.4737472+00:00","EndTime":"2024-04-24T04:48:43.5107403+00:00","Properties":[{"Key":{"Id":"NUnit.Seed","Label":"Seed","Category":"","Description":"","Attributes":0,"ValueType":"System.String"},"Value":"262643628"}]},{"TestCase":{"Id":"ba81ee1a-ef94-23b3-d9c3-728127384060","FullyQualifiedName":"HospitalManagerBLTesting.PatientTesting.ChangeName","DisplayName":"ChangeName","ExecutorUri":"executor://NUnit3TestExecutor","Source":"C:\\Users\\VC\\Documents\\Projects\\Day10(Unit-Testing)\\HospitalManagerSln\\HospitalManagerBLTesting\\bin\\Debug\\net6.0\\fine-code-coverage\\build-output\\HospitalManagerBLTesting.dll","CodeFilePath":null,"LineNumber":0,"Properties":[{"Key":{"Id":"NUnit.Seed","Label":"Seed","Category":"","Description":"","Attributes":0,"ValueType":"System.String"},"Value":"420909637"}]},"Attachments":[],"Outcome":1,"ErrorMessage":null,"ErrorStackTrace":null,"DisplayName":"ChangeName","Messages":[],"ComputerName":"75RBBX3","Duration":"00:00:00.0016440","StartTime":"2024-04-24T04:48:43.5119124+00:00","EndTime":"2024-04-24T04:48:43.5135567+00:00","Properties":[{"Key":{"Id":"NUnit.Seed","Label":"Seed","Category":"","Description":"","Attributes":0,"ValueType":"System.String"},"Value":"420909637"}]},{"TestCase":{"Id":"30e68330-d313-6a2e-cec0-78d24a7a44d8","FullyQualifiedName":"HospitalManagerBLTesting.PatientTesting.ExceptionInAddPatient","DisplayName":"ExceptionInAddPatient","ExecutorUri":"executor://NUnit3TestExecutor","Source":"C:\\Users\\VC\\Documents\\Projects\\Day10(Unit-Testing)\\HospitalManagerSln\\HospitalManagerBLTesting\\bin\\Debug\\net6.0\\fine-code-coverage\\build-output\\HospitalManagerBLTesting.dll","CodeFilePath":null,"LineNumber":0,"Properties":[{"Key":{"Id":"NUnit.Seed","Label":"Seed","Category":"","Description":"","Attributes":0,"ValueType":"System.String"},"Value":"1608619701"}]},"Attachments":[],"Outcome":1,"ErrorMessage":null,"ErrorStackTrace":null,"DisplayName":"ExceptionInAddPatient","Messages":[],"ComputerName":"75RBBX3","Duration":"00:00:00.0048510","StartTime":"2024-04-24T04:48:43.5135806+00:00","EndTime":"2024-04-24T04:48:43.5184311+00:00","Properties":[{"Key":{"Id":"NUnit.Seed","Label":"Seed","Category":"","Description":"","Attributes":0,"ValueType":"System.String"},"Value":"1608619701"}]},{"TestCase":{"Id":"436bcd80-1df4-5b07-886b-b6e65ac33161","FullyQualifiedName":"HospitalManagerBLTesting.PatientTesting.ExceptionInChangePatientName","DisplayName":"ExceptionInChangePatientName","ExecutorUri":"executor://NUnit3TestExecutor","Source":"C:\\Users\\VC\\Documents\\Projects\\Day10(Unit-Testing)\\HospitalManagerSln\\HospitalManagerBLTesting\\bin\\Debug\\net6.0\\fine-code-coverage\\build-output\\HospitalManagerBLTesting.dll","CodeFilePath":null,"LineNumber":0,"Properties":[{"Key":{"Id":"NUnit.Seed","Label":"Seed","Category":"","Description":"","Attributes":0,"ValueType":"System.String"},"Value":"1425140043"}]},"Attachments":[],"Outcome":1,"ErrorMessage":null,"ErrorStackTrace":null,"DisplayName":"ExceptionInChangePatientName","Messages":[],"ComputerName":"75RBBX3","Duration":"00:00:00.0007930","StartTime":"2024-04-24T04:48:43.5184544+00:00","EndTime":"2024-04-24T04:48:43.5192468+00:00","Properties":[{"Key":{"Id":"NUnit.Seed","Label":"Seed","Category":"","Description":"","Attributes":0,"ValueType":"System.String"},"Value":"1425140043"}]},{"TestCase":{"Id":"f97d565b-6d44-533b-c9a8-a32126e435e2","FullyQualifiedName":"HospitalManagerBLTesting.PatientTesting.ExceptionInGetAllPatient","DisplayName":"ExceptionInGetAllPatient","ExecutorUri":"executor://NUnit3TestExecutor","Source":"C:\\Users\\VC\\Documents\\Projects\\Day10(Unit-Testing)\\HospitalManagerSln\\HospitalManagerBLTesting\\bin\\Debug\\net6.0\\fine-code-coverage\\build-output\\HospitalManagerBLTesting.dll","CodeFilePath":null,"LineNumber":0,"Properties":[{"Key":{"Id":"NUnit.Seed","Label":"Seed","Category":"","Description":"","Attributes":0,"ValueType":"System.String"},"Value":"712549855"}]},"Attachments":[],"Outcome":1,"ErrorMessage":null,"ErrorStackTrace":null,"DisplayName":"ExceptionInGetAllPatient","Messages":[],"ComputerName":"75RBBX3","Duration":"00:00:00.0006450","StartTime":"2024-04-24T04:48:43.5192592+00:00","EndTime":"2024-04-24T04:48:43.5199037+00:00","Properties":[{"Key":{"Id":"NUnit.Seed","Label":"Seed","Category":"","Description":"","Attributes":0,"ValueType":"System.String"},"Value":"712549855"}]},{"TestCase":{"Id":"6f037f95-9890-a6e1-905e-12b56c0b5a2a","FullyQualifiedName":"HospitalManagerBLTesting.PatientTesting.ExceptionInRetrivePatientById","DisplayName":"ExceptionInRetrivePatientById","ExecutorUri":"executor://NUnit3TestExecutor","Source":"C:\\Users\\VC\\Documents\\Projects\\Day10(Unit-Testing)\\HospitalManagerSln\\HospitalManagerBLTesting\\bin\\Debug\\net6.0\\fine-code-coverage\\build-output\\HospitalManagerBLTesting.dll","CodeFilePath":null,"LineNumber":0,"Properties":[{"Key":{"Id":"NUnit.Seed","Label":"Seed","Category":"","Description":"","Attributes":0,"ValueType":"System.String"},"Value":"664514488"}]},"Attachments":[],"Outcome":1,"ErrorMessage":null,"ErrorStackTrace":null,"DisplayName":"ExceptionInRetrivePatientById","Messages":[],"ComputerName":"75RBBX3","Duration":"00:00:00.0007590","StartTime":"2024-04-24T04:48:43.5199146+00:00","EndTime":"2024-04-24T04:48:43.5206732+00:00","Properties":[{"Key":{"Id":"NUnit.Seed","Label":"Seed","Category":"","Description":"","Attributes":0,"ValueType":"System.String"},"Value":"664514488"}]},{"TestCase":{"Id":"0c7ab9fd-2715-bc62-102c-28bbaa662631","FullyQualifiedName":"HospitalManagerBLTesting.PatientTesting.FailAddPatient","DisplayName":"FailAddPatient","ExecutorUri":"executor://NUnit3TestExecutor","Source":"C:\\Users\\VC\\Documents\\Projects\\Day10(Unit-Testing)\\HospitalManagerSln\\HospitalManagerBLTesting\\bin\\Debug\\net6.0\\fine-code-coverage\\build-output\\HospitalManagerBLTesting.dll","CodeFilePath":null,"LineNumber":0,"Properties":[{"Key":{"Id":"NUnit.Seed","Label":"Seed","Category":"","Description":"","Attributes":0,"ValueType":"System.String"},"Value":"941205692"}]},"Attachments":[],"Outcome":1,"ErrorMessage":null,"ErrorStackTrace":null,"DisplayName":"FailAddPatient","Messages":[],"ComputerName":"75RBBX3","Duration":"00:00:00.0006660","StartTime":"2024-04-24T04:48:43.5207124+00:00","EndTime":"2024-04-24T04:48:43.521378+00:00","Properties":[{"Key":{"Id":"NUnit.Seed","Label":"Seed","Category":"","Description":"","Attributes":0,"ValueType":"System.String"},"Value":"941205692"}]},{"TestCase":{"Id":"16f3051e-ff38-0e86-dbe3-2afc3facda6d","FullyQualifiedName":"HospitalManagerBLTesting.PatientTesting.FailChangePatientName","DisplayName":"FailChangePatientName","ExecutorUri":"executor://NUnit3TestExecutor","Source":"C:\\Users\\VC\\Documents\\Projects\\Day10(Unit-Testing)\\HospitalManagerSln\\HospitalManagerBLTesting\\bin\\Debug\\net6.0\\fine-code-coverage\\build-output\\HospitalManagerBLTesting.dll","CodeFilePath":null,"LineNumber":0,"Properties":[{"Key":{"Id":"NUnit.Seed","Label":"Seed","Category":"","Description":"","Attributes":0,"ValueType":"System.String"},"Value":"443454470"}]},"Attachments":[],"Outcome":1,"ErrorMessage":null,"ErrorStackTrace":null,"DisplayName":"FailChangePatientName","Messages":[],"ComputerName":"75RBBX3","Duration":"00:00:00.0006500","StartTime":"2024-04-24T04:48:43.5213932+00:00","EndTime":"2024-04-24T04:48:43.5220427+00:00","Properties":[{"Key":{"Id":"NUnit.Seed","Label":"Seed","Category":"","Description":"","Attributes":0,"ValueType":"System.String"},"Value":"443454470"}]},{"TestCase":{"Id":"fdb7b068-9c09-595f-6b8e-1e9d4fde32de","FullyQualifiedName":"HospitalManagerBLTesting.PatientTesting.FailRetrivePatientById","DisplayName":"FailRetrivePatientById","ExecutorUri":"executor://NUnit3TestExecutor","Source":"C:\\Users\\VC\\Documents\\Projects\\Day10(Unit-Testing)\\HospitalManagerSln\\HospitalManagerBLTesting\\bin\\Debug\\net6.0\\fine-code-coverage\\build-output\\HospitalManagerBLTesting.dll","CodeFilePath":null,"LineNumber":0,"Properties":[{"Key":{"Id":"NUnit.Seed","Label":"Seed","Category":"","Description":"","Attributes":0,"ValueType":"System.String"},"Value":"1651027576"}]},"Attachments":[],"Outcome":1,"ErrorMessage":null,"ErrorStackTrace":null,"DisplayName":"FailRetrivePatientById","Messages":[],"ComputerName":"75RBBX3","Duration":"00:00:00.0006230","StartTime":"2024-04-24T04:48:43.5220555+00:00","EndTime":"2024-04-24T04:48:43.5226781+00:00","Properties":[{"Key":{"Id":"NUnit.Seed","Label":"Seed","Category":"","Description":"","Attributes":0,"ValueType":"System.String"},"Value":"1651027576"}]}],"TestRunStatistics":{"ExecutedTests":9,"Stats":{"Passed":9}},"ActiveTests":[{"Id":"168afa0e-db8c-0908-3606-023a08bfcbca","FullyQualifiedName":"HospitalManagerBLTesting.PatientTesting.GetAllPatient","DisplayName":"GetAllPatient","ExecutorUri":"executor://NUnit3TestExecutor","Source":"C:\\Users\\VC\\Documents\\Projects\\Day10(Unit-Testing)\\HospitalManagerSln\\HospitalManagerBLTesting\\bin\\Debug\\net6.0\\fine-code-coverage\\build-output\\HospitalManagerBLTesting.dll","CodeFilePath":null,"LineNumber":0,"Properties":[{"Key":{"Id":"NUnit.Seed","Label":"Seed","Category":"","Description":"","Attributes":0,"ValueType":"System.String"},"Value":"2137412581"}]}]}}
TpTrace Verbose: 0 : 3740, 7, 2024/04/24, 10:18:43.625, 3107434495619, vstest.console.dll, TestRunRequest:SendTestRunStatsChange: Starting.
TpTrace Verbose: 0 : 3740, 7, 2024/04/24, 10:18:43.625, 3107434497942, vstest.console.dll, InProgress is GetAllPatient
TpTrace Verbose: 0 : 3740, 7, 2024/04/24, 10:18:43.626, 3107434499807, vstest.console.dll, MulticastDelegateUtilities.SafeInvoke: TestRun.RunStatsChanged: Invoking callbacks was skipped because there are no subscribers.
TpTrace Information: 0 : 3740, 7, 2024/04/24, 10:18:43.626, 3107434500216, vstest.console.dll, TestRunRequest:SendTestRunStatsChange: Completed.
TpTrace Verbose: 0 : 3740, 7, 2024/04/24, 10:18:43.626, 3107434500693, vstest.console.dll, MulticastDelegateUtilities.SafeInvoke: LengthPrefixCommunicationChannel: MessageReceived: Invoking callback 1/1 for Microsoft.VisualStudio.TestPlatform.CommunicationUtilities.TestRequestSender+<>c__DisplayClass34_0., took 32 ms.
TpTrace Verbose: 0 : 3740, 7, 2024/04/24, 10:18:43.626, 3107434501055, vstest.console.dll, TcpClientExtensions.MessageLoopAsync: Polling on remoteEndPoint: 127.0.0.1:61608 localEndPoint: 127.0.0.1:61607 after 178 ms
TpTrace Verbose: 0 : 3740, 4, 2024/04/24, 10:18:43.628, 3107434521845, vstest.console.dll, MulticastDelegateUtilities.SafeInvoke: InternalTestLoggerEvents.SendTestResult: Invoking callback 1/1 for Microsoft.VisualStudio.TestPlatform.CommandLine.Internal.ConsoleLogger., took 2 ms.
TpTrace Verbose: 0 : 3740, 4, 2024/04/24, 10:18:43.628, 3107434525327, vstest.console.dll, MulticastDelegateUtilities.SafeInvoke: InternalTestLoggerEvents.SendTestResult: Invoking callback 1/1 for Microsoft.VisualStudio.TestPlatform.CommandLine.Internal.ConsoleLogger., took 0 ms.
TpTrace Verbose: 0 : 3740, 4, 2024/04/24, 10:18:43.628, 3107434526198, vstest.console.dll, MulticastDelegateUtilities.SafeInvoke: InternalTestLoggerEvents.SendTestResult: Invoking callback 1/1 for Microsoft.VisualStudio.TestPlatform.CommandLine.Internal.ConsoleLogger., took 0 ms.
TpTrace Verbose: 0 : 3740, 4, 2024/04/24, 10:18:43.628, 3107434526605, vstest.console.dll, MulticastDelegateUtilities.SafeInvoke: InternalTestLoggerEvents.SendTestResult: Invoking callback 1/1 for Microsoft.VisualStudio.TestPlatform.CommandLine.Internal.ConsoleLogger., took 0 ms.
TpTrace Verbose: 0 : 3740, 4, 2024/04/24, 10:18:43.628, 3107434527027, vstest.console.dll, MulticastDelegateUtilities.SafeInvoke: InternalTestLoggerEvents.SendTestResult: Invoking callback 1/1 for Microsoft.VisualStudio.TestPlatform.CommandLine.Internal.ConsoleLogger., took 0 ms.
TpTrace Verbose: 0 : 3740, 4, 2024/04/24, 10:18:43.628, 3107434527374, vstest.console.dll, MulticastDelegateUtilities.SafeInvoke: InternalTestLoggerEvents.SendTestResult: Invoking callback 1/1 for Microsoft.VisualStudio.TestPlatform.CommandLine.Internal.ConsoleLogger., took 0 ms.
TpTrace Verbose: 0 : 3740, 4, 2024/04/24, 10:18:43.628, 3107434527714, vstest.console.dll, MulticastDelegateUtilities.SafeInvoke: InternalTestLoggerEvents.SendTestResult: Invoking callback 1/1 for Microsoft.VisualStudio.TestPlatform.CommandLine.Internal.ConsoleLogger., took 0 ms.
TpTrace Verbose: 0 : 3740, 4, 2024/04/24, 10:18:43.628, 3107434528230, vstest.console.dll, MulticastDelegateUtilities.SafeInvoke: InternalTestLoggerEvents.SendTestResult: Invoking callback 1/1 for Microsoft.VisualStudio.TestPlatform.CommandLine.Internal.ConsoleLogger., took 0 ms.
TpTrace Verbose: 0 : 3740, 4, 2024/04/24, 10:18:43.628, 3107434528597, vstest.console.dll, MulticastDelegateUtilities.SafeInvoke: InternalTestLoggerEvents.SendTestResult: Invoking callback 1/1 for Microsoft.VisualStudio.TestPlatform.CommandLine.Internal.ConsoleLogger., took 0 ms.
TpTrace Verbose: 0 : 3740, 7, 2024/04/24, 10:18:43.632, 3107434562134, vstest.console.dll, TcpClientExtensions.MessageLoopAsync: NotifyDataAvailable remoteEndPoint: 127.0.0.1:61608 localEndPoint: 127.0.0.1:61607
TpTrace Verbose: 0 : 3740, 7, 2024/04/24, 10:18:43.632, 3107434565380, vstest.console.dll, TestRequestSender.OnExecutionMessageReceived: Received message: {"Version":7,"MessageType":"TestExecution.StatsChange","Payload":{"NewTestResults":[{"TestCase":{"Id":"168afa0e-db8c-0908-3606-023a08bfcbca","FullyQualifiedName":"HospitalManagerBLTesting.PatientTesting.GetAllPatient","DisplayName":"GetAllPatient","ExecutorUri":"executor://NUnit3TestExecutor","Source":"C:\\Users\\VC\\Documents\\Projects\\Day10(Unit-Testing)\\HospitalManagerSln\\HospitalManagerBLTesting\\bin\\Debug\\net6.0\\fine-code-coverage\\build-output\\HospitalManagerBLTesting.dll","CodeFilePath":null,"LineNumber":0,"Properties":[{"Key":{"Id":"NUnit.Seed","Label":"Seed","Category":"","Description":"","Attributes":0,"ValueType":"System.String"},"Value":"2137412581"}]},"Attachments":[],"Outcome":1,"ErrorMessage":null,"ErrorStackTrace":null,"DisplayName":"GetAllPatient","Messages":[],"ComputerName":"75RBBX3","Duration":"00:00:00.0006579","StartTime":"2024-04-24T04:48:43.5227007+00:00","EndTime":"2024-04-24T04:48:43.5233588+00:00","Properties":[{"Key":{"Id":"NUnit.Seed","Label":"Seed","Category":"","Description":"","Attributes":0,"ValueType":"System.String"},"Value":"2137412581"}]},{"TestCase":{"Id":"f5b335a1-a1af-b87f-8900-80c2147d9ff8","FullyQualifiedName":"HospitalManagerBLTesting.PatientTesting.RetrivePatientById","DisplayName":"RetrivePatientById","ExecutorUri":"executor://NUnit3TestExecutor","Source":"C:\\Users\\VC\\Documents\\Projects\\Day10(Unit-Testing)\\HospitalManagerSln\\HospitalManagerBLTesting\\bin\\Debug\\net6.0\\fine-code-coverage\\build-output\\HospitalManagerBLTesting.dll","CodeFilePath":null,"LineNumber":0,"Properties":[{"Key":{"Id":"NUnit.Seed","Label":"Seed","Category":"","Description":"","Attributes":0,"ValueType":"System.String"},"Value":"55508344"}]},"Attachments":[],"Outcome":1,"ErrorMessage":null,"ErrorStackTrace":null,"DisplayName":"RetrivePatientById","Messages":[],"ComputerName":"75RBBX3","Duration":"00:00:00.0006240","StartTime":"2024-04-24T04:48:43.5233722+00:00","EndTime":"2024-04-24T04:48:43.523996+00:00","Properties":[{"Key":{"Id":"NUnit.Seed","Label":"Seed","Category":"","Description":"","Attributes":0,"ValueType":"System.String"},"Value":"55508344"}]},{"TestCase":{"Id":"aa2a164a-4fdb-7db6-8962-2a2fbdf2c420","FullyQualifiedName":"HospitalManagerBLTesting.Tests.AddDoctor","DisplayName":"AddDoctor","ExecutorUri":"executor://NUnit3TestExecutor","Source":"C:\\Users\\VC\\Documents\\Projects\\Day10(Unit-Testing)\\HospitalManagerSln\\HospitalManagerBLTesting\\bin\\Debug\\net6.0\\fine-code-coverage\\build-output\\HospitalManagerBLTesting.dll","CodeFilePath":null,"LineNumber":0,"Properties":[{"Key":{"Id":"NUnit.Seed","Label":"Seed","Category":"","Description":"","Attributes":0,"ValueType":"System.String"},"Value":"94505705"}]},"Attachments":[],"Outcome":1,"ErrorMessage":null,"ErrorStackTrace":null,"DisplayName":"AddDoctor","Messages":[],"ComputerName":"75RBBX3","Duration":"00:00:00.0017870","StartTime":"2024-04-24T04:48:43.5259611+00:00","EndTime":"2024-04-24T04:48:43.5277478+00:00","Properties":[{"Key":{"Id":"NUnit.Seed","Label":"Seed","Category":"","Description":"","Attributes":0,"ValueType":"System.String"},"Value":"94505705"}]},{"TestCase":{"Id":"3a1d040c-abe0-c0a2-3ee7-1c47f06c787f","FullyQualifiedName":"HospitalManagerBLTesting.Tests.ExceptionInAddDoctor","DisplayName":"ExceptionInAddDoctor","ExecutorUri":"executor://NUnit3TestExecutor","Source":"C:\\Users\\VC\\Documents\\Projects\\Day10(Unit-Testing)\\HospitalManagerSln\\HospitalManagerBLTesting\\bin\\Debug\\net6.0\\fine-code-coverage\\build-output\\HospitalManagerBLTesting.dll","CodeFilePath":null,"LineNumber":0,"Properties":[{"Key":{"Id":"NUnit.Seed","Label":"Seed","Category":"","Description":"","Attributes":0,"ValueType":"System.String"},"Value":"870710417"}]},"Attachments":[],"Outcome":1,"ErrorMessage":null,"ErrorStackTrace":null,"DisplayName":"ExceptionInAddDoctor","Messages":[],"ComputerName":"75RBBX3","Duration":"00:00:00.0006849","StartTime":"2024-04-24T04:48:43.5277754+00:00","EndTime":"2024-04-24T04:48:43.5284598+00:00","Properties":[{"Key":{"Id":"NUnit.Seed","Label":"Seed","Category":"","Description":"","Attributes":0,"ValueType":"System.String"},"Value":"870710417"}]},{"TestCase":{"Id":"b9b0da0d-80a2-e382-313b-42f68f913766","FullyQualifiedName":"HospitalManagerBLTesting.Tests.ExceptionInGetAllDoctor","DisplayName":"ExceptionInGetAllDoctor","ExecutorUri":"executor://NUnit3TestExecutor","Source":"C:\\Users\\VC\\Documents\\Projects\\Day10(Unit-Testing)\\HospitalManagerSln\\HospitalManagerBLTesting\\bin\\Debug\\net6.0\\fine-code-coverage\\build-output\\HospitalManagerBLTesting.dll","CodeFilePath":null,"LineNumber":0,"Properties":[{"Key":{"Id":"NUnit.Seed","Label":"Seed","Category":"","Description":"","Attributes":0,"ValueType":"System.String"},"Value":"1852736821"}]},"Attachments":[],"Outcome":1,"ErrorMessage":null,"ErrorStackTrace":null,"DisplayName":"ExceptionInGetAllDoctor","Messages":[],"ComputerName":"75RBBX3","Duration":"00:00:00.0008130","StartTime":"2024-04-24T04:48:43.5284725+00:00","EndTime":"2024-04-24T04:48:43.529285+00:00","Properties":[{"Key":{"Id":"NUnit.Seed","Label":"Seed","Category":"","Description":"","Attributes":0,"ValueType":"System.String"},"Value":"1852736821"}]},{"TestCase":{"Id":"f9aac9a9-1623-a62d-a287-66a0aba7b66d","FullyQualifiedName":"HospitalManagerBLTesting.Tests.ExceptionInRetriveDoctorById","DisplayName":"ExceptionInRetriveDoctorById","ExecutorUri":"executor://NUnit3TestExecutor","Source":"C:\\Users\\VC\\Documents\\Projects\\Day10(Unit-Testing)\\HospitalManagerSln\\HospitalManagerBLTesting\\bin\\Debug\\net6.0\\fine-code-coverage\\build-output\\HospitalManagerBLTesting.dll","CodeFilePath":null,"LineNumber":0,"Properties":[{"Key":{"Id":"NUnit.Seed","Label":"Seed","Category":"","Description":"","Attributes":0,"ValueType":"System.String"},"Value":"1105409400"}]},"Attachments":[],"Outcome":1,"ErrorMessage":null,"ErrorStackTrace":null,"DisplayName":"ExceptionInRetriveDoctorById","Messages":[],"ComputerName":"75RBBX3","Duration":"00:00:00.0008530","StartTime":"2024-04-24T04:48:43.5292983+00:00","EndTime":"2024-04-24T04:48:43.5301513+00:00","Properties":[{"Key":{"Id":"NUnit.Seed","Label":"Seed","Category":"","Description":"","Attributes":0,"ValueType":"System.String"},"Value":"1105409400"}]},{"TestCase":{"Id":"0d64dcd8-d6f5-9796-1bea-ebf24ef69639","FullyQualifiedName":"HospitalManagerBLTesting.Tests.ExceptionInUpdateDoctor","DisplayName":"ExceptionInUpdateDoctor","ExecutorUri":"executor://NUnit3TestExecutor","Source":"C:\\Users\\VC\\Documents\\Projects\\Day10(Unit-Testing)\\HospitalManagerSln\\HospitalManagerBLTesting\\bin\\Debug\\net6.0\\fine-code-coverage\\build-output\\HospitalManagerBLTesting.dll","CodeFilePath":null,"LineNumber":0,"Properties":[{"Key":{"Id":"NUnit.Seed","Label":"Seed","Category":"","Description":"","Attributes":0,"ValueType":"System.String"},"Value":"1159156684"}]},"Attachments":[],"Outcome":1,"ErrorMessage":null,"ErrorStackTrace":null,"DisplayName":"ExceptionInUpdateDoctor","Messages":[],"ComputerName":"75RBBX3","Duration":"00:00:00.0009290","StartTime":"2024-04-24T04:48:43.5301824+00:00","EndTime":"2024-04-24T04:48:43.531111+00:00","Properties":[{"Key":{"Id":"NUnit.Seed","Label":"Seed","Category":"","Description":"","Attributes":0,"ValueType":"System.String"},"Value":"1159156684"}]},{"TestCase":{"Id":"ff33b9a0-37d7-f5d5-c7de-7f55026349c2","FullyQualifiedName":"HospitalManagerBLTesting.Tests.FailAddDoctor","DisplayName":"FailAddDoctor","ExecutorUri":"executor://NUnit3TestExecutor","Source":"C:\\Users\\VC\\Documents\\Projects\\Day10(Unit-Testing)\\HospitalManagerSln\\HospitalManagerBLTesting\\bin\\Debug\\net6.0\\fine-code-coverage\\build-output\\HospitalManagerBLTesting.dll","CodeFilePath":null,"LineNumber":0,"Properties":[{"Key":{"Id":"NUnit.Seed","Label":"Seed","Category":"","Description":"","Attributes":0,"ValueType":"System.String"},"Value":"1032797865"}]},"Attachments":[],"Outcome":1,"ErrorMessage":null,"ErrorStackTrace":null,"DisplayName":"FailAddDoctor","Messages":[],"ComputerName":"75RBBX3","Duration":"00:00:00.0007900","StartTime":"2024-04-24T04:48:43.5311351+00:00","EndTime":"2024-04-24T04:48:43.5319252+00:00","Properties":[{"Key":{"Id":"NUnit.Seed","Label":"Seed","Category":"","Description":"","Attributes":0,"ValueType":"System.String"},"Value":"1032797865"}]},{"TestCase":{"Id":"19fde8ba-62b7-3d6b-bec2-a5338772573f","FullyQualifiedName":"HospitalManagerBLTesting.Tests.FailRetriveDoctorById","DisplayName":"FailRetriveDoctorById","ExecutorUri":"executor://NUnit3TestExecutor","Source":"C:\\Users\\VC\\Documents\\Projects\\Day10(Unit-Testing)\\HospitalManagerSln\\HospitalManagerBLTesting\\bin\\Debug\\net6.0\\fine-code-coverage\\build-output\\HospitalManagerBLTesting.dll","CodeFilePath":null,"LineNumber":0,"Properties":[{"Key":{"Id":"NUnit.Seed","Label":"Seed","Category":"","Description":"","Attributes":0,"ValueType":"System.String"},"Value":"1388832893"}]},"Attachments":[],"Outcome":1,"ErrorMessage":null,"ErrorStackTrace":null,"DisplayName":"FailRetriveDoctorById","Messages":[],"ComputerName":"75RBBX3","Duration":"00:00:00.0006100","StartTime":"2024-04-24T04:48:43.5319381+00:00","EndTime":"2024-04-24T04:48:43.5325476+00:00","Properties":[{"Key":{"Id":"NUnit.Seed","Label":"Seed","Category":"","Description":"","Attributes":0,"ValueType":"System.String"},"Value":"1388832893"}]}],"TestRunStatistics":{"ExecutedTests":18,"Stats":{"Passed":18}},"ActiveTests":[{"Id":"72c09f5b-a2e8-7eb4-dafe-1fae2743cd4c","FullyQualifiedName":"HospitalManagerBLTesting.Tests.FailUpdateDoctor","DisplayName":"FailUpdateDoctor","ExecutorUri":"executor://NUnit3TestExecutor","Source":"C:\\Users\\VC\\Documents\\Projects\\Day10(Unit-Testing)\\HospitalManagerSln\\HospitalManagerBLTesting\\bin\\Debug\\net6.0\\fine-code-coverage\\build-output\\HospitalManagerBLTesting.dll","CodeFilePath":null,"LineNumber":0,"Properties":[{"Key":{"Id":"NUnit.Seed","Label":"Seed","Category":"","Description":"","Attributes":0,"ValueType":"System.String"},"Value":"220570437"}]}]}}
TpTrace Verbose: 0 : 3740, 7, 2024/04/24, 10:18:43.634, 3107434582062, vstest.console.dll, TestRunRequest:SendTestRunStatsChange: Starting.
TpTrace Verbose: 0 : 3740, 7, 2024/04/24, 10:18:43.634, 3107434582771, vstest.console.dll, InProgress is FailUpdateDoctor
TpTrace Verbose: 0 : 3740, 7, 2024/04/24, 10:18:43.634, 3107434583894, vstest.console.dll, MulticastDelegateUtilities.SafeInvoke: TestRun.RunStatsChanged: Invoking callbacks was skipped because there are no subscribers.
TpTrace Information: 0 : 3740, 7, 2024/04/24, 10:18:43.634, 3107434584424, vstest.console.dll, TestRunRequest:SendTestRunStatsChange: Completed.
TpTrace Verbose: 0 : 3740, 4, 2024/04/24, 10:18:43.634, 3107434584404, vstest.console.dll, MulticastDelegateUtilities.SafeInvoke: InternalTestLoggerEvents.SendTestResult: Invoking callback 1/1 for Microsoft.VisualStudio.TestPlatform.CommandLine.Internal.ConsoleLogger., took 0 ms.
TpTrace Verbose: 0 : 3740, 7, 2024/04/24, 10:18:43.634, 3107434584812, vstest.console.dll, MulticastDelegateUtilities.SafeInvoke: LengthPrefixCommunicationChannel: MessageReceived: Invoking callback 1/1 for Microsoft.VisualStudio.TestPlatform.CommunicationUtilities.TestRequestSender+<>c__DisplayClass34_0., took 1 ms.
TpTrace Verbose: 0 : 3740, 4, 2024/04/24, 10:18:43.634, 3107434585397, vstest.console.dll, MulticastDelegateUtilities.SafeInvoke: InternalTestLoggerEvents.SendTestResult: Invoking callback 1/1 for Microsoft.VisualStudio.TestPlatform.CommandLine.Internal.ConsoleLogger., took 0 ms.
TpTrace Verbose: 0 : 3740, 7, 2024/04/24, 10:18:43.634, 3107434585610, vstest.console.dll, TcpClientExtensions.MessageLoopAsync: Polling on remoteEndPoint: 127.0.0.1:61608 localEndPoint: 127.0.0.1:61607 after 8 ms
TpTrace Verbose: 0 : 3740, 4, 2024/04/24, 10:18:43.634, 3107434587565, vstest.console.dll, MulticastDelegateUtilities.SafeInvoke: InternalTestLoggerEvents.SendTestResult: Invoking callback 1/1 for Microsoft.VisualStudio.TestPlatform.CommandLine.Internal.ConsoleLogger., took 0 ms.
TpTrace Verbose: 0 : 3740, 4, 2024/04/24, 10:18:43.635, 3107434596326, vstest.console.dll, MulticastDelegateUtilities.SafeInvoke: InternalTestLoggerEvents.SendTestResult: Invoking callback 1/1 for Microsoft.VisualStudio.TestPlatform.CommandLine.Internal.ConsoleLogger., took 0 ms.
TpTrace Verbose: 0 : 3740, 4, 2024/04/24, 10:18:43.635, 3107434597214, vstest.console.dll, MulticastDelegateUtilities.SafeInvoke: InternalTestLoggerEvents.SendTestResult: Invoking callback 1/1 for Microsoft.VisualStudio.TestPlatform.CommandLine.Internal.ConsoleLogger., took 0 ms.
TpTrace Verbose: 0 : 3740, 4, 2024/04/24, 10:18:43.635, 3107434597621, vstest.console.dll, MulticastDelegateUtilities.SafeInvoke: InternalTestLoggerEvents.SendTestResult: Invoking callback 1/1 for Microsoft.VisualStudio.TestPlatform.CommandLine.Internal.ConsoleLogger., took 0 ms.
TpTrace Verbose: 0 : 3740, 4, 2024/04/24, 10:18:43.635, 3107434598045, vstest.console.dll, MulticastDelegateUtilities.SafeInvoke: InternalTestLoggerEvents.SendTestResult: Invoking callback 1/1 for Microsoft.VisualStudio.TestPlatform.CommandLine.Internal.ConsoleLogger., took 0 ms.
TpTrace Verbose: 0 : 3740, 4, 2024/04/24, 10:18:43.635, 3107434598378, vstest.console.dll, MulticastDelegateUtilities.SafeInvoke: InternalTestLoggerEvents.SendTestResult: Invoking callback 1/1 for Microsoft.VisualStudio.TestPlatform.CommandLine.Internal.ConsoleLogger., took 0 ms.
TpTrace Verbose: 0 : 3740, 4, 2024/04/24, 10:18:43.635, 3107434598704, vstest.console.dll, MulticastDelegateUtilities.SafeInvoke: InternalTestLoggerEvents.SendTestResult: Invoking callback 1/1 for Microsoft.VisualStudio.TestPlatform.CommandLine.Internal.ConsoleLogger., took 0 ms.
TpTrace Verbose: 0 : 3740, 7, 2024/04/24, 10:18:43.652, 3107434765015, vstest.console.dll, TcpClientExtensions.MessageLoopAsync: NotifyDataAvailable remoteEndPoint: 127.0.0.1:61608 localEndPoint: 127.0.0.1:61607
TpTrace Verbose: 0 : 3740, 7, 2024/04/24, 10:18:43.652, 3107434766866, vstest.console.dll, TestRequestSender.OnExecutionMessageReceived: Received message: {"Version":7,"MessageType":"TestSession.Message","Payload":{"MessageLevel":0,"Message":"NUnit Adapter 4.4.0.0: Test execution complete"}}
TpTrace Verbose: 0 : 3740, 7, 2024/04/24, 10:18:43.652, 3107434768239, vstest.console.dll, TestRunRequest:SendTestRunMessage: Starting.
TpTrace Verbose: 0 : 3740, 7, 2024/04/24, 10:18:43.652, 3107434768841, vstest.console.dll, MulticastDelegateUtilities.SafeInvoke: TestRun.LogMessages: Invoking callback 1/1 for Microsoft.VisualStudio.TestPlatform.CommandLine.TestRunResultAggregator., took 0 ms.
TpTrace Information: 0 : 3740, 7, 2024/04/24, 10:18:43.652, 3107434769109, vstest.console.dll, TestRunRequest:SendTestRunMessage: Completed.
TpTrace Verbose: 0 : 3740, 4, 2024/04/24, 10:18:43.653, 3107434769270, vstest.console.dll, MulticastDelegateUtilities.SafeInvoke: InternalTestLoggerEvents.SendTestRunMessage: Invoking callback 1/1 for Microsoft.VisualStudio.TestPlatform.CommandLine.Internal.ConsoleLogger., took 0 ms.
TpTrace Verbose: 0 : 3740, 7, 2024/04/24, 10:18:43.653, 3107434769394, vstest.console.dll, MulticastDelegateUtilities.SafeInvoke: LengthPrefixCommunicationChannel: MessageReceived: Invoking callback 1/1 for Microsoft.VisualStudio.TestPlatform.CommunicationUtilities.TestRequestSender+<>c__DisplayClass34_0., took 0 ms.
TpTrace Verbose: 0 : 3740, 7, 2024/04/24, 10:18:43.653, 3107434770795, vstest.console.dll, TcpClientExtensions.MessageLoopAsync: Polling on remoteEndPoint: 127.0.0.1:61608 localEndPoint: 127.0.0.1:61607 after 18 ms
TpTrace Verbose: 0 : 3740, 7, 2024/04/24, 10:18:43.668, 3107434921484, vstest.console.dll, TcpClientExtensions.MessageLoopAsync: NotifyDataAvailable remoteEndPoint: 127.0.0.1:61608 localEndPoint: 127.0.0.1:61607
TpTrace Verbose: 0 : 3740, 7, 2024/04/24, 10:18:43.668, 3107434924964, vstest.console.dll, TestRequestSender.OnExecutionMessageReceived: Received message: {"Version":7,"MessageType":"TestExecution.Completed","Payload":{"TestRunCompleteArgs":{"TestRunStatistics":{"ExecutedTests":22,"Stats":{"Passed":22}},"IsCanceled":false,"IsAborted":false,"Error":null,"AttachmentSets":[],"InvokedDataCollectors":[],"ElapsedTimeInRunningTests":"00:00:00.3885477","Metrics":{},"DiscoveredExtensions":{"TestDiscoverers":["NUnit.VisualStudio.TestAdapter.NUnit3TestDiscoverer, NUnit3.TestAdapter, Version=4.4.0.0, Culture=neutral, PublicKeyToken=4cb40d35494691ac"],"TestExecutors":["executor://NUnit3TestExecutor"],"TestExecutors2":[],"TestSettingsProviders":[]}},"LastRunTests":{"NewTestResults":[{"TestCase":{"Id":"72c09f5b-a2e8-7eb4-dafe-1fae2743cd4c","FullyQualifiedName":"HospitalManagerBLTesting.Tests.FailUpdateDoctor","DisplayName":"FailUpdateDoctor","ExecutorUri":"executor://NUnit3TestExecutor","Source":"C:\\Users\\VC\\Documents\\Projects\\Day10(Unit-Testing)\\HospitalManagerSln\\HospitalManagerBLTesting\\bin\\Debug\\net6.0\\fine-code-coverage\\build-output\\HospitalManagerBLTesting.dll","CodeFilePath":null,"LineNumber":0,"Properties":[{"Key":{"Id":"NUnit.Seed","Label":"Seed","Category":"","Description":"","Attributes":0,"ValueType":"System.String"},"Value":"220570437"}]},"Attachments":[],"Outcome":1,"ErrorMessage":null,"ErrorStackTrace":null,"DisplayName":"FailUpdateDoctor","Messages":[],"ComputerName":"75RBBX3","Duration":"00:00:00.0004840","StartTime":"2024-04-24T04:48:43.5325578+00:00","EndTime":"2024-04-24T04:48:43.5330413+00:00","Properties":[{"Key":{"Id":"NUnit.Seed","Label":"Seed","Category":"","Description":"","Attributes":0,"ValueType":"System.String"},"Value":"220570437"}]},{"TestCase":{"Id":"7e745913-2b7e-67b5-ceb6-f14333980bed","FullyQualifiedName":"HospitalManagerBLTesting.Tests.GetAllDoctor","DisplayName":"GetAllDoctor","ExecutorUri":"executor://NUnit3TestExecutor","Source":"C:\\Users\\VC\\Documents\\Projects\\Day10(Unit-Testing)\\HospitalManagerSln\\HospitalManagerBLTesting\\bin\\Debug\\net6.0\\fine-code-coverage\\build-output\\HospitalManagerBLTesting.dll","CodeFilePath":null,"LineNumber":0,"Properties":[{"Key":{"Id":"NUnit.Seed","Label":"Seed","Category":"","Description":"","Attributes":0,"ValueType":"System.String"},"Value":"1196696550"}]},"Attachments":[],"Outcome":1,"ErrorMessage":null,"ErrorStackTrace":null,"DisplayName":"GetAllDoctor","Messages":[],"ComputerName":"75RBBX3","Duration":"00:00:00.0005270","StartTime":"2024-04-24T04:48:43.5330504+00:00","EndTime":"2024-04-24T04:48:43.5335768+00:00","Properties":[{"Key":{"Id":"NUnit.Seed","Label":"Seed","Category":"","Description":"","Attributes":0,"ValueType":"System.String"},"Value":"1196696550"}]},{"TestCase":{"Id":"617ea556-d4d0-95ee-6fc0-cd169dd8f809","FullyQualifiedName":"HospitalManagerBLTesting.Tests.RetriveDoctorById","DisplayName":"RetriveDoctorById","ExecutorUri":"executor://NUnit3TestExecutor","Source":"C:\\Users\\VC\\Documents\\Projects\\Day10(Unit-Testing)\\HospitalManagerSln\\HospitalManagerBLTesting\\bin\\Debug\\net6.0\\fine-code-coverage\\build-output\\HospitalManagerBLTesting.dll","CodeFilePath":null,"LineNumber":0,"Properties":[{"Key":{"Id":"NUnit.Seed","Label":"Seed","Category":"","Description":"","Attributes":0,"ValueType":"System.String"},"Value":"525751692"}]},"Attachments":[],"Outcome":1,"ErrorMessage":null,"ErrorStackTrace":null,"DisplayName":"RetriveDoctorById","Messages":[],"ComputerName":"75RBBX3","Duration":"00:00:00.0004790","StartTime":"2024-04-24T04:48:43.5335883+00:00","EndTime":"2024-04-24T04:48:43.5340673+00:00","Properties":[{"Key":{"Id":"NUnit.Seed","Label":"Seed","Category":"","Description":"","Attributes":0,"ValueType":"System.String"},"Value":"525751692"}]},{"TestCase":{"Id":"cb674c71-b764-d738-76b3-6c290d26c0c5","FullyQualifiedName":"HospitalManagerBLTesting.Tests.UpdateDoctor","DisplayName":"UpdateDoctor","ExecutorUri":"executor://NUnit3TestExecutor","Source":"C:\\Users\\VC\\Documents\\Projects\\Day10(Unit-Testing)\\HospitalManagerSln\\HospitalManagerBLTesting\\bin\\Debug\\net6.0\\fine-code-coverage\\build-output\\HospitalManagerBLTesting.dll","CodeFilePath":null,"LineNumber":0,"Properties":[{"Key":{"Id":"NUnit.Seed","Label":"Seed","Category":"","Description":"","Attributes":0,"ValueType":"System.String"},"Value":"1104428484"}]},"Attachments":[],"Outcome":1,"ErrorMessage":null,"ErrorStackTrace":null,"DisplayName":"UpdateDoctor","Messages":[],"ComputerName":"75RBBX3","Duration":"00:00:00.0005130","StartTime":"2024-04-24T04:48:43.5340793+00:00","EndTime":"2024-04-24T04:48:43.5345921+00:00","Properties":[{"Key":{"Id":"NUnit.Seed","Label":"Seed","Category":"","Description":"","Attributes":0,"ValueType":"System.String"},"Value":"1104428484"}]}],"TestRunStatistics":{"ExecutedTests":22,"Stats":{"Passed":22}},"ActiveTests":[]},"RunAttachments":[],"ExecutorUris":["executor://nunit3testexecutor/"]}}
TpTrace Verbose: 0 : 3740, 7, 2024/04/24, 10:18:43.668, 3107434926714, vstest.console.dll, TestRequestSender.EndSession: Sending end session.
TpTrace Verbose: 0 : 3740, 7, 2024/04/24, 10:18:43.668, 3107434928392, vstest.console.dll, ProxyOperationManager.Close: waiting for test host to exit for 100 ms
TpTrace Verbose: 0 : 3740, 11, 2024/04/24, 10:18:43.698, 3107435229047, vstest.console.dll, TestHostManagerCallbacks.ctor: Experimental forwarding output is disabled.
TpTrace Warning: 0 : 3740, 11, 2024/04/24, 10:18:43.699, 3107435231040, vstest.console.dll, TestHostManagerCallbacks.ErrorReceivedCallback Test host standard error line: 
TpTrace Verbose: 0 : 3740, 11, 2024/04/24, 10:18:43.709, 3107435330230, vstest.console.dll, TestHostProvider.ExitCallBack: Host exited starting callback.
TpTrace Information: 0 : 3740, 11, 2024/04/24, 10:18:43.709, 3107435332992, vstest.console.dll, TestHostManagerCallbacks.ExitCallBack: Testhost processId: 1084 exited with exitcode: 0 error: ''
TpTrace Verbose: 0 : 3740, 11, 2024/04/24, 10:18:43.709, 3107435333762, vstest.console.dll, DotnetTestHostManager.OnHostExited: invoking OnHostExited callback
TpTrace Verbose: 0 : 3740, 11, 2024/04/24, 10:18:43.709, 3107435335372, vstest.console.dll, CrossPlatEngine.TestHostManagerHostExited: calling on client process exit callback.
TpTrace Information: 0 : 3740, 11, 2024/04/24, 10:18:43.709, 3107435336643, vstest.console.dll, TestRequestSender.OnClientProcessExit: Test host process exited. Standard error: 
TpTrace Information: 0 : 3740, 7, 2024/04/24, 10:18:43.709, 3107435337189, vstest.console.dll, SocketServer.Stop: Stop server endPoint: 127.0.0.1:61607
TpTrace Information: 0 : 3740, 7, 2024/04/24, 10:18:43.709, 3107435337941, vstest.console.dll, SocketServer.Stop: Cancellation requested. Stopping message loop.
TpTrace Information: 0 : 3740, 11, 2024/04/24, 10:18:43.709, 3107435337316, vstest.console.dll, SocketServer.Stop: Stop server endPoint: 127.0.0.1:61607
TpTrace Information: 0 : 3740, 11, 2024/04/24, 10:18:43.709, 3107435338795, vstest.console.dll, SocketServer.Stop: Cancellation requested. Stopping message loop.
TpTrace Verbose: 0 : 3740, 11, 2024/04/24, 10:18:43.710, 3107435339354, vstest.console.dll, MulticastDelegateUtilities.SafeInvoke: HostProviderEvents.OnHostExited: Invoking callback 1/1 for Microsoft.VisualStudio.TestPlatform.CrossPlatEngine.Client.ProxyOperationManager., took 0 ms.
TpTrace Information: 0 : 3740, 7, 2024/04/24, 10:18:43.710, 3107435339874, vstest.console.dll, Closing the connection
TpTrace Verbose: 0 : 3740, 7, 2024/04/24, 10:18:43.710, 3107435343118, vstest.console.dll, ProxyDataCollectionManager.InvokeDataCollectionServiceAction: Starting.
TpTrace Information: 0 : 3740, 7, 2024/04/24, 10:18:43.710, 3107435343901, vstest.console.dll, ProxyDataCollectionManager.AfterTestRunEnd: Get attachment set and invoked data collectors processId: 30728 port: 61604
TpTrace Verbose: 0 : 3740, 7, 2024/04/24, 10:18:43.710, 3107435344506, vstest.console.dll, DataCollectionRequestSender.SendAfterTestRunStartAndGetResult: Send AfterTestRunEnd message with isCancelled: False
TpTrace Verbose: 0 : 3740, 7, 2024/04/24, 10:18:43.717, 3107435413361, vstest.console.dll, DataCollectionRequestSender.SendAfterTestRunStartAndGetResult: Received message: (DataCollection.AfterTestRunEndResult) -> {"MessageType":"DataCollection.AfterTestRunEndResult","Payload":{"AttachmentSets":[],"InvokedDataCollectors":[{"Uri":"datacollector://Microsoft/TestPlatform/Extensions/Blame/v1","FriendlyName":"Blame","AssemblyQualifiedName":"Microsoft.TestPlatform.Extensions.BlameDataCollector.BlameCollector, Microsoft.TestPlatform.Extensions.BlameDataCollector, Version=15.0.0.0, Culture=neutral, PublicKeyToken=b03f5f7f11d50a3a","FilePath":"C:\\Program Files\\dotnet\\sdk\\8.0.202\\Extensions\\Microsoft.TestPlatform.Extensions.BlameDataCollector.dll","HasAttachmentProcessor":false}],"Metrics":{}}}
TpTrace Information: 0 : 3740, 7, 2024/04/24, 10:18:43.723, 3107435473831, vstest.console.dll, ProxyDataCollectionManager.InvokeDataCollectionServiceAction: Completed.
TpTrace Warning: 0 : 3740, 10, 2024/04/24, 10:18:43.743, 3107435677913, vstest.console.dll, DataCollectionLauncher.ErrorReceivedCallback datacollector standard error line: 
TpTrace Information: 0 : 3740, 10, 2024/04/24, 10:18:43.751, 3107435752710, vstest.console.dll, DataCollectionLauncher.ExitCallBack: Data collector exited with exitcode: 0 error: ''
TpTrace Verbose: 0 : 3740, 7, 2024/04/24, 10:18:43.755, 3107435791360, vstest.console.dll, TestRunRequest:SendTestRunStatsChange: Starting.
TpTrace Verbose: 0 : 3740, 7, 2024/04/24, 10:18:43.755, 3107435792568, vstest.console.dll, MulticastDelegateUtilities.SafeInvoke: TestRun.RunStatsChanged: Invoking callbacks was skipped because there are no subscribers.
TpTrace Information: 0 : 3740, 7, 2024/04/24, 10:18:43.755, 3107435793023, vstest.console.dll, TestRunRequest:SendTestRunStatsChange: Completed.
TpTrace Verbose: 0 : 3740, 4, 2024/04/24, 10:18:43.755, 3107435794003, vstest.console.dll, MulticastDelegateUtilities.SafeInvoke: InternalTestLoggerEvents.SendTestResult: Invoking callback 1/1 for Microsoft.VisualStudio.TestPlatform.CommandLine.Internal.ConsoleLogger., took 0 ms.
TpTrace Verbose: 0 : 3740, 4, 2024/04/24, 10:18:43.755, 3107435794835, vstest.console.dll, MulticastDelegateUtilities.SafeInvoke: InternalTestLoggerEvents.SendTestResult: Invoking callback 1/1 for Microsoft.VisualStudio.TestPlatform.CommandLine.Internal.ConsoleLogger., took 0 ms.
TpTrace Verbose: 0 : 3740, 4, 2024/04/24, 10:18:43.755, 3107435795249, vstest.console.dll, MulticastDelegateUtilities.SafeInvoke: InternalTestLoggerEvents.SendTestResult: Invoking callback 1/1 for Microsoft.VisualStudio.TestPlatform.CommandLine.Internal.ConsoleLogger., took 0 ms.
TpTrace Verbose: 0 : 3740, 4, 2024/04/24, 10:18:43.755, 3107435795631, vstest.console.dll, MulticastDelegateUtilities.SafeInvoke: InternalTestLoggerEvents.SendTestResult: Invoking callback 1/1 for Microsoft.VisualStudio.TestPlatform.CommandLine.Internal.ConsoleLogger., took 0 ms.
TpTrace Verbose: 0 : 3740, 7, 2024/04/24, 10:18:43.755, 3107435795763, vstest.console.dll, ParallelProxyExecutionManager: HandlePartialRunComplete: Total workloads = 1, Total started clients = 1 Total completed clients = 1, Run complete = True, Run canceled: False.
TpTrace Verbose: 0 : 3740, 7, 2024/04/24, 10:18:43.755, 3107435796747, vstest.console.dll, ParallelProxyExecutionManager: HandlePartialRunComplete: All runs completed stopping all managers.
TpTrace Verbose: 0 : 3740, 7, 2024/04/24, 10:18:43.755, 3107435797196, vstest.console.dll, ParallelOperationManager.StopAllManagers: Stopping all managers.
TpTrace Verbose: 0 : 3740, 7, 2024/04/24, 10:18:43.755, 3107435797487, vstest.console.dll, ParallelOperationManager.ClearSlots: Clearing all slots. Slots should accept more work: False
TpTrace Verbose: 0 : 3740, 7, 2024/04/24, 10:18:43.755, 3107435797843, vstest.console.dll, ParallelOperationManager.SetOccupiedSlotCount: Setting slot counts AvailableSlotCount = 1, OccupiedSlotCount = 0.
TpTrace Verbose: 0 : 3740, 7, 2024/04/24, 10:18:43.755, 3107435798288, vstest.console.dll, Occupied slots:

TpTrace Verbose: 0 : 3740, 4, 2024/04/24, 10:18:43.763, 3107435871736, vstest.console.dll, MulticastDelegateUtilities.SafeInvoke: InternalTestLoggerEvents.SendTestRunComplete: Invoking callback 1/2 for Microsoft.TestPlatform.Extensions.BlameDataCollector.BlameLogger., took 0 ms.
TpTrace Verbose: 0 : 3740, 4, 2024/04/24, 10:18:43.768, 3107435924016, vstest.console.dll, MulticastDelegateUtilities.SafeInvoke: InternalTestLoggerEvents.SendTestRunComplete: Invoking callback 2/2 for Microsoft.VisualStudio.TestPlatform.CommandLine.Internal.ConsoleLogger., took 4 ms.
TpTrace Verbose: 0 : 3740, 7, 2024/04/24, 10:18:43.769, 3107435929350, vstest.console.dll, TestRunRequest:TestRunComplete: Starting. IsAborted:False IsCanceled:False.
TpTrace Verbose: 0 : 3740, 7, 2024/04/24, 10:18:43.769, 3107435930750, vstest.console.dll, ParallelOperationManager.DoActionOnAllManagers: Calling an action on all managers.
TpTrace Verbose: 0 : 3740, 7, 2024/04/24, 10:18:43.770, 3107435940005, vstest.console.dll, TestLoggerManager.HandleTestRunComplete: Ignoring as the object is disposed.
TpTrace Verbose: 0 : 3740, 7, 2024/04/24, 10:18:43.770, 3107435941881, vstest.console.dll, MulticastDelegateUtilities.SafeInvoke: TestRun.TestRunComplete: Invoking callback 1/2 for Microsoft.VisualStudio.TestPlatform.CommandLine.TestRunResultAggregator., took 0 ms.
TpTrace Verbose: 0 : 3740, 7, 2024/04/24, 10:18:43.770, 3107435942846, vstest.console.dll, MulticastDelegateUtilities.SafeInvoke: TestRun.TestRunComplete: Invoking callback 2/2 for Microsoft.VisualStudio.TestPlatform.CommandLine.Processors.RunTestsArgumentExecutor+TestRunRequestEventsRegistrar., took 0 ms.
TpTrace Information: 0 : 3740, 7, 2024/04/24, 10:18:43.770, 3107435943923, vstest.console.dll, TestRunRequest:TestRunComplete: Completed.
TpTrace Verbose: 0 : 3740, 7, 2024/04/24, 10:18:43.770, 3107435944252, vstest.console.dll, TestRequestSender.SetOperationComplete: Setting operation complete.
TpTrace Information: 0 : 3740, 7, 2024/04/24, 10:18:43.770, 3107435944552, vstest.console.dll, SocketServer.Stop: Stop server endPoint: 127.0.0.1:61607
TpTrace Information: 0 : 3740, 7, 2024/04/24, 10:18:43.770, 3107435944827, vstest.console.dll, SocketServer.Stop: Cancellation requested. Stopping message loop.
TpTrace Verbose: 0 : 3740, 1, 2024/04/24, 10:18:43.770, 3107435944862, vstest.console.dll, TestRunRequest.Dispose: Starting.
TpTrace Verbose: 0 : 3740, 7, 2024/04/24, 10:18:43.770, 3107435945126, vstest.console.dll, MulticastDelegateUtilities.SafeInvoke: LengthPrefixCommunicationChannel: MessageReceived: Invoking callback 1/1 for Microsoft.VisualStudio.TestPlatform.CommunicationUtilities.TestRequestSender+<>c__DisplayClass34_0., took 102 ms.
TpTrace Information: 0 : 3740, 1, 2024/04/24, 10:18:43.770, 3107435946613, vstest.console.dll, TestRunRequest.Dispose: Completed.
TpTrace Information: 0 : 3740, 7, 2024/04/24, 10:18:43.770, 3107435947221, vstest.console.dll, SocketServer.PrivateStop: Stopping server endPoint: 127.0.0.1:61607 error: 
TpTrace Information: 0 : 3740, 1, 2024/04/24, 10:18:43.770, 3107435948398, vstest.console.dll, TestRequestManager.RunTests: run tests completed.
TpTrace Information: 0 : 3740, 1, 2024/04/24, 10:18:43.771, 3107435949347, vstest.console.dll, RunTestsArgumentProcessor:Execute: Test run is completed.
TpTrace Verbose: 0 : 3740, 7, 2024/04/24, 10:18:43.771, 3107435951378, vstest.console.dll, LengthPrefixCommunicationChannel.Dispose: Dispose reader and writer.
TpTrace Verbose: 0 : 3740, 1, 2024/04/24, 10:18:43.771, 3107435951557, vstest.console.dll, Executor.Execute: Exiting with exit code of 0
TpTrace Information: 0 : 3740, 7, 2024/04/24, 10:18:43.771, 3107435952124, vstest.console.dll, SocketServer.Stop: Raise disconnected event endPoint: 127.0.0.1:61607 error: 
TpTrace Verbose: 0 : 3740, 7, 2024/04/24, 10:18:43.771, 3107435953176, vstest.console.dll, TestRequestSender: OnTestRunAbort: Operation is already complete. Skip error message.
TpTrace Verbose: 0 : 3740, 7, 2024/04/24, 10:18:43.771, 3107435953692, vstest.console.dll, MulticastDelegateUtilities.SafeInvoke: SocketServer: ClientDisconnected: Invoking callback 1/1 for Microsoft.VisualStudio.TestPlatform.CommunicationUtilities.TestRequestSender., took 0 ms.
TpTrace Verbose: 0 : 3740, 7, 2024/04/24, 10:18:43.771, 3107435954152, vstest.console.dll, TcpClientExtensions.MessageLoopAsync: exiting MessageLoopAsync remoteEndPoint: 127.0.0.1:61608 localEndPoint: 127.0.0.1:61607
