TpTrace Verbose: 0 : 17532, 1, 2024/04/26, 19:32:33.493, 5167740220277, vstest.console.dll, Version: 17.9.0-release-24072-02 Current process architecture: X64
TpTrace Verbose: 0 : 17532, 1, 2024/04/26, 19:32:33.495, 5167740242876, vstest.console.dll, Runtime location: C:\Program Files\dotnet\shared\Microsoft.NETCore.App\8.0.3
TpTrace Verbose: 0 : 17532, 1, 2024/04/26, 19:32:33.497, 5167740259901, vstest.console.dll, ArtifactProcessingPostProcessModeProcessorExecutor.Initialize: ArtifactProcessingMode.Collect
TpTrace Verbose: 0 : 17532, 1, 2024/04/26, 19:32:33.497, 5167740260895, vstest.console.dll, TestSessionCorrelationIdProcessorModeProcessorExecutor.Initialize: TestSessionCorrelationId '47056_e5d69cec-ae7c-4676-a389-c74fae87c08d'
TpTrace Information: 0 : 17532, 1, 2024/04/26, 19:32:33.504, 5167740338643, vstest.console.dll, FilePatternParser: The given file C:\Users\VC\Documents\Projects\Day-12(Online Shopping Remaining)\OnlineShoppingSln\OnlineShoppingUnitTest\bin\Debug\net6.0\fine-code-coverage\build-output\OnlineShoppingUnitTest.dll is a full path.
TpTrace Verbose: 0 : 17532, 1, 2024/04/26, 19:32:33.507, 5167740369607, vstest.console.dll, TestPluginCache.DiscoverTestExtensions: finding test extensions in assemblies ends with: RuntimeProvider.dll TPluginInfo: Microsoft.VisualStudio.TestPlatform.Common.ExtensionFramework.Utilities.TestRuntimePluginInformation TExtension: Microsoft.VisualStudio.TestPlatform.ObjectModel.Host.ITestRuntimeProvider
TpTrace Verbose: 0 : 17532, 1, 2024/04/26, 19:32:33.508, 5167740372083, vstest.console.dll, TestPluginCache.GetExtensionPaths: Filtered extension paths: 
TpTrace Verbose: 0 : 17532, 1, 2024/04/26, 19:32:33.508, 5167740372659, vstest.console.dll, TestPluginCache.GetExtensionPaths: Added default extension paths: C:\Program Files\dotnet\sdk\8.0.202\Extensions\Microsoft.Diagnostics.NETCore.Client.dll
C:\Program Files\dotnet\sdk\8.0.202\Extensions\Microsoft.TestPlatform.Extensions.BlameDataCollector.dll
C:\Program Files\dotnet\sdk\8.0.202\Extensions\Microsoft.TestPlatform.Extensions.EventLogCollector.dll
C:\Program Files\dotnet\sdk\8.0.202\Extensions\Microsoft.TestPlatform.TestHostRuntimeProvider.dll
C:\Program Files\dotnet\sdk\8.0.202\Extensions\Microsoft.VisualStudio.TestPlatform.Extensions.Html.TestLogger.dll
C:\Program Files\dotnet\sdk\8.0.202\Extensions\Microsoft.VisualStudio.TestPlatform.Extensions.Trx.TestLogger.dll
TpTrace Verbose: 0 : 17532, 1, 2024/04/26, 19:32:33.508, 5167740372970, vstest.console.dll, TestPluginCache.GetExtensionPaths: Added unfilterableExtensionPaths: 
TpTrace Information: 0 : 17532, 1, 2024/04/26, 19:32:33.508, 5167740376546, vstest.console.dll, AssemblyResolver.ctor: Creating AssemblyResolver with searchDirectories C:\Program Files\dotnet\sdk\8.0.202\Extensions,C:\Program Files\dotnet\sdk\8.0.202
TpTrace Verbose: 0 : 17532, 1, 2024/04/26, 19:32:33.509, 5167740389405, vstest.console.dll, TestPluginCache.DiscoverTestExtensions: Discovering the extensions using extension path.
TpTrace Verbose: 0 : 17532, 1, 2024/04/26, 19:32:33.510, 5167740390640, vstest.console.dll, TestPluginCache.GetExtensionPaths: Filtered extension paths: 
TpTrace Verbose: 0 : 17532, 1, 2024/04/26, 19:32:33.510, 5167740391001, vstest.console.dll, TestPluginCache.GetExtensionPaths: Added default extension paths: C:\Program Files\dotnet\sdk\8.0.202\Extensions\Microsoft.Diagnostics.NETCore.Client.dll
C:\Program Files\dotnet\sdk\8.0.202\Extensions\Microsoft.TestPlatform.Extensions.BlameDataCollector.dll
C:\Program Files\dotnet\sdk\8.0.202\Extensions\Microsoft.TestPlatform.Extensions.EventLogCollector.dll
C:\Program Files\dotnet\sdk\8.0.202\Extensions\Microsoft.TestPlatform.TestHostRuntimeProvider.dll
C:\Program Files\dotnet\sdk\8.0.202\Extensions\Microsoft.VisualStudio.TestPlatform.Extensions.Html.TestLogger.dll
C:\Program Files\dotnet\sdk\8.0.202\Extensions\Microsoft.VisualStudio.TestPlatform.Extensions.Trx.TestLogger.dll
TpTrace Verbose: 0 : 17532, 1, 2024/04/26, 19:32:33.510, 5167740391282, vstest.console.dll, TestPluginCache.GetExtensionPaths: Added unfilterableExtensionPaths: 
TpTrace Verbose: 0 : 17532, 1, 2024/04/26, 19:32:33.510, 5167740392128, vstest.console.dll, TestPluginCache.DiscoverTestExtensions: Discovering the extensions using allExtensionPaths: C:\Program Files\dotnet\sdk\8.0.202\Extensions\Microsoft.Diagnostics.NETCore.Client.dll
C:\Program Files\dotnet\sdk\8.0.202\Extensions\Microsoft.TestPlatform.Extensions.BlameDataCollector.dll
C:\Program Files\dotnet\sdk\8.0.202\Extensions\Microsoft.TestPlatform.Extensions.EventLogCollector.dll
C:\Program Files\dotnet\sdk\8.0.202\Extensions\Microsoft.TestPlatform.TestHostRuntimeProvider.dll
C:\Program Files\dotnet\sdk\8.0.202\Extensions\Microsoft.VisualStudio.TestPlatform.Extensions.Html.TestLogger.dll
C:\Program Files\dotnet\sdk\8.0.202\Extensions\Microsoft.VisualStudio.TestPlatform.Extensions.Trx.TestLogger.dll
TpTrace Information: 0 : 17532, 1, 2024/04/26, 19:32:33.510, 5167740393037, vstest.console.dll, AssemblyResolver.AddSearchDirectories: Adding more searchDirectories C:\Program Files\dotnet\sdk\8.0.202\Extensions,C:\Program Files\dotnet\sdk\8.0.202
TpTrace Information: 0 : 17532, 1, 2024/04/26, 19:32:33.510, 5167740393392, vstest.console.dll, AssemblyResolver.AddSearchDirectories: Adding more searchDirectories C:\Program Files\dotnet\sdk\8.0.202\Extensions,C:\Program Files\dotnet\sdk\8.0.202
TpTrace Information: 0 : 17532, 1, 2024/04/26, 19:32:33.510, 5167740393642, vstest.console.dll, AssemblyResolver.AddSearchDirectories: Adding more searchDirectories C:\Program Files\dotnet\sdk\8.0.202\Extensions,C:\Program Files\dotnet\sdk\8.0.202
TpTrace Information: 0 : 17532, 1, 2024/04/26, 19:32:33.510, 5167740393898, vstest.console.dll, AssemblyResolver.AddSearchDirectories: Adding more searchDirectories C:\Program Files\dotnet\sdk\8.0.202\Extensions,C:\Program Files\dotnet\sdk\8.0.202
TpTrace Information: 0 : 17532, 1, 2024/04/26, 19:32:33.510, 5167740394115, vstest.console.dll, AssemblyResolver.AddSearchDirectories: Adding more searchDirectories C:\Program Files\dotnet\sdk\8.0.202\Extensions,C:\Program Files\dotnet\sdk\8.0.202
TpTrace Information: 0 : 17532, 1, 2024/04/26, 19:32:33.510, 5167740394330, vstest.console.dll, AssemblyResolver.AddSearchDirectories: Adding more searchDirectories C:\Program Files\dotnet\sdk\8.0.202\Extensions,C:\Program Files\dotnet\sdk\8.0.202
TpTrace Information: 0 : 17532, 1, 2024/04/26, 19:32:33.510, 5167740398020, vstest.console.dll, AssemblyResolver.OnResolve: Microsoft.Diagnostics.NETCore.Client: Resolving assembly.
TpTrace Information: 0 : 17532, 1, 2024/04/26, 19:32:33.510, 5167740398621, vstest.console.dll, AssemblyResolver.OnResolve: Microsoft.Diagnostics.NETCore.Client: Searching in: 'C:\Program Files\dotnet\sdk\8.0.202\Extensions'.
TpTrace Information: 0 : 17532, 1, 2024/04/26, 19:32:33.515, 5167740449537, vstest.console.dll, AssemblyResolver.OnResolve: Microsoft.Diagnostics.NETCore.Client: Loading assembly 'C:\Program Files\dotnet\sdk\8.0.202\Extensions\Microsoft.Diagnostics.NETCore.Client.dll'.
TpTrace Information: 0 : 17532, 1, 2024/04/26, 19:32:33.516, 5167740454462, vstest.console.dll, AssemblyResolver.OnResolve: Resolved assembly: Microsoft.Diagnostics.NETCore.Client, from path: C:\Program Files\dotnet\sdk\8.0.202\Extensions\Microsoft.Diagnostics.NETCore.Client.dll
TpTrace Verbose: 0 : 17532, 1, 2024/04/26, 19:32:33.521, 5167740500799, vstest.console.dll, MetadataReaderExtensionsHelper: Discovering extensions inside assembly 'Microsoft.Diagnostics.NETCore.Client, Version=0.2.9.2401, Culture=neutral, PublicKeyToken=31bf3856ad364e35' file path 'C:\Program Files\dotnet\sdk\8.0.202\Extensions\Microsoft.Diagnostics.NETCore.Client.dll'
TpTrace Information: 0 : 17532, 1, 2024/04/26, 19:32:33.524, 5167740531449, vstest.console.dll, AssemblyResolver.OnResolve: Microsoft.Bcl.AsyncInterfaces: Resolving assembly.
TpTrace Information: 0 : 17532, 1, 2024/04/26, 19:32:33.524, 5167740532193, vstest.console.dll, AssemblyResolver.OnResolve: Microsoft.Bcl.AsyncInterfaces: Searching in: 'C:\Program Files\dotnet\sdk\8.0.202\Extensions'.
TpTrace Information: 0 : 17532, 1, 2024/04/26, 19:32:33.524, 5167740532849, vstest.console.dll, AssemblyResolver.OnResolve: Microsoft.Bcl.AsyncInterfaces: Assembly path does not exist: 'C:\Program Files\dotnet\sdk\8.0.202\Extensions\Microsoft.Bcl.AsyncInterfaces.dll', returning.
TpTrace Information: 0 : 17532, 1, 2024/04/26, 19:32:33.524, 5167740533659, vstest.console.dll, AssemblyResolver.OnResolve: Microsoft.Bcl.AsyncInterfaces: Assembly path does not exist: 'C:\Program Files\dotnet\sdk\8.0.202\Extensions\Microsoft.Bcl.AsyncInterfaces.exe', returning.
TpTrace Information: 0 : 17532, 1, 2024/04/26, 19:32:33.524, 5167740533934, vstest.console.dll, AssemblyResolver.OnResolve: Microsoft.Bcl.AsyncInterfaces: Searching in: 'C:\Program Files\dotnet\sdk\8.0.202'.
TpTrace Information: 0 : 17532, 1, 2024/04/26, 19:32:33.524, 5167740534360, vstest.console.dll, AssemblyResolver.OnResolve: Microsoft.Bcl.AsyncInterfaces: Assembly path does not exist: 'C:\Program Files\dotnet\sdk\8.0.202\Microsoft.Bcl.AsyncInterfaces.dll', returning.
TpTrace Information: 0 : 17532, 1, 2024/04/26, 19:32:33.524, 5167740534823, vstest.console.dll, AssemblyResolver.OnResolve: Microsoft.Bcl.AsyncInterfaces: Assembly path does not exist: 'C:\Program Files\dotnet\sdk\8.0.202\Microsoft.Bcl.AsyncInterfaces.exe', returning.
TpTrace Information: 0 : 17532, 1, 2024/04/26, 19:32:33.524, 5167740535040, vstest.console.dll, AssemblyResolver.OnResolve: Microsoft.Bcl.AsyncInterfaces: Failed to load assembly.
TpTrace Verbose: 0 : 17532, 1, 2024/04/26, 19:32:33.524, 5167740535317, vstest.console.dll, CurrentDomainAssemblyResolve: Resolving assembly 'Microsoft.Bcl.AsyncInterfaces'.
TpTrace Information: 0 : 17532, 1, 2024/04/26, 19:32:33.524, 5167740535708, vstest.console.dll, AssemblyResolver.OnResolve: Microsoft.Bcl.AsyncInterfaces: Resolving assembly.
TpTrace Information: 0 : 17532, 1, 2024/04/26, 19:32:33.524, 5167740535987, vstest.console.dll, AssemblyResolver.OnResolve: Microsoft.Bcl.AsyncInterfaces: Resolved from cache.
TpTrace Verbose: 0 : 17532, 1, 2024/04/26, 19:32:33.524, 5167740536254, vstest.console.dll, CurrentDomainAssemblyResolve: Resolving assembly 'Microsoft.Bcl.AsyncInterfaces'.
TpTrace Verbose: 0 : 17532, 1, 2024/04/26, 19:32:33.524, 5167740536502, vstest.console.dll, CurrentDomainAssemblyResolve: Failed to resolve assembly 'Microsoft.Bcl.AsyncInterfaces'.
TpTrace Verbose: 0 : 17532, 1, 2024/04/26, 19:32:33.525, 5167740540989, vstest.console.dll, CurrentDomainAssemblyResolve: Failed to resolve assembly 'Microsoft.Bcl.AsyncInterfaces'.
TpTrace Warning: 0 : 17532, 1, 2024/04/26, 19:32:33.532, 5167740610980, vstest.console.dll, TestPluginDiscoverer: Failed to get types from assembly 'Microsoft.Diagnostics.NETCore.Client, Version=0.2.9.2401, Culture=neutral, PublicKeyToken=31bf3856ad364e35'. Error: System.Reflection.ReflectionTypeLoadException: Unable to load one or more of the requested types.
Could not load file or assembly 'Microsoft.Bcl.AsyncInterfaces, Version=6.0.0.0, Culture=neutral, PublicKeyToken=cc7b13ffcd2ddd51'. The system cannot find the file specified.
   at System.Reflection.RuntimeModule.GetTypes(RuntimeModule module)
   at System.Reflection.RuntimeModule.GetTypes()
   at Microsoft.VisualStudio.TestPlatform.Common.ExtensionFramework.TestPluginDiscoverer.GetTestExtensionsFromAssembly[TPluginInfo,TExtension](Assembly assembly, Dictionary`2 pluginInfos, String filePath) in /_/src/Microsoft.TestPlatform.Common/ExtensionFramework/TestPluginDiscoverer.cs:line 158
System.IO.FileNotFoundException: Could not load file or assembly 'Microsoft.Bcl.AsyncInterfaces, Version=6.0.0.0, Culture=neutral, PublicKeyToken=cc7b13ffcd2ddd51'. The system cannot find the file specified.
File name: 'Microsoft.Bcl.AsyncInterfaces, Version=6.0.0.0, Culture=neutral, PublicKeyToken=cc7b13ffcd2ddd51'
 ---> System.IO.FileNotFoundException: Could not load file or assembly 'Microsoft.Bcl.AsyncInterfaces, Culture=neutral, PublicKeyToken=null'. The system cannot find the file specified.
File name: 'Microsoft.Bcl.AsyncInterfaces, Culture=neutral, PublicKeyToken=null'
   at System.Reflection.RuntimeAssembly.InternalLoad(AssemblyName assemblyName, StackCrawlMark& stackMark, AssemblyLoadContext assemblyLoadContext, RuntimeAssembly requestingAssembly, Boolean throwOnFileNotFound)
   at System.Reflection.Assembly.Load(AssemblyName assemblyRef)
   at Microsoft.VisualStudio.TestPlatform.Common.ExtensionFramework.TestPluginCache.CurrentDomainAssemblyResolve(Object sender, AssemblyResolveEventArgs args) in /_/src/Microsoft.TestPlatform.Common/ExtensionFramework/TestPluginCache.cs:line 513
   at System.Runtime.Loader.AssemblyLoadContext.GetFirstResolvedAssemblyFromResolvingEvent(AssemblyName assemblyName)
   at System.Runtime.Loader.AssemblyLoadContext.ResolveUsingEvent(AssemblyName assemblyName)
   at System.Runtime.Loader.AssemblyLoadContext.ResolveUsingResolvingEvent(IntPtr gchManagedAssemblyLoadContext, AssemblyName assemblyName)
TpTrace Warning: 0 : 17532, 1, 2024/04/26, 19:32:33.532, 5167740614127, vstest.console.dll, LoaderExceptions: System.IO.FileNotFoundException: Could not load file or assembly 'Microsoft.Bcl.AsyncInterfaces, Version=6.0.0.0, Culture=neutral, PublicKeyToken=cc7b13ffcd2ddd51'. The system cannot find the file specified.
File name: 'Microsoft.Bcl.AsyncInterfaces, Version=6.0.0.0, Culture=neutral, PublicKeyToken=cc7b13ffcd2ddd51'
 ---> System.IO.FileNotFoundException: Could not load file or assembly 'Microsoft.Bcl.AsyncInterfaces, Culture=neutral, PublicKeyToken=null'. The system cannot find the file specified.
File name: 'Microsoft.Bcl.AsyncInterfaces, Culture=neutral, PublicKeyToken=null'
   at System.Reflection.RuntimeAssembly.InternalLoad(AssemblyName assemblyName, StackCrawlMark& stackMark, AssemblyLoadContext assemblyLoadContext, RuntimeAssembly requestingAssembly, Boolean throwOnFileNotFound)
   at System.Reflection.Assembly.Load(AssemblyName assemblyRef)
   at Microsoft.VisualStudio.TestPlatform.Common.ExtensionFramework.TestPluginCache.CurrentDomainAssemblyResolve(Object sender, AssemblyResolveEventArgs args) in /_/src/Microsoft.TestPlatform.Common/ExtensionFramework/TestPluginCache.cs:line 513
   at System.Runtime.Loader.AssemblyLoadContext.GetFirstResolvedAssemblyFromResolvingEvent(AssemblyName assemblyName)
   at System.Runtime.Loader.AssemblyLoadContext.ResolveUsingEvent(AssemblyName assemblyName)
   at System.Runtime.Loader.AssemblyLoadContext.ResolveUsingResolvingEvent(IntPtr gchManagedAssemblyLoadContext, AssemblyName assemblyName)
TpTrace Information: 0 : 17532, 1, 2024/04/26, 19:32:33.532, 5167740615248, vstest.console.dll, AssemblyResolver.OnResolve: Microsoft.TestPlatform.Extensions.BlameDataCollector: Resolving assembly.
TpTrace Information: 0 : 17532, 1, 2024/04/26, 19:32:33.532, 5167740615580, vstest.console.dll, AssemblyResolver.OnResolve: Microsoft.TestPlatform.Extensions.BlameDataCollector: Searching in: 'C:\Program Files\dotnet\sdk\8.0.202\Extensions'.
TpTrace Information: 0 : 17532, 1, 2024/04/26, 19:32:33.532, 5167740617884, vstest.console.dll, AssemblyResolver.OnResolve: Microsoft.TestPlatform.Extensions.BlameDataCollector: Loading assembly 'C:\Program Files\dotnet\sdk\8.0.202\Extensions\Microsoft.TestPlatform.Extensions.BlameDataCollector.dll'.
TpTrace Information: 0 : 17532, 1, 2024/04/26, 19:32:33.533, 5167740622186, vstest.console.dll, AssemblyResolver.OnResolve: Resolved assembly: Microsoft.TestPlatform.Extensions.BlameDataCollector, from path: C:\Program Files\dotnet\sdk\8.0.202\Extensions\Microsoft.TestPlatform.Extensions.BlameDataCollector.dll
TpTrace Verbose: 0 : 17532, 1, 2024/04/26, 19:32:33.533, 5167740622813, vstest.console.dll, MetadataReaderExtensionsHelper: Discovering extensions inside assembly 'Microsoft.TestPlatform.Extensions.BlameDataCollector, Version=15.0.0.0, Culture=neutral, PublicKeyToken=b03f5f7f11d50a3a' file path 'C:\Program Files\dotnet\sdk\8.0.202\Extensions\Microsoft.TestPlatform.Extensions.BlameDataCollector.dll'
TpTrace Information: 0 : 17532, 1, 2024/04/26, 19:32:33.534, 5167740634879, vstest.console.dll, AssemblyResolver.OnResolve: Microsoft.TestPlatform.Extensions.EventLogCollector: Resolving assembly.
TpTrace Information: 0 : 17532, 1, 2024/04/26, 19:32:33.534, 5167740635566, vstest.console.dll, AssemblyResolver.OnResolve: Microsoft.TestPlatform.Extensions.EventLogCollector: Searching in: 'C:\Program Files\dotnet\sdk\8.0.202\Extensions'.
TpTrace Information: 0 : 17532, 1, 2024/04/26, 19:32:33.534, 5167740637944, vstest.console.dll, AssemblyResolver.OnResolve: Microsoft.TestPlatform.Extensions.EventLogCollector: Loading assembly 'C:\Program Files\dotnet\sdk\8.0.202\Extensions\Microsoft.TestPlatform.Extensions.EventLogCollector.dll'.
TpTrace Information: 0 : 17532, 1, 2024/04/26, 19:32:33.535, 5167740642124, vstest.console.dll, AssemblyResolver.OnResolve: Resolved assembly: Microsoft.TestPlatform.Extensions.EventLogCollector, from path: C:\Program Files\dotnet\sdk\8.0.202\Extensions\Microsoft.TestPlatform.Extensions.EventLogCollector.dll
TpTrace Verbose: 0 : 17532, 1, 2024/04/26, 19:32:33.535, 5167740642673, vstest.console.dll, MetadataReaderExtensionsHelper: Discovering extensions inside assembly 'Microsoft.TestPlatform.Extensions.EventLogCollector, Version=15.0.0.0, Culture=neutral, PublicKeyToken=b03f5f7f11d50a3a' file path 'C:\Program Files\dotnet\sdk\8.0.202\Extensions\Microsoft.TestPlatform.Extensions.EventLogCollector.dll'
TpTrace Information: 0 : 17532, 1, 2024/04/26, 19:32:33.537, 5167740660095, vstest.console.dll, AssemblyResolver.OnResolve: Microsoft.TestPlatform.TestHostRuntimeProvider: Resolving assembly.
TpTrace Information: 0 : 17532, 1, 2024/04/26, 19:32:33.537, 5167740660710, vstest.console.dll, AssemblyResolver.OnResolve: Microsoft.TestPlatform.TestHostRuntimeProvider: Searching in: 'C:\Program Files\dotnet\sdk\8.0.202\Extensions'.
TpTrace Information: 0 : 17532, 1, 2024/04/26, 19:32:33.537, 5167740662887, vstest.console.dll, AssemblyResolver.OnResolve: Microsoft.TestPlatform.TestHostRuntimeProvider: Loading assembly 'C:\Program Files\dotnet\sdk\8.0.202\Extensions\Microsoft.TestPlatform.TestHostRuntimeProvider.dll'.
TpTrace Information: 0 : 17532, 1, 2024/04/26, 19:32:33.537, 5167740667172, vstest.console.dll, AssemblyResolver.OnResolve: Resolved assembly: Microsoft.TestPlatform.TestHostRuntimeProvider, from path: C:\Program Files\dotnet\sdk\8.0.202\Extensions\Microsoft.TestPlatform.TestHostRuntimeProvider.dll
TpTrace Verbose: 0 : 17532, 1, 2024/04/26, 19:32:33.537, 5167740667758, vstest.console.dll, MetadataReaderExtensionsHelper: Discovering extensions inside assembly 'Microsoft.TestPlatform.TestHostRuntimeProvider, Version=15.0.0.0, Culture=neutral, PublicKeyToken=b03f5f7f11d50a3a' file path 'C:\Program Files\dotnet\sdk\8.0.202\Extensions\Microsoft.TestPlatform.TestHostRuntimeProvider.dll'
TpTrace Information: 0 : 17532, 1, 2024/04/26, 19:32:33.538, 5167740679383, vstest.console.dll, GetTestExtensionFromType: Register extension with identifier data 'HostProvider://DefaultTestHost' and type 'Microsoft.VisualStudio.TestPlatform.CrossPlatEngine.Hosting.DefaultTestHostManager, Microsoft.TestPlatform.TestHostRuntimeProvider, Version=15.0.0.0, Culture=neutral, PublicKeyToken=b03f5f7f11d50a3a' inside file 'C:\Program Files\dotnet\sdk\8.0.202\Extensions\Microsoft.TestPlatform.TestHostRuntimeProvider.dll'
TpTrace Information: 0 : 17532, 1, 2024/04/26, 19:32:33.539, 5167740681617, vstest.console.dll, GetTestExtensionFromType: Register extension with identifier data 'HostProvider://DotnetTestHost' and type 'Microsoft.VisualStudio.TestPlatform.CrossPlatEngine.Hosting.DotnetTestHostManager, Microsoft.TestPlatform.TestHostRuntimeProvider, Version=15.0.0.0, Culture=neutral, PublicKeyToken=b03f5f7f11d50a3a' inside file 'C:\Program Files\dotnet\sdk\8.0.202\Extensions\Microsoft.TestPlatform.TestHostRuntimeProvider.dll'
TpTrace Information: 0 : 17532, 1, 2024/04/26, 19:32:33.539, 5167740682306, vstest.console.dll, AssemblyResolver.OnResolve: Microsoft.VisualStudio.TestPlatform.Extensions.Html.TestLogger: Resolving assembly.
TpTrace Information: 0 : 17532, 1, 2024/04/26, 19:32:33.539, 5167740682717, vstest.console.dll, AssemblyResolver.OnResolve: Microsoft.VisualStudio.TestPlatform.Extensions.Html.TestLogger: Searching in: 'C:\Program Files\dotnet\sdk\8.0.202\Extensions'.
TpTrace Information: 0 : 17532, 1, 2024/04/26, 19:32:33.539, 5167740685044, vstest.console.dll, AssemblyResolver.OnResolve: Microsoft.VisualStudio.TestPlatform.Extensions.Html.TestLogger: Loading assembly 'C:\Program Files\dotnet\sdk\8.0.202\Extensions\Microsoft.VisualStudio.TestPlatform.Extensions.Html.TestLogger.dll'.
TpTrace Information: 0 : 17532, 1, 2024/04/26, 19:32:33.540, 5167740694710, vstest.console.dll, AssemblyResolver.OnResolve: Resolved assembly: Microsoft.VisualStudio.TestPlatform.Extensions.Html.TestLogger, from path: C:\Program Files\dotnet\sdk\8.0.202\Extensions\Microsoft.VisualStudio.TestPlatform.Extensions.Html.TestLogger.dll
TpTrace Verbose: 0 : 17532, 1, 2024/04/26, 19:32:33.540, 5167740695254, vstest.console.dll, MetadataReaderExtensionsHelper: Discovering extensions inside assembly 'Microsoft.VisualStudio.TestPlatform.Extensions.Html.TestLogger, Version=15.0.0.0, Culture=neutral, PublicKeyToken=b03f5f7f11d50a3a' file path 'C:\Program Files\dotnet\sdk\8.0.202\Extensions\Microsoft.VisualStudio.TestPlatform.Extensions.Html.TestLogger.dll'
TpTrace Information: 0 : 17532, 1, 2024/04/26, 19:32:33.541, 5167740701427, vstest.console.dll, AssemblyResolver.OnResolve: Microsoft.VisualStudio.TestPlatform.Extensions.Trx.TestLogger: Resolving assembly.
TpTrace Information: 0 : 17532, 1, 2024/04/26, 19:32:33.541, 5167740701904, vstest.console.dll, AssemblyResolver.OnResolve: Microsoft.VisualStudio.TestPlatform.Extensions.Trx.TestLogger: Searching in: 'C:\Program Files\dotnet\sdk\8.0.202\Extensions'.
TpTrace Information: 0 : 17532, 1, 2024/04/26, 19:32:33.541, 5167740703852, vstest.console.dll, AssemblyResolver.OnResolve: Microsoft.VisualStudio.TestPlatform.Extensions.Trx.TestLogger: Loading assembly 'C:\Program Files\dotnet\sdk\8.0.202\Extensions\Microsoft.VisualStudio.TestPlatform.Extensions.Trx.TestLogger.dll'.
TpTrace Information: 0 : 17532, 1, 2024/04/26, 19:32:33.541, 5167740708308, vstest.console.dll, AssemblyResolver.OnResolve: Resolved assembly: Microsoft.VisualStudio.TestPlatform.Extensions.Trx.TestLogger, from path: C:\Program Files\dotnet\sdk\8.0.202\Extensions\Microsoft.VisualStudio.TestPlatform.Extensions.Trx.TestLogger.dll
TpTrace Verbose: 0 : 17532, 1, 2024/04/26, 19:32:33.541, 5167740708801, vstest.console.dll, MetadataReaderExtensionsHelper: Discovering extensions inside assembly 'Microsoft.VisualStudio.TestPlatform.Extensions.Trx.TestLogger, Version=15.0.0.0, Culture=neutral, PublicKeyToken=b03f5f7f11d50a3a' file path 'C:\Program Files\dotnet\sdk\8.0.202\Extensions\Microsoft.VisualStudio.TestPlatform.Extensions.Trx.TestLogger.dll'
TpTrace Verbose: 0 : 17532, 1, 2024/04/26, 19:32:33.542, 5167740715590, vstest.console.dll, TestPluginCache: Discovered the extensions using extension path ''.
TpTrace Verbose: 0 : 17532, 1, 2024/04/26, 19:32:33.542, 5167740716301, vstest.console.dll, TestPluginCache: Discoverers are ''.
TpTrace Verbose: 0 : 17532, 1, 2024/04/26, 19:32:33.542, 5167740716602, vstest.console.dll, TestPluginCache: Executors are ''.
TpTrace Verbose: 0 : 17532, 1, 2024/04/26, 19:32:33.542, 5167740716801, vstest.console.dll, TestPluginCache: Executors2 are ''.
TpTrace Verbose: 0 : 17532, 1, 2024/04/26, 19:32:33.542, 5167740717075, vstest.console.dll, TestPluginCache: Setting providers are ''.
TpTrace Verbose: 0 : 17532, 1, 2024/04/26, 19:32:33.542, 5167740717276, vstest.console.dll, TestPluginCache: Loggers are ''.
TpTrace Verbose: 0 : 17532, 1, 2024/04/26, 19:32:33.542, 5167740718599, vstest.console.dll, TestPluginCache: TestHosts are 'HostProvider://DefaultTestHost,HostProvider://DotnetTestHost'.
TpTrace Verbose: 0 : 17532, 1, 2024/04/26, 19:32:33.542, 5167740718882, vstest.console.dll, TestPluginCache: DataCollectors are ''.
TpTrace Information: 0 : 17532, 1, 2024/04/26, 19:32:33.554, 5167740831411, vstest.console.dll, RunTestsArgumentProcessor:Execute: Test run is starting.
TpTrace Verbose: 0 : 17532, 1, 2024/04/26, 19:32:33.554, 5167740832343, vstest.console.dll, RunTestsArgumentProcessor:Execute: Queuing Test run.
TpTrace Information: 0 : 17532, 1, 2024/04/26, 19:32:33.554, 5167740835468, vstest.console.dll, TestRequestManager.RunTests: run tests started.
TpTrace Information: 0 : 17532, 1, 2024/04/26, 19:32:33.555, 5167740848169, vstest.console.dll, AssemblyMetadataProvider.GetFrameworkName: Determined framework:'.NETCoreApp,Version=v6.0' for source: 'C:\Users\VC\Documents\Projects\Day-12(Online Shopping Remaining)\OnlineShoppingSln\OnlineShoppingUnitTest\bin\Debug\net6.0\fine-code-coverage\build-output\OnlineShoppingUnitTest.dll'
TpTrace Information: 0 : 17532, 1, 2024/04/26, 19:32:33.555, 5167740849812, vstest.console.dll, Determined framework for all sources: .NETCoreApp,Version=v6.0
TpTrace Verbose: 0 : 17532, 1, 2024/04/26, 19:32:33.556, 5167740853270, vstest.console.dll, TestRequestManager.UpdateRunSettingsIfRequired: Default architecture: X64 IsDefaultTargetArchitecture: True, Current process architecture: X64 OperatingSystem: Windows.
TpTrace Information: 0 : 17532, 1, 2024/04/26, 19:32:33.557, 5167740867991, vstest.console.dll, AssemblyMetadataProvider.GetArchitecture: Determined architecture:AnyCPU info for assembly: C:\Users\VC\Documents\Projects\Day-12(Online Shopping Remaining)\OnlineShoppingSln\OnlineShoppingUnitTest\bin\Debug\net6.0\fine-code-coverage\build-output\OnlineShoppingUnitTest.dll
TpTrace Information: 0 : 17532, 1, 2024/04/26, 19:32:33.557, 5167740868638, vstest.console.dll, Determined platform for source 'C:\Users\VC\Documents\Projects\Day-12(Online Shopping Remaining)\OnlineShoppingSln\OnlineShoppingUnitTest\bin\Debug\net6.0\fine-code-coverage\build-output\OnlineShoppingUnitTest.dll' was AnyCPU and it will use the default plaform X64.
TpTrace Information: 0 : 17532, 1, 2024/04/26, 19:32:33.557, 5167740868888, vstest.console.dll, None of the sources provided any runnable platform, using the default platform: X64
TpTrace Information: 0 : 17532, 1, 2024/04/26, 19:32:33.557, 5167740869801, vstest.console.dll, Platform was updated to 'X64'.
TpTrace Information: 0 : 17532, 1, 2024/04/26, 19:32:33.561, 5167740901374, vstest.console.dll, InferRunSettingsHelper.IsTestSettingsEnabled: Unable to navigate to RunSettings/MSTest. Current node: RunSettings
TpTrace Information: 0 : 17532, 1, 2024/04/26, 19:32:33.561, 5167740907342, vstest.console.dll, AssemblyResolver.OnResolve: Microsoft.VisualStudio.TestPlatform.Fakes: Resolving assembly.
TpTrace Information: 0 : 17532, 1, 2024/04/26, 19:32:33.561, 5167740908020, vstest.console.dll, AssemblyResolver.OnResolve: Microsoft.VisualStudio.TestPlatform.Fakes: Searching in: 'C:\Program Files\dotnet\sdk\8.0.202\Extensions'.
TpTrace Information: 0 : 17532, 1, 2024/04/26, 19:32:33.562, 5167740910074, vstest.console.dll, AssemblyResolver.OnResolve: Microsoft.VisualStudio.TestPlatform.Fakes: Assembly path does not exist: 'C:\Program Files\dotnet\sdk\8.0.202\Extensions\Microsoft.VisualStudio.TestPlatform.Fakes.dll', returning.
TpTrace Information: 0 : 17532, 1, 2024/04/26, 19:32:33.562, 5167740910875, vstest.console.dll, AssemblyResolver.OnResolve: Microsoft.VisualStudio.TestPlatform.Fakes: Assembly path does not exist: 'C:\Program Files\dotnet\sdk\8.0.202\Extensions\Microsoft.VisualStudio.TestPlatform.Fakes.exe', returning.
TpTrace Information: 0 : 17532, 1, 2024/04/26, 19:32:33.562, 5167740911233, vstest.console.dll, AssemblyResolver.OnResolve: Microsoft.VisualStudio.TestPlatform.Fakes: Searching in: 'C:\Program Files\dotnet\sdk\8.0.202'.
TpTrace Information: 0 : 17532, 1, 2024/04/26, 19:32:33.562, 5167740911780, vstest.console.dll, AssemblyResolver.OnResolve: Microsoft.VisualStudio.TestPlatform.Fakes: Assembly path does not exist: 'C:\Program Files\dotnet\sdk\8.0.202\Microsoft.VisualStudio.TestPlatform.Fakes.dll', returning.
TpTrace Information: 0 : 17532, 1, 2024/04/26, 19:32:33.562, 5167740912223, vstest.console.dll, AssemblyResolver.OnResolve: Microsoft.VisualStudio.TestPlatform.Fakes: Assembly path does not exist: 'C:\Program Files\dotnet\sdk\8.0.202\Microsoft.VisualStudio.TestPlatform.Fakes.exe', returning.
TpTrace Information: 0 : 17532, 1, 2024/04/26, 19:32:33.562, 5167740912657, vstest.console.dll, AssemblyResolver.OnResolve: Microsoft.VisualStudio.TestPlatform.Fakes: Failed to load assembly.
TpTrace Information: 0 : 17532, 1, 2024/04/26, 19:32:33.562, 5167740915215, vstest.console.dll, Failed to load assembly Microsoft.VisualStudio.TestPlatform.Fakes, Version=17.0.0.0, Culture=neutral. Reason:System.IO.FileNotFoundException: Could not load file or assembly 'Microsoft.VisualStudio.TestPlatform.Fakes, Version=17.0.0.0, Culture=neutral, PublicKeyToken=null'. The system cannot find the file specified.
File name: 'Microsoft.VisualStudio.TestPlatform.Fakes, Version=17.0.0.0, Culture=neutral, PublicKeyToken=null'
   at System.Reflection.RuntimeAssembly.InternalLoad(AssemblyName assemblyName, StackCrawlMark& stackMark, AssemblyLoadContext assemblyLoadContext, RuntimeAssembly requestingAssembly, Boolean throwOnFileNotFound)
   at System.Reflection.Assembly.Load(AssemblyName assemblyRef)
   at Microsoft.VisualStudio.TestPlatform.Common.Utilities.FakesUtilities.LoadTestPlatformAssembly() in /_/src/Microsoft.TestPlatform.Common/Utilities/FakesUtilities.cs:line 272
TpTrace Verbose: 0 : 17532, 1, 2024/04/26, 19:32:33.565, 5167740947641, vstest.console.dll, TestPluginCache.DiscoverTestExtensions: finding test extensions in assemblies ends with: TestLogger.dll TPluginInfo: Microsoft.VisualStudio.TestPlatform.Common.ExtensionFramework.Utilities.TestLoggerPluginInformation TExtension: Microsoft.VisualStudio.TestPlatform.ObjectModel.Client.ITestLogger
TpTrace Verbose: 0 : 17532, 1, 2024/04/26, 19:32:33.565, 5167740948892, vstest.console.dll, TestPluginCache.GetExtensionPaths: Filtered extension paths: 
TpTrace Verbose: 0 : 17532, 1, 2024/04/26, 19:32:33.565, 5167740949179, vstest.console.dll, TestPluginCache.GetExtensionPaths: Added default extension paths: C:\Program Files\dotnet\sdk\8.0.202\Extensions\Microsoft.Diagnostics.NETCore.Client.dll
C:\Program Files\dotnet\sdk\8.0.202\Extensions\Microsoft.TestPlatform.Extensions.BlameDataCollector.dll
C:\Program Files\dotnet\sdk\8.0.202\Extensions\Microsoft.TestPlatform.Extensions.EventLogCollector.dll
C:\Program Files\dotnet\sdk\8.0.202\Extensions\Microsoft.TestPlatform.TestHostRuntimeProvider.dll
C:\Program Files\dotnet\sdk\8.0.202\Extensions\Microsoft.VisualStudio.TestPlatform.Extensions.Html.TestLogger.dll
C:\Program Files\dotnet\sdk\8.0.202\Extensions\Microsoft.VisualStudio.TestPlatform.Extensions.Trx.TestLogger.dll
TpTrace Verbose: 0 : 17532, 1, 2024/04/26, 19:32:33.565, 5167740949493, vstest.console.dll, TestPluginCache.GetExtensionPaths: Added unfilterableExtensionPaths: 
TpTrace Information: 0 : 17532, 1, 2024/04/26, 19:32:33.566, 5167740950642, vstest.console.dll, AssemblyResolver.AddSearchDirectories: Adding more searchDirectories C:\Program Files\dotnet\sdk\8.0.202\Extensions,C:\Program Files\dotnet\sdk\8.0.202
TpTrace Verbose: 0 : 17532, 1, 2024/04/26, 19:32:33.566, 5167740951264, vstest.console.dll, TestPluginCache.DiscoverTestExtensions: Discovering the extensions using extension path.
TpTrace Verbose: 0 : 17532, 1, 2024/04/26, 19:32:33.566, 5167740951588, vstest.console.dll, TestPluginCache.GetExtensionPaths: Filtered extension paths: 
TpTrace Verbose: 0 : 17532, 1, 2024/04/26, 19:32:33.566, 5167740951981, vstest.console.dll, TestPluginCache.GetExtensionPaths: Added default extension paths: C:\Program Files\dotnet\sdk\8.0.202\Extensions\Microsoft.Diagnostics.NETCore.Client.dll
C:\Program Files\dotnet\sdk\8.0.202\Extensions\Microsoft.TestPlatform.Extensions.BlameDataCollector.dll
C:\Program Files\dotnet\sdk\8.0.202\Extensions\Microsoft.TestPlatform.Extensions.EventLogCollector.dll
C:\Program Files\dotnet\sdk\8.0.202\Extensions\Microsoft.TestPlatform.TestHostRuntimeProvider.dll
C:\Program Files\dotnet\sdk\8.0.202\Extensions\Microsoft.VisualStudio.TestPlatform.Extensions.Html.TestLogger.dll
C:\Program Files\dotnet\sdk\8.0.202\Extensions\Microsoft.VisualStudio.TestPlatform.Extensions.Trx.TestLogger.dll
TpTrace Verbose: 0 : 17532, 1, 2024/04/26, 19:32:33.566, 5167740952290, vstest.console.dll, TestPluginCache.GetExtensionPaths: Added unfilterableExtensionPaths: 
TpTrace Verbose: 0 : 17532, 1, 2024/04/26, 19:32:33.566, 5167740953267, vstest.console.dll, TestPluginCache.DiscoverTestExtensions: Discovering the extensions using allExtensionPaths: C:\Program Files\dotnet\sdk\8.0.202\Extensions\Microsoft.Diagnostics.NETCore.Client.dll
C:\Program Files\dotnet\sdk\8.0.202\Extensions\Microsoft.TestPlatform.Extensions.BlameDataCollector.dll
C:\Program Files\dotnet\sdk\8.0.202\Extensions\Microsoft.TestPlatform.Extensions.EventLogCollector.dll
C:\Program Files\dotnet\sdk\8.0.202\Extensions\Microsoft.TestPlatform.TestHostRuntimeProvider.dll
C:\Program Files\dotnet\sdk\8.0.202\Extensions\Microsoft.VisualStudio.TestPlatform.Extensions.Html.TestLogger.dll
C:\Program Files\dotnet\sdk\8.0.202\Extensions\Microsoft.VisualStudio.TestPlatform.Extensions.Trx.TestLogger.dll
TpTrace Information: 0 : 17532, 1, 2024/04/26, 19:32:33.566, 5167740953897, vstest.console.dll, AssemblyResolver.AddSearchDirectories: Adding more searchDirectories C:\Program Files\dotnet\sdk\8.0.202\Extensions,C:\Program Files\dotnet\sdk\8.0.202
TpTrace Information: 0 : 17532, 1, 2024/04/26, 19:32:33.566, 5167740954202, vstest.console.dll, AssemblyResolver.AddSearchDirectories: Adding more searchDirectories C:\Program Files\dotnet\sdk\8.0.202\Extensions,C:\Program Files\dotnet\sdk\8.0.202
TpTrace Information: 0 : 17532, 1, 2024/04/26, 19:32:33.566, 5167740954446, vstest.console.dll, AssemblyResolver.AddSearchDirectories: Adding more searchDirectories C:\Program Files\dotnet\sdk\8.0.202\Extensions,C:\Program Files\dotnet\sdk\8.0.202
TpTrace Information: 0 : 17532, 1, 2024/04/26, 19:32:33.566, 5167740954733, vstest.console.dll, AssemblyResolver.AddSearchDirectories: Adding more searchDirectories C:\Program Files\dotnet\sdk\8.0.202\Extensions,C:\Program Files\dotnet\sdk\8.0.202
TpTrace Information: 0 : 17532, 1, 2024/04/26, 19:32:33.566, 5167740954973, vstest.console.dll, AssemblyResolver.AddSearchDirectories: Adding more searchDirectories C:\Program Files\dotnet\sdk\8.0.202\Extensions,C:\Program Files\dotnet\sdk\8.0.202
TpTrace Information: 0 : 17532, 1, 2024/04/26, 19:32:33.566, 5167740955249, vstest.console.dll, AssemblyResolver.AddSearchDirectories: Adding more searchDirectories C:\Program Files\dotnet\sdk\8.0.202\Extensions,C:\Program Files\dotnet\sdk\8.0.202
TpTrace Verbose: 0 : 17532, 1, 2024/04/26, 19:32:33.566, 5167740956212, vstest.console.dll, MetadataReaderExtensionsHelper: Discovering extensions inside assembly 'Microsoft.Diagnostics.NETCore.Client, Version=0.2.9.2401, Culture=neutral, PublicKeyToken=31bf3856ad364e35' file path 'C:\Program Files\dotnet\sdk\8.0.202\Extensions\Microsoft.Diagnostics.NETCore.Client.dll'
TpTrace Information: 0 : 17532, 1, 2024/04/26, 19:32:33.567, 5167740963305, vstest.console.dll, AssemblyResolver.OnResolve: Microsoft.Bcl.AsyncInterfaces: Resolving assembly.
TpTrace Information: 0 : 17532, 1, 2024/04/26, 19:32:33.567, 5167740963935, vstest.console.dll, AssemblyResolver.OnResolve: Microsoft.Bcl.AsyncInterfaces: Resolved from cache.
TpTrace Verbose: 0 : 17532, 1, 2024/04/26, 19:32:33.567, 5167740964195, vstest.console.dll, CurrentDomainAssemblyResolve: Resolving assembly 'Microsoft.Bcl.AsyncInterfaces'.
TpTrace Information: 0 : 17532, 1, 2024/04/26, 19:32:33.567, 5167740964588, vstest.console.dll, AssemblyResolver.OnResolve: Microsoft.Bcl.AsyncInterfaces: Resolving assembly.
TpTrace Information: 0 : 17532, 1, 2024/04/26, 19:32:33.567, 5167740964918, vstest.console.dll, AssemblyResolver.OnResolve: Microsoft.Bcl.AsyncInterfaces: Resolved from cache.
TpTrace Verbose: 0 : 17532, 1, 2024/04/26, 19:32:33.567, 5167740965147, vstest.console.dll, CurrentDomainAssemblyResolve: Resolving assembly 'Microsoft.Bcl.AsyncInterfaces'.
TpTrace Verbose: 0 : 17532, 1, 2024/04/26, 19:32:33.567, 5167740965371, vstest.console.dll, CurrentDomainAssemblyResolve: Failed to resolve assembly 'Microsoft.Bcl.AsyncInterfaces'.
TpTrace Verbose: 0 : 17532, 1, 2024/04/26, 19:32:33.567, 5167740966603, vstest.console.dll, CurrentDomainAssemblyResolve: Failed to resolve assembly 'Microsoft.Bcl.AsyncInterfaces'.
TpTrace Warning: 0 : 17532, 1, 2024/04/26, 19:32:33.568, 5167740970128, vstest.console.dll, TestPluginDiscoverer: Failed to get types from assembly 'Microsoft.Diagnostics.NETCore.Client, Version=0.2.9.2401, Culture=neutral, PublicKeyToken=31bf3856ad364e35'. Error: System.Reflection.ReflectionTypeLoadException: Unable to load one or more of the requested types.
Could not load file or assembly 'Microsoft.Bcl.AsyncInterfaces, Version=6.0.0.0, Culture=neutral, PublicKeyToken=cc7b13ffcd2ddd51'. The system cannot find the file specified.
   at System.Reflection.RuntimeModule.GetTypes(RuntimeModule module)
   at System.Reflection.RuntimeModule.GetTypes()
   at Microsoft.VisualStudio.TestPlatform.Common.ExtensionFramework.TestPluginDiscoverer.GetTestExtensionsFromAssembly[TPluginInfo,TExtension](Assembly assembly, Dictionary`2 pluginInfos, String filePath) in /_/src/Microsoft.TestPlatform.Common/ExtensionFramework/TestPluginDiscoverer.cs:line 158
System.IO.FileNotFoundException: Could not load file or assembly 'Microsoft.Bcl.AsyncInterfaces, Version=6.0.0.0, Culture=neutral, PublicKeyToken=cc7b13ffcd2ddd51'. The system cannot find the file specified.
File name: 'Microsoft.Bcl.AsyncInterfaces, Version=6.0.0.0, Culture=neutral, PublicKeyToken=cc7b13ffcd2ddd51'
 ---> System.IO.FileNotFoundException: Could not load file or assembly 'Microsoft.Bcl.AsyncInterfaces, Culture=neutral, PublicKeyToken=null'. The system cannot find the file specified.
File name: 'Microsoft.Bcl.AsyncInterfaces, Culture=neutral, PublicKeyToken=null'
   at System.Reflection.RuntimeAssembly.InternalLoad(AssemblyName assemblyName, StackCrawlMark& stackMark, AssemblyLoadContext assemblyLoadContext, RuntimeAssembly requestingAssembly, Boolean throwOnFileNotFound)
   at System.Reflection.Assembly.Load(AssemblyName assemblyRef)
   at Microsoft.VisualStudio.TestPlatform.Common.ExtensionFramework.TestPluginCache.CurrentDomainAssemblyResolve(Object sender, AssemblyResolveEventArgs args) in /_/src/Microsoft.TestPlatform.Common/ExtensionFramework/TestPluginCache.cs:line 513
   at System.Runtime.Loader.AssemblyLoadContext.GetFirstResolvedAssemblyFromResolvingEvent(AssemblyName assemblyName)
   at System.Runtime.Loader.AssemblyLoadContext.ResolveUsingEvent(AssemblyName assemblyName)
   at System.Runtime.Loader.AssemblyLoadContext.ResolveUsingResolvingEvent(IntPtr gchManagedAssemblyLoadContext, AssemblyName assemblyName)
TpTrace Warning: 0 : 17532, 1, 2024/04/26, 19:32:33.568, 5167740971529, vstest.console.dll, LoaderExceptions: System.IO.FileNotFoundException: Could not load file or assembly 'Microsoft.Bcl.AsyncInterfaces, Version=6.0.0.0, Culture=neutral, PublicKeyToken=cc7b13ffcd2ddd51'. The system cannot find the file specified.
File name: 'Microsoft.Bcl.AsyncInterfaces, Version=6.0.0.0, Culture=neutral, PublicKeyToken=cc7b13ffcd2ddd51'
 ---> System.IO.FileNotFoundException: Could not load file or assembly 'Microsoft.Bcl.AsyncInterfaces, Culture=neutral, PublicKeyToken=null'. The system cannot find the file specified.
File name: 'Microsoft.Bcl.AsyncInterfaces, Culture=neutral, PublicKeyToken=null'
   at System.Reflection.RuntimeAssembly.InternalLoad(AssemblyName assemblyName, StackCrawlMark& stackMark, AssemblyLoadContext assemblyLoadContext, RuntimeAssembly requestingAssembly, Boolean throwOnFileNotFound)
   at System.Reflection.Assembly.Load(AssemblyName assemblyRef)
   at Microsoft.VisualStudio.TestPlatform.Common.ExtensionFramework.TestPluginCache.CurrentDomainAssemblyResolve(Object sender, AssemblyResolveEventArgs args) in /_/src/Microsoft.TestPlatform.Common/ExtensionFramework/TestPluginCache.cs:line 513
   at System.Runtime.Loader.AssemblyLoadContext.GetFirstResolvedAssemblyFromResolvingEvent(AssemblyName assemblyName)
   at System.Runtime.Loader.AssemblyLoadContext.ResolveUsingEvent(AssemblyName assemblyName)
   at System.Runtime.Loader.AssemblyLoadContext.ResolveUsingResolvingEvent(IntPtr gchManagedAssemblyLoadContext, AssemblyName assemblyName)
TpTrace Verbose: 0 : 17532, 1, 2024/04/26, 19:32:33.568, 5167740972361, vstest.console.dll, MetadataReaderExtensionsHelper: Discovering extensions inside assembly 'Microsoft.TestPlatform.Extensions.BlameDataCollector, Version=15.0.0.0, Culture=neutral, PublicKeyToken=b03f5f7f11d50a3a' file path 'C:\Program Files\dotnet\sdk\8.0.202\Extensions\Microsoft.TestPlatform.Extensions.BlameDataCollector.dll'
TpTrace Information: 0 : 17532, 1, 2024/04/26, 19:32:33.568, 5167740976854, vstest.console.dll, GetTestExtensionFromType: Register extension with identifier data 'logger://Microsoft/TestPlatform/Extensions/Blame/v1' and type 'Microsoft.TestPlatform.Extensions.BlameDataCollector.BlameLogger, Microsoft.TestPlatform.Extensions.BlameDataCollector, Version=15.0.0.0, Culture=neutral, PublicKeyToken=b03f5f7f11d50a3a' inside file 'C:\Program Files\dotnet\sdk\8.0.202\Extensions\Microsoft.TestPlatform.Extensions.BlameDataCollector.dll'
TpTrace Verbose: 0 : 17532, 1, 2024/04/26, 19:32:33.568, 5167740977493, vstest.console.dll, MetadataReaderExtensionsHelper: Discovering extensions inside assembly 'Microsoft.TestPlatform.Extensions.EventLogCollector, Version=15.0.0.0, Culture=neutral, PublicKeyToken=b03f5f7f11d50a3a' file path 'C:\Program Files\dotnet\sdk\8.0.202\Extensions\Microsoft.TestPlatform.Extensions.EventLogCollector.dll'
TpTrace Verbose: 0 : 17532, 1, 2024/04/26, 19:32:33.568, 5167740979743, vstest.console.dll, MetadataReaderExtensionsHelper: Discovering extensions inside assembly 'Microsoft.TestPlatform.TestHostRuntimeProvider, Version=15.0.0.0, Culture=neutral, PublicKeyToken=b03f5f7f11d50a3a' file path 'C:\Program Files\dotnet\sdk\8.0.202\Extensions\Microsoft.TestPlatform.TestHostRuntimeProvider.dll'
TpTrace Verbose: 0 : 17532, 1, 2024/04/26, 19:32:33.569, 5167740982079, vstest.console.dll, MetadataReaderExtensionsHelper: Discovering extensions inside assembly 'Microsoft.VisualStudio.TestPlatform.Extensions.Html.TestLogger, Version=15.0.0.0, Culture=neutral, PublicKeyToken=b03f5f7f11d50a3a' file path 'C:\Program Files\dotnet\sdk\8.0.202\Extensions\Microsoft.VisualStudio.TestPlatform.Extensions.Html.TestLogger.dll'
TpTrace Information: 0 : 17532, 1, 2024/04/26, 19:32:33.569, 5167740986502, vstest.console.dll, GetTestExtensionFromType: Register extension with identifier data 'logger://Microsoft/TestPlatform/HtmlLogger/v1' and type 'Microsoft.VisualStudio.TestPlatform.Extensions.HtmlLogger.HtmlLogger, Microsoft.VisualStudio.TestPlatform.Extensions.Html.TestLogger, Version=15.0.0.0, Culture=neutral, PublicKeyToken=b03f5f7f11d50a3a' inside file 'C:\Program Files\dotnet\sdk\8.0.202\Extensions\Microsoft.VisualStudio.TestPlatform.Extensions.Html.TestLogger.dll'
TpTrace Verbose: 0 : 17532, 1, 2024/04/26, 19:32:33.569, 5167740987051, vstest.console.dll, MetadataReaderExtensionsHelper: Discovering extensions inside assembly 'Microsoft.VisualStudio.TestPlatform.Extensions.Trx.TestLogger, Version=15.0.0.0, Culture=neutral, PublicKeyToken=b03f5f7f11d50a3a' file path 'C:\Program Files\dotnet\sdk\8.0.202\Extensions\Microsoft.VisualStudio.TestPlatform.Extensions.Trx.TestLogger.dll'
TpTrace Information: 0 : 17532, 1, 2024/04/26, 19:32:33.569, 5167740989567, vstest.console.dll, GetTestExtensionFromType: Register extension with identifier data 'logger://Microsoft/TestPlatform/TrxLogger/v1' and type 'Microsoft.VisualStudio.TestPlatform.Extensions.TrxLogger.TrxLogger, Microsoft.VisualStudio.TestPlatform.Extensions.Trx.TestLogger, Version=15.0.0.0, Culture=neutral, PublicKeyToken=b03f5f7f11d50a3a' inside file 'C:\Program Files\dotnet\sdk\8.0.202\Extensions\Microsoft.VisualStudio.TestPlatform.Extensions.Trx.TestLogger.dll'
TpTrace Verbose: 0 : 17532, 1, 2024/04/26, 19:32:33.570, 5167740990132, vstest.console.dll, TestPluginCache: Discovered the extensions using extension path ''.
TpTrace Verbose: 0 : 17532, 1, 2024/04/26, 19:32:33.570, 5167740990438, vstest.console.dll, TestPluginCache: Discoverers are ''.
TpTrace Verbose: 0 : 17532, 1, 2024/04/26, 19:32:33.570, 5167740990664, vstest.console.dll, TestPluginCache: Executors are ''.
TpTrace Verbose: 0 : 17532, 1, 2024/04/26, 19:32:33.570, 5167740990882, vstest.console.dll, TestPluginCache: Executors2 are ''.
TpTrace Verbose: 0 : 17532, 1, 2024/04/26, 19:32:33.570, 5167740991460, vstest.console.dll, TestPluginCache: Setting providers are ''.
TpTrace Verbose: 0 : 17532, 1, 2024/04/26, 19:32:33.570, 5167740992182, vstest.console.dll, TestPluginCache: Loggers are 'logger://Microsoft/TestPlatform/Extensions/Blame/v1,logger://Microsoft/TestPlatform/HtmlLogger/v1,logger://Microsoft/TestPlatform/TrxLogger/v1'.
TpTrace Verbose: 0 : 17532, 1, 2024/04/26, 19:32:33.570, 5167740992534, vstest.console.dll, TestPluginCache: TestHosts are 'HostProvider://DefaultTestHost,HostProvider://DotnetTestHost'.
TpTrace Verbose: 0 : 17532, 1, 2024/04/26, 19:32:33.570, 5167740992772, vstest.console.dll, TestPluginCache: DataCollectors are ''.
TpTrace Information: 0 : 17532, 1, 2024/04/26, 19:32:33.571, 5167741000355, vstest.console.dll, TestPluginManager.CreateTestExtension: Attempting to load test extension: Microsoft.TestPlatform.Extensions.BlameDataCollector.BlameLogger
TpTrace Verbose: 0 : 17532, 1, 2024/04/26, 19:32:33.577, 5167741059857, vstest.console.dll, TestEngine: Initializing Parallel Execution as MaxCpuCount is set to: 1
TpTrace Information: 0 : 17532, 1, 2024/04/26, 19:32:33.578, 5167741072087, vstest.console.dll, TestPluginManager.CreateTestExtension: Attempting to load test extension: Microsoft.VisualStudio.TestPlatform.CrossPlatEngine.Hosting.DefaultTestHostManager
TpTrace Information: 0 : 17532, 1, 2024/04/26, 19:32:33.579, 5167741081044, vstest.console.dll, TestPluginManager.CreateTestExtension: Attempting to load test extension: Microsoft.VisualStudio.TestPlatform.CrossPlatEngine.Hosting.DotnetTestHostManager
TpTrace Information: 0 : 17532, 1, 2024/04/26, 19:32:33.579, 5167741085647, vstest.console.dll, InferRunSettingsHelper.IsTestSettingsEnabled: Unable to navigate to RunSettings/MSTest. Current node: RunSettings
TpTrace Verbose: 0 : 17532, 1, 2024/04/26, 19:32:33.580, 5167741093429, vstest.console.dll, ParallelOperationManager.ClearSlots: Clearing all slots. Slots should accept more work: True
TpTrace Verbose: 0 : 17532, 1, 2024/04/26, 19:32:33.580, 5167741098924, vstest.console.dll, ParallelOperationManager.SetOccupiedSlotCount: Setting slot counts AvailableSlotCount = 1, OccupiedSlotCount = 0.
TpTrace Verbose: 0 : 17532, 1, 2024/04/26, 19:32:33.581, 5167741101414, vstest.console.dll, Occupied slots:

TpTrace Verbose: 0 : 17532, 1, 2024/04/26, 19:32:33.584, 5167741132148, vstest.console.dll, TestEngine.GetExecutionManager: Chosen execution manager 'Microsoft.VisualStudio.TestPlatform.CrossPlatEngine.Client.Parallel.ParallelProxyExecutionManager, Microsoft.TestPlatform.CrossPlatEngine, Version=15.0.0.0, Culture=neutral, PublicKeyToken=b03f5f7f11d50a3a' ParallelLevel '1'.
TpTrace Verbose: 0 : 17532, 1, 2024/04/26, 19:32:33.584, 5167741133520, vstest.console.dll, TestRunRequest.ExecuteAsync: Creating test run request.
TpTrace Verbose: 0 : 17532, 1, 2024/04/26, 19:32:33.584, 5167741135251, vstest.console.dll, TestRunRequest.ExecuteAsync: Starting.
TpTrace Information: 0 : 17532, 1, 2024/04/26, 19:32:33.585, 5167741145660, vstest.console.dll, TestRunRequest.ExecuteAsync: Starting run with settings:TestRunCriteria:
   KeepAlive=False,FrequencyOfRunStatsChangeEvent=10,RunStatsChangeEventTimeout=00:00:01.5000000,TestCaseFilter=,TestExecutorLauncher=
   Settingsxml=<RunSettings>
  <RunConfiguration>
    <ResultsDirectory>C:\Users\VC\Documents\Projects\Day-12(Online Shopping Remaining)\OnlineShoppingSln\OnlineShoppingUnitTest\bin\Debug\net6.0\fine-code-coverage\coverage-tool-output</ResultsDirectory>
    <TargetPlatform>X64</TargetPlatform>
    <TargetFrameworkVersion>.NETCoreApp,Version=v6.0</TargetFrameworkVersion>
    <DesignMode>False</DesignMode>
    <CollectSourceInformation>False</CollectSourceInformation>
  </RunConfiguration>
  <LoggerRunSettings>
    <Loggers>
      <Logger friendlyName="blame" enabled="True" />
      <Logger friendlyName="Console" uri="logger://microsoft/TestPlatform/ConsoleLogger/v1" assemblyQualifiedName="Microsoft.VisualStudio.TestPlatform.CommandLine.Internal.ConsoleLogger, vstest.console, Version=15.0.0.0, Culture=neutral, PublicKeyToken=b03f5f7f11d50a3a" codeBase="C:\Program Files\dotnet\sdk\8.0.202\vstest.console.dll" enabled="True" />
    </Loggers>
  </LoggerRunSettings>
  <DataCollectionRunSettings>
    <DataCollectors>
      <DataCollector friendlyName="blame" enabled="True">
        <Configuration>
          <ResultsDirectory>C:\Users\VC\Documents\Projects\Day-12(Online Shopping Remaining)\OnlineShoppingSln\OnlineShoppingUnitTest\bin\Debug\net6.0\fine-code-coverage\coverage-tool-output</ResultsDirectory>
        </Configuration>
      </DataCollector>
    </DataCollectors>
  </DataCollectionRunSettings>
</RunSettings>

TpTrace Verbose: 0 : 17532, 1, 2024/04/26, 19:32:33.585, 5167741147325, vstest.console.dll, TestRunRequest.ExecuteAsync: Wait for the first run request is over.
TpTrace Verbose: 0 : 17532, 1, 2024/04/26, 19:32:33.586, 5167741153282, vstest.console.dll, MulticastDelegateUtilities.SafeInvoke: TestRun.TestRunStart: Invoking callbacks was skipped because there are no subscribers.
TpTrace Verbose: 0 : 17532, 4, 2024/04/26, 19:32:33.586, 5167741156263, vstest.console.dll, MulticastDelegateUtilities.SafeInvoke: InternalTestLoggerEvents.SendTestRunStart: Invoking callback 1/1 for Microsoft.VisualStudio.TestPlatform.CommandLine.Internal.ConsoleLogger., took 0 ms.
TpTrace Verbose: 0 : 17532, 1, 2024/04/26, 19:32:33.587, 5167741162850, vstest.console.dll, ParallelProxyExecutionManager: Start execution. Total sources: 1
TpTrace Verbose: 0 : 17532, 1, 2024/04/26, 19:32:33.587, 5167741165628, vstest.console.dll, ParallelOperationManager.StartWork: Starting adding 1 workloads.
TpTrace Verbose: 0 : 17532, 1, 2024/04/26, 19:32:33.587, 5167741166191, vstest.console.dll, ParallelOperationManager.ClearSlots: Clearing all slots. Slots should accept more work: True
TpTrace Verbose: 0 : 17532, 1, 2024/04/26, 19:32:33.587, 5167741166750, vstest.console.dll, ParallelOperationManager.SetOccupiedSlotCount: Setting slot counts AvailableSlotCount = 1, OccupiedSlotCount = 0.
TpTrace Verbose: 0 : 17532, 1, 2024/04/26, 19:32:33.587, 5167741167072, vstest.console.dll, Occupied slots:

TpTrace Verbose: 0 : 17532, 1, 2024/04/26, 19:32:33.588, 5167741178490, vstest.console.dll, TestRequestSender is acting as server.
TpTrace Verbose: 0 : 17532, 1, 2024/04/26, 19:32:33.590, 5167741191613, vstest.console.dll, ParallelOperationManager.RunWorkInParallel: Adding 1 workload to slot, remaining workloads 0.
TpTrace Verbose: 0 : 17532, 1, 2024/04/26, 19:32:33.590, 5167741192208, vstest.console.dll, ParallelOperationManager.SetOccupiedSlotCount: Setting slot counts AvailableSlotCount = 0, OccupiedSlotCount = 1.
TpTrace Verbose: 0 : 17532, 1, 2024/04/26, 19:32:33.590, 5167741193135, vstest.console.dll, Occupied slots:
0: C:\Users\VC\Documents\Projects\Day-12(Online Shopping Remaining)\OnlineShoppingSln\OnlineShoppingUnitTest\bin\Debug\net6.0\fine-code-coverage\build-output\OnlineShoppingUnitTest.dll
TpTrace Verbose: 0 : 17532, 1, 2024/04/26, 19:32:33.591, 5167741201707, vstest.console.dll, ParallelOperationManager.RunWorkInParallel: Started host in slot number 0 for work (source): C:\Users\VC\Documents\Projects\Day-12(Online Shopping Remaining)\OnlineShoppingSln\OnlineShoppingUnitTest\bin\Debug\net6.0\fine-code-coverage\build-output\OnlineShoppingUnitTest.dll.
TpTrace Verbose: 0 : 17532, 1, 2024/04/26, 19:32:33.592, 5167741211847, vstest.console.dll, ParallelOperationManager.RunWorkInParallel: We started 1 work items, which is the max parallel level. Won't start more work.
TpTrace Verbose: 0 : 17532, 1, 2024/04/26, 19:32:33.592, 5167741212871, vstest.console.dll, ParallelOperationManager.RunWorkInParallel: We started 1 work items in here, returning True.
TpTrace Information: 0 : 17532, 1, 2024/04/26, 19:32:33.592, 5167741213422, vstest.console.dll, TestRunRequest.ExecuteAsync: Started.
TpTrace Verbose: 0 : 17532, 5, 2024/04/26, 19:32:33.592, 5167741213769, vstest.console.dll, ParallelProxyExecutionManager.StartTestRunOnConcurrentManager: Initializing uninitialized client. Started clients: 0
TpTrace Verbose: 0 : 17532, 5, 2024/04/26, 19:32:33.592, 5167741215097, vstest.console.dll, DataCollectionRequestSender.InitializeCommunication : Initialize communication. 
TpTrace Verbose: 0 : 17532, 1, 2024/04/26, 19:32:33.593, 5167741220601, vstest.console.dll, TestRunRequest.WaitForCompletion: Waiting with timeout -1.
TpTrace Information: 0 : 17532, 5, 2024/04/26, 19:32:33.599, 5167741283993, vstest.console.dll, Listening on Endpoint : 127.0.0.1:52216
TpTrace Verbose: 0 : 17532, 5, 2024/04/26, 19:32:33.604, 5167741338355, vstest.console.dll, DotnetDataCollectionLauncher: Adding  --runtimeconfig "C:\Program Files\dotnet\sdk\8.0.202\datacollector.runtimeconfig.json" in args
TpTrace Verbose: 0 : 17532, 5, 2024/04/26, 19:32:33.605, 5167741339892, vstest.console.dll, DotnetDataCollectionLauncher: Adding  --depsfile "C:\Program Files\dotnet\sdk\8.0.202\datacollector.deps.json" in args
TpTrace Verbose: 0 : 17532, 5, 2024/04/26, 19:32:33.605, 5167741346096, vstest.console.dll, DotnetDataCollectionLauncher: Full path of dotnet.exe is C:\Program Files\dotnet\dotnet.exe
TpTrace Information: 0 : 17532, 5, 2024/04/26, 19:32:33.612, 5167741411247, vstest.console.dll, ProxyDataCollectionManager.Initialize: Launched datacollector processId: 27996 port: 52216
TpTrace Information: 0 : 17532, 5, 2024/04/26, 19:32:33.612, 5167741412977, vstest.console.dll, ProxyDataCollectionManager.Initialize: waiting for connection with timeout: 90 seconds
TpTrace Verbose: 0 : 17532, 5, 2024/04/26, 19:32:33.612, 5167741413574, vstest.console.dll, DataCollectionRequestSender.WaitForRequestHandlerConnection : Waiting for connection with timeout: 90000
TpTrace Information: 0 : 17532, 7, 2024/04/26, 19:32:33.766, 5167742950543, vstest.console.dll, Using the buffer size of 16384 bytes
TpTrace Verbose: 0 : 17532, 5, 2024/04/26, 19:32:33.766, 5167742951085, vstest.console.dll, SocketCommunicationManager.WaitForClientConnection took: 153 ms, with 90000 ms timeout, and finished with True.
TpTrace Information: 0 : 17532, 7, 2024/04/26, 19:32:33.766, 5167742951836, vstest.console.dll, Accepted Client request and set the flag
TpTrace Verbose: 0 : 17532, 5, 2024/04/26, 19:32:33.766, 5167742953044, vstest.console.dll, ProxyDataCollectionManager.InvokeDataCollectionServiceAction: Starting.
TpTrace Information: 0 : 17532, 5, 2024/04/26, 19:32:33.766, 5167742953940, vstest.console.dll, ProxyDataCollectionManager.BeforeTestRunStart: Get environment variable and port for datacollector processId: 27996 port: 52216
TpTrace Verbose: 0 : 17532, 5, 2024/04/26, 19:32:33.766, 5167742955195, vstest.console.dll, DataCollectionRequestSender.SendBeforeTestRunStartAndGetResult: Send BeforeTestRunStart message with settingsXml <RunSettings><RunConfiguration><ResultsDirectory>C:\Users\VC\Documents\Projects\Day-12(Online Shopping Remaining)\OnlineShoppingSln\OnlineShoppingUnitTest\bin\Debug\net6.0\fine-code-coverage\coverage-tool-output</ResultsDirectory><TargetPlatform>X64</TargetPlatform><TargetFrameworkVersion>.NETCoreApp,Version=v6.0</TargetFrameworkVersion><DesignMode>False</DesignMode><CollectSourceInformation>False</CollectSourceInformation><TestAdaptersPaths>C:\Program Files\dotnet\sdk\8.0.202\Extensions</TestAdaptersPaths></RunConfiguration><LoggerRunSettings><Loggers><Logger friendlyName="blame" enabled="True" /><Logger friendlyName="Console" uri="logger://microsoft/TestPlatform/ConsoleLogger/v1" assemblyQualifiedName="Microsoft.VisualStudio.TestPlatform.CommandLine.Internal.ConsoleLogger, vstest.console, Version=15.0.0.0, Culture=neutral, PublicKeyToken=b03f5f7f11d50a3a" codeBase="C:\Program Files\dotnet\sdk\8.0.202\vstest.console.dll" enabled="True" /></Loggers></LoggerRunSettings><DataCollectionRunSettings><DataCollectors><DataCollector friendlyName="blame" enabled="True"><Configuration><ResultsDirectory>C:\Users\VC\Documents\Projects\Day-12(Online Shopping Remaining)\OnlineShoppingSln\OnlineShoppingUnitTest\bin\Debug\net6.0\fine-code-coverage\coverage-tool-output</ResultsDirectory></Configuration></DataCollector></DataCollectors></DataCollectionRunSettings></RunSettings> and sources System.Collections.Generic.List`1[System.String]: 
TpTrace Verbose: 0 : 17532, 5, 2024/04/26, 19:32:33.805, 5167743347530, vstest.console.dll, DataCollectionRequestSender.SendBeforeTestRunStartAndGetResult: Received message: (DataCollection.SendMessage) -> {"MessageType":"DataCollection.SendMessage","Payload":{"FriendlyName":null,"Uri":null,"TestCaseId":"00000000-0000-0000-0000-000000000000","Message":"Logging DataCollector Diagnostics in file: C:\\Users\\VC\\Documents\\Projects\\Day-12(Online Shopping Remaining)\\OnlineShoppingSln\\OnlineShoppingUnitTest\\bin\\Debug\\net6.0\\fine-code-coverage\\coverage-tool-output\\diagnostics.datacollector.24-04-26_19-32-33_60461_5.log","Level":0}}
TpTrace Verbose: 0 : 17532, 5, 2024/04/26, 19:32:33.874, 5167744032850, vstest.console.dll, DataCollectionRequestSender.SendBeforeTestRunStartAndGetResult: Received message: (DataCollection.BeforeTestRunStartResult) -> {"MessageType":"DataCollection.BeforeTestRunStartResult","Payload":{"EnvironmentVariables":{},"DataCollectionEventsPort":52218}}
TpTrace Information: 0 : 17532, 5, 2024/04/26, 19:32:33.877, 5167744063867, vstest.console.dll, ProxyDataCollectionManager.BeforeTestRunStart: SendBeforeTestRunStartAndGetResult successful, env variable from datacollector:   and testhost port: 52218
TpTrace Information: 0 : 17532, 5, 2024/04/26, 19:32:33.877, 5167744064725, vstest.console.dll, ProxyDataCollectionManager.InvokeDataCollectionServiceAction: Completed.
TpTrace Verbose: 0 : 17532, 5, 2024/04/26, 19:32:33.877, 5167744065054, vstest.console.dll, ParallelProxyExecutionManager.StartTestRunOnConcurrentManager: Initializing test run. Started clients: 0
TpTrace Verbose: 0 : 17532, 5, 2024/04/26, 19:32:33.877, 5167744065722, vstest.console.dll, ProxyExecutionManager: Test host is always Lazy initialize.
TpTrace Verbose: 0 : 17532, 5, 2024/04/26, 19:32:33.877, 5167744067337, vstest.console.dll, TestRequestSender.InitializeCommunication: initialize communication. 
TpTrace Information: 0 : 17532, 5, 2024/04/26, 19:32:33.878, 5167744071423, vstest.console.dll, SocketServer.Start: Listening on endpoint : 127.0.0.1:52219
TpTrace Verbose: 0 : 17532, 5, 2024/04/26, 19:32:33.878, 5167744077185, vstest.console.dll, DotnetTestHostmanager.GetTestHostProcessStartInfo: Platform environment 'X64' target architecture 'X64' framework '.NETCoreApp,Version=v6.0' OS 'Windows'
TpTrace Verbose: 0 : 17532, 5, 2024/04/26, 19:32:33.879, 5167744080054, vstest.console.dll, DotnetTestHostmanager: Adding  --runtimeconfig "C:\Users\VC\Documents\Projects\Day-12(Online Shopping Remaining)\OnlineShoppingSln\OnlineShoppingUnitTest\bin\Debug\net6.0\fine-code-coverage\build-output\OnlineShoppingUnitTest.runtimeconfig.json" in args
TpTrace Verbose: 0 : 17532, 5, 2024/04/26, 19:32:33.879, 5167744081051, vstest.console.dll, DotnetTestHostmanager: Adding  --depsfile "C:\Users\VC\Documents\Projects\Day-12(Online Shopping Remaining)\OnlineShoppingSln\OnlineShoppingUnitTest\bin\Debug\net6.0\fine-code-coverage\build-output\OnlineShoppingUnitTest.deps.json" in args
TpTrace Verbose: 0 : 17532, 5, 2024/04/26, 19:32:33.879, 5167744083422, vstest.console.dll, DotnetTestHostmanager.IsWinOnArm: Current PROCESSOR_ARCHITECTURE from environment variable 'AMD64'
TpTrace Verbose: 0 : 17532, 5, 2024/04/26, 19:32:33.879, 5167744084090, vstest.console.dll, DotnetTestHostmanager.IsWinOnArm: Is Windows on ARM 'False'
TpTrace Verbose: 0 : 17532, 5, 2024/04/26, 19:32:33.879, 5167744084878, vstest.console.dll, DotnetTestHostManager: testhost.exe found at path: C:\Users\VC\Documents\Projects\Day-12(Online Shopping Remaining)\OnlineShoppingSln\OnlineShoppingUnitTest\bin\Debug\net6.0\fine-code-coverage\build-output\testhost.exe
TpTrace Verbose: 0 : 17532, 5, 2024/04/26, 19:32:33.879, 5167744085282, vstest.console.dll, DotnetTestHostmanager: Full path of host exe is C:\Users\VC\Documents\Projects\Day-12(Online Shopping Remaining)\OnlineShoppingSln\OnlineShoppingUnitTest\bin\Debug\net6.0\fine-code-coverage\build-output\testhost.exe
TpTrace Verbose: 0 : 17532, 5, 2024/04/26, 19:32:33.879, 5167744086269, vstest.console.dll, DotnetTestHostmanager.LaunchTestHostAsync: Found 'VSTEST_WINAPPHOST_DOTNET_ROOT' in env variables, value 'C:\Program Files\dotnet', forwarding to 'DOTNET_ROOT'
TpTrace Verbose: 0 : 17532, 5, 2024/04/26, 19:32:33.879, 5167744087359, vstest.console.dll, DotnetTestHostManager: Starting process 'C:\Users\VC\Documents\Projects\Day-12(Online Shopping Remaining)\OnlineShoppingSln\OnlineShoppingUnitTest\bin\Debug\net6.0\fine-code-coverage\build-output\testhost.exe' with command line ' --runtimeconfig "C:\Users\VC\Documents\Projects\Day-12(Online Shopping Remaining)\OnlineShoppingSln\OnlineShoppingUnitTest\bin\Debug\net6.0\fine-code-coverage\build-output\OnlineShoppingUnitTest.runtimeconfig.json" --depsfile "C:\Users\VC\Documents\Projects\Day-12(Online Shopping Remaining)\OnlineShoppingSln\OnlineShoppingUnitTest\bin\Debug\net6.0\fine-code-coverage\build-output\OnlineShoppingUnitTest.deps.json" --port 52219 --endpoint 127.0.0.1:052219 --role client --parentprocessid 17532 --diag "C:\Users\VC\Documents\Projects\Day-12(Online Shopping Remaining)\OnlineShoppingSln\OnlineShoppingUnitTest\bin\Debug\net6.0\fine-code-coverage\coverage-tool-output\diagnostics.host.24-04-26_19-32-33_87845_5.log" --tracelevel 4 --datacollectionport 52218 --telemetryoptedin false'
TpTrace Verbose: 0 : 17532, 5, 2024/04/26, 19:32:33.884, 5167744133221, vstest.console.dll, MulticastDelegateUtilities.SafeInvoke: HostProviderEvents.OnHostLaunched: Invoking callback 1/2 for Microsoft.VisualStudio.TestPlatform.CrossPlatEngine.Client.ProxyExecutionManagerWithDataCollection., took 0 ms.
TpTrace Verbose: 0 : 17532, 5, 2024/04/26, 19:32:33.884, 5167744135787, vstest.console.dll, Test Runtime launched
TpTrace Verbose: 0 : 17532, 5, 2024/04/26, 19:32:33.884, 5167744136464, vstest.console.dll, MulticastDelegateUtilities.SafeInvoke: HostProviderEvents.OnHostLaunched: Invoking callback 2/2 for Microsoft.VisualStudio.TestPlatform.CrossPlatEngine.Client.ProxyOperationManager., took 0 ms.
TpTrace Verbose: 0 : 17532, 5, 2024/04/26, 19:32:33.884, 5167744137645, vstest.console.dll, TestRequestSender.WaitForRequestHandlerConnection: waiting for connection with timeout: 90000.
TpTrace Verbose: 0 : 17532, 7, 2024/04/26, 19:32:34.058, 5167745878006, vstest.console.dll, MulticastDelegateUtilities.SafeInvoke: SocketServer: ClientConnected: Invoking callback 1/1 for Microsoft.VisualStudio.TestPlatform.CommunicationUtilities.TestRequestSender., took 0 ms.
TpTrace Verbose: 0 : 17532, 7, 2024/04/26, 19:32:34.058, 5167745879118, vstest.console.dll, SocketServer.OnClientConnected: Client connected for endPoint: 127.0.0.1:52219, starting MessageLoopAsync:
TpTrace Verbose: 0 : 17532, 5, 2024/04/26, 19:32:34.058, 5167745878219, vstest.console.dll, TestRequestSender.WaitForRequestHandlerConnection: waiting took 174 ms, with timeout 90000 ms, and result 0, which is success.
TpTrace Verbose: 0 : 17532, 13, 2024/04/26, 19:32:34.059, 5167745884423, vstest.console.dll, TcpClientExtensions.MessageLoopAsync: Polling on remoteEndPoint: 127.0.0.1:52220 localEndPoint: 127.0.0.1:52219 after 0 ms
TpTrace Verbose: 0 : 17532, 5, 2024/04/26, 19:32:34.059, 5167745888121, vstest.console.dll, TestRequestSender.CheckVersionWithTestHost: Sending check version message: {"MessageType":"ProtocolVersion","Payload":7}
TpTrace Verbose: 0 : 17532, 13, 2024/04/26, 19:32:34.157, 5167746866498, vstest.console.dll, TcpClientExtensions.MessageLoopAsync: NotifyDataAvailable remoteEndPoint: 127.0.0.1:52220 localEndPoint: 127.0.0.1:52219
TpTrace Verbose: 0 : 17532, 13, 2024/04/26, 19:32:34.157, 5167746869179, vstest.console.dll, TestRequestSender.CheckVersionWithTestHost: onMessageReceived received message: (ProtocolVersion) -> {"MessageType":"ProtocolVersion","Payload":7}
TpTrace Verbose: 0 : 17532, 13, 2024/04/26, 19:32:34.158, 5167746874150, vstest.console.dll, MulticastDelegateUtilities.SafeInvoke: LengthPrefixCommunicationChannel: MessageReceived: Invoking callback 1/1 for Microsoft.VisualStudio.TestPlatform.CommunicationUtilities.TestRequestSender+<>c__DisplayClass29_0., took 0 ms.
TpTrace Verbose: 0 : 17532, 13, 2024/04/26, 19:32:34.158, 5167746875080, vstest.console.dll, TcpClientExtensions.MessageLoopAsync: Polling on remoteEndPoint: 127.0.0.1:52220 localEndPoint: 127.0.0.1:52219 after 98 ms
TpTrace Verbose: 0 : 17532, 5, 2024/04/26, 19:32:34.158, 5167746876138, vstest.console.dll, TestPluginCache.GetExtensionPaths: Filtered extension paths: 
TpTrace Verbose: 0 : 17532, 5, 2024/04/26, 19:32:34.158, 5167746876759, vstest.console.dll, TestPluginCache.GetExtensionPaths: Added default extension paths: C:\Program Files\dotnet\sdk\8.0.202\Extensions\Microsoft.Diagnostics.NETCore.Client.dll
C:\Program Files\dotnet\sdk\8.0.202\Extensions\Microsoft.TestPlatform.Extensions.BlameDataCollector.dll
C:\Program Files\dotnet\sdk\8.0.202\Extensions\Microsoft.TestPlatform.Extensions.EventLogCollector.dll
C:\Program Files\dotnet\sdk\8.0.202\Extensions\Microsoft.TestPlatform.TestHostRuntimeProvider.dll
C:\Program Files\dotnet\sdk\8.0.202\Extensions\Microsoft.VisualStudio.TestPlatform.Extensions.Html.TestLogger.dll
C:\Program Files\dotnet\sdk\8.0.202\Extensions\Microsoft.VisualStudio.TestPlatform.Extensions.Trx.TestLogger.dll
TpTrace Verbose: 0 : 17532, 5, 2024/04/26, 19:32:34.158, 5167746877037, vstest.console.dll, TestPluginCache.GetExtensionPaths: Added unfilterableExtensionPaths: 
TpTrace Verbose: 0 : 17532, 5, 2024/04/26, 19:32:34.160, 5167746896707, vstest.console.dll, TestRequestSender.InitializeExecution: Sending initialize execution with message: {"Version":7,"MessageType":"TestExecution.Initialize","Payload":["C:\\Users\\VC\\Documents\\Projects\\Day-12(Online Shopping Remaining)\\OnlineShoppingSln\\OnlineShoppingUnitTest\\bin\\Debug\\net6.0\\fine-code-coverage\\build-output\\NUnit3.TestAdapter.dll"]}
TpTrace Verbose: 0 : 17532, 5, 2024/04/26, 19:32:34.160, 5167746898297, vstest.console.dll, ParallelProxyExecutionManager.StartTestRunOnConcurrentManager: Execution starting. Started clients: 1
TpTrace Verbose: 0 : 17532, 5, 2024/04/26, 19:32:34.161, 5167746900072, vstest.console.dll, TestRunRequest:SendTestRunMessage: Starting.
TpTrace Verbose: 0 : 17532, 5, 2024/04/26, 19:32:34.161, 5167746901368, vstest.console.dll, MulticastDelegateUtilities.SafeInvoke: TestRun.LogMessages: Invoking callback 1/1 for Microsoft.VisualStudio.TestPlatform.CommandLine.TestRunResultAggregator., took 0 ms.
TpTrace Information: 0 : 17532, 5, 2024/04/26, 19:32:34.161, 5167746901688, vstest.console.dll, TestRunRequest:SendTestRunMessage: Completed.
TpTrace Verbose: 0 : 17532, 4, 2024/04/26, 19:32:34.161, 5167746903725, vstest.console.dll, MulticastDelegateUtilities.SafeInvoke: InternalTestLoggerEvents.SendTestRunMessage: Invoking callback 1/1 for Microsoft.VisualStudio.TestPlatform.CommandLine.Internal.ConsoleLogger., took 0 ms.
TpTrace Warning: 0 : 17532, 5, 2024/04/26, 19:32:34.161, 5167746904583, vstest.console.dll, InferRunSettingsHelper.MakeRunsettingsCompatible: Removing the following settings: TargetPlatform from RunSettings file. To use those settings please move to latest version of Microsoft.NET.Test.Sdk
TpTrace Verbose: 0 : 17532, 13, 2024/04/26, 19:32:34.161, 5167746906629, vstest.console.dll, TcpClientExtensions.MessageLoopAsync: NotifyDataAvailable remoteEndPoint: 127.0.0.1:52220 localEndPoint: 127.0.0.1:52219
TpTrace Verbose: 0 : 17532, 13, 2024/04/26, 19:32:34.162, 5167746910250, vstest.console.dll, TestRequestSender.OnExecutionMessageReceived: Received message: {"Version":7,"MessageType":"TestSession.Message","Payload":{"MessageLevel":0,"Message":"Logging TestHost Diagnostics in file: C:\\Users\\VC\\Documents\\Projects\\Day-12(Online Shopping Remaining)\\OnlineShoppingSln\\OnlineShoppingUnitTest\\bin\\Debug\\net6.0\\fine-code-coverage\\coverage-tool-output\\diagnostics.host.24-04-26_19-32-33_87845_5.log"}}
TpTrace Verbose: 0 : 17532, 13, 2024/04/26, 19:32:34.163, 5167746928425, vstest.console.dll, TestRunRequest:SendTestRunMessage: Starting.
TpTrace Verbose: 0 : 17532, 13, 2024/04/26, 19:32:34.163, 5167746929702, vstest.console.dll, MulticastDelegateUtilities.SafeInvoke: TestRun.LogMessages: Invoking callback 1/1 for Microsoft.VisualStudio.TestPlatform.CommandLine.TestRunResultAggregator., took 0 ms.
TpTrace Information: 0 : 17532, 13, 2024/04/26, 19:32:34.164, 5167746930042, vstest.console.dll, TestRunRequest:SendTestRunMessage: Completed.
TpTrace Verbose: 0 : 17532, 13, 2024/04/26, 19:32:34.164, 5167746930444, vstest.console.dll, MulticastDelegateUtilities.SafeInvoke: LengthPrefixCommunicationChannel: MessageReceived: Invoking callback 1/1 for Microsoft.VisualStudio.TestPlatform.CommunicationUtilities.TestRequestSender+<>c__DisplayClass34_0., took 2 ms.
TpTrace Verbose: 0 : 17532, 13, 2024/04/26, 19:32:34.164, 5167746930751, vstest.console.dll, TcpClientExtensions.MessageLoopAsync: Polling on remoteEndPoint: 127.0.0.1:52220 localEndPoint: 127.0.0.1:52219 after 5 ms
TpTrace Verbose: 0 : 17532, 4, 2024/04/26, 19:32:34.164, 5167746930930, vstest.console.dll, MulticastDelegateUtilities.SafeInvoke: InternalTestLoggerEvents.SendTestRunMessage: Invoking callback 1/1 for Microsoft.VisualStudio.TestPlatform.CommandLine.Internal.ConsoleLogger., took 0 ms.
TpTrace Verbose: 0 : 17532, 5, 2024/04/26, 19:32:34.168, 5167746975508, vstest.console.dll, TestRequestSender.StartTestRun: Sending test run with message: {"Version":7,"MessageType":"TestExecution.StartWithSources","Payload":{"AdapterSourceMap":{"_none_":["C:\\Users\\VC\\Documents\\Projects\\Day-12(Online Shopping Remaining)\\OnlineShoppingSln\\OnlineShoppingUnitTest\\bin\\Debug\\net6.0\\fine-code-coverage\\build-output\\OnlineShoppingUnitTest.dll"]},"RunSettings":"<RunSettings>\r\n  <RunConfiguration>\r\n    <ResultsDirectory>C:\\Users\\VC\\Documents\\Projects\\Day-12(Online Shopping Remaining)\\OnlineShoppingSln\\OnlineShoppingUnitTest\\bin\\Debug\\net6.0\\fine-code-coverage\\coverage-tool-output</ResultsDirectory>\r\n    <TargetFrameworkVersion>.NETCoreApp,Version=v6.0</TargetFrameworkVersion>\r\n    <DesignMode>False</DesignMode>\r\n    <CollectSourceInformation>False</CollectSourceInformation>\r\n  </RunConfiguration>\r\n  <LoggerRunSettings>\r\n    <Loggers>\r\n      <Logger friendlyName=\"blame\" enabled=\"True\" />\r\n      <Logger friendlyName=\"Console\" uri=\"logger://microsoft/TestPlatform/ConsoleLogger/v1\" assemblyQualifiedName=\"Microsoft.VisualStudio.TestPlatform.CommandLine.Internal.ConsoleLogger, vstest.console, Version=15.0.0.0, Culture=neutral, PublicKeyToken=b03f5f7f11d50a3a\" codeBase=\"C:\\Program Files\\dotnet\\sdk\\8.0.202\\vstest.console.dll\" enabled=\"True\" />\r\n    </Loggers>\r\n  </LoggerRunSettings>\r\n  <DataCollectionRunSettings>\r\n    <DataCollectors>\r\n      <DataCollector friendlyName=\"blame\" enabled=\"True\">\r\n        <Configuration>\r\n          <ResultsDirectory>C:\\Users\\VC\\Documents\\Projects\\Day-12(Online Shopping Remaining)\\OnlineShoppingSln\\OnlineShoppingUnitTest\\bin\\Debug\\net6.0\\fine-code-coverage\\coverage-tool-output</ResultsDirectory>\r\n        </Configuration>\r\n      </DataCollector>\r\n    </DataCollectors>\r\n  </DataCollectionRunSettings>\r\n</RunSettings>","TestExecutionContext":{"FrequencyOfRunStatsChangeEvent":10,"RunStatsChangeEventTimeout":"00:00:01.5000000","InIsolation":false,"KeepAlive":false,"AreTestCaseLevelEventsRequired":false,"IsDebug":false,"TestCaseFilter":null,"FilterOptions":null},"Package":null}}
TpTrace Verbose: 0 : 17532, 5, 2024/04/26, 19:32:34.168, 5167746977498, vstest.console.dll, ParallelProxyExecutionManager.StartTestRunOnConcurrentManager: Execution started. Started clients: 1
TpTrace Verbose: 0 : 17532, 13, 2024/04/26, 19:32:34.298, 5167748270289, vstest.console.dll, TcpClientExtensions.MessageLoopAsync: NotifyDataAvailable remoteEndPoint: 127.0.0.1:52220 localEndPoint: 127.0.0.1:52219
TpTrace Verbose: 0 : 17532, 13, 2024/04/26, 19:32:34.298, 5167748272010, vstest.console.dll, TestRequestSender.OnExecutionMessageReceived: Received message: {"Version":7,"MessageType":"TestSession.Message","Payload":{"MessageLevel":0,"Message":"NUnit Adapter 4.4.0.0: Test execution started"}}
TpTrace Verbose: 0 : 17532, 13, 2024/04/26, 19:32:34.298, 5167748273646, vstest.console.dll, TestRunRequest:SendTestRunMessage: Starting.
TpTrace Verbose: 0 : 17532, 13, 2024/04/26, 19:32:34.298, 5167748274279, vstest.console.dll, MulticastDelegateUtilities.SafeInvoke: TestRun.LogMessages: Invoking callback 1/1 for Microsoft.VisualStudio.TestPlatform.CommandLine.TestRunResultAggregator., took 0 ms.
TpTrace Information: 0 : 17532, 13, 2024/04/26, 19:32:34.298, 5167748274654, vstest.console.dll, TestRunRequest:SendTestRunMessage: Completed.
TpTrace Verbose: 0 : 17532, 13, 2024/04/26, 19:32:34.298, 5167748274933, vstest.console.dll, MulticastDelegateUtilities.SafeInvoke: LengthPrefixCommunicationChannel: MessageReceived: Invoking callback 1/1 for Microsoft.VisualStudio.TestPlatform.CommunicationUtilities.TestRequestSender+<>c__DisplayClass34_0., took 0 ms.
TpTrace Verbose: 0 : 17532, 13, 2024/04/26, 19:32:34.298, 5167748275234, vstest.console.dll, TcpClientExtensions.MessageLoopAsync: Polling on remoteEndPoint: 127.0.0.1:52220 localEndPoint: 127.0.0.1:52219 after 134 ms
TpTrace Verbose: 0 : 17532, 4, 2024/04/26, 19:32:34.298, 5167748275566, vstest.console.dll, MulticastDelegateUtilities.SafeInvoke: InternalTestLoggerEvents.SendTestRunMessage: Invoking callback 1/1 for Microsoft.VisualStudio.TestPlatform.CommandLine.Internal.ConsoleLogger., took 0 ms.
TpTrace Verbose: 0 : 17532, 13, 2024/04/26, 19:32:34.320, 5167748495792, vstest.console.dll, TcpClientExtensions.MessageLoopAsync: NotifyDataAvailable remoteEndPoint: 127.0.0.1:52220 localEndPoint: 127.0.0.1:52219
TpTrace Verbose: 0 : 17532, 13, 2024/04/26, 19:32:34.320, 5167748497540, vstest.console.dll, TestRequestSender.OnExecutionMessageReceived: Received message: {"Version":7,"MessageType":"TestSession.Message","Payload":{"MessageLevel":0,"Message":"Running all tests in C:\\Users\\VC\\Documents\\Projects\\Day-12(Online Shopping Remaining)\\OnlineShoppingSln\\OnlineShoppingUnitTest\\bin\\Debug\\net6.0\\fine-code-coverage\\build-output\\OnlineShoppingUnitTest.dll"}}
TpTrace Verbose: 0 : 17532, 13, 2024/04/26, 19:32:34.320, 5167748498848, vstest.console.dll, TestRunRequest:SendTestRunMessage: Starting.
TpTrace Verbose: 0 : 17532, 13, 2024/04/26, 19:32:34.320, 5167748499402, vstest.console.dll, MulticastDelegateUtilities.SafeInvoke: TestRun.LogMessages: Invoking callback 1/1 for Microsoft.VisualStudio.TestPlatform.CommandLine.TestRunResultAggregator., took 0 ms.
TpTrace Information: 0 : 17532, 13, 2024/04/26, 19:32:34.320, 5167748499660, vstest.console.dll, TestRunRequest:SendTestRunMessage: Completed.
TpTrace Verbose: 0 : 17532, 4, 2024/04/26, 19:32:34.320, 5167748499806, vstest.console.dll, MulticastDelegateUtilities.SafeInvoke: InternalTestLoggerEvents.SendTestRunMessage: Invoking callback 1/1 for Microsoft.VisualStudio.TestPlatform.CommandLine.Internal.ConsoleLogger., took 0 ms.
TpTrace Verbose: 0 : 17532, 13, 2024/04/26, 19:32:34.321, 5167748499948, vstest.console.dll, MulticastDelegateUtilities.SafeInvoke: LengthPrefixCommunicationChannel: MessageReceived: Invoking callback 1/1 for Microsoft.VisualStudio.TestPlatform.CommunicationUtilities.TestRequestSender+<>c__DisplayClass34_0., took 0 ms.
TpTrace Verbose: 0 : 17532, 13, 2024/04/26, 19:32:34.321, 5167748501434, vstest.console.dll, TcpClientExtensions.MessageLoopAsync: Polling on remoteEndPoint: 127.0.0.1:52220 localEndPoint: 127.0.0.1:52219 after 22 ms
TpTrace Verbose: 0 : 17532, 13, 2024/04/26, 19:32:34.424, 5167749530206, vstest.console.dll, TcpClientExtensions.MessageLoopAsync: NotifyDataAvailable remoteEndPoint: 127.0.0.1:52220 localEndPoint: 127.0.0.1:52219
TpTrace Verbose: 0 : 17532, 13, 2024/04/26, 19:32:34.424, 5167749532159, vstest.console.dll, TestRequestSender.OnExecutionMessageReceived: Received message: {"Version":7,"MessageType":"TestSession.Message","Payload":{"MessageLevel":0,"Message":"   NUnit3TestExecutor discovered 18 of 18 NUnit test cases using Current Discovery mode, Non-Explicit run"}}
TpTrace Verbose: 0 : 17532, 13, 2024/04/26, 19:32:34.424, 5167749533715, vstest.console.dll, TestRunRequest:SendTestRunMessage: Starting.
TpTrace Verbose: 0 : 17532, 13, 2024/04/26, 19:32:34.424, 5167749534461, vstest.console.dll, MulticastDelegateUtilities.SafeInvoke: TestRun.LogMessages: Invoking callback 1/1 for Microsoft.VisualStudio.TestPlatform.CommandLine.TestRunResultAggregator., took 0 ms.
TpTrace Information: 0 : 17532, 13, 2024/04/26, 19:32:34.424, 5167749534875, vstest.console.dll, TestRunRequest:SendTestRunMessage: Completed.
TpTrace Verbose: 0 : 17532, 4, 2024/04/26, 19:32:34.424, 5167749535128, vstest.console.dll, MulticastDelegateUtilities.SafeInvoke: InternalTestLoggerEvents.SendTestRunMessage: Invoking callback 1/1 for Microsoft.VisualStudio.TestPlatform.CommandLine.Internal.ConsoleLogger., took 0 ms.
TpTrace Verbose: 0 : 17532, 13, 2024/04/26, 19:32:34.424, 5167749535315, vstest.console.dll, MulticastDelegateUtilities.SafeInvoke: LengthPrefixCommunicationChannel: MessageReceived: Invoking callback 1/1 for Microsoft.VisualStudio.TestPlatform.CommunicationUtilities.TestRequestSender+<>c__DisplayClass34_0., took 0 ms.
TpTrace Verbose: 0 : 17532, 13, 2024/04/26, 19:32:34.424, 5167749536282, vstest.console.dll, TcpClientExtensions.MessageLoopAsync: Polling on remoteEndPoint: 127.0.0.1:52220 localEndPoint: 127.0.0.1:52219 after 103 ms
TpTrace Verbose: 0 : 17532, 13, 2024/04/26, 19:32:34.551, 5167750808129, vstest.console.dll, TcpClientExtensions.MessageLoopAsync: NotifyDataAvailable remoteEndPoint: 127.0.0.1:52220 localEndPoint: 127.0.0.1:52219
TpTrace Verbose: 0 : 17532, 13, 2024/04/26, 19:32:34.552, 5167750811800, vstest.console.dll, TestRequestSender.OnExecutionMessageReceived: Received message: {"Version":7,"MessageType":"TestExecution.StatsChange","Payload":{"NewTestResults":[{"TestCase":{"Id":"2fc25403-1aff-fad8-32bc-37b28c813c1c","FullyQualifiedName":"OnlineShoppingUnitTest.CartTest.Addcart","DisplayName":"Addcart","ExecutorUri":"executor://NUnit3TestExecutor","Source":"C:\\Users\\VC\\Documents\\Projects\\Day-12(Online Shopping Remaining)\\OnlineShoppingSln\\OnlineShoppingUnitTest\\bin\\Debug\\net6.0\\fine-code-coverage\\build-output\\OnlineShoppingUnitTest.dll","CodeFilePath":null,"LineNumber":0,"Properties":[{"Key":{"Id":"NUnit.Seed","Label":"Seed","Category":"","Description":"","Attributes":0,"ValueType":"System.String"},"Value":"21655955"}]},"Attachments":[],"Outcome":1,"ErrorMessage":null,"ErrorStackTrace":null,"DisplayName":"Addcart","Messages":[],"ComputerName":"75RBBX3","Duration":"00:00:00.0363540","StartTime":"2024-04-26T14:02:34.444774+00:00","EndTime":"2024-04-26T14:02:34.4810691+00:00","Properties":[{"Key":{"Id":"NUnit.Seed","Label":"Seed","Category":"","Description":"","Attributes":0,"ValueType":"System.String"},"Value":"21655955"}]},{"TestCase":{"Id":"4362c90b-b608-e8a9-ef84-ea1bb7fd2772","FullyQualifiedName":"OnlineShoppingUnitTest.CartTest.ExceptionInFindCartById","DisplayName":"ExceptionInFindCartById","ExecutorUri":"executor://NUnit3TestExecutor","Source":"C:\\Users\\VC\\Documents\\Projects\\Day-12(Online Shopping Remaining)\\OnlineShoppingSln\\OnlineShoppingUnitTest\\bin\\Debug\\net6.0\\fine-code-coverage\\build-output\\OnlineShoppingUnitTest.dll","CodeFilePath":null,"LineNumber":0,"Properties":[{"Key":{"Id":"NUnit.Seed","Label":"Seed","Category":"","Description":"","Attributes":0,"ValueType":"System.String"},"Value":"1240206978"}]},"Attachments":[],"Outcome":1,"ErrorMessage":null,"ErrorStackTrace":null,"DisplayName":"ExceptionInFindCartById","Messages":[],"ComputerName":"75RBBX3","Duration":"00:00:00.0040270","StartTime":"2024-04-26T14:02:34.4822539+00:00","EndTime":"2024-04-26T14:02:34.4862808+00:00","Properties":[{"Key":{"Id":"NUnit.Seed","Label":"Seed","Category":"","Description":"","Attributes":0,"ValueType":"System.String"},"Value":"1240206978"}]},{"TestCase":{"Id":"702391f1-c92d-ae84-6205-c446f88fdfd0","FullyQualifiedName":"OnlineShoppingUnitTest.CartTest.FailFindCart","DisplayName":"FailFindCart","ExecutorUri":"executor://NUnit3TestExecutor","Source":"C:\\Users\\VC\\Documents\\Projects\\Day-12(Online Shopping Remaining)\\OnlineShoppingSln\\OnlineShoppingUnitTest\\bin\\Debug\\net6.0\\fine-code-coverage\\build-output\\OnlineShoppingUnitTest.dll","CodeFilePath":null,"LineNumber":0,"Properties":[{"Key":{"Id":"NUnit.Seed","Label":"Seed","Category":"","Description":"","Attributes":0,"ValueType":"System.String"},"Value":"99250254"}]},"Attachments":[],"Outcome":1,"ErrorMessage":null,"ErrorStackTrace":null,"DisplayName":"FailFindCart","Messages":[],"ComputerName":"75RBBX3","Duration":"00:00:00.0005170","StartTime":"2024-04-26T14:02:34.4863046+00:00","EndTime":"2024-04-26T14:02:34.4868215+00:00","Properties":[{"Key":{"Id":"NUnit.Seed","Label":"Seed","Category":"","Description":"","Attributes":0,"ValueType":"System.String"},"Value":"99250254"}]},{"TestCase":{"Id":"9b592246-60b5-d919-4a09-4029349a9ad2","FullyQualifiedName":"OnlineShoppingUnitTest.CartTest.FindCart","DisplayName":"FindCart","ExecutorUri":"executor://NUnit3TestExecutor","Source":"C:\\Users\\VC\\Documents\\Projects\\Day-12(Online Shopping Remaining)\\OnlineShoppingSln\\OnlineShoppingUnitTest\\bin\\Debug\\net6.0\\fine-code-coverage\\build-output\\OnlineShoppingUnitTest.dll","CodeFilePath":null,"LineNumber":0,"Properties":[{"Key":{"Id":"NUnit.Seed","Label":"Seed","Category":"","Description":"","Attributes":0,"ValueType":"System.String"},"Value":"537907693"}]},"Attachments":[],"Outcome":2,"ErrorMessage":"OnlineShoppingModelLibrary.CustomException.NoDataWithGiveIdException : No Cart with given id present","ErrorStackTrace":"   at OnlineShoppingBLLibrary.CartBL.FindCartById(Int32 id) in C:\\Users\\VC\\Documents\\Projects\\Day-12(Online Shopping Remaining)\\OnlineShoppingSln\\OnlineShoppingBLLibrary\\CartBL.cs:line 47\r\n   at OnlineShoppingUnitTest.CartTest.FindCart() in C:\\Users\\VC\\Documents\\Projects\\Day-12(Online Shopping Remaining)\\OnlineShoppingSln\\OnlineShoppingUnitTest\\CartTest.cs:line 42\n","DisplayName":"FindCart","Messages":[],"ComputerName":"75RBBX3","Duration":"00:00:00.0044960","StartTime":"2024-04-26T14:02:34.4868327+00:00","EndTime":"2024-04-26T14:02:34.4913289+00:00","Properties":[{"Key":{"Id":"NUnit.Seed","Label":"Seed","Category":"","Description":"","Attributes":0,"ValueType":"System.String"},"Value":"537907693"}]},{"TestCase":{"Id":"8a4ad7cd-3d2b-8966-28e6-2b8e6f01fdd7","FullyQualifiedName":"OnlineShoppingUnitTest.ProductTest.AddProduct","DisplayName":"AddProduct","ExecutorUri":"executor://NUnit3TestExecutor","Source":"C:\\Users\\VC\\Documents\\Projects\\Day-12(Online Shopping Remaining)\\OnlineShoppingSln\\OnlineShoppingUnitTest\\bin\\Debug\\net6.0\\fine-code-coverage\\build-output\\OnlineShoppingUnitTest.dll","CodeFilePath":null,"LineNumber":0,"Properties":[{"Key":{"Id":"NUnit.Seed","Label":"Seed","Category":"","Description":"","Attributes":0,"ValueType":"System.String"},"Value":"1175126778"}]},"Attachments":[],"Outcome":1,"ErrorMessage":null,"ErrorStackTrace":null,"DisplayName":"AddProduct","Messages":[],"ComputerName":"75RBBX3","Duration":"00:00:00.0014370","StartTime":"2024-04-26T14:02:34.4935567+00:00","EndTime":"2024-04-26T14:02:34.494994+00:00","Properties":[{"Key":{"Id":"NUnit.Seed","Label":"Seed","Category":"","Description":"","Attributes":0,"ValueType":"System.String"},"Value":"1175126778"}]},{"TestCase":{"Id":"d0f66a13-639a-81d6-a4c2-081b79fba61a","FullyQualifiedName":"OnlineShoppingUnitTest.ProductTest.DeleteProduct","DisplayName":"DeleteProduct","ExecutorUri":"executor://NUnit3TestExecutor","Source":"C:\\Users\\VC\\Documents\\Projects\\Day-12(Online Shopping Remaining)\\OnlineShoppingSln\\OnlineShoppingUnitTest\\bin\\Debug\\net6.0\\fine-code-coverage\\build-output\\OnlineShoppingUnitTest.dll","CodeFilePath":null,"LineNumber":0,"Properties":[{"Key":{"Id":"NUnit.Seed","Label":"Seed","Category":"","Description":"","Attributes":0,"ValueType":"System.String"},"Value":"1478270688"}]},"Attachments":[],"Outcome":2,"ErrorMessage":"OnlineShoppingModelLibrary.CustomException.NoDataWithGiveIdException : No Product with given id present","ErrorStackTrace":"   at OnlineShoppingDALLibrary.ProductRepository.GetByKey(Int32 key) in C:\\Users\\VC\\Documents\\Projects\\Day-12(Online Shopping Remaining)\\OnlineShoppingSln\\OnlineShoppingDALLibrary\\ProductRepository.cs:line 32\r\n   at OnlineShoppingDALLibrary.ProductRepository.Delete(Int32 key) in C:\\Users\\VC\\Documents\\Projects\\Day-12(Online Shopping Remaining)\\OnlineShoppingSln\\OnlineShoppingDALLibrary\\ProductRepository.cs:line 15\r\n   at OnlineShoppingBLLibrary.ProductBL.DeleteProduct(Int32 id) in C:\\Users\\VC\\Documents\\Projects\\Day-12(Online Shopping Remaining)\\OnlineShoppingSln\\OnlineShoppingBLLibrary\\ProductBL.cs:line 55\r\n   at OnlineShoppingUnitTest.ProductTest.DeleteProduct() in C:\\Users\\VC\\Documents\\Projects\\Day-12(Online Shopping Remaining)\\OnlineShoppingSln\\OnlineShoppingUnitTest\\ProductTest.cs:line 55\n","DisplayName":"DeleteProduct","Messages":[],"ComputerName":"75RBBX3","Duration":"00:00:00.0034970","StartTime":"2024-04-26T14:02:34.4950072+00:00","EndTime":"2024-04-26T14:02:34.4985041+00:00","Properties":[{"Key":{"Id":"NUnit.Seed","Label":"Seed","Category":"","Description":"","Attributes":0,"ValueType":"System.String"},"Value":"1478270688"}]},{"TestCase":{"Id":"361a460c-bb00-0bca-a4ea-6c84a18e8fb0","FullyQualifiedName":"OnlineShoppingUnitTest.ProductTest.ExceptionInDeleteProduct","DisplayName":"ExceptionInDeleteProduct","ExecutorUri":"executor://NUnit3TestExecutor","Source":"C:\\Users\\VC\\Documents\\Projects\\Day-12(Online Shopping Remaining)\\OnlineShoppingSln\\OnlineShoppingUnitTest\\bin\\Debug\\net6.0\\fine-code-coverage\\build-output\\OnlineShoppingUnitTest.dll","CodeFilePath":null,"LineNumber":0,"Properties":[{"Key":{"Id":"NUnit.Seed","Label":"Seed","Category":"","Description":"","Attributes":0,"ValueType":"System.String"},"Value":"982412687"}]},"Attachments":[],"Outcome":1,"ErrorMessage":null,"ErrorStackTrace":null,"DisplayName":"ExceptionInDeleteProduct","Messages":[],"ComputerName":"75RBBX3","Duration":"00:00:00.0007550","StartTime":"2024-04-26T14:02:34.4985262+00:00","EndTime":"2024-04-26T14:02:34.4992809+00:00","Properties":[{"Key":{"Id":"NUnit.Seed","Label":"Seed","Category":"","Description":"","Attributes":0,"ValueType":"System.String"},"Value":"982412687"}]},{"TestCase":{"Id":"43dd57a6-816d-f59c-3b69-590aaf3aa5a4","FullyQualifiedName":"OnlineShoppingUnitTest.ProductTest.ExceptionInFindProduct","DisplayName":"ExceptionInFindProduct","ExecutorUri":"executor://NUnit3TestExecutor","Source":"C:\\Users\\VC\\Documents\\Projects\\Day-12(Online Shopping Remaining)\\OnlineShoppingSln\\OnlineShoppingUnitTest\\bin\\Debug\\net6.0\\fine-code-coverage\\build-output\\OnlineShoppingUnitTest.dll","CodeFilePath":null,"LineNumber":0,"Properties":[{"Key":{"Id":"NUnit.Seed","Label":"Seed","Category":"","Description":"","Attributes":0,"ValueType":"System.String"},"Value":"731155595"}]},"Attachments":[],"Outcome":1,"ErrorMessage":null,"ErrorStackTrace":null,"DisplayName":"ExceptionInFindProduct","Messages":[],"ComputerName":"75RBBX3","Duration":"00:00:00.0005900","StartTime":"2024-04-26T14:02:34.4992952+00:00","EndTime":"2024-04-26T14:02:34.4998853+00:00","Properties":[{"Key":{"Id":"NUnit.Seed","Label":"Seed","Category":"","Description":"","Attributes":0,"ValueType":"System.String"},"Value":"731155595"}]},{"TestCase":{"Id":"e0c23e3c-0e48-4d27-66ac-1db7eee52f16","FullyQualifiedName":"OnlineShoppingUnitTest.ProductTest.FailDeleteProduct","DisplayName":"FailDeleteProduct","ExecutorUri":"executor://NUnit3TestExecutor","Source":"C:\\Users\\VC\\Documents\\Projects\\Day-12(Online Shopping Remaining)\\OnlineShoppingSln\\OnlineShoppingUnitTest\\bin\\Debug\\net6.0\\fine-code-coverage\\build-output\\OnlineShoppingUnitTest.dll","CodeFilePath":null,"LineNumber":0,"Properties":[{"Key":{"Id":"NUnit.Seed","Label":"Seed","Category":"","Description":"","Attributes":0,"ValueType":"System.String"},"Value":"1649173569"}]},"Attachments":[],"Outcome":1,"ErrorMessage":null,"ErrorStackTrace":null,"DisplayName":"FailDeleteProduct","Messages":[],"ComputerName":"75RBBX3","Duration":"00:00:00.0006360","StartTime":"2024-04-26T14:02:34.4998963+00:00","EndTime":"2024-04-26T14:02:34.5005321+00:00","Properties":[{"Key":{"Id":"NUnit.Seed","Label":"Seed","Category":"","Description":"","Attributes":0,"ValueType":"System.String"},"Value":"1649173569"}]}],"TestRunStatistics":{"ExecutedTests":9,"Stats":{"Passed":7,"Failed":2}},"ActiveTests":[{"Id":"22d22c66-d0bd-b834-9972-311062241ba4","FullyQualifiedName":"OnlineShoppingUnitTest.ProductTest.FailFindProduct","DisplayName":"FailFindProduct","ExecutorUri":"executor://NUnit3TestExecutor","Source":"C:\\Users\\VC\\Documents\\Projects\\Day-12(Online Shopping Remaining)\\OnlineShoppingSln\\OnlineShoppingUnitTest\\bin\\Debug\\net6.0\\fine-code-coverage\\build-output\\OnlineShoppingUnitTest.dll","CodeFilePath":null,"LineNumber":0,"Properties":[{"Key":{"Id":"NUnit.Seed","Label":"Seed","Category":"","Description":"","Attributes":0,"ValueType":"System.String"},"Value":"315297888"}]}]}}
TpTrace Verbose: 0 : 17532, 13, 2024/04/26, 19:32:34.571, 5167751007601, vstest.console.dll, TestRunRequest:SendTestRunStatsChange: Starting.
TpTrace Verbose: 0 : 17532, 13, 2024/04/26, 19:32:34.571, 5167751008914, vstest.console.dll, InProgress is FailFindProduct
TpTrace Verbose: 0 : 17532, 13, 2024/04/26, 19:32:34.572, 5167751010982, vstest.console.dll, MulticastDelegateUtilities.SafeInvoke: TestRun.RunStatsChanged: Invoking callbacks was skipped because there are no subscribers.
TpTrace Information: 0 : 17532, 13, 2024/04/26, 19:32:34.572, 5167751011342, vstest.console.dll, TestRunRequest:SendTestRunStatsChange: Completed.
TpTrace Verbose: 0 : 17532, 13, 2024/04/26, 19:32:34.572, 5167751011663, vstest.console.dll, MulticastDelegateUtilities.SafeInvoke: LengthPrefixCommunicationChannel: MessageReceived: Invoking callback 1/1 for Microsoft.VisualStudio.TestPlatform.CommunicationUtilities.TestRequestSender+<>c__DisplayClass34_0., took 20 ms.
TpTrace Verbose: 0 : 17532, 13, 2024/04/26, 19:32:34.572, 5167751012064, vstest.console.dll, TcpClientExtensions.MessageLoopAsync: Polling on remoteEndPoint: 127.0.0.1:52220 localEndPoint: 127.0.0.1:52219 after 147 ms
TpTrace Verbose: 0 : 17532, 4, 2024/04/26, 19:32:34.573, 5167751027242, vstest.console.dll, MulticastDelegateUtilities.SafeInvoke: InternalTestLoggerEvents.SendTestResult: Invoking callback 1/1 for Microsoft.VisualStudio.TestPlatform.CommandLine.Internal.ConsoleLogger., took 1 ms.
TpTrace Verbose: 0 : 17532, 4, 2024/04/26, 19:32:34.574, 5167751030289, vstest.console.dll, MulticastDelegateUtilities.SafeInvoke: InternalTestLoggerEvents.SendTestResult: Invoking callback 1/1 for Microsoft.VisualStudio.TestPlatform.CommandLine.Internal.ConsoleLogger., took 0 ms.
TpTrace Verbose: 0 : 17532, 4, 2024/04/26, 19:32:34.574, 5167751030930, vstest.console.dll, MulticastDelegateUtilities.SafeInvoke: InternalTestLoggerEvents.SendTestResult: Invoking callback 1/1 for Microsoft.VisualStudio.TestPlatform.CommandLine.Internal.ConsoleLogger., took 0 ms.
TpTrace Verbose: 0 : 17532, 4, 2024/04/26, 19:32:34.574, 5167751037521, vstest.console.dll, MulticastDelegateUtilities.SafeInvoke: InternalTestLoggerEvents.SendTestResult: Invoking callback 1/1 for Microsoft.VisualStudio.TestPlatform.CommandLine.Internal.ConsoleLogger., took 0 ms.
TpTrace Verbose: 0 : 17532, 4, 2024/04/26, 19:32:34.574, 5167751038306, vstest.console.dll, MulticastDelegateUtilities.SafeInvoke: InternalTestLoggerEvents.SendTestResult: Invoking callback 1/1 for Microsoft.VisualStudio.TestPlatform.CommandLine.Internal.ConsoleLogger., took 0 ms.
TpTrace Verbose: 0 : 17532, 4, 2024/04/26, 19:32:34.575, 5167751040230, vstest.console.dll, MulticastDelegateUtilities.SafeInvoke: InternalTestLoggerEvents.SendTestResult: Invoking callback 1/1 for Microsoft.VisualStudio.TestPlatform.CommandLine.Internal.ConsoleLogger., took 0 ms.
TpTrace Verbose: 0 : 17532, 4, 2024/04/26, 19:32:34.575, 5167751040635, vstest.console.dll, MulticastDelegateUtilities.SafeInvoke: InternalTestLoggerEvents.SendTestResult: Invoking callback 1/1 for Microsoft.VisualStudio.TestPlatform.CommandLine.Internal.ConsoleLogger., took 0 ms.
TpTrace Verbose: 0 : 17532, 4, 2024/04/26, 19:32:34.575, 5167751041126, vstest.console.dll, MulticastDelegateUtilities.SafeInvoke: InternalTestLoggerEvents.SendTestResult: Invoking callback 1/1 for Microsoft.VisualStudio.TestPlatform.CommandLine.Internal.ConsoleLogger., took 0 ms.
TpTrace Verbose: 0 : 17532, 4, 2024/04/26, 19:32:34.575, 5167751041625, vstest.console.dll, MulticastDelegateUtilities.SafeInvoke: InternalTestLoggerEvents.SendTestResult: Invoking callback 1/1 for Microsoft.VisualStudio.TestPlatform.CommandLine.Internal.ConsoleLogger., took 0 ms.
TpTrace Verbose: 0 : 17532, 13, 2024/04/26, 19:32:34.584, 5167751131811, vstest.console.dll, TcpClientExtensions.MessageLoopAsync: NotifyDataAvailable remoteEndPoint: 127.0.0.1:52220 localEndPoint: 127.0.0.1:52219
TpTrace Verbose: 0 : 17532, 13, 2024/04/26, 19:32:34.584, 5167751133495, vstest.console.dll, TestRequestSender.OnExecutionMessageReceived: Received message: {"Version":7,"MessageType":"TestSession.Message","Payload":{"MessageLevel":0,"Message":"NUnit Adapter 4.4.0.0: Test execution complete"}}
TpTrace Verbose: 0 : 17532, 13, 2024/04/26, 19:32:34.584, 5167751134690, vstest.console.dll, TestRunRequest:SendTestRunMessage: Starting.
TpTrace Verbose: 0 : 17532, 13, 2024/04/26, 19:32:34.584, 5167751135222, vstest.console.dll, MulticastDelegateUtilities.SafeInvoke: TestRun.LogMessages: Invoking callback 1/1 for Microsoft.VisualStudio.TestPlatform.CommandLine.TestRunResultAggregator., took 0 ms.
TpTrace Information: 0 : 17532, 13, 2024/04/26, 19:32:34.584, 5167751135596, vstest.console.dll, TestRunRequest:SendTestRunMessage: Completed.
TpTrace Verbose: 0 : 17532, 13, 2024/04/26, 19:32:34.584, 5167751135871, vstest.console.dll, MulticastDelegateUtilities.SafeInvoke: LengthPrefixCommunicationChannel: MessageReceived: Invoking callback 1/1 for Microsoft.VisualStudio.TestPlatform.CommunicationUtilities.TestRequestSender+<>c__DisplayClass34_0., took 0 ms.
TpTrace Verbose: 0 : 17532, 13, 2024/04/26, 19:32:34.584, 5167751136160, vstest.console.dll, TcpClientExtensions.MessageLoopAsync: Polling on remoteEndPoint: 127.0.0.1:52220 localEndPoint: 127.0.0.1:52219 after 12 ms
TpTrace Verbose: 0 : 17532, 4, 2024/04/26, 19:32:34.584, 5167751136598, vstest.console.dll, MulticastDelegateUtilities.SafeInvoke: InternalTestLoggerEvents.SendTestRunMessage: Invoking callback 1/1 for Microsoft.VisualStudio.TestPlatform.CommandLine.Internal.ConsoleLogger., took 0 ms.
TpTrace Verbose: 0 : 17532, 13, 2024/04/26, 19:32:34.598, 5167751272745, vstest.console.dll, TcpClientExtensions.MessageLoopAsync: NotifyDataAvailable remoteEndPoint: 127.0.0.1:52220 localEndPoint: 127.0.0.1:52219
TpTrace Verbose: 0 : 17532, 13, 2024/04/26, 19:32:34.598, 5167751275947, vstest.console.dll, TestRequestSender.OnExecutionMessageReceived: Received message: {"Version":7,"MessageType":"TestExecution.Completed","Payload":{"TestRunCompleteArgs":{"TestRunStatistics":{"ExecutedTests":18,"Stats":{"Passed":12,"Failed":6}},"IsCanceled":false,"IsAborted":false,"Error":null,"AttachmentSets":[],"InvokedDataCollectors":[],"ElapsedTimeInRunningTests":"00:00:00.3086860","Metrics":{},"DiscoveredExtensions":{"TestDiscoverers":["NUnit.VisualStudio.TestAdapter.NUnit3TestDiscoverer, NUnit3.TestAdapter, Version=4.4.0.0, Culture=neutral, PublicKeyToken=4cb40d35494691ac"],"TestExecutors":["executor://NUnit3TestExecutor"],"TestExecutors2":[],"TestSettingsProviders":[]}},"LastRunTests":{"NewTestResults":[{"TestCase":{"Id":"22d22c66-d0bd-b834-9972-311062241ba4","FullyQualifiedName":"OnlineShoppingUnitTest.ProductTest.FailFindProduct","DisplayName":"FailFindProduct","ExecutorUri":"executor://NUnit3TestExecutor","Source":"C:\\Users\\VC\\Documents\\Projects\\Day-12(Online Shopping Remaining)\\OnlineShoppingSln\\OnlineShoppingUnitTest\\bin\\Debug\\net6.0\\fine-code-coverage\\build-output\\OnlineShoppingUnitTest.dll","CodeFilePath":null,"LineNumber":0,"Properties":[{"Key":{"Id":"NUnit.Seed","Label":"Seed","Category":"","Description":"","Attributes":0,"ValueType":"System.String"},"Value":"315297888"}]},"Attachments":[],"Outcome":1,"ErrorMessage":null,"ErrorStackTrace":null,"DisplayName":"FailFindProduct","Messages":[],"ComputerName":"75RBBX3","Duration":"00:00:00.0004290","StartTime":"2024-04-26T14:02:34.5005427+00:00","EndTime":"2024-04-26T14:02:34.5009711+00:00","Properties":[{"Key":{"Id":"NUnit.Seed","Label":"Seed","Category":"","Description":"","Attributes":0,"ValueType":"System.String"},"Value":"315297888"}]},{"TestCase":{"Id":"8f4f7e26-3780-52ec-969d-670d31ed73b6","FullyQualifiedName":"OnlineShoppingUnitTest.ProductTest.FindProduct","DisplayName":"FindProduct","ExecutorUri":"executor://NUnit3TestExecutor","Source":"C:\\Users\\VC\\Documents\\Projects\\Day-12(Online Shopping Remaining)\\OnlineShoppingSln\\OnlineShoppingUnitTest\\bin\\Debug\\net6.0\\fine-code-coverage\\build-output\\OnlineShoppingUnitTest.dll","CodeFilePath":null,"LineNumber":0,"Properties":[{"Key":{"Id":"NUnit.Seed","Label":"Seed","Category":"","Description":"","Attributes":0,"ValueType":"System.String"},"Value":"335789909"}]},"Attachments":[],"Outcome":2,"ErrorMessage":"OnlineShoppingModelLibrary.CustomException.NoDataWithGiveIdException : No Product with given id present","ErrorStackTrace":"   at OnlineShoppingBLLibrary.ProductBL.FindProductById(Int32 id) in C:\\Users\\VC\\Documents\\Projects\\Day-12(Online Shopping Remaining)\\OnlineShoppingSln\\OnlineShoppingBLLibrary\\ProductBL.cs:line 46\r\n   at OnlineShoppingUnitTest.ProductTest.FindProduct() in C:\\Users\\VC\\Documents\\Projects\\Day-12(Online Shopping Remaining)\\OnlineShoppingSln\\OnlineShoppingUnitTest\\ProductTest.cs:line 34\n","DisplayName":"FindProduct","Messages":[],"ComputerName":"75RBBX3","Duration":"00:00:00.0004030","StartTime":"2024-04-26T14:02:34.5009803+00:00","EndTime":"2024-04-26T14:02:34.5013828+00:00","Properties":[{"Key":{"Id":"NUnit.Seed","Label":"Seed","Category":"","Description":"","Attributes":0,"ValueType":"System.String"},"Value":"335789909"}]},{"TestCase":{"Id":"72aebac8-bb41-369f-5907-b5721cddaa5b","FullyQualifiedName":"OnlineShoppingUnitTest.Tests.AddCustomer","DisplayName":"AddCustomer","ExecutorUri":"executor://NUnit3TestExecutor","Source":"C:\\Users\\VC\\Documents\\Projects\\Day-12(Online Shopping Remaining)\\OnlineShoppingSln\\OnlineShoppingUnitTest\\bin\\Debug\\net6.0\\fine-code-coverage\\build-output\\OnlineShoppingUnitTest.dll","CodeFilePath":null,"LineNumber":0,"Properties":[{"Key":{"Id":"NUnit.Seed","Label":"Seed","Category":"","Description":"","Attributes":0,"ValueType":"System.String"},"Value":"1974618572"}]},"Attachments":[],"Outcome":1,"ErrorMessage":null,"ErrorStackTrace":null,"DisplayName":"AddCustomer","Messages":[],"ComputerName":"75RBBX3","Duration":"00:00:00.0004890","StartTime":"2024-04-26T14:02:34.5014951+00:00","EndTime":"2024-04-26T14:02:34.5019836+00:00","Properties":[{"Key":{"Id":"NUnit.Seed","Label":"Seed","Category":"","Description":"","Attributes":0,"ValueType":"System.String"},"Value":"1974618572"}]},{"TestCase":{"Id":"86b87b8c-334d-31f8-8c9e-38630d967fc9","FullyQualifiedName":"OnlineShoppingUnitTest.Tests.ExceptionInAddCustomer","DisplayName":"ExceptionInAddCustomer","ExecutorUri":"executor://NUnit3TestExecutor","Source":"C:\\Users\\VC\\Documents\\Projects\\Day-12(Online Shopping Remaining)\\OnlineShoppingSln\\OnlineShoppingUnitTest\\bin\\Debug\\net6.0\\fine-code-coverage\\build-output\\OnlineShoppingUnitTest.dll","CodeFilePath":null,"LineNumber":0,"Properties":[{"Key":{"Id":"NUnit.Seed","Label":"Seed","Category":"","Description":"","Attributes":0,"ValueType":"System.String"},"Value":"1969950753"}]},"Attachments":[],"Outcome":2,"ErrorMessage":"  Expected: <OnlineShoppingModelLibrary.CustomException.DuplicateValueFoundException>\r\n  But was:  null\r\n","ErrorStackTrace":"   at OnlineShoppingUnitTest.Tests.ExceptionInAddCustomer() in C:\\Users\\VC\\Documents\\Projects\\Day-12(Online Shopping Remaining)\\OnlineShoppingSln\\OnlineShoppingUnitTest\\UnitTest1.cs:line 91\r\n\n1)    at OnlineShoppingUnitTest.Tests.ExceptionInAddCustomer() in C:\\Users\\VC\\Documents\\Projects\\Day-12(Online Shopping Remaining)\\OnlineShoppingSln\\OnlineShoppingUnitTest\\UnitTest1.cs:line 91\r\n\n","DisplayName":"ExceptionInAddCustomer","Messages":[],"ComputerName":"75RBBX3","Duration":"00:00:00.0060440","StartTime":"2024-04-26T14:02:34.5019926+00:00","EndTime":"2024-04-26T14:02:34.5080369+00:00","Properties":[{"Key":{"Id":"NUnit.Seed","Label":"Seed","Category":"","Description":"","Attributes":0,"ValueType":"System.String"},"Value":"1969950753"}]},{"TestCase":{"Id":"80bc0ad7-bc34-b2a9-cca6-d12f6a56bb9b","FullyQualifiedName":"OnlineShoppingUnitTest.Tests.ExceptionInFindById","DisplayName":"ExceptionInFindById","ExecutorUri":"executor://NUnit3TestExecutor","Source":"C:\\Users\\VC\\Documents\\Projects\\Day-12(Online Shopping Remaining)\\OnlineShoppingSln\\OnlineShoppingUnitTest\\bin\\Debug\\net6.0\\fine-code-coverage\\build-output\\OnlineShoppingUnitTest.dll","CodeFilePath":null,"LineNumber":0,"Properties":[{"Key":{"Id":"NUnit.Seed","Label":"Seed","Category":"","Description":"","Attributes":0,"ValueType":"System.String"},"Value":"147997277"}]},"Attachments":[],"Outcome":1,"ErrorMessage":null,"ErrorStackTrace":null,"DisplayName":"ExceptionInFindById","Messages":[],"ComputerName":"75RBBX3","Duration":"00:00:00.0009910","StartTime":"2024-04-26T14:02:34.5080542+00:00","EndTime":"2024-04-26T14:02:34.5090452+00:00","Properties":[{"Key":{"Id":"NUnit.Seed","Label":"Seed","Category":"","Description":"","Attributes":0,"ValueType":"System.String"},"Value":"147997277"}]},{"TestCase":{"Id":"189f31ba-5603-90d0-10a6-c27a5b8503f3","FullyQualifiedName":"OnlineShoppingUnitTest.Tests.FailAddCustomer","DisplayName":"FailAddCustomer","ExecutorUri":"executor://NUnit3TestExecutor","Source":"C:\\Users\\VC\\Documents\\Projects\\Day-12(Online Shopping Remaining)\\OnlineShoppingSln\\OnlineShoppingUnitTest\\bin\\Debug\\net6.0\\fine-code-coverage\\build-output\\OnlineShoppingUnitTest.dll","CodeFilePath":null,"LineNumber":0,"Properties":[{"Key":{"Id":"NUnit.Seed","Label":"Seed","Category":"","Description":"","Attributes":0,"ValueType":"System.String"},"Value":"995526077"}]},"Attachments":[],"Outcome":2,"ErrorMessage":"  Expected: <OnlineShoppingModelLibrary.CustomException.DuplicateValueFoundException>\r\n  But was:  null\r\n","ErrorStackTrace":"   at OnlineShoppingUnitTest.Tests.FailAddCustomer() in C:\\Users\\VC\\Documents\\Projects\\Day-12(Online Shopping Remaining)\\OnlineShoppingSln\\OnlineShoppingUnitTest\\UnitTest1.cs:line 79\r\n\n1)    at OnlineShoppingUnitTest.Tests.FailAddCustomer() in C:\\Users\\VC\\Documents\\Projects\\Day-12(Online Shopping Remaining)\\OnlineShoppingSln\\OnlineShoppingUnitTest\\UnitTest1.cs:line 79\r\n\n","DisplayName":"FailAddCustomer","Messages":[],"ComputerName":"75RBBX3","Duration":"00:00:00.0008840","StartTime":"2024-04-26T14:02:34.5090586+00:00","EndTime":"2024-04-26T14:02:34.5099421+00:00","Properties":[{"Key":{"Id":"NUnit.Seed","Label":"Seed","Category":"","Description":"","Attributes":0,"ValueType":"System.String"},"Value":"995526077"}]},{"TestCase":{"Id":"9f01bcc0-601e-9d75-d0df-179efb93e605","FullyQualifiedName":"OnlineShoppingUnitTest.Tests.FailFindCustomerById","DisplayName":"FailFindCustomerById","ExecutorUri":"executor://NUnit3TestExecutor","Source":"C:\\Users\\VC\\Documents\\Projects\\Day-12(Online Shopping Remaining)\\OnlineShoppingSln\\OnlineShoppingUnitTest\\bin\\Debug\\net6.0\\fine-code-coverage\\build-output\\OnlineShoppingUnitTest.dll","CodeFilePath":null,"LineNumber":0,"Properties":[{"Key":{"Id":"NUnit.Seed","Label":"Seed","Category":"","Description":"","Attributes":0,"ValueType":"System.String"},"Value":"2028992843"}]},"Attachments":[],"Outcome":1,"ErrorMessage":null,"ErrorStackTrace":null,"DisplayName":"FailFindCustomerById","Messages":[],"ComputerName":"75RBBX3","Duration":"00:00:00.0005430","StartTime":"2024-04-26T14:02:34.5099574+00:00","EndTime":"2024-04-26T14:02:34.5105+00:00","Properties":[{"Key":{"Id":"NUnit.Seed","Label":"Seed","Category":"","Description":"","Attributes":0,"ValueType":"System.String"},"Value":"2028992843"}]},{"TestCase":{"Id":"b3b2845e-af73-454f-4c9d-3daf0c0f2831","FullyQualifiedName":"OnlineShoppingUnitTest.Tests.FindCustomerById","DisplayName":"FindCustomerById","ExecutorUri":"executor://NUnit3TestExecutor","Source":"C:\\Users\\VC\\Documents\\Projects\\Day-12(Online Shopping Remaining)\\OnlineShoppingSln\\OnlineShoppingUnitTest\\bin\\Debug\\net6.0\\fine-code-coverage\\build-output\\OnlineShoppingUnitTest.dll","CodeFilePath":null,"LineNumber":0,"Properties":[{"Key":{"Id":"NUnit.Seed","Label":"Seed","Category":"","Description":"","Attributes":0,"ValueType":"System.String"},"Value":"331072112"}]},"Attachments":[],"Outcome":2,"ErrorMessage":"OnlineShoppingModelLibrary.CustomException.NoDataWithGiveIdException : No Customer with given id present","ErrorStackTrace":"   at OnlineShoppingBLLibrary.CustomerBL.FindCustomerById(Int32 id) in C:\\Users\\VC\\Documents\\Projects\\Day-12(Online Shopping Remaining)\\OnlineShoppingSln\\OnlineShoppingBLLibrary\\CustomerBL.cs:line 45\r\n   at OnlineShoppingUnitTest.Tests.FindCustomerById() in C:\\Users\\VC\\Documents\\Projects\\Day-12(Online Shopping Remaining)\\OnlineShoppingSln\\OnlineShoppingUnitTest\\UnitTest1.cs:line 39\n","DisplayName":"FindCustomerById","Messages":[],"ComputerName":"75RBBX3","Duration":"00:00:00.0004340","StartTime":"2024-04-26T14:02:34.510511+00:00","EndTime":"2024-04-26T14:02:34.5109447+00:00","Properties":[{"Key":{"Id":"NUnit.Seed","Label":"Seed","Category":"","Description":"","Attributes":0,"ValueType":"System.String"},"Value":"331072112"}]},{"TestCase":{"Id":"dee0b4c6-0c14-8881-37c8-cc156aa9b709","FullyQualifiedName":"OnlineShoppingUnitTest.Tests.GetAll","DisplayName":"GetAll","ExecutorUri":"executor://NUnit3TestExecutor","Source":"C:\\Users\\VC\\Documents\\Projects\\Day-12(Online Shopping Remaining)\\OnlineShoppingSln\\OnlineShoppingUnitTest\\bin\\Debug\\net6.0\\fine-code-coverage\\build-output\\OnlineShoppingUnitTest.dll","CodeFilePath":null,"LineNumber":0,"Properties":[{"Key":{"Id":"NUnit.Seed","Label":"Seed","Category":"","Description":"","Attributes":0,"ValueType":"System.String"},"Value":"772326394"}]},"Attachments":[],"Outcome":1,"ErrorMessage":null,"ErrorStackTrace":null,"DisplayName":"GetAll","Messages":[],"ComputerName":"75RBBX3","Duration":"00:00:00.0006500","StartTime":"2024-04-26T14:02:34.5109553+00:00","EndTime":"2024-04-26T14:02:34.5116055+00:00","Properties":[{"Key":{"Id":"NUnit.Seed","Label":"Seed","Category":"","Description":"","Attributes":0,"ValueType":"System.String"},"Value":"772326394"}]}],"TestRunStatistics":{"ExecutedTests":18,"Stats":{"Passed":12,"Failed":6}},"ActiveTests":[]},"RunAttachments":[],"ExecutorUris":["executor://nunit3testexecutor/"]}}
TpTrace Verbose: 0 : 17532, 13, 2024/04/26, 19:32:34.598, 5167751277567, vstest.console.dll, TestRequestSender.EndSession: Sending end session.
TpTrace Verbose: 0 : 17532, 13, 2024/04/26, 19:32:34.598, 5167751278965, vstest.console.dll, ProxyOperationManager.Close: waiting for test host to exit for 100 ms
TpTrace Verbose: 0 : 17532, 11, 2024/04/26, 19:32:34.628, 5167751574072, vstest.console.dll, TestHostManagerCallbacks.ctor: Experimental forwarding output is disabled.
TpTrace Warning: 0 : 17532, 11, 2024/04/26, 19:32:34.628, 5167751575340, vstest.console.dll, TestHostManagerCallbacks.ErrorReceivedCallback Test host standard error line: 
TpTrace Verbose: 0 : 17532, 11, 2024/04/26, 19:32:34.634, 5167751635077, vstest.console.dll, TestHostProvider.ExitCallBack: Host exited starting callback.
TpTrace Information: 0 : 17532, 11, 2024/04/26, 19:32:34.634, 5167751636439, vstest.console.dll, TestHostManagerCallbacks.ExitCallBack: Testhost processId: 46968 exited with exitcode: 0 error: ''
TpTrace Verbose: 0 : 17532, 11, 2024/04/26, 19:32:34.634, 5167751636758, vstest.console.dll, DotnetTestHostManager.OnHostExited: invoking OnHostExited callback
TpTrace Verbose: 0 : 17532, 11, 2024/04/26, 19:32:34.634, 5167751637217, vstest.console.dll, CrossPlatEngine.TestHostManagerHostExited: calling on client process exit callback.
TpTrace Information: 0 : 17532, 11, 2024/04/26, 19:32:34.634, 5167751637616, vstest.console.dll, TestRequestSender.OnClientProcessExit: Test host process exited. Standard error: 
TpTrace Information: 0 : 17532, 11, 2024/04/26, 19:32:34.634, 5167751637914, vstest.console.dll, SocketServer.Stop: Stop server endPoint: 127.0.0.1:52219
TpTrace Information: 0 : 17532, 11, 2024/04/26, 19:32:34.634, 5167751638137, vstest.console.dll, SocketServer.Stop: Cancellation requested. Stopping message loop.
TpTrace Information: 0 : 17532, 13, 2024/04/26, 19:32:34.634, 5167751638797, vstest.console.dll, SocketServer.Stop: Stop server endPoint: 127.0.0.1:52219
TpTrace Information: 0 : 17532, 13, 2024/04/26, 19:32:34.634, 5167751639422, vstest.console.dll, SocketServer.Stop: Cancellation requested. Stopping message loop.
TpTrace Information: 0 : 17532, 13, 2024/04/26, 19:32:34.634, 5167751639802, vstest.console.dll, Closing the connection
TpTrace Verbose: 0 : 17532, 11, 2024/04/26, 19:32:34.634, 5167751638944, vstest.console.dll, MulticastDelegateUtilities.SafeInvoke: HostProviderEvents.OnHostExited: Invoking callback 1/1 for Microsoft.VisualStudio.TestPlatform.CrossPlatEngine.Client.ProxyOperationManager., took 0 ms.
TpTrace Verbose: 0 : 17532, 13, 2024/04/26, 19:32:34.635, 5167751642804, vstest.console.dll, ProxyDataCollectionManager.InvokeDataCollectionServiceAction: Starting.
TpTrace Information: 0 : 17532, 13, 2024/04/26, 19:32:34.635, 5167751643308, vstest.console.dll, ProxyDataCollectionManager.AfterTestRunEnd: Get attachment set and invoked data collectors processId: 27996 port: 52216
TpTrace Verbose: 0 : 17532, 13, 2024/04/26, 19:32:34.635, 5167751643703, vstest.console.dll, DataCollectionRequestSender.SendAfterTestRunStartAndGetResult: Send AfterTestRunEnd message with isCancelled: False
TpTrace Verbose: 0 : 17532, 13, 2024/04/26, 19:32:34.639, 5167751688726, vstest.console.dll, DataCollectionRequestSender.SendAfterTestRunStartAndGetResult: Received message: (DataCollection.AfterTestRunEndResult) -> {"MessageType":"DataCollection.AfterTestRunEndResult","Payload":{"AttachmentSets":[],"InvokedDataCollectors":[{"Uri":"datacollector://Microsoft/TestPlatform/Extensions/Blame/v1","FriendlyName":"Blame","AssemblyQualifiedName":"Microsoft.TestPlatform.Extensions.BlameDataCollector.BlameCollector, Microsoft.TestPlatform.Extensions.BlameDataCollector, Version=15.0.0.0, Culture=neutral, PublicKeyToken=b03f5f7f11d50a3a","FilePath":"C:\\Program Files\\dotnet\\sdk\\8.0.202\\Extensions\\Microsoft.TestPlatform.Extensions.BlameDataCollector.dll","HasAttachmentProcessor":false}],"Metrics":{}}}
TpTrace Information: 0 : 17532, 13, 2024/04/26, 19:32:34.643, 5167751726230, vstest.console.dll, ProxyDataCollectionManager.InvokeDataCollectionServiceAction: Completed.
TpTrace Warning: 0 : 17532, 10, 2024/04/26, 19:32:34.659, 5167751885950, vstest.console.dll, DataCollectionLauncher.ErrorReceivedCallback datacollector standard error line: 
TpTrace Information: 0 : 17532, 10, 2024/04/26, 19:32:34.664, 5167751938351, vstest.console.dll, DataCollectionLauncher.ExitCallBack: Data collector exited with exitcode: 0 error: ''
TpTrace Verbose: 0 : 17532, 13, 2024/04/26, 19:32:34.668, 5167751975217, vstest.console.dll, TestRunRequest:SendTestRunStatsChange: Starting.
TpTrace Verbose: 0 : 17532, 13, 2024/04/26, 19:32:34.668, 5167751976166, vstest.console.dll, MulticastDelegateUtilities.SafeInvoke: TestRun.RunStatsChanged: Invoking callbacks was skipped because there are no subscribers.
TpTrace Information: 0 : 17532, 13, 2024/04/26, 19:32:34.668, 5167751976434, vstest.console.dll, TestRunRequest:SendTestRunStatsChange: Completed.
TpTrace Verbose: 0 : 17532, 13, 2024/04/26, 19:32:34.668, 5167751978812, vstest.console.dll, ParallelProxyExecutionManager: HandlePartialRunComplete: Total workloads = 1, Total started clients = 1 Total completed clients = 1, Run complete = True, Run canceled: False.
TpTrace Verbose: 0 : 17532, 13, 2024/04/26, 19:32:34.668, 5167751979176, vstest.console.dll, ParallelProxyExecutionManager: HandlePartialRunComplete: All runs completed stopping all managers.
TpTrace Verbose: 0 : 17532, 13, 2024/04/26, 19:32:34.668, 5167751979478, vstest.console.dll, ParallelOperationManager.StopAllManagers: Stopping all managers.
TpTrace Verbose: 0 : 17532, 13, 2024/04/26, 19:32:34.668, 5167751979731, vstest.console.dll, ParallelOperationManager.ClearSlots: Clearing all slots. Slots should accept more work: False
TpTrace Verbose: 0 : 17532, 13, 2024/04/26, 19:32:34.669, 5167751980181, vstest.console.dll, ParallelOperationManager.SetOccupiedSlotCount: Setting slot counts AvailableSlotCount = 1, OccupiedSlotCount = 0.
TpTrace Verbose: 0 : 17532, 13, 2024/04/26, 19:32:34.669, 5167751980590, vstest.console.dll, Occupied slots:

TpTrace Verbose: 0 : 17532, 4, 2024/04/26, 19:32:34.669, 5167751984080, vstest.console.dll, MulticastDelegateUtilities.SafeInvoke: InternalTestLoggerEvents.SendTestResult: Invoking callback 1/1 for Microsoft.VisualStudio.TestPlatform.CommandLine.Internal.ConsoleLogger., took 0 ms.
TpTrace Verbose: 0 : 17532, 4, 2024/04/26, 19:32:34.669, 5167751986596, vstest.console.dll, MulticastDelegateUtilities.SafeInvoke: InternalTestLoggerEvents.SendTestResult: Invoking callback 1/1 for Microsoft.VisualStudio.TestPlatform.CommandLine.Internal.ConsoleLogger., took 0 ms.
TpTrace Verbose: 0 : 17532, 4, 2024/04/26, 19:32:34.669, 5167751987104, vstest.console.dll, MulticastDelegateUtilities.SafeInvoke: InternalTestLoggerEvents.SendTestResult: Invoking callback 1/1 for Microsoft.VisualStudio.TestPlatform.CommandLine.Internal.ConsoleLogger., took 0 ms.
TpTrace Verbose: 0 : 17532, 4, 2024/04/26, 19:32:34.669, 5167751988713, vstest.console.dll, MulticastDelegateUtilities.SafeInvoke: InternalTestLoggerEvents.SendTestResult: Invoking callback 1/1 for Microsoft.VisualStudio.TestPlatform.CommandLine.Internal.ConsoleLogger., took 0 ms.
TpTrace Verbose: 0 : 17532, 4, 2024/04/26, 19:32:34.669, 5167751989134, vstest.console.dll, MulticastDelegateUtilities.SafeInvoke: InternalTestLoggerEvents.SendTestResult: Invoking callback 1/1 for Microsoft.VisualStudio.TestPlatform.CommandLine.Internal.ConsoleLogger., took 0 ms.
TpTrace Verbose: 0 : 17532, 4, 2024/04/26, 19:32:34.670, 5167751992096, vstest.console.dll, MulticastDelegateUtilities.SafeInvoke: InternalTestLoggerEvents.SendTestResult: Invoking callback 1/1 for Microsoft.VisualStudio.TestPlatform.CommandLine.Internal.ConsoleLogger., took 0 ms.
TpTrace Verbose: 0 : 17532, 4, 2024/04/26, 19:32:34.670, 5167751992998, vstest.console.dll, MulticastDelegateUtilities.SafeInvoke: InternalTestLoggerEvents.SendTestResult: Invoking callback 1/1 for Microsoft.VisualStudio.TestPlatform.CommandLine.Internal.ConsoleLogger., took 0 ms.
TpTrace Verbose: 0 : 17532, 4, 2024/04/26, 19:32:34.670, 5167751995536, vstest.console.dll, MulticastDelegateUtilities.SafeInvoke: InternalTestLoggerEvents.SendTestResult: Invoking callback 1/1 for Microsoft.VisualStudio.TestPlatform.CommandLine.Internal.ConsoleLogger., took 0 ms.
TpTrace Verbose: 0 : 17532, 4, 2024/04/26, 19:32:34.670, 5167751996527, vstest.console.dll, MulticastDelegateUtilities.SafeInvoke: InternalTestLoggerEvents.SendTestResult: Invoking callback 1/1 for Microsoft.VisualStudio.TestPlatform.CommandLine.Internal.ConsoleLogger., took 0 ms.
TpTrace Verbose: 0 : 17532, 4, 2024/04/26, 19:32:34.675, 5167752042547, vstest.console.dll, MulticastDelegateUtilities.SafeInvoke: InternalTestLoggerEvents.SendTestRunComplete: Invoking callback 1/2 for Microsoft.TestPlatform.Extensions.BlameDataCollector.BlameLogger., took 0 ms.
TpTrace Verbose: 0 : 17532, 4, 2024/04/26, 19:32:34.679, 5167752086334, vstest.console.dll, MulticastDelegateUtilities.SafeInvoke: InternalTestLoggerEvents.SendTestRunComplete: Invoking callback 2/2 for Microsoft.VisualStudio.TestPlatform.CommandLine.Internal.ConsoleLogger., took 4 ms.
TpTrace Verbose: 0 : 17532, 13, 2024/04/26, 19:32:34.680, 5167752090011, vstest.console.dll, TestRunRequest:TestRunComplete: Starting. IsAborted:False IsCanceled:False.
TpTrace Verbose: 0 : 17532, 13, 2024/04/26, 19:32:34.680, 5167752091628, vstest.console.dll, ParallelOperationManager.DoActionOnAllManagers: Calling an action on all managers.
TpTrace Verbose: 0 : 17532, 13, 2024/04/26, 19:32:34.680, 5167752098169, vstest.console.dll, TestLoggerManager.HandleTestRunComplete: Ignoring as the object is disposed.
TpTrace Verbose: 0 : 17532, 13, 2024/04/26, 19:32:34.681, 5167752100203, vstest.console.dll, MulticastDelegateUtilities.SafeInvoke: TestRun.TestRunComplete: Invoking callback 1/2 for Microsoft.VisualStudio.TestPlatform.CommandLine.TestRunResultAggregator., took 0 ms.
TpTrace Verbose: 0 : 17532, 13, 2024/04/26, 19:32:34.681, 5167752101228, vstest.console.dll, MulticastDelegateUtilities.SafeInvoke: TestRun.TestRunComplete: Invoking callback 2/2 for Microsoft.VisualStudio.TestPlatform.CommandLine.Processors.RunTestsArgumentExecutor+TestRunRequestEventsRegistrar., took 0 ms.
TpTrace Information: 0 : 17532, 13, 2024/04/26, 19:32:34.681, 5167752102243, vstest.console.dll, TestRunRequest:TestRunComplete: Completed.
TpTrace Verbose: 0 : 17532, 13, 2024/04/26, 19:32:34.681, 5167752102590, vstest.console.dll, TestRequestSender.SetOperationComplete: Setting operation complete.
TpTrace Information: 0 : 17532, 13, 2024/04/26, 19:32:34.681, 5167752102919, vstest.console.dll, SocketServer.Stop: Stop server endPoint: 127.0.0.1:52219
TpTrace Verbose: 0 : 17532, 1, 2024/04/26, 19:32:34.681, 5167752103184, vstest.console.dll, TestRunRequest.Dispose: Starting.
TpTrace Information: 0 : 17532, 13, 2024/04/26, 19:32:34.681, 5167752103260, vstest.console.dll, SocketServer.Stop: Cancellation requested. Stopping message loop.
TpTrace Verbose: 0 : 17532, 13, 2024/04/26, 19:32:34.681, 5167752104894, vstest.console.dll, MulticastDelegateUtilities.SafeInvoke: LengthPrefixCommunicationChannel: MessageReceived: Invoking callback 1/1 for Microsoft.VisualStudio.TestPlatform.CommunicationUtilities.TestRequestSender+<>c__DisplayClass34_0., took 82 ms.
TpTrace Information: 0 : 17532, 13, 2024/04/26, 19:32:34.681, 5167752105540, vstest.console.dll, SocketServer.PrivateStop: Stopping server endPoint: 127.0.0.1:52219 error: 
TpTrace Information: 0 : 17532, 1, 2024/04/26, 19:32:34.681, 5167752104181, vstest.console.dll, TestRunRequest.Dispose: Completed.
TpTrace Information: 0 : 17532, 1, 2024/04/26, 19:32:34.681, 5167752106651, vstest.console.dll, TestRequestManager.RunTests: run tests completed.
TpTrace Information: 0 : 17532, 1, 2024/04/26, 19:32:34.681, 5167752107866, vstest.console.dll, RunTestsArgumentProcessor:Execute: Test run is completed.
TpTrace Verbose: 0 : 17532, 13, 2024/04/26, 19:32:34.681, 5167752109671, vstest.console.dll, LengthPrefixCommunicationChannel.Dispose: Dispose reader and writer.
TpTrace Verbose: 0 : 17532, 1, 2024/04/26, 19:32:34.682, 5167752110217, vstest.console.dll, Executor.Execute: Exiting with exit code of 1
TpTrace Information: 0 : 17532, 13, 2024/04/26, 19:32:34.682, 5167752110369, vstest.console.dll, SocketServer.Stop: Raise disconnected event endPoint: 127.0.0.1:52219 error: 
TpTrace Verbose: 0 : 17532, 13, 2024/04/26, 19:32:34.682, 5167752111597, vstest.console.dll, TestRequestSender: OnTestRunAbort: Operation is already complete. Skip error message.
TpTrace Verbose: 0 : 17532, 13, 2024/04/26, 19:32:34.682, 5167752112149, vstest.console.dll, MulticastDelegateUtilities.SafeInvoke: SocketServer: ClientDisconnected: Invoking callback 1/1 for Microsoft.VisualStudio.TestPlatform.CommunicationUtilities.TestRequestSender., took 0 ms.
TpTrace Verbose: 0 : 17532, 13, 2024/04/26, 19:32:34.682, 5167752112536, vstest.console.dll, TcpClientExtensions.MessageLoopAsync: exiting MessageLoopAsync remoteEndPoint: 127.0.0.1:52220 localEndPoint: 127.0.0.1:52219
