TpTrace Verbose: 0 : 28428, 1, 2024/04/27, 20:30:54.618, 6066792924973, vstest.console.dll, Version: 17.9.0-release-24072-02 Current process architecture: X64
TpTrace Verbose: 0 : 28428, 1, 2024/04/27, 20:30:54.623, 6066792972182, vstest.console.dll, Runtime location: C:\Program Files\dotnet\shared\Microsoft.NETCore.App\8.0.3
TpTrace Verbose: 0 : 28428, 1, 2024/04/27, 20:30:54.626, 6066793002048, vstest.console.dll, ArtifactProcessingPostProcessModeProcessorExecutor.Initialize: ArtifactProcessingMode.Collect
TpTrace Verbose: 0 : 28428, 1, 2024/04/27, 20:30:54.626, 6066793004041, vstest.console.dll, TestSessionCorrelationIdProcessorModeProcessorExecutor.Initialize: TestSessionCorrelationId '50572_433fc449-da9e-4b2d-a921-d020336d92a4'
TpTrace Information: 0 : 28428, 1, 2024/04/27, 20:30:54.636, 6066793102090, vstest.console.dll, FilePatternParser: The given file C:\Users\VC\Documents\Projects\Day-14(Async and Await)\OnlineShoppingSln\OnlineShoppingUnitTest\bin\Debug\net6.0\fine-code-coverage\build-output\OnlineShoppingUnitTest.dll is a full path.
TpTrace Verbose: 0 : 28428, 1, 2024/04/27, 20:30:54.643, 6066793170276, vstest.console.dll, TestPluginCache.DiscoverTestExtensions: finding test extensions in assemblies ends with: RuntimeProvider.dll TPluginInfo: Microsoft.VisualStudio.TestPlatform.Common.ExtensionFramework.Utilities.TestRuntimePluginInformation TExtension: Microsoft.VisualStudio.TestPlatform.ObjectModel.Host.ITestRuntimeProvider
TpTrace Verbose: 0 : 28428, 1, 2024/04/27, 20:30:54.643, 6066793175378, vstest.console.dll, TestPluginCache.GetExtensionPaths: Filtered extension paths: 
TpTrace Verbose: 0 : 28428, 1, 2024/04/27, 20:30:54.643, 6066793177005, vstest.console.dll, TestPluginCache.GetExtensionPaths: Added default extension paths: C:\Program Files\dotnet\sdk\8.0.202\Extensions\Microsoft.Diagnostics.NETCore.Client.dll
C:\Program Files\dotnet\sdk\8.0.202\Extensions\Microsoft.TestPlatform.Extensions.BlameDataCollector.dll
C:\Program Files\dotnet\sdk\8.0.202\Extensions\Microsoft.TestPlatform.Extensions.EventLogCollector.dll
C:\Program Files\dotnet\sdk\8.0.202\Extensions\Microsoft.TestPlatform.TestHostRuntimeProvider.dll
C:\Program Files\dotnet\sdk\8.0.202\Extensions\Microsoft.VisualStudio.TestPlatform.Extensions.Html.TestLogger.dll
C:\Program Files\dotnet\sdk\8.0.202\Extensions\Microsoft.VisualStudio.TestPlatform.Extensions.Trx.TestLogger.dll
TpTrace Verbose: 0 : 28428, 1, 2024/04/27, 20:30:54.643, 6066793177483, vstest.console.dll, TestPluginCache.GetExtensionPaths: Added unfilterableExtensionPaths: 
TpTrace Information: 0 : 28428, 1, 2024/04/27, 20:30:54.644, 6066793184124, vstest.console.dll, AssemblyResolver.ctor: Creating AssemblyResolver with searchDirectories C:\Program Files\dotnet\sdk\8.0.202\Extensions,C:\Program Files\dotnet\sdk\8.0.202
TpTrace Verbose: 0 : 28428, 1, 2024/04/27, 20:30:54.646, 6066793206268, vstest.console.dll, TestPluginCache.DiscoverTestExtensions: Discovering the extensions using extension path.
TpTrace Verbose: 0 : 28428, 1, 2024/04/27, 20:30:54.647, 6066793209698, vstest.console.dll, TestPluginCache.GetExtensionPaths: Filtered extension paths: 
TpTrace Verbose: 0 : 28428, 1, 2024/04/27, 20:30:54.647, 6066793210246, vstest.console.dll, TestPluginCache.GetExtensionPaths: Added default extension paths: C:\Program Files\dotnet\sdk\8.0.202\Extensions\Microsoft.Diagnostics.NETCore.Client.dll
C:\Program Files\dotnet\sdk\8.0.202\Extensions\Microsoft.TestPlatform.Extensions.BlameDataCollector.dll
C:\Program Files\dotnet\sdk\8.0.202\Extensions\Microsoft.TestPlatform.Extensions.EventLogCollector.dll
C:\Program Files\dotnet\sdk\8.0.202\Extensions\Microsoft.TestPlatform.TestHostRuntimeProvider.dll
C:\Program Files\dotnet\sdk\8.0.202\Extensions\Microsoft.VisualStudio.TestPlatform.Extensions.Html.TestLogger.dll
C:\Program Files\dotnet\sdk\8.0.202\Extensions\Microsoft.VisualStudio.TestPlatform.Extensions.Trx.TestLogger.dll
TpTrace Verbose: 0 : 28428, 1, 2024/04/27, 20:30:54.647, 6066793210616, vstest.console.dll, TestPluginCache.GetExtensionPaths: Added unfilterableExtensionPaths: 
TpTrace Verbose: 0 : 28428, 1, 2024/04/27, 20:30:54.647, 6066793212695, vstest.console.dll, TestPluginCache.DiscoverTestExtensions: Discovering the extensions using allExtensionPaths: C:\Program Files\dotnet\sdk\8.0.202\Extensions\Microsoft.Diagnostics.NETCore.Client.dll
C:\Program Files\dotnet\sdk\8.0.202\Extensions\Microsoft.TestPlatform.Extensions.BlameDataCollector.dll
C:\Program Files\dotnet\sdk\8.0.202\Extensions\Microsoft.TestPlatform.Extensions.EventLogCollector.dll
C:\Program Files\dotnet\sdk\8.0.202\Extensions\Microsoft.TestPlatform.TestHostRuntimeProvider.dll
C:\Program Files\dotnet\sdk\8.0.202\Extensions\Microsoft.VisualStudio.TestPlatform.Extensions.Html.TestLogger.dll
C:\Program Files\dotnet\sdk\8.0.202\Extensions\Microsoft.VisualStudio.TestPlatform.Extensions.Trx.TestLogger.dll
TpTrace Information: 0 : 28428, 1, 2024/04/27, 20:30:54.647, 6066793214192, vstest.console.dll, AssemblyResolver.AddSearchDirectories: Adding more searchDirectories C:\Program Files\dotnet\sdk\8.0.202\Extensions,C:\Program Files\dotnet\sdk\8.0.202
TpTrace Information: 0 : 28428, 1, 2024/04/27, 20:30:54.647, 6066793214809, vstest.console.dll, AssemblyResolver.AddSearchDirectories: Adding more searchDirectories C:\Program Files\dotnet\sdk\8.0.202\Extensions,C:\Program Files\dotnet\sdk\8.0.202
TpTrace Information: 0 : 28428, 1, 2024/04/27, 20:30:54.647, 6066793215644, vstest.console.dll, AssemblyResolver.AddSearchDirectories: Adding more searchDirectories C:\Program Files\dotnet\sdk\8.0.202\Extensions,C:\Program Files\dotnet\sdk\8.0.202
TpTrace Information: 0 : 28428, 1, 2024/04/27, 20:30:54.647, 6066793216536, vstest.console.dll, AssemblyResolver.AddSearchDirectories: Adding more searchDirectories C:\Program Files\dotnet\sdk\8.0.202\Extensions,C:\Program Files\dotnet\sdk\8.0.202
TpTrace Information: 0 : 28428, 1, 2024/04/27, 20:30:54.647, 6066793216934, vstest.console.dll, AssemblyResolver.AddSearchDirectories: Adding more searchDirectories C:\Program Files\dotnet\sdk\8.0.202\Extensions,C:\Program Files\dotnet\sdk\8.0.202
TpTrace Information: 0 : 28428, 1, 2024/04/27, 20:30:54.647, 6066793217293, vstest.console.dll, AssemblyResolver.AddSearchDirectories: Adding more searchDirectories C:\Program Files\dotnet\sdk\8.0.202\Extensions,C:\Program Files\dotnet\sdk\8.0.202
TpTrace Information: 0 : 28428, 1, 2024/04/27, 20:30:54.648, 6066793223185, vstest.console.dll, AssemblyResolver.OnResolve: Microsoft.Diagnostics.NETCore.Client: Resolving assembly.
TpTrace Information: 0 : 28428, 1, 2024/04/27, 20:30:54.648, 6066793224267, vstest.console.dll, AssemblyResolver.OnResolve: Microsoft.Diagnostics.NETCore.Client: Searching in: 'C:\Program Files\dotnet\sdk\8.0.202\Extensions'.
TpTrace Information: 0 : 28428, 1, 2024/04/27, 20:30:54.659, 6066793331131, vstest.console.dll, AssemblyResolver.OnResolve: Microsoft.Diagnostics.NETCore.Client: Loading assembly 'C:\Program Files\dotnet\sdk\8.0.202\Extensions\Microsoft.Diagnostics.NETCore.Client.dll'.
TpTrace Information: 0 : 28428, 1, 2024/04/27, 20:30:54.660, 6066793340746, vstest.console.dll, AssemblyResolver.OnResolve: Resolved assembly: Microsoft.Diagnostics.NETCore.Client, from path: C:\Program Files\dotnet\sdk\8.0.202\Extensions\Microsoft.Diagnostics.NETCore.Client.dll
TpTrace Verbose: 0 : 28428, 1, 2024/04/27, 20:30:54.666, 6066793401305, vstest.console.dll, MetadataReaderExtensionsHelper: Discovering extensions inside assembly 'Microsoft.Diagnostics.NETCore.Client, Version=0.2.9.2401, Culture=neutral, PublicKeyToken=31bf3856ad364e35' file path 'C:\Program Files\dotnet\sdk\8.0.202\Extensions\Microsoft.Diagnostics.NETCore.Client.dll'
TpTrace Information: 0 : 28428, 1, 2024/04/27, 20:30:54.672, 6066793461906, vstest.console.dll, AssemblyResolver.OnResolve: Microsoft.Bcl.AsyncInterfaces: Resolving assembly.
TpTrace Information: 0 : 28428, 1, 2024/04/27, 20:30:54.672, 6066793464424, vstest.console.dll, AssemblyResolver.OnResolve: Microsoft.Bcl.AsyncInterfaces: Searching in: 'C:\Program Files\dotnet\sdk\8.0.202\Extensions'.
TpTrace Information: 0 : 28428, 1, 2024/04/27, 20:30:54.672, 6066793465237, vstest.console.dll, AssemblyResolver.OnResolve: Microsoft.Bcl.AsyncInterfaces: Assembly path does not exist: 'C:\Program Files\dotnet\sdk\8.0.202\Extensions\Microsoft.Bcl.AsyncInterfaces.dll', returning.
TpTrace Information: 0 : 28428, 1, 2024/04/27, 20:30:54.672, 6066793466786, vstest.console.dll, AssemblyResolver.OnResolve: Microsoft.Bcl.AsyncInterfaces: Assembly path does not exist: 'C:\Program Files\dotnet\sdk\8.0.202\Extensions\Microsoft.Bcl.AsyncInterfaces.exe', returning.
TpTrace Information: 0 : 28428, 1, 2024/04/27, 20:30:54.672, 6066793467098, vstest.console.dll, AssemblyResolver.OnResolve: Microsoft.Bcl.AsyncInterfaces: Searching in: 'C:\Program Files\dotnet\sdk\8.0.202'.
TpTrace Information: 0 : 28428, 1, 2024/04/27, 20:30:54.673, 6066793468019, vstest.console.dll, AssemblyResolver.OnResolve: Microsoft.Bcl.AsyncInterfaces: Assembly path does not exist: 'C:\Program Files\dotnet\sdk\8.0.202\Microsoft.Bcl.AsyncInterfaces.dll', returning.
TpTrace Information: 0 : 28428, 1, 2024/04/27, 20:30:54.673, 6066793469609, vstest.console.dll, AssemblyResolver.OnResolve: Microsoft.Bcl.AsyncInterfaces: Assembly path does not exist: 'C:\Program Files\dotnet\sdk\8.0.202\Microsoft.Bcl.AsyncInterfaces.exe', returning.
TpTrace Information: 0 : 28428, 1, 2024/04/27, 20:30:54.673, 6066793470025, vstest.console.dll, AssemblyResolver.OnResolve: Microsoft.Bcl.AsyncInterfaces: Failed to load assembly.
TpTrace Verbose: 0 : 28428, 1, 2024/04/27, 20:30:54.673, 6066793470770, vstest.console.dll, CurrentDomainAssemblyResolve: Resolving assembly 'Microsoft.Bcl.AsyncInterfaces'.
TpTrace Information: 0 : 28428, 1, 2024/04/27, 20:30:54.673, 6066793472010, vstest.console.dll, AssemblyResolver.OnResolve: Microsoft.Bcl.AsyncInterfaces: Resolving assembly.
TpTrace Information: 0 : 28428, 1, 2024/04/27, 20:30:54.673, 6066793472306, vstest.console.dll, AssemblyResolver.OnResolve: Microsoft.Bcl.AsyncInterfaces: Resolved from cache.
TpTrace Verbose: 0 : 28428, 1, 2024/04/27, 20:30:54.673, 6066793472525, vstest.console.dll, CurrentDomainAssemblyResolve: Resolving assembly 'Microsoft.Bcl.AsyncInterfaces'.
TpTrace Verbose: 0 : 28428, 1, 2024/04/27, 20:30:54.673, 6066793472978, vstest.console.dll, CurrentDomainAssemblyResolve: Failed to resolve assembly 'Microsoft.Bcl.AsyncInterfaces'.
TpTrace Verbose: 0 : 28428, 1, 2024/04/27, 20:30:54.674, 6066793487273, vstest.console.dll, CurrentDomainAssemblyResolve: Failed to resolve assembly 'Microsoft.Bcl.AsyncInterfaces'.
TpTrace Warning: 0 : 28428, 1, 2024/04/27, 20:30:54.688, 6066793621367, vstest.console.dll, TestPluginDiscoverer: Failed to get types from assembly 'Microsoft.Diagnostics.NETCore.Client, Version=0.2.9.2401, Culture=neutral, PublicKeyToken=31bf3856ad364e35'. Error: System.Reflection.ReflectionTypeLoadException: Unable to load one or more of the requested types.
Could not load file or assembly 'Microsoft.Bcl.AsyncInterfaces, Version=6.0.0.0, Culture=neutral, PublicKeyToken=cc7b13ffcd2ddd51'. The system cannot find the file specified.
   at System.Reflection.RuntimeModule.GetTypes(RuntimeModule module)
   at System.Reflection.RuntimeModule.GetTypes()
   at Microsoft.VisualStudio.TestPlatform.Common.ExtensionFramework.TestPluginDiscoverer.GetTestExtensionsFromAssembly[TPluginInfo,TExtension](Assembly assembly, Dictionary`2 pluginInfos, String filePath) in /_/src/Microsoft.TestPlatform.Common/ExtensionFramework/TestPluginDiscoverer.cs:line 158
System.IO.FileNotFoundException: Could not load file or assembly 'Microsoft.Bcl.AsyncInterfaces, Version=6.0.0.0, Culture=neutral, PublicKeyToken=cc7b13ffcd2ddd51'. The system cannot find the file specified.
File name: 'Microsoft.Bcl.AsyncInterfaces, Version=6.0.0.0, Culture=neutral, PublicKeyToken=cc7b13ffcd2ddd51'
 ---> System.IO.FileNotFoundException: Could not load file or assembly 'Microsoft.Bcl.AsyncInterfaces, Culture=neutral, PublicKeyToken=null'. The system cannot find the file specified.
File name: 'Microsoft.Bcl.AsyncInterfaces, Culture=neutral, PublicKeyToken=null'
   at System.Reflection.RuntimeAssembly.InternalLoad(AssemblyName assemblyName, StackCrawlMark& stackMark, AssemblyLoadContext assemblyLoadContext, RuntimeAssembly requestingAssembly, Boolean throwOnFileNotFound)
   at System.Reflection.Assembly.Load(AssemblyName assemblyRef)
   at Microsoft.VisualStudio.TestPlatform.Common.ExtensionFramework.TestPluginCache.CurrentDomainAssemblyResolve(Object sender, AssemblyResolveEventArgs args) in /_/src/Microsoft.TestPlatform.Common/ExtensionFramework/TestPluginCache.cs:line 513
   at System.Runtime.Loader.AssemblyLoadContext.GetFirstResolvedAssemblyFromResolvingEvent(AssemblyName assemblyName)
   at System.Runtime.Loader.AssemblyLoadContext.ResolveUsingEvent(AssemblyName assemblyName)
   at System.Runtime.Loader.AssemblyLoadContext.ResolveUsingResolvingEvent(IntPtr gchManagedAssemblyLoadContext, AssemblyName assemblyName)
TpTrace Warning: 0 : 28428, 1, 2024/04/27, 20:30:54.688, 6066793625004, vstest.console.dll, LoaderExceptions: System.IO.FileNotFoundException: Could not load file or assembly 'Microsoft.Bcl.AsyncInterfaces, Version=6.0.0.0, Culture=neutral, PublicKeyToken=cc7b13ffcd2ddd51'. The system cannot find the file specified.
File name: 'Microsoft.Bcl.AsyncInterfaces, Version=6.0.0.0, Culture=neutral, PublicKeyToken=cc7b13ffcd2ddd51'
 ---> System.IO.FileNotFoundException: Could not load file or assembly 'Microsoft.Bcl.AsyncInterfaces, Culture=neutral, PublicKeyToken=null'. The system cannot find the file specified.
File name: 'Microsoft.Bcl.AsyncInterfaces, Culture=neutral, PublicKeyToken=null'
   at System.Reflection.RuntimeAssembly.InternalLoad(AssemblyName assemblyName, StackCrawlMark& stackMark, AssemblyLoadContext assemblyLoadContext, RuntimeAssembly requestingAssembly, Boolean throwOnFileNotFound)
   at System.Reflection.Assembly.Load(AssemblyName assemblyRef)
   at Microsoft.VisualStudio.TestPlatform.Common.ExtensionFramework.TestPluginCache.CurrentDomainAssemblyResolve(Object sender, AssemblyResolveEventArgs args) in /_/src/Microsoft.TestPlatform.Common/ExtensionFramework/TestPluginCache.cs:line 513
   at System.Runtime.Loader.AssemblyLoadContext.GetFirstResolvedAssemblyFromResolvingEvent(AssemblyName assemblyName)
   at System.Runtime.Loader.AssemblyLoadContext.ResolveUsingEvent(AssemblyName assemblyName)
   at System.Runtime.Loader.AssemblyLoadContext.ResolveUsingResolvingEvent(IntPtr gchManagedAssemblyLoadContext, AssemblyName assemblyName)
TpTrace Information: 0 : 28428, 1, 2024/04/27, 20:30:54.688, 6066793626612, vstest.console.dll, AssemblyResolver.OnResolve: Microsoft.TestPlatform.Extensions.BlameDataCollector: Resolving assembly.
TpTrace Information: 0 : 28428, 1, 2024/04/27, 20:30:54.688, 6066793627042, vstest.console.dll, AssemblyResolver.OnResolve: Microsoft.TestPlatform.Extensions.BlameDataCollector: Searching in: 'C:\Program Files\dotnet\sdk\8.0.202\Extensions'.
TpTrace Information: 0 : 28428, 1, 2024/04/27, 20:30:54.689, 6066793630533, vstest.console.dll, AssemblyResolver.OnResolve: Microsoft.TestPlatform.Extensions.BlameDataCollector: Loading assembly 'C:\Program Files\dotnet\sdk\8.0.202\Extensions\Microsoft.TestPlatform.Extensions.BlameDataCollector.dll'.
TpTrace Information: 0 : 28428, 1, 2024/04/27, 20:30:54.690, 6066793642612, vstest.console.dll, AssemblyResolver.OnResolve: Resolved assembly: Microsoft.TestPlatform.Extensions.BlameDataCollector, from path: C:\Program Files\dotnet\sdk\8.0.202\Extensions\Microsoft.TestPlatform.Extensions.BlameDataCollector.dll
TpTrace Verbose: 0 : 28428, 1, 2024/04/27, 20:30:54.690, 6066793643951, vstest.console.dll, MetadataReaderExtensionsHelper: Discovering extensions inside assembly 'Microsoft.TestPlatform.Extensions.BlameDataCollector, Version=15.0.0.0, Culture=neutral, PublicKeyToken=b03f5f7f11d50a3a' file path 'C:\Program Files\dotnet\sdk\8.0.202\Extensions\Microsoft.TestPlatform.Extensions.BlameDataCollector.dll'
TpTrace Information: 0 : 28428, 1, 2024/04/27, 20:30:54.692, 6066793664630, vstest.console.dll, AssemblyResolver.OnResolve: Microsoft.TestPlatform.Extensions.EventLogCollector: Resolving assembly.
TpTrace Information: 0 : 28428, 1, 2024/04/27, 20:30:54.692, 6066793665691, vstest.console.dll, AssemblyResolver.OnResolve: Microsoft.TestPlatform.Extensions.EventLogCollector: Searching in: 'C:\Program Files\dotnet\sdk\8.0.202\Extensions'.
TpTrace Information: 0 : 28428, 1, 2024/04/27, 20:30:54.693, 6066793670428, vstest.console.dll, AssemblyResolver.OnResolve: Microsoft.TestPlatform.Extensions.EventLogCollector: Loading assembly 'C:\Program Files\dotnet\sdk\8.0.202\Extensions\Microsoft.TestPlatform.Extensions.EventLogCollector.dll'.
TpTrace Information: 0 : 28428, 1, 2024/04/27, 20:30:54.693, 6066793676727, vstest.console.dll, AssemblyResolver.OnResolve: Resolved assembly: Microsoft.TestPlatform.Extensions.EventLogCollector, from path: C:\Program Files\dotnet\sdk\8.0.202\Extensions\Microsoft.TestPlatform.Extensions.EventLogCollector.dll
TpTrace Verbose: 0 : 28428, 1, 2024/04/27, 20:30:54.693, 6066793677545, vstest.console.dll, MetadataReaderExtensionsHelper: Discovering extensions inside assembly 'Microsoft.TestPlatform.Extensions.EventLogCollector, Version=15.0.0.0, Culture=neutral, PublicKeyToken=b03f5f7f11d50a3a' file path 'C:\Program Files\dotnet\sdk\8.0.202\Extensions\Microsoft.TestPlatform.Extensions.EventLogCollector.dll'
TpTrace Information: 0 : 28428, 1, 2024/04/27, 20:30:54.696, 6066793706310, vstest.console.dll, AssemblyResolver.OnResolve: Microsoft.TestPlatform.TestHostRuntimeProvider: Resolving assembly.
TpTrace Information: 0 : 28428, 1, 2024/04/27, 20:30:54.696, 6066793707633, vstest.console.dll, AssemblyResolver.OnResolve: Microsoft.TestPlatform.TestHostRuntimeProvider: Searching in: 'C:\Program Files\dotnet\sdk\8.0.202\Extensions'.
TpTrace Information: 0 : 28428, 1, 2024/04/27, 20:30:54.697, 6066793712330, vstest.console.dll, AssemblyResolver.OnResolve: Microsoft.TestPlatform.TestHostRuntimeProvider: Loading assembly 'C:\Program Files\dotnet\sdk\8.0.202\Extensions\Microsoft.TestPlatform.TestHostRuntimeProvider.dll'.
TpTrace Information: 0 : 28428, 1, 2024/04/27, 20:30:54.698, 6066793720596, vstest.console.dll, AssemblyResolver.OnResolve: Resolved assembly: Microsoft.TestPlatform.TestHostRuntimeProvider, from path: C:\Program Files\dotnet\sdk\8.0.202\Extensions\Microsoft.TestPlatform.TestHostRuntimeProvider.dll
TpTrace Verbose: 0 : 28428, 1, 2024/04/27, 20:30:54.698, 6066793721548, vstest.console.dll, MetadataReaderExtensionsHelper: Discovering extensions inside assembly 'Microsoft.TestPlatform.TestHostRuntimeProvider, Version=15.0.0.0, Culture=neutral, PublicKeyToken=b03f5f7f11d50a3a' file path 'C:\Program Files\dotnet\sdk\8.0.202\Extensions\Microsoft.TestPlatform.TestHostRuntimeProvider.dll'
TpTrace Information: 0 : 28428, 1, 2024/04/27, 20:30:54.700, 6066793740996, vstest.console.dll, GetTestExtensionFromType: Register extension with identifier data 'HostProvider://DefaultTestHost' and type 'Microsoft.VisualStudio.TestPlatform.CrossPlatEngine.Hosting.DefaultTestHostManager, Microsoft.TestPlatform.TestHostRuntimeProvider, Version=15.0.0.0, Culture=neutral, PublicKeyToken=b03f5f7f11d50a3a' inside file 'C:\Program Files\dotnet\sdk\8.0.202\Extensions\Microsoft.TestPlatform.TestHostRuntimeProvider.dll'
TpTrace Information: 0 : 28428, 1, 2024/04/27, 20:30:54.700, 6066793744397, vstest.console.dll, GetTestExtensionFromType: Register extension with identifier data 'HostProvider://DotnetTestHost' and type 'Microsoft.VisualStudio.TestPlatform.CrossPlatEngine.Hosting.DotnetTestHostManager, Microsoft.TestPlatform.TestHostRuntimeProvider, Version=15.0.0.0, Culture=neutral, PublicKeyToken=b03f5f7f11d50a3a' inside file 'C:\Program Files\dotnet\sdk\8.0.202\Extensions\Microsoft.TestPlatform.TestHostRuntimeProvider.dll'
TpTrace Information: 0 : 28428, 1, 2024/04/27, 20:30:54.700, 6066793745224, vstest.console.dll, AssemblyResolver.OnResolve: Microsoft.VisualStudio.TestPlatform.Extensions.Html.TestLogger: Resolving assembly.
TpTrace Information: 0 : 28428, 1, 2024/04/27, 20:30:54.700, 6066793745662, vstest.console.dll, AssemblyResolver.OnResolve: Microsoft.VisualStudio.TestPlatform.Extensions.Html.TestLogger: Searching in: 'C:\Program Files\dotnet\sdk\8.0.202\Extensions'.
TpTrace Information: 0 : 28428, 1, 2024/04/27, 20:30:54.701, 6066793750069, vstest.console.dll, AssemblyResolver.OnResolve: Microsoft.VisualStudio.TestPlatform.Extensions.Html.TestLogger: Loading assembly 'C:\Program Files\dotnet\sdk\8.0.202\Extensions\Microsoft.VisualStudio.TestPlatform.Extensions.Html.TestLogger.dll'.
TpTrace Information: 0 : 28428, 1, 2024/04/27, 20:30:54.701, 6066793757297, vstest.console.dll, AssemblyResolver.OnResolve: Resolved assembly: Microsoft.VisualStudio.TestPlatform.Extensions.Html.TestLogger, from path: C:\Program Files\dotnet\sdk\8.0.202\Extensions\Microsoft.VisualStudio.TestPlatform.Extensions.Html.TestLogger.dll
TpTrace Verbose: 0 : 28428, 1, 2024/04/27, 20:30:54.702, 6066793758547, vstest.console.dll, MetadataReaderExtensionsHelper: Discovering extensions inside assembly 'Microsoft.VisualStudio.TestPlatform.Extensions.Html.TestLogger, Version=15.0.0.0, Culture=neutral, PublicKeyToken=b03f5f7f11d50a3a' file path 'C:\Program Files\dotnet\sdk\8.0.202\Extensions\Microsoft.VisualStudio.TestPlatform.Extensions.Html.TestLogger.dll'
TpTrace Information: 0 : 28428, 1, 2024/04/27, 20:30:54.702, 6066793767654, vstest.console.dll, AssemblyResolver.OnResolve: Microsoft.VisualStudio.TestPlatform.Extensions.Trx.TestLogger: Resolving assembly.
TpTrace Information: 0 : 28428, 1, 2024/04/27, 20:30:54.703, 6066793768315, vstest.console.dll, AssemblyResolver.OnResolve: Microsoft.VisualStudio.TestPlatform.Extensions.Trx.TestLogger: Searching in: 'C:\Program Files\dotnet\sdk\8.0.202\Extensions'.
TpTrace Information: 0 : 28428, 1, 2024/04/27, 20:30:54.703, 6066793771151, vstest.console.dll, AssemblyResolver.OnResolve: Microsoft.VisualStudio.TestPlatform.Extensions.Trx.TestLogger: Loading assembly 'C:\Program Files\dotnet\sdk\8.0.202\Extensions\Microsoft.VisualStudio.TestPlatform.Extensions.Trx.TestLogger.dll'.
TpTrace Information: 0 : 28428, 1, 2024/04/27, 20:30:54.703, 6066793777064, vstest.console.dll, AssemblyResolver.OnResolve: Resolved assembly: Microsoft.VisualStudio.TestPlatform.Extensions.Trx.TestLogger, from path: C:\Program Files\dotnet\sdk\8.0.202\Extensions\Microsoft.VisualStudio.TestPlatform.Extensions.Trx.TestLogger.dll
TpTrace Verbose: 0 : 28428, 1, 2024/04/27, 20:30:54.704, 6066793778460, vstest.console.dll, MetadataReaderExtensionsHelper: Discovering extensions inside assembly 'Microsoft.VisualStudio.TestPlatform.Extensions.Trx.TestLogger, Version=15.0.0.0, Culture=neutral, PublicKeyToken=b03f5f7f11d50a3a' file path 'C:\Program Files\dotnet\sdk\8.0.202\Extensions\Microsoft.VisualStudio.TestPlatform.Extensions.Trx.TestLogger.dll'
TpTrace Verbose: 0 : 28428, 1, 2024/04/27, 20:30:54.705, 6066793793417, vstest.console.dll, TestPluginCache: Discovered the extensions using extension path ''.
TpTrace Verbose: 0 : 28428, 1, 2024/04/27, 20:30:54.705, 6066793795018, vstest.console.dll, TestPluginCache: Discoverers are ''.
TpTrace Verbose: 0 : 28428, 1, 2024/04/27, 20:30:54.705, 6066793795376, vstest.console.dll, TestPluginCache: Executors are ''.
TpTrace Verbose: 0 : 28428, 1, 2024/04/27, 20:30:54.705, 6066793795637, vstest.console.dll, TestPluginCache: Executors2 are ''.
TpTrace Verbose: 0 : 28428, 1, 2024/04/27, 20:30:54.705, 6066793795855, vstest.console.dll, TestPluginCache: Setting providers are ''.
TpTrace Verbose: 0 : 28428, 1, 2024/04/27, 20:30:54.705, 6066793796161, vstest.console.dll, TestPluginCache: Loggers are ''.
TpTrace Verbose: 0 : 28428, 1, 2024/04/27, 20:30:54.706, 6066793798504, vstest.console.dll, TestPluginCache: TestHosts are 'HostProvider://DefaultTestHost,HostProvider://DotnetTestHost'.
TpTrace Verbose: 0 : 28428, 1, 2024/04/27, 20:30:54.706, 6066793799607, vstest.console.dll, TestPluginCache: DataCollectors are ''.
TpTrace Information: 0 : 28428, 1, 2024/04/27, 20:30:54.724, 6066793986620, vstest.console.dll, RunTestsArgumentProcessor:Execute: Test run is starting.
TpTrace Verbose: 0 : 28428, 1, 2024/04/27, 20:30:54.725, 6066793987672, vstest.console.dll, RunTestsArgumentProcessor:Execute: Queuing Test run.
TpTrace Information: 0 : 28428, 1, 2024/04/27, 20:30:54.725, 6066793990281, vstest.console.dll, TestRequestManager.RunTests: run tests started.
TpTrace Information: 0 : 28428, 1, 2024/04/27, 20:30:54.726, 6066794007202, vstest.console.dll, AssemblyMetadataProvider.GetFrameworkName: Determined framework:'.NETCoreApp,Version=v6.0' for source: 'C:\Users\VC\Documents\Projects\Day-14(Async and Await)\OnlineShoppingSln\OnlineShoppingUnitTest\bin\Debug\net6.0\fine-code-coverage\build-output\OnlineShoppingUnitTest.dll'
TpTrace Information: 0 : 28428, 1, 2024/04/27, 20:30:54.727, 6066794010545, vstest.console.dll, Determined framework for all sources: .NETCoreApp,Version=v6.0
TpTrace Verbose: 0 : 28428, 1, 2024/04/27, 20:30:54.728, 6066794018278, vstest.console.dll, TestRequestManager.UpdateRunSettingsIfRequired: Default architecture: X64 IsDefaultTargetArchitecture: True, Current process architecture: X64 OperatingSystem: Windows.
TpTrace Information: 0 : 28428, 1, 2024/04/27, 20:30:54.730, 6066794045289, vstest.console.dll, AssemblyMetadataProvider.GetArchitecture: Determined architecture:AnyCPU info for assembly: C:\Users\VC\Documents\Projects\Day-14(Async and Await)\OnlineShoppingSln\OnlineShoppingUnitTest\bin\Debug\net6.0\fine-code-coverage\build-output\OnlineShoppingUnitTest.dll
TpTrace Information: 0 : 28428, 1, 2024/04/27, 20:30:54.730, 6066794045914, vstest.console.dll, Determined platform for source 'C:\Users\VC\Documents\Projects\Day-14(Async and Await)\OnlineShoppingSln\OnlineShoppingUnitTest\bin\Debug\net6.0\fine-code-coverage\build-output\OnlineShoppingUnitTest.dll' was AnyCPU and it will use the default plaform X64.
TpTrace Information: 0 : 28428, 1, 2024/04/27, 20:30:54.730, 6066794046138, vstest.console.dll, None of the sources provided any runnable platform, using the default platform: X64
TpTrace Information: 0 : 28428, 1, 2024/04/27, 20:30:54.730, 6066794047167, vstest.console.dll, Platform was updated to 'X64'.
TpTrace Information: 0 : 28428, 1, 2024/04/27, 20:30:54.735, 6066794094674, vstest.console.dll, InferRunSettingsHelper.IsTestSettingsEnabled: Unable to navigate to RunSettings/MSTest. Current node: RunSettings
TpTrace Information: 0 : 28428, 1, 2024/04/27, 20:30:54.736, 6066794105969, vstest.console.dll, AssemblyResolver.OnResolve: Microsoft.VisualStudio.TestPlatform.Fakes: Resolving assembly.
TpTrace Information: 0 : 28428, 1, 2024/04/27, 20:30:54.736, 6066794107095, vstest.console.dll, AssemblyResolver.OnResolve: Microsoft.VisualStudio.TestPlatform.Fakes: Searching in: 'C:\Program Files\dotnet\sdk\8.0.202\Extensions'.
TpTrace Information: 0 : 28428, 1, 2024/04/27, 20:30:54.737, 6066794109304, vstest.console.dll, AssemblyResolver.OnResolve: Microsoft.VisualStudio.TestPlatform.Fakes: Assembly path does not exist: 'C:\Program Files\dotnet\sdk\8.0.202\Extensions\Microsoft.VisualStudio.TestPlatform.Fakes.dll', returning.
TpTrace Information: 0 : 28428, 1, 2024/04/27, 20:30:54.737, 6066794110732, vstest.console.dll, AssemblyResolver.OnResolve: Microsoft.VisualStudio.TestPlatform.Fakes: Assembly path does not exist: 'C:\Program Files\dotnet\sdk\8.0.202\Extensions\Microsoft.VisualStudio.TestPlatform.Fakes.exe', returning.
TpTrace Information: 0 : 28428, 1, 2024/04/27, 20:30:54.737, 6066794111075, vstest.console.dll, AssemblyResolver.OnResolve: Microsoft.VisualStudio.TestPlatform.Fakes: Searching in: 'C:\Program Files\dotnet\sdk\8.0.202'.
TpTrace Information: 0 : 28428, 1, 2024/04/27, 20:30:54.737, 6066794111684, vstest.console.dll, AssemblyResolver.OnResolve: Microsoft.VisualStudio.TestPlatform.Fakes: Assembly path does not exist: 'C:\Program Files\dotnet\sdk\8.0.202\Microsoft.VisualStudio.TestPlatform.Fakes.dll', returning.
TpTrace Information: 0 : 28428, 1, 2024/04/27, 20:30:54.737, 6066794112916, vstest.console.dll, AssemblyResolver.OnResolve: Microsoft.VisualStudio.TestPlatform.Fakes: Assembly path does not exist: 'C:\Program Files\dotnet\sdk\8.0.202\Microsoft.VisualStudio.TestPlatform.Fakes.exe', returning.
TpTrace Information: 0 : 28428, 1, 2024/04/27, 20:30:54.737, 6066794113355, vstest.console.dll, AssemblyResolver.OnResolve: Microsoft.VisualStudio.TestPlatform.Fakes: Failed to load assembly.
TpTrace Information: 0 : 28428, 1, 2024/04/27, 20:30:54.737, 6066794116995, vstest.console.dll, Failed to load assembly Microsoft.VisualStudio.TestPlatform.Fakes, Version=17.0.0.0, Culture=neutral. Reason:System.IO.FileNotFoundException: Could not load file or assembly 'Microsoft.VisualStudio.TestPlatform.Fakes, Version=17.0.0.0, Culture=neutral, PublicKeyToken=null'. The system cannot find the file specified.
File name: 'Microsoft.VisualStudio.TestPlatform.Fakes, Version=17.0.0.0, Culture=neutral, PublicKeyToken=null'
   at System.Reflection.RuntimeAssembly.InternalLoad(AssemblyName assemblyName, StackCrawlMark& stackMark, AssemblyLoadContext assemblyLoadContext, RuntimeAssembly requestingAssembly, Boolean throwOnFileNotFound)
   at System.Reflection.Assembly.Load(AssemblyName assemblyRef)
   at Microsoft.VisualStudio.TestPlatform.Common.Utilities.FakesUtilities.LoadTestPlatformAssembly() in /_/src/Microsoft.TestPlatform.Common/Utilities/FakesUtilities.cs:line 272
TpTrace Verbose: 0 : 28428, 1, 2024/04/27, 20:30:54.742, 6066794160041, vstest.console.dll, TestPluginCache.DiscoverTestExtensions: finding test extensions in assemblies ends with: TestLogger.dll TPluginInfo: Microsoft.VisualStudio.TestPlatform.Common.ExtensionFramework.Utilities.TestLoggerPluginInformation TExtension: Microsoft.VisualStudio.TestPlatform.ObjectModel.Client.ITestLogger
TpTrace Verbose: 0 : 28428, 1, 2024/04/27, 20:30:54.742, 6066794162204, vstest.console.dll, TestPluginCache.GetExtensionPaths: Filtered extension paths: 
TpTrace Verbose: 0 : 28428, 1, 2024/04/27, 20:30:54.742, 6066794162838, vstest.console.dll, TestPluginCache.GetExtensionPaths: Added default extension paths: C:\Program Files\dotnet\sdk\8.0.202\Extensions\Microsoft.Diagnostics.NETCore.Client.dll
C:\Program Files\dotnet\sdk\8.0.202\Extensions\Microsoft.TestPlatform.Extensions.BlameDataCollector.dll
C:\Program Files\dotnet\sdk\8.0.202\Extensions\Microsoft.TestPlatform.Extensions.EventLogCollector.dll
C:\Program Files\dotnet\sdk\8.0.202\Extensions\Microsoft.TestPlatform.TestHostRuntimeProvider.dll
C:\Program Files\dotnet\sdk\8.0.202\Extensions\Microsoft.VisualStudio.TestPlatform.Extensions.Html.TestLogger.dll
C:\Program Files\dotnet\sdk\8.0.202\Extensions\Microsoft.VisualStudio.TestPlatform.Extensions.Trx.TestLogger.dll
TpTrace Verbose: 0 : 28428, 1, 2024/04/27, 20:30:54.742, 6066794163194, vstest.console.dll, TestPluginCache.GetExtensionPaths: Added unfilterableExtensionPaths: 
TpTrace Information: 0 : 28428, 1, 2024/04/27, 20:30:54.742, 6066794165367, vstest.console.dll, AssemblyResolver.AddSearchDirectories: Adding more searchDirectories C:\Program Files\dotnet\sdk\8.0.202\Extensions,C:\Program Files\dotnet\sdk\8.0.202
TpTrace Verbose: 0 : 28428, 1, 2024/04/27, 20:30:54.742, 6066794166309, vstest.console.dll, TestPluginCache.DiscoverTestExtensions: Discovering the extensions using extension path.
TpTrace Verbose: 0 : 28428, 1, 2024/04/27, 20:30:54.742, 6066794166820, vstest.console.dll, TestPluginCache.GetExtensionPaths: Filtered extension paths: 
TpTrace Verbose: 0 : 28428, 1, 2024/04/27, 20:30:54.742, 6066794167190, vstest.console.dll, TestPluginCache.GetExtensionPaths: Added default extension paths: C:\Program Files\dotnet\sdk\8.0.202\Extensions\Microsoft.Diagnostics.NETCore.Client.dll
C:\Program Files\dotnet\sdk\8.0.202\Extensions\Microsoft.TestPlatform.Extensions.BlameDataCollector.dll
C:\Program Files\dotnet\sdk\8.0.202\Extensions\Microsoft.TestPlatform.Extensions.EventLogCollector.dll
C:\Program Files\dotnet\sdk\8.0.202\Extensions\Microsoft.TestPlatform.TestHostRuntimeProvider.dll
C:\Program Files\dotnet\sdk\8.0.202\Extensions\Microsoft.VisualStudio.TestPlatform.Extensions.Html.TestLogger.dll
C:\Program Files\dotnet\sdk\8.0.202\Extensions\Microsoft.VisualStudio.TestPlatform.Extensions.Trx.TestLogger.dll
TpTrace Verbose: 0 : 28428, 1, 2024/04/27, 20:30:54.743, 6066794167685, vstest.console.dll, TestPluginCache.GetExtensionPaths: Added unfilterableExtensionPaths: 
TpTrace Verbose: 0 : 28428, 1, 2024/04/27, 20:30:54.743, 6066794168918, vstest.console.dll, TestPluginCache.DiscoverTestExtensions: Discovering the extensions using allExtensionPaths: C:\Program Files\dotnet\sdk\8.0.202\Extensions\Microsoft.Diagnostics.NETCore.Client.dll
C:\Program Files\dotnet\sdk\8.0.202\Extensions\Microsoft.TestPlatform.Extensions.BlameDataCollector.dll
C:\Program Files\dotnet\sdk\8.0.202\Extensions\Microsoft.TestPlatform.Extensions.EventLogCollector.dll
C:\Program Files\dotnet\sdk\8.0.202\Extensions\Microsoft.TestPlatform.TestHostRuntimeProvider.dll
C:\Program Files\dotnet\sdk\8.0.202\Extensions\Microsoft.VisualStudio.TestPlatform.Extensions.Html.TestLogger.dll
C:\Program Files\dotnet\sdk\8.0.202\Extensions\Microsoft.VisualStudio.TestPlatform.Extensions.Trx.TestLogger.dll
TpTrace Information: 0 : 28428, 1, 2024/04/27, 20:30:54.743, 6066794169453, vstest.console.dll, AssemblyResolver.AddSearchDirectories: Adding more searchDirectories C:\Program Files\dotnet\sdk\8.0.202\Extensions,C:\Program Files\dotnet\sdk\8.0.202
TpTrace Information: 0 : 28428, 1, 2024/04/27, 20:30:54.743, 6066794170161, vstest.console.dll, AssemblyResolver.AddSearchDirectories: Adding more searchDirectories C:\Program Files\dotnet\sdk\8.0.202\Extensions,C:\Program Files\dotnet\sdk\8.0.202
TpTrace Information: 0 : 28428, 1, 2024/04/27, 20:30:54.743, 6066794170412, vstest.console.dll, AssemblyResolver.AddSearchDirectories: Adding more searchDirectories C:\Program Files\dotnet\sdk\8.0.202\Extensions,C:\Program Files\dotnet\sdk\8.0.202
TpTrace Information: 0 : 28428, 1, 2024/04/27, 20:30:54.743, 6066794170652, vstest.console.dll, AssemblyResolver.AddSearchDirectories: Adding more searchDirectories C:\Program Files\dotnet\sdk\8.0.202\Extensions,C:\Program Files\dotnet\sdk\8.0.202
TpTrace Information: 0 : 28428, 1, 2024/04/27, 20:30:54.743, 6066794170955, vstest.console.dll, AssemblyResolver.AddSearchDirectories: Adding more searchDirectories C:\Program Files\dotnet\sdk\8.0.202\Extensions,C:\Program Files\dotnet\sdk\8.0.202
TpTrace Information: 0 : 28428, 1, 2024/04/27, 20:30:54.743, 6066794171692, vstest.console.dll, AssemblyResolver.AddSearchDirectories: Adding more searchDirectories C:\Program Files\dotnet\sdk\8.0.202\Extensions,C:\Program Files\dotnet\sdk\8.0.202
TpTrace Verbose: 0 : 28428, 1, 2024/04/27, 20:30:54.743, 6066794172922, vstest.console.dll, MetadataReaderExtensionsHelper: Discovering extensions inside assembly 'Microsoft.Diagnostics.NETCore.Client, Version=0.2.9.2401, Culture=neutral, PublicKeyToken=31bf3856ad364e35' file path 'C:\Program Files\dotnet\sdk\8.0.202\Extensions\Microsoft.Diagnostics.NETCore.Client.dll'
TpTrace Information: 0 : 28428, 1, 2024/04/27, 20:30:54.744, 6066794184761, vstest.console.dll, AssemblyResolver.OnResolve: Microsoft.Bcl.AsyncInterfaces: Resolving assembly.
TpTrace Information: 0 : 28428, 1, 2024/04/27, 20:30:54.744, 6066794186264, vstest.console.dll, AssemblyResolver.OnResolve: Microsoft.Bcl.AsyncInterfaces: Resolved from cache.
TpTrace Verbose: 0 : 28428, 1, 2024/04/27, 20:30:54.744, 6066794186848, vstest.console.dll, CurrentDomainAssemblyResolve: Resolving assembly 'Microsoft.Bcl.AsyncInterfaces'.
TpTrace Information: 0 : 28428, 1, 2024/04/27, 20:30:54.745, 6066794187839, vstest.console.dll, AssemblyResolver.OnResolve: Microsoft.Bcl.AsyncInterfaces: Resolving assembly.
TpTrace Information: 0 : 28428, 1, 2024/04/27, 20:30:54.745, 6066794188194, vstest.console.dll, AssemblyResolver.OnResolve: Microsoft.Bcl.AsyncInterfaces: Resolved from cache.
TpTrace Verbose: 0 : 28428, 1, 2024/04/27, 20:30:54.745, 6066794188403, vstest.console.dll, CurrentDomainAssemblyResolve: Resolving assembly 'Microsoft.Bcl.AsyncInterfaces'.
TpTrace Verbose: 0 : 28428, 1, 2024/04/27, 20:30:54.745, 6066794188606, vstest.console.dll, CurrentDomainAssemblyResolve: Failed to resolve assembly 'Microsoft.Bcl.AsyncInterfaces'.
TpTrace Verbose: 0 : 28428, 1, 2024/04/27, 20:30:54.745, 6066794190744, vstest.console.dll, CurrentDomainAssemblyResolve: Failed to resolve assembly 'Microsoft.Bcl.AsyncInterfaces'.
TpTrace Warning: 0 : 28428, 1, 2024/04/27, 20:30:54.745, 6066794196504, vstest.console.dll, TestPluginDiscoverer: Failed to get types from assembly 'Microsoft.Diagnostics.NETCore.Client, Version=0.2.9.2401, Culture=neutral, PublicKeyToken=31bf3856ad364e35'. Error: System.Reflection.ReflectionTypeLoadException: Unable to load one or more of the requested types.
Could not load file or assembly 'Microsoft.Bcl.AsyncInterfaces, Version=6.0.0.0, Culture=neutral, PublicKeyToken=cc7b13ffcd2ddd51'. The system cannot find the file specified.
   at System.Reflection.RuntimeModule.GetTypes(RuntimeModule module)
   at System.Reflection.RuntimeModule.GetTypes()
   at Microsoft.VisualStudio.TestPlatform.Common.ExtensionFramework.TestPluginDiscoverer.GetTestExtensionsFromAssembly[TPluginInfo,TExtension](Assembly assembly, Dictionary`2 pluginInfos, String filePath) in /_/src/Microsoft.TestPlatform.Common/ExtensionFramework/TestPluginDiscoverer.cs:line 158
System.IO.FileNotFoundException: Could not load file or assembly 'Microsoft.Bcl.AsyncInterfaces, Version=6.0.0.0, Culture=neutral, PublicKeyToken=cc7b13ffcd2ddd51'. The system cannot find the file specified.
File name: 'Microsoft.Bcl.AsyncInterfaces, Version=6.0.0.0, Culture=neutral, PublicKeyToken=cc7b13ffcd2ddd51'
 ---> System.IO.FileNotFoundException: Could not load file or assembly 'Microsoft.Bcl.AsyncInterfaces, Culture=neutral, PublicKeyToken=null'. The system cannot find the file specified.
File name: 'Microsoft.Bcl.AsyncInterfaces, Culture=neutral, PublicKeyToken=null'
   at System.Reflection.RuntimeAssembly.InternalLoad(AssemblyName assemblyName, StackCrawlMark& stackMark, AssemblyLoadContext assemblyLoadContext, RuntimeAssembly requestingAssembly, Boolean throwOnFileNotFound)
   at System.Reflection.Assembly.Load(AssemblyName assemblyRef)
   at Microsoft.VisualStudio.TestPlatform.Common.ExtensionFramework.TestPluginCache.CurrentDomainAssemblyResolve(Object sender, AssemblyResolveEventArgs args) in /_/src/Microsoft.TestPlatform.Common/ExtensionFramework/TestPluginCache.cs:line 513
   at System.Runtime.Loader.AssemblyLoadContext.GetFirstResolvedAssemblyFromResolvingEvent(AssemblyName assemblyName)
   at System.Runtime.Loader.AssemblyLoadContext.ResolveUsingEvent(AssemblyName assemblyName)
   at System.Runtime.Loader.AssemblyLoadContext.ResolveUsingResolvingEvent(IntPtr gchManagedAssemblyLoadContext, AssemblyName assemblyName)
TpTrace Warning: 0 : 28428, 1, 2024/04/27, 20:30:54.746, 6066794198576, vstest.console.dll, LoaderExceptions: System.IO.FileNotFoundException: Could not load file or assembly 'Microsoft.Bcl.AsyncInterfaces, Version=6.0.0.0, Culture=neutral, PublicKeyToken=cc7b13ffcd2ddd51'. The system cannot find the file specified.
File name: 'Microsoft.Bcl.AsyncInterfaces, Version=6.0.0.0, Culture=neutral, PublicKeyToken=cc7b13ffcd2ddd51'
 ---> System.IO.FileNotFoundException: Could not load file or assembly 'Microsoft.Bcl.AsyncInterfaces, Culture=neutral, PublicKeyToken=null'. The system cannot find the file specified.
File name: 'Microsoft.Bcl.AsyncInterfaces, Culture=neutral, PublicKeyToken=null'
   at System.Reflection.RuntimeAssembly.InternalLoad(AssemblyName assemblyName, StackCrawlMark& stackMark, AssemblyLoadContext assemblyLoadContext, RuntimeAssembly requestingAssembly, Boolean throwOnFileNotFound)
   at System.Reflection.Assembly.Load(AssemblyName assemblyRef)
   at Microsoft.VisualStudio.TestPlatform.Common.ExtensionFramework.TestPluginCache.CurrentDomainAssemblyResolve(Object sender, AssemblyResolveEventArgs args) in /_/src/Microsoft.TestPlatform.Common/ExtensionFramework/TestPluginCache.cs:line 513
   at System.Runtime.Loader.AssemblyLoadContext.GetFirstResolvedAssemblyFromResolvingEvent(AssemblyName assemblyName)
   at System.Runtime.Loader.AssemblyLoadContext.ResolveUsingEvent(AssemblyName assemblyName)
   at System.Runtime.Loader.AssemblyLoadContext.ResolveUsingResolvingEvent(IntPtr gchManagedAssemblyLoadContext, AssemblyName assemblyName)
TpTrace Verbose: 0 : 28428, 1, 2024/04/27, 20:30:54.746, 6066794199364, vstest.console.dll, MetadataReaderExtensionsHelper: Discovering extensions inside assembly 'Microsoft.TestPlatform.Extensions.BlameDataCollector, Version=15.0.0.0, Culture=neutral, PublicKeyToken=b03f5f7f11d50a3a' file path 'C:\Program Files\dotnet\sdk\8.0.202\Extensions\Microsoft.TestPlatform.Extensions.BlameDataCollector.dll'
TpTrace Information: 0 : 28428, 1, 2024/04/27, 20:30:54.746, 6066794205498, vstest.console.dll, GetTestExtensionFromType: Register extension with identifier data 'logger://Microsoft/TestPlatform/Extensions/Blame/v1' and type 'Microsoft.TestPlatform.Extensions.BlameDataCollector.BlameLogger, Microsoft.TestPlatform.Extensions.BlameDataCollector, Version=15.0.0.0, Culture=neutral, PublicKeyToken=b03f5f7f11d50a3a' inside file 'C:\Program Files\dotnet\sdk\8.0.202\Extensions\Microsoft.TestPlatform.Extensions.BlameDataCollector.dll'
TpTrace Verbose: 0 : 28428, 1, 2024/04/27, 20:30:54.746, 6066794206256, vstest.console.dll, MetadataReaderExtensionsHelper: Discovering extensions inside assembly 'Microsoft.TestPlatform.Extensions.EventLogCollector, Version=15.0.0.0, Culture=neutral, PublicKeyToken=b03f5f7f11d50a3a' file path 'C:\Program Files\dotnet\sdk\8.0.202\Extensions\Microsoft.TestPlatform.Extensions.EventLogCollector.dll'
TpTrace Verbose: 0 : 28428, 1, 2024/04/27, 20:30:54.747, 6066794209541, vstest.console.dll, MetadataReaderExtensionsHelper: Discovering extensions inside assembly 'Microsoft.TestPlatform.TestHostRuntimeProvider, Version=15.0.0.0, Culture=neutral, PublicKeyToken=b03f5f7f11d50a3a' file path 'C:\Program Files\dotnet\sdk\8.0.202\Extensions\Microsoft.TestPlatform.TestHostRuntimeProvider.dll'
TpTrace Verbose: 0 : 28428, 1, 2024/04/27, 20:30:54.747, 6066794212615, vstest.console.dll, MetadataReaderExtensionsHelper: Discovering extensions inside assembly 'Microsoft.VisualStudio.TestPlatform.Extensions.Html.TestLogger, Version=15.0.0.0, Culture=neutral, PublicKeyToken=b03f5f7f11d50a3a' file path 'C:\Program Files\dotnet\sdk\8.0.202\Extensions\Microsoft.VisualStudio.TestPlatform.Extensions.Html.TestLogger.dll'
TpTrace Information: 0 : 28428, 1, 2024/04/27, 20:30:54.748, 6066794221105, vstest.console.dll, GetTestExtensionFromType: Register extension with identifier data 'logger://Microsoft/TestPlatform/HtmlLogger/v1' and type 'Microsoft.VisualStudio.TestPlatform.Extensions.HtmlLogger.HtmlLogger, Microsoft.VisualStudio.TestPlatform.Extensions.Html.TestLogger, Version=15.0.0.0, Culture=neutral, PublicKeyToken=b03f5f7f11d50a3a' inside file 'C:\Program Files\dotnet\sdk\8.0.202\Extensions\Microsoft.VisualStudio.TestPlatform.Extensions.Html.TestLogger.dll'
TpTrace Verbose: 0 : 28428, 1, 2024/04/27, 20:30:54.748, 6066794222373, vstest.console.dll, MetadataReaderExtensionsHelper: Discovering extensions inside assembly 'Microsoft.VisualStudio.TestPlatform.Extensions.Trx.TestLogger, Version=15.0.0.0, Culture=neutral, PublicKeyToken=b03f5f7f11d50a3a' file path 'C:\Program Files\dotnet\sdk\8.0.202\Extensions\Microsoft.VisualStudio.TestPlatform.Extensions.Trx.TestLogger.dll'
TpTrace Information: 0 : 28428, 1, 2024/04/27, 20:30:54.748, 6066794226585, vstest.console.dll, GetTestExtensionFromType: Register extension with identifier data 'logger://Microsoft/TestPlatform/TrxLogger/v1' and type 'Microsoft.VisualStudio.TestPlatform.Extensions.TrxLogger.TrxLogger, Microsoft.VisualStudio.TestPlatform.Extensions.Trx.TestLogger, Version=15.0.0.0, Culture=neutral, PublicKeyToken=b03f5f7f11d50a3a' inside file 'C:\Program Files\dotnet\sdk\8.0.202\Extensions\Microsoft.VisualStudio.TestPlatform.Extensions.Trx.TestLogger.dll'
TpTrace Verbose: 0 : 28428, 1, 2024/04/27, 20:30:54.749, 6066794227746, vstest.console.dll, TestPluginCache: Discovered the extensions using extension path ''.
TpTrace Verbose: 0 : 28428, 1, 2024/04/27, 20:30:54.749, 6066794228043, vstest.console.dll, TestPluginCache: Discoverers are ''.
TpTrace Verbose: 0 : 28428, 1, 2024/04/27, 20:30:54.749, 6066794228409, vstest.console.dll, TestPluginCache: Executors are ''.
TpTrace Verbose: 0 : 28428, 1, 2024/04/27, 20:30:54.749, 6066794228643, vstest.console.dll, TestPluginCache: Executors2 are ''.
TpTrace Verbose: 0 : 28428, 1, 2024/04/27, 20:30:54.749, 6066794229007, vstest.console.dll, TestPluginCache: Setting providers are ''.
TpTrace Verbose: 0 : 28428, 1, 2024/04/27, 20:30:54.749, 6066794230634, vstest.console.dll, TestPluginCache: Loggers are 'logger://Microsoft/TestPlatform/Extensions/Blame/v1,logger://Microsoft/TestPlatform/HtmlLogger/v1,logger://Microsoft/TestPlatform/TrxLogger/v1'.
TpTrace Verbose: 0 : 28428, 1, 2024/04/27, 20:30:54.749, 6066794231159, vstest.console.dll, TestPluginCache: TestHosts are 'HostProvider://DefaultTestHost,HostProvider://DotnetTestHost'.
TpTrace Verbose: 0 : 28428, 1, 2024/04/27, 20:30:54.749, 6066794231928, vstest.console.dll, TestPluginCache: DataCollectors are ''.
TpTrace Information: 0 : 28428, 1, 2024/04/27, 20:30:54.750, 6066794242573, vstest.console.dll, TestPluginManager.CreateTestExtension: Attempting to load test extension: Microsoft.TestPlatform.Extensions.BlameDataCollector.BlameLogger
TpTrace Verbose: 0 : 28428, 1, 2024/04/27, 20:30:54.759, 6066794330118, vstest.console.dll, TestEngine: Initializing Parallel Execution as MaxCpuCount is set to: 1
TpTrace Information: 0 : 28428, 1, 2024/04/27, 20:30:54.761, 6066794348959, vstest.console.dll, TestPluginManager.CreateTestExtension: Attempting to load test extension: Microsoft.VisualStudio.TestPlatform.CrossPlatEngine.Hosting.DefaultTestHostManager
TpTrace Information: 0 : 28428, 1, 2024/04/27, 20:30:54.762, 6066794361946, vstest.console.dll, TestPluginManager.CreateTestExtension: Attempting to load test extension: Microsoft.VisualStudio.TestPlatform.CrossPlatEngine.Hosting.DotnetTestHostManager
TpTrace Information: 0 : 28428, 1, 2024/04/27, 20:30:54.763, 6066794369556, vstest.console.dll, InferRunSettingsHelper.IsTestSettingsEnabled: Unable to navigate to RunSettings/MSTest. Current node: RunSettings
TpTrace Verbose: 0 : 28428, 1, 2024/04/27, 20:30:54.764, 6066794382279, vstest.console.dll, ParallelOperationManager.ClearSlots: Clearing all slots. Slots should accept more work: True
TpTrace Verbose: 0 : 28428, 1, 2024/04/27, 20:30:54.765, 6066794390351, vstest.console.dll, ParallelOperationManager.SetOccupiedSlotCount: Setting slot counts AvailableSlotCount = 1, OccupiedSlotCount = 0.
TpTrace Verbose: 0 : 28428, 1, 2024/04/27, 20:30:54.765, 6066794393969, vstest.console.dll, Occupied slots:

TpTrace Verbose: 0 : 28428, 1, 2024/04/27, 20:30:54.769, 6066794433835, vstest.console.dll, TestEngine.GetExecutionManager: Chosen execution manager 'Microsoft.VisualStudio.TestPlatform.CrossPlatEngine.Client.Parallel.ParallelProxyExecutionManager, Microsoft.TestPlatform.CrossPlatEngine, Version=15.0.0.0, Culture=neutral, PublicKeyToken=b03f5f7f11d50a3a' ParallelLevel '1'.
TpTrace Verbose: 0 : 28428, 1, 2024/04/27, 20:30:54.769, 6066794436536, vstest.console.dll, TestRunRequest.ExecuteAsync: Creating test run request.
TpTrace Verbose: 0 : 28428, 1, 2024/04/27, 20:30:54.770, 6066794439017, vstest.console.dll, TestRunRequest.ExecuteAsync: Starting.
TpTrace Information: 0 : 28428, 1, 2024/04/27, 20:30:54.771, 6066794455078, vstest.console.dll, TestRunRequest.ExecuteAsync: Starting run with settings:TestRunCriteria:
   KeepAlive=False,FrequencyOfRunStatsChangeEvent=10,RunStatsChangeEventTimeout=00:00:01.5000000,TestCaseFilter=,TestExecutorLauncher=
   Settingsxml=<RunSettings>
  <RunConfiguration>
    <ResultsDirectory>C:\Users\VC\Documents\Projects\Day-14(Async and Await)\OnlineShoppingSln\OnlineShoppingUnitTest\bin\Debug\net6.0\fine-code-coverage\coverage-tool-output</ResultsDirectory>
    <TargetPlatform>X64</TargetPlatform>
    <TargetFrameworkVersion>.NETCoreApp,Version=v6.0</TargetFrameworkVersion>
    <DesignMode>False</DesignMode>
    <CollectSourceInformation>False</CollectSourceInformation>
  </RunConfiguration>
  <LoggerRunSettings>
    <Loggers>
      <Logger friendlyName="blame" enabled="True" />
      <Logger friendlyName="Console" uri="logger://microsoft/TestPlatform/ConsoleLogger/v1" assemblyQualifiedName="Microsoft.VisualStudio.TestPlatform.CommandLine.Internal.ConsoleLogger, vstest.console, Version=15.0.0.0, Culture=neutral, PublicKeyToken=b03f5f7f11d50a3a" codeBase="C:\Program Files\dotnet\sdk\8.0.202\vstest.console.dll" enabled="True" />
    </Loggers>
  </LoggerRunSettings>
  <DataCollectionRunSettings>
    <DataCollectors>
      <DataCollector friendlyName="blame" enabled="True">
        <Configuration>
          <ResultsDirectory>C:\Users\VC\Documents\Projects\Day-14(Async and Await)\OnlineShoppingSln\OnlineShoppingUnitTest\bin\Debug\net6.0\fine-code-coverage\coverage-tool-output</ResultsDirectory>
        </Configuration>
      </DataCollector>
    </DataCollectors>
  </DataCollectionRunSettings>
</RunSettings>

TpTrace Verbose: 0 : 28428, 1, 2024/04/27, 20:30:54.771, 6066794457044, vstest.console.dll, TestRunRequest.ExecuteAsync: Wait for the first run request is over.
TpTrace Verbose: 0 : 28428, 1, 2024/04/27, 20:30:54.772, 6066794461311, vstest.console.dll, MulticastDelegateUtilities.SafeInvoke: TestRun.TestRunStart: Invoking callbacks was skipped because there are no subscribers.
TpTrace Verbose: 0 : 28428, 4, 2024/04/27, 20:30:54.772, 6066794463884, vstest.console.dll, MulticastDelegateUtilities.SafeInvoke: InternalTestLoggerEvents.SendTestRunStart: Invoking callback 1/1 for Microsoft.VisualStudio.TestPlatform.CommandLine.Internal.ConsoleLogger., took 0 ms.
TpTrace Verbose: 0 : 28428, 1, 2024/04/27, 20:30:54.773, 6066794473307, vstest.console.dll, ParallelProxyExecutionManager: Start execution. Total sources: 1
TpTrace Verbose: 0 : 28428, 1, 2024/04/27, 20:30:54.774, 6066794478017, vstest.console.dll, ParallelOperationManager.StartWork: Starting adding 1 workloads.
TpTrace Verbose: 0 : 28428, 1, 2024/04/27, 20:30:54.774, 6066794478818, vstest.console.dll, ParallelOperationManager.ClearSlots: Clearing all slots. Slots should accept more work: True
TpTrace Verbose: 0 : 28428, 1, 2024/04/27, 20:30:54.774, 6066794479932, vstest.console.dll, ParallelOperationManager.SetOccupiedSlotCount: Setting slot counts AvailableSlotCount = 1, OccupiedSlotCount = 0.
TpTrace Verbose: 0 : 28428, 1, 2024/04/27, 20:30:54.774, 6066794480261, vstest.console.dll, Occupied slots:

TpTrace Verbose: 0 : 28428, 1, 2024/04/27, 20:30:54.775, 6066794492525, vstest.console.dll, TestRequestSender is acting as server.
TpTrace Verbose: 0 : 28428, 1, 2024/04/27, 20:30:54.776, 6066794505139, vstest.console.dll, ParallelOperationManager.RunWorkInParallel: Adding 1 workload to slot, remaining workloads 0.
TpTrace Verbose: 0 : 28428, 1, 2024/04/27, 20:30:54.776, 6066794505830, vstest.console.dll, ParallelOperationManager.SetOccupiedSlotCount: Setting slot counts AvailableSlotCount = 0, OccupiedSlotCount = 1.
TpTrace Verbose: 0 : 28428, 1, 2024/04/27, 20:30:54.776, 6066794506686, vstest.console.dll, Occupied slots:
0: C:\Users\VC\Documents\Projects\Day-14(Async and Await)\OnlineShoppingSln\OnlineShoppingUnitTest\bin\Debug\net6.0\fine-code-coverage\build-output\OnlineShoppingUnitTest.dll
TpTrace Verbose: 0 : 28428, 1, 2024/04/27, 20:30:54.777, 6066794515118, vstest.console.dll, ParallelOperationManager.RunWorkInParallel: Started host in slot number 0 for work (source): C:\Users\VC\Documents\Projects\Day-14(Async and Await)\OnlineShoppingSln\OnlineShoppingUnitTest\bin\Debug\net6.0\fine-code-coverage\build-output\OnlineShoppingUnitTest.dll.
TpTrace Verbose: 0 : 28428, 1, 2024/04/27, 20:30:54.778, 6066794525344, vstest.console.dll, ParallelOperationManager.RunWorkInParallel: We started 1 work items, which is the max parallel level. Won't start more work.
TpTrace Verbose: 0 : 28428, 1, 2024/04/27, 20:30:54.778, 6066794526133, vstest.console.dll, ParallelOperationManager.RunWorkInParallel: We started 1 work items in here, returning True.
TpTrace Information: 0 : 28428, 1, 2024/04/27, 20:30:54.778, 6066794526446, vstest.console.dll, TestRunRequest.ExecuteAsync: Started.
TpTrace Verbose: 0 : 28428, 5, 2024/04/27, 20:30:54.778, 6066794526668, vstest.console.dll, ParallelProxyExecutionManager.StartTestRunOnConcurrentManager: Initializing uninitialized client. Started clients: 0
TpTrace Verbose: 0 : 28428, 5, 2024/04/27, 20:30:54.779, 6066794528334, vstest.console.dll, DataCollectionRequestSender.InitializeCommunication : Initialize communication. 
TpTrace Verbose: 0 : 28428, 1, 2024/04/27, 20:30:54.779, 6066794530980, vstest.console.dll, TestRunRequest.WaitForCompletion: Waiting with timeout -1.
TpTrace Information: 0 : 28428, 5, 2024/04/27, 20:30:54.785, 6066794595739, vstest.console.dll, Listening on Endpoint : 127.0.0.1:63811
TpTrace Verbose: 0 : 28428, 5, 2024/04/27, 20:30:54.791, 6066794650210, vstest.console.dll, DotnetDataCollectionLauncher: Adding  --runtimeconfig "C:\Program Files\dotnet\sdk\8.0.202\datacollector.runtimeconfig.json" in args
TpTrace Verbose: 0 : 28428, 5, 2024/04/27, 20:30:54.791, 6066794651538, vstest.console.dll, DotnetDataCollectionLauncher: Adding  --depsfile "C:\Program Files\dotnet\sdk\8.0.202\datacollector.deps.json" in args
TpTrace Verbose: 0 : 28428, 5, 2024/04/27, 20:30:54.791, 6066794656733, vstest.console.dll, DotnetDataCollectionLauncher: Full path of dotnet.exe is C:\Program Files\dotnet\dotnet.exe
TpTrace Information: 0 : 28428, 5, 2024/04/27, 20:30:54.797, 6066794716398, vstest.console.dll, ProxyDataCollectionManager.Initialize: Launched datacollector processId: 44280 port: 63811
TpTrace Information: 0 : 28428, 5, 2024/04/27, 20:30:54.798, 6066794718025, vstest.console.dll, ProxyDataCollectionManager.Initialize: waiting for connection with timeout: 90 seconds
TpTrace Verbose: 0 : 28428, 5, 2024/04/27, 20:30:54.798, 6066794718492, vstest.console.dll, DataCollectionRequestSender.WaitForRequestHandlerConnection : Waiting for connection with timeout: 90000
TpTrace Verbose: 0 : 28428, 5, 2024/04/27, 20:30:55.037, 6066797116868, vstest.console.dll, SocketCommunicationManager.WaitForClientConnection took: 239 ms, with 90000 ms timeout, and finished with True.
TpTrace Information: 0 : 28428, 7, 2024/04/27, 20:30:55.037, 6066797116717, vstest.console.dll, Using the buffer size of 16384 bytes
TpTrace Verbose: 0 : 28428, 5, 2024/04/27, 20:30:55.038, 6066797119444, vstest.console.dll, ProxyDataCollectionManager.InvokeDataCollectionServiceAction: Starting.
TpTrace Information: 0 : 28428, 7, 2024/04/27, 20:30:55.038, 6066797119710, vstest.console.dll, Accepted Client request and set the flag
TpTrace Information: 0 : 28428, 5, 2024/04/27, 20:30:55.038, 6066797120593, vstest.console.dll, ProxyDataCollectionManager.BeforeTestRunStart: Get environment variable and port for datacollector processId: 44280 port: 63811
TpTrace Verbose: 0 : 28428, 5, 2024/04/27, 20:30:55.038, 6066797122609, vstest.console.dll, DataCollectionRequestSender.SendBeforeTestRunStartAndGetResult: Send BeforeTestRunStart message with settingsXml <RunSettings><RunConfiguration><ResultsDirectory>C:\Users\VC\Documents\Projects\Day-14(Async and Await)\OnlineShoppingSln\OnlineShoppingUnitTest\bin\Debug\net6.0\fine-code-coverage\coverage-tool-output</ResultsDirectory><TargetPlatform>X64</TargetPlatform><TargetFrameworkVersion>.NETCoreApp,Version=v6.0</TargetFrameworkVersion><DesignMode>False</DesignMode><CollectSourceInformation>False</CollectSourceInformation><TestAdaptersPaths>C:\Program Files\dotnet\sdk\8.0.202\Extensions</TestAdaptersPaths></RunConfiguration><LoggerRunSettings><Loggers><Logger friendlyName="blame" enabled="True" /><Logger friendlyName="Console" uri="logger://microsoft/TestPlatform/ConsoleLogger/v1" assemblyQualifiedName="Microsoft.VisualStudio.TestPlatform.CommandLine.Internal.ConsoleLogger, vstest.console, Version=15.0.0.0, Culture=neutral, PublicKeyToken=b03f5f7f11d50a3a" codeBase="C:\Program Files\dotnet\sdk\8.0.202\vstest.console.dll" enabled="True" /></Loggers></LoggerRunSettings><DataCollectionRunSettings><DataCollectors><DataCollector friendlyName="blame" enabled="True"><Configuration><ResultsDirectory>C:\Users\VC\Documents\Projects\Day-14(Async and Await)\OnlineShoppingSln\OnlineShoppingUnitTest\bin\Debug\net6.0\fine-code-coverage\coverage-tool-output</ResultsDirectory></Configuration></DataCollector></DataCollectors></DataCollectionRunSettings></RunSettings> and sources System.Collections.Generic.List`1[System.String]: 
TpTrace Verbose: 0 : 28428, 5, 2024/04/27, 20:30:55.107, 6066797809869, vstest.console.dll, DataCollectionRequestSender.SendBeforeTestRunStartAndGetResult: Received message: (DataCollection.SendMessage) -> {"MessageType":"DataCollection.SendMessage","Payload":{"FriendlyName":null,"Uri":null,"TestCaseId":"00000000-0000-0000-0000-000000000000","Message":"Logging DataCollector Diagnostics in file: C:\\Users\\VC\\Documents\\Projects\\Day-14(Async and Await)\\OnlineShoppingSln\\OnlineShoppingUnitTest\\bin\\Debug\\net6.0\\fine-code-coverage\\coverage-tool-output\\diagnostics.datacollector.24-04-27_20-30-54_79099_5.log","Level":0}}
TpTrace Verbose: 0 : 28428, 5, 2024/04/27, 20:30:55.189, 6066798635789, vstest.console.dll, DataCollectionRequestSender.SendBeforeTestRunStartAndGetResult: Received message: (DataCollection.BeforeTestRunStartResult) -> {"MessageType":"DataCollection.BeforeTestRunStartResult","Payload":{"EnvironmentVariables":{},"DataCollectionEventsPort":63813}}
TpTrace Information: 0 : 28428, 5, 2024/04/27, 20:30:55.194, 6066798684753, vstest.console.dll, ProxyDataCollectionManager.BeforeTestRunStart: SendBeforeTestRunStartAndGetResult successful, env variable from datacollector:   and testhost port: 63813
TpTrace Information: 0 : 28428, 5, 2024/04/27, 20:30:55.194, 6066798686228, vstest.console.dll, ProxyDataCollectionManager.InvokeDataCollectionServiceAction: Completed.
TpTrace Verbose: 0 : 28428, 5, 2024/04/27, 20:30:55.194, 6066798686725, vstest.console.dll, ParallelProxyExecutionManager.StartTestRunOnConcurrentManager: Initializing test run. Started clients: 0
TpTrace Verbose: 0 : 28428, 5, 2024/04/27, 20:30:55.195, 6066798687689, vstest.console.dll, ProxyExecutionManager: Test host is always Lazy initialize.
TpTrace Verbose: 0 : 28428, 5, 2024/04/27, 20:30:55.195, 6066798689858, vstest.console.dll, TestRequestSender.InitializeCommunication: initialize communication. 
TpTrace Information: 0 : 28428, 5, 2024/04/27, 20:30:55.195, 6066798695336, vstest.console.dll, SocketServer.Start: Listening on endpoint : 127.0.0.1:63814
TpTrace Verbose: 0 : 28428, 5, 2024/04/27, 20:30:55.196, 6066798703154, vstest.console.dll, DotnetTestHostmanager.GetTestHostProcessStartInfo: Platform environment 'X64' target architecture 'X64' framework '.NETCoreApp,Version=v6.0' OS 'Windows'
TpTrace Verbose: 0 : 28428, 5, 2024/04/27, 20:30:55.196, 6066798705821, vstest.console.dll, DotnetTestHostmanager: Adding  --runtimeconfig "C:\Users\VC\Documents\Projects\Day-14(Async and Await)\OnlineShoppingSln\OnlineShoppingUnitTest\bin\Debug\net6.0\fine-code-coverage\build-output\OnlineShoppingUnitTest.runtimeconfig.json" in args
TpTrace Verbose: 0 : 28428, 5, 2024/04/27, 20:30:55.196, 6066798706981, vstest.console.dll, DotnetTestHostmanager: Adding  --depsfile "C:\Users\VC\Documents\Projects\Day-14(Async and Await)\OnlineShoppingSln\OnlineShoppingUnitTest\bin\Debug\net6.0\fine-code-coverage\build-output\OnlineShoppingUnitTest.deps.json" in args
TpTrace Verbose: 0 : 28428, 5, 2024/04/27, 20:30:55.197, 6066798709808, vstest.console.dll, DotnetTestHostmanager.IsWinOnArm: Current PROCESSOR_ARCHITECTURE from environment variable 'AMD64'
TpTrace Verbose: 0 : 28428, 5, 2024/04/27, 20:30:55.197, 6066798710488, vstest.console.dll, DotnetTestHostmanager.IsWinOnArm: Is Windows on ARM 'False'
TpTrace Verbose: 0 : 28428, 5, 2024/04/27, 20:30:55.197, 6066798711605, vstest.console.dll, DotnetTestHostManager: testhost.exe found at path: C:\Users\VC\Documents\Projects\Day-14(Async and Await)\OnlineShoppingSln\OnlineShoppingUnitTest\bin\Debug\net6.0\fine-code-coverage\build-output\testhost.exe
TpTrace Verbose: 0 : 28428, 5, 2024/04/27, 20:30:55.197, 6066798712127, vstest.console.dll, DotnetTestHostmanager: Full path of host exe is C:\Users\VC\Documents\Projects\Day-14(Async and Await)\OnlineShoppingSln\OnlineShoppingUnitTest\bin\Debug\net6.0\fine-code-coverage\build-output\testhost.exe
TpTrace Verbose: 0 : 28428, 5, 2024/04/27, 20:30:55.197, 6066798713471, vstest.console.dll, DotnetTestHostmanager.LaunchTestHostAsync: Found 'VSTEST_WINAPPHOST_DOTNET_ROOT' in env variables, value 'C:\Program Files\dotnet', forwarding to 'DOTNET_ROOT'
TpTrace Verbose: 0 : 28428, 5, 2024/04/27, 20:30:55.197, 6066798714930, vstest.console.dll, DotnetTestHostManager: Starting process 'C:\Users\VC\Documents\Projects\Day-14(Async and Await)\OnlineShoppingSln\OnlineShoppingUnitTest\bin\Debug\net6.0\fine-code-coverage\build-output\testhost.exe' with command line ' --runtimeconfig "C:\Users\VC\Documents\Projects\Day-14(Async and Await)\OnlineShoppingSln\OnlineShoppingUnitTest\bin\Debug\net6.0\fine-code-coverage\build-output\OnlineShoppingUnitTest.runtimeconfig.json" --depsfile "C:\Users\VC\Documents\Projects\Day-14(Async and Await)\OnlineShoppingSln\OnlineShoppingUnitTest\bin\Debug\net6.0\fine-code-coverage\build-output\OnlineShoppingUnitTest.deps.json" --port 63814 --endpoint 127.0.0.1:063814 --role client --parentprocessid 28428 --diag "C:\Users\VC\Documents\Projects\Day-14(Async and Await)\OnlineShoppingSln\OnlineShoppingUnitTest\bin\Debug\net6.0\fine-code-coverage\coverage-tool-output\diagnostics.host.24-04-27_20-30-55_19616_5.log" --tracelevel 4 --datacollectionport 63813 --telemetryoptedin false'
TpTrace Verbose: 0 : 28428, 5, 2024/04/27, 20:30:55.203, 6066798771462, vstest.console.dll, MulticastDelegateUtilities.SafeInvoke: HostProviderEvents.OnHostLaunched: Invoking callback 1/2 for Microsoft.VisualStudio.TestPlatform.CrossPlatEngine.Client.ProxyExecutionManagerWithDataCollection., took 1 ms.
TpTrace Verbose: 0 : 28428, 5, 2024/04/27, 20:30:55.203, 6066798774360, vstest.console.dll, Test Runtime launched
TpTrace Verbose: 0 : 28428, 5, 2024/04/27, 20:30:55.203, 6066798775093, vstest.console.dll, MulticastDelegateUtilities.SafeInvoke: HostProviderEvents.OnHostLaunched: Invoking callback 2/2 for Microsoft.VisualStudio.TestPlatform.CrossPlatEngine.Client.ProxyOperationManager., took 0 ms.
TpTrace Verbose: 0 : 28428, 5, 2024/04/27, 20:30:55.203, 6066798776387, vstest.console.dll, TestRequestSender.WaitForRequestHandlerConnection: waiting for connection with timeout: 90000.
TpTrace Verbose: 0 : 28428, 5, 2024/04/27, 20:30:55.422, 6066800958126, vstest.console.dll, TestRequestSender.WaitForRequestHandlerConnection: waiting took 218 ms, with timeout 90000 ms, and result 0, which is success.
TpTrace Verbose: 0 : 28428, 11, 2024/04/27, 20:30:55.422, 6066800958127, vstest.console.dll, MulticastDelegateUtilities.SafeInvoke: SocketServer: ClientConnected: Invoking callback 1/1 for Microsoft.VisualStudio.TestPlatform.CommunicationUtilities.TestRequestSender., took 0 ms.
TpTrace Verbose: 0 : 28428, 11, 2024/04/27, 20:30:55.422, 6066800960721, vstest.console.dll, SocketServer.OnClientConnected: Client connected for endPoint: 127.0.0.1:63814, starting MessageLoopAsync:
TpTrace Verbose: 0 : 28428, 13, 2024/04/27, 20:30:55.423, 6066800969531, vstest.console.dll, TcpClientExtensions.MessageLoopAsync: Polling on remoteEndPoint: 127.0.0.1:63815 localEndPoint: 127.0.0.1:63814 after 0 ms
TpTrace Verbose: 0 : 28428, 5, 2024/04/27, 20:30:55.423, 6066800970411, vstest.console.dll, TestRequestSender.CheckVersionWithTestHost: Sending check version message: {"MessageType":"ProtocolVersion","Payload":7}
TpTrace Verbose: 0 : 28428, 13, 2024/04/27, 20:30:55.571, 6066802453592, vstest.console.dll, TcpClientExtensions.MessageLoopAsync: NotifyDataAvailable remoteEndPoint: 127.0.0.1:63815 localEndPoint: 127.0.0.1:63814
TpTrace Verbose: 0 : 28428, 13, 2024/04/27, 20:30:55.571, 6066802457272, vstest.console.dll, TestRequestSender.CheckVersionWithTestHost: onMessageReceived received message: (ProtocolVersion) -> {"MessageType":"ProtocolVersion","Payload":7}
TpTrace Verbose: 0 : 28428, 13, 2024/04/27, 20:30:55.572, 6066802464911, vstest.console.dll, MulticastDelegateUtilities.SafeInvoke: LengthPrefixCommunicationChannel: MessageReceived: Invoking callback 1/1 for Microsoft.VisualStudio.TestPlatform.CommunicationUtilities.TestRequestSender+<>c__DisplayClass29_0., took 0 ms.
TpTrace Verbose: 0 : 28428, 5, 2024/04/27, 20:30:55.572, 6066802465975, vstest.console.dll, TestPluginCache.GetExtensionPaths: Filtered extension paths: 
TpTrace Verbose: 0 : 28428, 13, 2024/04/27, 20:30:55.572, 6066802466167, vstest.console.dll, TcpClientExtensions.MessageLoopAsync: Polling on remoteEndPoint: 127.0.0.1:63815 localEndPoint: 127.0.0.1:63814 after 149 ms
TpTrace Verbose: 0 : 28428, 5, 2024/04/27, 20:30:55.572, 6066802467459, vstest.console.dll, TestPluginCache.GetExtensionPaths: Added default extension paths: C:\Program Files\dotnet\sdk\8.0.202\Extensions\Microsoft.Diagnostics.NETCore.Client.dll
C:\Program Files\dotnet\sdk\8.0.202\Extensions\Microsoft.TestPlatform.Extensions.BlameDataCollector.dll
C:\Program Files\dotnet\sdk\8.0.202\Extensions\Microsoft.TestPlatform.Extensions.EventLogCollector.dll
C:\Program Files\dotnet\sdk\8.0.202\Extensions\Microsoft.TestPlatform.TestHostRuntimeProvider.dll
C:\Program Files\dotnet\sdk\8.0.202\Extensions\Microsoft.VisualStudio.TestPlatform.Extensions.Html.TestLogger.dll
C:\Program Files\dotnet\sdk\8.0.202\Extensions\Microsoft.VisualStudio.TestPlatform.Extensions.Trx.TestLogger.dll
TpTrace Verbose: 0 : 28428, 5, 2024/04/27, 20:30:55.573, 6066802468405, vstest.console.dll, TestPluginCache.GetExtensionPaths: Added unfilterableExtensionPaths: 
TpTrace Verbose: 0 : 28428, 5, 2024/04/27, 20:30:55.577, 6066802510830, vstest.console.dll, TestRequestSender.InitializeExecution: Sending initialize execution with message: {"Version":7,"MessageType":"TestExecution.Initialize","Payload":["C:\\Users\\VC\\Documents\\Projects\\Day-14(Async and Await)\\OnlineShoppingSln\\OnlineShoppingUnitTest\\bin\\Debug\\net6.0\\fine-code-coverage\\build-output\\NUnit3.TestAdapter.dll"]}
TpTrace Verbose: 0 : 28428, 5, 2024/04/27, 20:30:55.577, 6066802513938, vstest.console.dll, ParallelProxyExecutionManager.StartTestRunOnConcurrentManager: Execution starting. Started clients: 1
TpTrace Verbose: 0 : 28428, 5, 2024/04/27, 20:30:55.577, 6066802517496, vstest.console.dll, TestRunRequest:SendTestRunMessage: Starting.
TpTrace Verbose: 0 : 28428, 5, 2024/04/27, 20:30:55.578, 6066802519700, vstest.console.dll, MulticastDelegateUtilities.SafeInvoke: TestRun.LogMessages: Invoking callback 1/1 for Microsoft.VisualStudio.TestPlatform.CommandLine.TestRunResultAggregator., took 0 ms.
TpTrace Information: 0 : 28428, 5, 2024/04/27, 20:30:55.578, 6066802520244, vstest.console.dll, TestRunRequest:SendTestRunMessage: Completed.
TpTrace Verbose: 0 : 28428, 4, 2024/04/27, 20:30:55.578, 6066802522480, vstest.console.dll, MulticastDelegateUtilities.SafeInvoke: InternalTestLoggerEvents.SendTestRunMessage: Invoking callback 1/1 for Microsoft.VisualStudio.TestPlatform.CommandLine.Internal.ConsoleLogger., took 0 ms.
TpTrace Warning: 0 : 28428, 5, 2024/04/27, 20:30:55.578, 6066802524997, vstest.console.dll, InferRunSettingsHelper.MakeRunsettingsCompatible: Removing the following settings: TargetPlatform from RunSettings file. To use those settings please move to latest version of Microsoft.NET.Test.Sdk
TpTrace Verbose: 0 : 28428, 13, 2024/04/27, 20:30:55.579, 6066802530660, vstest.console.dll, TcpClientExtensions.MessageLoopAsync: NotifyDataAvailable remoteEndPoint: 127.0.0.1:63815 localEndPoint: 127.0.0.1:63814
TpTrace Verbose: 0 : 28428, 13, 2024/04/27, 20:30:55.579, 6066802535088, vstest.console.dll, TestRequestSender.OnExecutionMessageReceived: Received message: {"Version":7,"MessageType":"TestSession.Message","Payload":{"MessageLevel":0,"Message":"Logging TestHost Diagnostics in file: C:\\Users\\VC\\Documents\\Projects\\Day-14(Async and Await)\\OnlineShoppingSln\\OnlineShoppingUnitTest\\bin\\Debug\\net6.0\\fine-code-coverage\\coverage-tool-output\\diagnostics.host.24-04-27_20-30-55_19616_5.log"}}
TpTrace Verbose: 0 : 28428, 13, 2024/04/27, 20:30:55.583, 6066802568354, vstest.console.dll, TestRunRequest:SendTestRunMessage: Starting.
TpTrace Verbose: 0 : 28428, 13, 2024/04/27, 20:30:55.583, 6066802570534, vstest.console.dll, MulticastDelegateUtilities.SafeInvoke: TestRun.LogMessages: Invoking callback 1/1 for Microsoft.VisualStudio.TestPlatform.CommandLine.TestRunResultAggregator., took 0 ms.
TpTrace Verbose: 0 : 28428, 4, 2024/04/27, 20:30:55.583, 6066802570781, vstest.console.dll, MulticastDelegateUtilities.SafeInvoke: InternalTestLoggerEvents.SendTestRunMessage: Invoking callback 1/1 for Microsoft.VisualStudio.TestPlatform.CommandLine.Internal.ConsoleLogger., took 0 ms.
TpTrace Information: 0 : 28428, 13, 2024/04/27, 20:30:55.583, 6066802572149, vstest.console.dll, TestRunRequest:SendTestRunMessage: Completed.
TpTrace Verbose: 0 : 28428, 13, 2024/04/27, 20:30:55.583, 6066802573726, vstest.console.dll, MulticastDelegateUtilities.SafeInvoke: LengthPrefixCommunicationChannel: MessageReceived: Invoking callback 1/1 for Microsoft.VisualStudio.TestPlatform.CommunicationUtilities.TestRequestSender+<>c__DisplayClass34_0., took 4 ms.
TpTrace Verbose: 0 : 28428, 13, 2024/04/27, 20:30:55.583, 6066802574237, vstest.console.dll, TcpClientExtensions.MessageLoopAsync: Polling on remoteEndPoint: 127.0.0.1:63815 localEndPoint: 127.0.0.1:63814 after 10 ms
TpTrace Verbose: 0 : 28428, 5, 2024/04/27, 20:30:55.590, 6066802644602, vstest.console.dll, TestRequestSender.StartTestRun: Sending test run with message: {"Version":7,"MessageType":"TestExecution.StartWithSources","Payload":{"AdapterSourceMap":{"_none_":["C:\\Users\\VC\\Documents\\Projects\\Day-14(Async and Await)\\OnlineShoppingSln\\OnlineShoppingUnitTest\\bin\\Debug\\net6.0\\fine-code-coverage\\build-output\\OnlineShoppingUnitTest.dll"]},"RunSettings":"<RunSettings>\r\n  <RunConfiguration>\r\n    <ResultsDirectory>C:\\Users\\VC\\Documents\\Projects\\Day-14(Async and Await)\\OnlineShoppingSln\\OnlineShoppingUnitTest\\bin\\Debug\\net6.0\\fine-code-coverage\\coverage-tool-output</ResultsDirectory>\r\n    <TargetFrameworkVersion>.NETCoreApp,Version=v6.0</TargetFrameworkVersion>\r\n    <DesignMode>False</DesignMode>\r\n    <CollectSourceInformation>False</CollectSourceInformation>\r\n  </RunConfiguration>\r\n  <LoggerRunSettings>\r\n    <Loggers>\r\n      <Logger friendlyName=\"blame\" enabled=\"True\" />\r\n      <Logger friendlyName=\"Console\" uri=\"logger://microsoft/TestPlatform/ConsoleLogger/v1\" assemblyQualifiedName=\"Microsoft.VisualStudio.TestPlatform.CommandLine.Internal.ConsoleLogger, vstest.console, Version=15.0.0.0, Culture=neutral, PublicKeyToken=b03f5f7f11d50a3a\" codeBase=\"C:\\Program Files\\dotnet\\sdk\\8.0.202\\vstest.console.dll\" enabled=\"True\" />\r\n    </Loggers>\r\n  </LoggerRunSettings>\r\n  <DataCollectionRunSettings>\r\n    <DataCollectors>\r\n      <DataCollector friendlyName=\"blame\" enabled=\"True\">\r\n        <Configuration>\r\n          <ResultsDirectory>C:\\Users\\VC\\Documents\\Projects\\Day-14(Async and Await)\\OnlineShoppingSln\\OnlineShoppingUnitTest\\bin\\Debug\\net6.0\\fine-code-coverage\\coverage-tool-output</ResultsDirectory>\r\n        </Configuration>\r\n      </DataCollector>\r\n    </DataCollectors>\r\n  </DataCollectionRunSettings>\r\n</RunSettings>","TestExecutionContext":{"FrequencyOfRunStatsChangeEvent":10,"RunStatsChangeEventTimeout":"00:00:01.5000000","InIsolation":false,"KeepAlive":false,"AreTestCaseLevelEventsRequired":false,"IsDebug":false,"TestCaseFilter":null,"FilterOptions":null},"Package":null}}
TpTrace Verbose: 0 : 28428, 5, 2024/04/27, 20:30:55.591, 6066802647882, vstest.console.dll, ParallelProxyExecutionManager.StartTestRunOnConcurrentManager: Execution started. Started clients: 1
TpTrace Verbose: 0 : 28428, 13, 2024/04/27, 20:30:55.779, 6066804536235, vstest.console.dll, TcpClientExtensions.MessageLoopAsync: NotifyDataAvailable remoteEndPoint: 127.0.0.1:63815 localEndPoint: 127.0.0.1:63814
TpTrace Verbose: 0 : 28428, 13, 2024/04/27, 20:30:55.780, 6066804538144, vstest.console.dll, TestRequestSender.OnExecutionMessageReceived: Received message: {"Version":7,"MessageType":"TestSession.Message","Payload":{"MessageLevel":0,"Message":"NUnit Adapter 4.4.0.0: Test execution started"}}
TpTrace Verbose: 0 : 28428, 13, 2024/04/27, 20:30:55.780, 6066804540141, vstest.console.dll, TestRunRequest:SendTestRunMessage: Starting.
TpTrace Verbose: 0 : 28428, 13, 2024/04/27, 20:30:55.780, 6066804540919, vstest.console.dll, MulticastDelegateUtilities.SafeInvoke: TestRun.LogMessages: Invoking callback 1/1 for Microsoft.VisualStudio.TestPlatform.CommandLine.TestRunResultAggregator., took 0 ms.
TpTrace Information: 0 : 28428, 13, 2024/04/27, 20:30:55.780, 6066804542131, vstest.console.dll, TestRunRequest:SendTestRunMessage: Completed.
TpTrace Verbose: 0 : 28428, 4, 2024/04/27, 20:30:55.780, 6066804542289, vstest.console.dll, MulticastDelegateUtilities.SafeInvoke: InternalTestLoggerEvents.SendTestRunMessage: Invoking callback 1/1 for Microsoft.VisualStudio.TestPlatform.CommandLine.Internal.ConsoleLogger., took 0 ms.
TpTrace Verbose: 0 : 28428, 13, 2024/04/27, 20:30:55.780, 6066804542632, vstest.console.dll, MulticastDelegateUtilities.SafeInvoke: LengthPrefixCommunicationChannel: MessageReceived: Invoking callback 1/1 for Microsoft.VisualStudio.TestPlatform.CommunicationUtilities.TestRequestSender+<>c__DisplayClass34_0., took 0 ms.
TpTrace Verbose: 0 : 28428, 13, 2024/04/27, 20:30:55.780, 6066804544021, vstest.console.dll, TcpClientExtensions.MessageLoopAsync: Polling on remoteEndPoint: 127.0.0.1:63815 localEndPoint: 127.0.0.1:63814 after 196 ms
TpTrace Verbose: 0 : 28428, 13, 2024/04/27, 20:30:55.801, 6066804750039, vstest.console.dll, TcpClientExtensions.MessageLoopAsync: NotifyDataAvailable remoteEndPoint: 127.0.0.1:63815 localEndPoint: 127.0.0.1:63814
TpTrace Verbose: 0 : 28428, 13, 2024/04/27, 20:30:55.801, 6066804751787, vstest.console.dll, TestRequestSender.OnExecutionMessageReceived: Received message: {"Version":7,"MessageType":"TestSession.Message","Payload":{"MessageLevel":0,"Message":"Running all tests in C:\\Users\\VC\\Documents\\Projects\\Day-14(Async and Await)\\OnlineShoppingSln\\OnlineShoppingUnitTest\\bin\\Debug\\net6.0\\fine-code-coverage\\build-output\\OnlineShoppingUnitTest.dll"}}
TpTrace Verbose: 0 : 28428, 13, 2024/04/27, 20:30:55.801, 6066804753078, vstest.console.dll, TestRunRequest:SendTestRunMessage: Starting.
TpTrace Verbose: 0 : 28428, 13, 2024/04/27, 20:30:55.801, 6066804753696, vstest.console.dll, MulticastDelegateUtilities.SafeInvoke: TestRun.LogMessages: Invoking callback 1/1 for Microsoft.VisualStudio.TestPlatform.CommandLine.TestRunResultAggregator., took 0 ms.
TpTrace Information: 0 : 28428, 13, 2024/04/27, 20:30:55.801, 6066804754077, vstest.console.dll, TestRunRequest:SendTestRunMessage: Completed.
TpTrace Verbose: 0 : 28428, 4, 2024/04/27, 20:30:55.801, 6066804754028, vstest.console.dll, MulticastDelegateUtilities.SafeInvoke: InternalTestLoggerEvents.SendTestRunMessage: Invoking callback 1/1 for Microsoft.VisualStudio.TestPlatform.CommandLine.Internal.ConsoleLogger., took 0 ms.
TpTrace Verbose: 0 : 28428, 13, 2024/04/27, 20:30:55.801, 6066804754501, vstest.console.dll, MulticastDelegateUtilities.SafeInvoke: LengthPrefixCommunicationChannel: MessageReceived: Invoking callback 1/1 for Microsoft.VisualStudio.TestPlatform.CommunicationUtilities.TestRequestSender+<>c__DisplayClass34_0., took 0 ms.
TpTrace Verbose: 0 : 28428, 13, 2024/04/27, 20:30:55.801, 6066804756612, vstest.console.dll, TcpClientExtensions.MessageLoopAsync: Polling on remoteEndPoint: 127.0.0.1:63815 localEndPoint: 127.0.0.1:63814 after 21 ms
TpTrace Verbose: 0 : 28428, 13, 2024/04/27, 20:30:55.910, 6066805847180, vstest.console.dll, TcpClientExtensions.MessageLoopAsync: NotifyDataAvailable remoteEndPoint: 127.0.0.1:63815 localEndPoint: 127.0.0.1:63814
TpTrace Verbose: 0 : 28428, 13, 2024/04/27, 20:30:55.911, 6066805849960, vstest.console.dll, TestRequestSender.OnExecutionMessageReceived: Received message: {"Version":7,"MessageType":"TestSession.Message","Payload":{"MessageLevel":0,"Message":"   NUnit3TestExecutor discovered 18 of 18 NUnit test cases using Current Discovery mode, Non-Explicit run"}}
TpTrace Verbose: 0 : 28428, 13, 2024/04/27, 20:30:55.911, 6066805852842, vstest.console.dll, TestRunRequest:SendTestRunMessage: Starting.
TpTrace Verbose: 0 : 28428, 13, 2024/04/27, 20:30:55.911, 6066805853799, vstest.console.dll, MulticastDelegateUtilities.SafeInvoke: TestRun.LogMessages: Invoking callback 1/1 for Microsoft.VisualStudio.TestPlatform.CommandLine.TestRunResultAggregator., took 0 ms.
TpTrace Information: 0 : 28428, 13, 2024/04/27, 20:30:55.911, 6066805854820, vstest.console.dll, TestRunRequest:SendTestRunMessage: Completed.
TpTrace Verbose: 0 : 28428, 13, 2024/04/27, 20:30:55.911, 6066805855312, vstest.console.dll, MulticastDelegateUtilities.SafeInvoke: LengthPrefixCommunicationChannel: MessageReceived: Invoking callback 1/1 for Microsoft.VisualStudio.TestPlatform.CommunicationUtilities.TestRequestSender+<>c__DisplayClass34_0., took 0 ms.
TpTrace Verbose: 0 : 28428, 13, 2024/04/27, 20:30:55.911, 6066805856278, vstest.console.dll, TcpClientExtensions.MessageLoopAsync: Polling on remoteEndPoint: 127.0.0.1:63815 localEndPoint: 127.0.0.1:63814 after 109 ms
TpTrace Verbose: 0 : 28428, 4, 2024/04/27, 20:30:55.911, 6066805854075, vstest.console.dll, MulticastDelegateUtilities.SafeInvoke: InternalTestLoggerEvents.SendTestRunMessage: Invoking callback 1/1 for Microsoft.VisualStudio.TestPlatform.CommandLine.Internal.ConsoleLogger., took 0 ms.
TpTrace Verbose: 0 : 28428, 13, 2024/04/27, 20:30:56.091, 6066807652818, vstest.console.dll, TcpClientExtensions.MessageLoopAsync: NotifyDataAvailable remoteEndPoint: 127.0.0.1:63815 localEndPoint: 127.0.0.1:63814
TpTrace Verbose: 0 : 28428, 13, 2024/04/27, 20:30:56.091, 6066807656884, vstest.console.dll, TestRequestSender.OnExecutionMessageReceived: Received message: {"Version":7,"MessageType":"TestExecution.StatsChange","Payload":{"NewTestResults":[{"TestCase":{"Id":"2fc25403-1aff-fad8-32bc-37b28c813c1c","FullyQualifiedName":"OnlineShoppingUnitTest.CartTest.Addcart","DisplayName":"Addcart","ExecutorUri":"executor://NUnit3TestExecutor","Source":"C:\\Users\\VC\\Documents\\Projects\\Day-14(Async and Await)\\OnlineShoppingSln\\OnlineShoppingUnitTest\\bin\\Debug\\net6.0\\fine-code-coverage\\build-output\\OnlineShoppingUnitTest.dll","CodeFilePath":null,"LineNumber":0,"Properties":[{"Key":{"Id":"NUnit.Seed","Label":"Seed","Category":"","Description":"","Attributes":0,"ValueType":"System.String"},"Value":"905652491"}]},"Attachments":[],"Outcome":1,"ErrorMessage":null,"ErrorStackTrace":null,"DisplayName":"Addcart","Messages":[],"ComputerName":"75RBBX3","Duration":"00:00:00.0474610","StartTime":"2024-04-27T15:00:55.9469148+00:00","EndTime":"2024-04-27T15:00:55.9942835+00:00","Properties":[{"Key":{"Id":"NUnit.Seed","Label":"Seed","Category":"","Description":"","Attributes":0,"ValueType":"System.String"},"Value":"905652491"}]},{"TestCase":{"Id":"4362c90b-b608-e8a9-ef84-ea1bb7fd2772","FullyQualifiedName":"OnlineShoppingUnitTest.CartTest.ExceptionInFindCartById","DisplayName":"ExceptionInFindCartById","ExecutorUri":"executor://NUnit3TestExecutor","Source":"C:\\Users\\VC\\Documents\\Projects\\Day-14(Async and Await)\\OnlineShoppingSln\\OnlineShoppingUnitTest\\bin\\Debug\\net6.0\\fine-code-coverage\\build-output\\OnlineShoppingUnitTest.dll","CodeFilePath":null,"LineNumber":0,"Properties":[{"Key":{"Id":"NUnit.Seed","Label":"Seed","Category":"","Description":"","Attributes":0,"ValueType":"System.String"},"Value":"764128429"}]},"Attachments":[],"Outcome":1,"ErrorMessage":null,"ErrorStackTrace":null,"DisplayName":"ExceptionInFindCartById","Messages":[],"ComputerName":"75RBBX3","Duration":"00:00:00.0080560","StartTime":"2024-04-27T15:00:55.9960116+00:00","EndTime":"2024-04-27T15:00:56.0040664+00:00","Properties":[{"Key":{"Id":"NUnit.Seed","Label":"Seed","Category":"","Description":"","Attributes":0,"ValueType":"System.String"},"Value":"764128429"}]},{"TestCase":{"Id":"702391f1-c92d-ae84-6205-c446f88fdfd0","FullyQualifiedName":"OnlineShoppingUnitTest.CartTest.FailFindCart","DisplayName":"FailFindCart","ExecutorUri":"executor://NUnit3TestExecutor","Source":"C:\\Users\\VC\\Documents\\Projects\\Day-14(Async and Await)\\OnlineShoppingSln\\OnlineShoppingUnitTest\\bin\\Debug\\net6.0\\fine-code-coverage\\build-output\\OnlineShoppingUnitTest.dll","CodeFilePath":null,"LineNumber":0,"Properties":[{"Key":{"Id":"NUnit.Seed","Label":"Seed","Category":"","Description":"","Attributes":0,"ValueType":"System.String"},"Value":"1772478352"}]},"Attachments":[],"Outcome":1,"ErrorMessage":null,"ErrorStackTrace":null,"DisplayName":"FailFindCart","Messages":[],"ComputerName":"75RBBX3","Duration":"00:00:00.0009540","StartTime":"2024-04-27T15:00:56.0041455+00:00","EndTime":"2024-04-27T15:00:56.0050998+00:00","Properties":[{"Key":{"Id":"NUnit.Seed","Label":"Seed","Category":"","Description":"","Attributes":0,"ValueType":"System.String"},"Value":"1772478352"}]},{"TestCase":{"Id":"9b592246-60b5-d919-4a09-4029349a9ad2","FullyQualifiedName":"OnlineShoppingUnitTest.CartTest.FindCart","DisplayName":"FindCart","ExecutorUri":"executor://NUnit3TestExecutor","Source":"C:\\Users\\VC\\Documents\\Projects\\Day-14(Async and Await)\\OnlineShoppingSln\\OnlineShoppingUnitTest\\bin\\Debug\\net6.0\\fine-code-coverage\\build-output\\OnlineShoppingUnitTest.dll","CodeFilePath":null,"LineNumber":0,"Properties":[{"Key":{"Id":"NUnit.Seed","Label":"Seed","Category":"","Description":"","Attributes":0,"ValueType":"System.String"},"Value":"1480324064"}]},"Attachments":[],"Outcome":2,"ErrorMessage":"OnlineShoppingModelLibrary.CustomException.NoDataWithGiveIdException : No Cart with given id present","ErrorStackTrace":"   at OnlineShoppingBLLibrary.CartBL.FindCartById(Int32 id) in C:\\Users\\VC\\Documents\\Projects\\Day-14(Async and Await)\\OnlineShoppingSln\\OnlineShoppingBLLibrary\\CartBL.cs:line 54\r\n   at OnlineShoppingUnitTest.CartTest.FindCart() in C:\\Users\\VC\\Documents\\Projects\\Day-14(Async and Await)\\OnlineShoppingSln\\OnlineShoppingUnitTest\\CartTest.cs:line 52\n","DisplayName":"FindCart","Messages":[],"ComputerName":"75RBBX3","Duration":"00:00:00.0065140","StartTime":"2024-04-27T15:00:56.0051183+00:00","EndTime":"2024-04-27T15:00:56.0116316+00:00","Properties":[{"Key":{"Id":"NUnit.Seed","Label":"Seed","Category":"","Description":"","Attributes":0,"ValueType":"System.String"},"Value":"1480324064"}]},{"TestCase":{"Id":"8a4ad7cd-3d2b-8966-28e6-2b8e6f01fdd7","FullyQualifiedName":"OnlineShoppingUnitTest.ProductTest.AddProduct","DisplayName":"AddProduct","ExecutorUri":"executor://NUnit3TestExecutor","Source":"C:\\Users\\VC\\Documents\\Projects\\Day-14(Async and Await)\\OnlineShoppingSln\\OnlineShoppingUnitTest\\bin\\Debug\\net6.0\\fine-code-coverage\\build-output\\OnlineShoppingUnitTest.dll","CodeFilePath":null,"LineNumber":0,"Properties":[{"Key":{"Id":"NUnit.Seed","Label":"Seed","Category":"","Description":"","Attributes":0,"ValueType":"System.String"},"Value":"272036564"}]},"Attachments":[],"Outcome":1,"ErrorMessage":null,"ErrorStackTrace":null,"DisplayName":"AddProduct","Messages":[],"ComputerName":"75RBBX3","Duration":"00:00:00.0017110","StartTime":"2024-04-27T15:00:56.0141554+00:00","EndTime":"2024-04-27T15:00:56.0158658+00:00","Properties":[{"Key":{"Id":"NUnit.Seed","Label":"Seed","Category":"","Description":"","Attributes":0,"ValueType":"System.String"},"Value":"272036564"}]},{"TestCase":{"Id":"d0f66a13-639a-81d6-a4c2-081b79fba61a","FullyQualifiedName":"OnlineShoppingUnitTest.ProductTest.DeleteProduct","DisplayName":"DeleteProduct","ExecutorUri":"executor://NUnit3TestExecutor","Source":"C:\\Users\\VC\\Documents\\Projects\\Day-14(Async and Await)\\OnlineShoppingSln\\OnlineShoppingUnitTest\\bin\\Debug\\net6.0\\fine-code-coverage\\build-output\\OnlineShoppingUnitTest.dll","CodeFilePath":null,"LineNumber":0,"Properties":[{"Key":{"Id":"NUnit.Seed","Label":"Seed","Category":"","Description":"","Attributes":0,"ValueType":"System.String"},"Value":"1933639576"}]},"Attachments":[],"Outcome":2,"ErrorMessage":"OnlineShoppingModelLibrary.CustomException.NoDataWithGiveIdException : No Product with given id present","ErrorStackTrace":"   at OnlineShoppingDALLibrary.ProductRepository.GetByKey(Int32 key) in C:\\Users\\VC\\Documents\\Projects\\Day-14(Async and Await)\\OnlineShoppingSln\\OnlineShoppingDALLibrary\\ProductRepository.cs:line 32\r\n   at OnlineShoppingDALLibrary.ProductRepository.Delete(Int32 key) in C:\\Users\\VC\\Documents\\Projects\\Day-14(Async and Await)\\OnlineShoppingSln\\OnlineShoppingDALLibrary\\ProductRepository.cs:line 15\r\n   at OnlineShoppingBLLibrary.ProductBL.DeleteProduct(Int32 id) in C:\\Users\\VC\\Documents\\Projects\\Day-14(Async and Await)\\OnlineShoppingSln\\OnlineShoppingBLLibrary\\ProductBL.cs:line 60\r\n   at OnlineShoppingUnitTest.ProductTest.DeleteProduct() in C:\\Users\\VC\\Documents\\Projects\\Day-14(Async and Await)\\OnlineShoppingSln\\OnlineShoppingUnitTest\\ProductTest.cs:line 67\n","DisplayName":"DeleteProduct","Messages":[],"ComputerName":"75RBBX3","Duration":"00:00:00.0049240","StartTime":"2024-04-27T15:00:56.0159095+00:00","EndTime":"2024-04-27T15:00:56.0208336+00:00","Properties":[{"Key":{"Id":"NUnit.Seed","Label":"Seed","Category":"","Description":"","Attributes":0,"ValueType":"System.String"},"Value":"1933639576"}]},{"TestCase":{"Id":"361a460c-bb00-0bca-a4ea-6c84a18e8fb0","FullyQualifiedName":"OnlineShoppingUnitTest.ProductTest.ExceptionInDeleteProduct","DisplayName":"ExceptionInDeleteProduct","ExecutorUri":"executor://NUnit3TestExecutor","Source":"C:\\Users\\VC\\Documents\\Projects\\Day-14(Async and Await)\\OnlineShoppingSln\\OnlineShoppingUnitTest\\bin\\Debug\\net6.0\\fine-code-coverage\\build-output\\OnlineShoppingUnitTest.dll","CodeFilePath":null,"LineNumber":0,"Properties":[{"Key":{"Id":"NUnit.Seed","Label":"Seed","Category":"","Description":"","Attributes":0,"ValueType":"System.String"},"Value":"1787839583"}]},"Attachments":[],"Outcome":1,"ErrorMessage":null,"ErrorStackTrace":null,"DisplayName":"ExceptionInDeleteProduct","Messages":[],"ComputerName":"75RBBX3","Duration":"00:00:00.0010670","StartTime":"2024-04-27T15:00:56.0208652+00:00","EndTime":"2024-04-27T15:00:56.0219319+00:00","Properties":[{"Key":{"Id":"NUnit.Seed","Label":"Seed","Category":"","Description":"","Attributes":0,"ValueType":"System.String"},"Value":"1787839583"}]},{"TestCase":{"Id":"43dd57a6-816d-f59c-3b69-590aaf3aa5a4","FullyQualifiedName":"OnlineShoppingUnitTest.ProductTest.ExceptionInFindProduct","DisplayName":"ExceptionInFindProduct","ExecutorUri":"executor://NUnit3TestExecutor","Source":"C:\\Users\\VC\\Documents\\Projects\\Day-14(Async and Await)\\OnlineShoppingSln\\OnlineShoppingUnitTest\\bin\\Debug\\net6.0\\fine-code-coverage\\build-output\\OnlineShoppingUnitTest.dll","CodeFilePath":null,"LineNumber":0,"Properties":[{"Key":{"Id":"NUnit.Seed","Label":"Seed","Category":"","Description":"","Attributes":0,"ValueType":"System.String"},"Value":"1735404330"}]},"Attachments":[],"Outcome":1,"ErrorMessage":null,"ErrorStackTrace":null,"DisplayName":"ExceptionInFindProduct","Messages":[],"ComputerName":"75RBBX3","Duration":"00:00:00.0013690","StartTime":"2024-04-27T15:00:56.0219501+00:00","EndTime":"2024-04-27T15:00:56.0233181+00:00","Properties":[{"Key":{"Id":"NUnit.Seed","Label":"Seed","Category":"","Description":"","Attributes":0,"ValueType":"System.String"},"Value":"1735404330"}]},{"TestCase":{"Id":"e0c23e3c-0e48-4d27-66ac-1db7eee52f16","FullyQualifiedName":"OnlineShoppingUnitTest.ProductTest.FailDeleteProduct","DisplayName":"FailDeleteProduct","ExecutorUri":"executor://NUnit3TestExecutor","Source":"C:\\Users\\VC\\Documents\\Projects\\Day-14(Async and Await)\\OnlineShoppingSln\\OnlineShoppingUnitTest\\bin\\Debug\\net6.0\\fine-code-coverage\\build-output\\OnlineShoppingUnitTest.dll","CodeFilePath":null,"LineNumber":0,"Properties":[{"Key":{"Id":"NUnit.Seed","Label":"Seed","Category":"","Description":"","Attributes":0,"ValueType":"System.String"},"Value":"1645144930"}]},"Attachments":[],"Outcome":1,"ErrorMessage":null,"ErrorStackTrace":null,"DisplayName":"FailDeleteProduct","Messages":[],"ComputerName":"75RBBX3","Duration":"00:00:00.0009410","StartTime":"2024-04-27T15:00:56.0233521+00:00","EndTime":"2024-04-27T15:00:56.0242933+00:00","Properties":[{"Key":{"Id":"NUnit.Seed","Label":"Seed","Category":"","Description":"","Attributes":0,"ValueType":"System.String"},"Value":"1645144930"}]}],"TestRunStatistics":{"ExecutedTests":9,"Stats":{"Passed":7,"Failed":2}},"ActiveTests":[{"Id":"22d22c66-d0bd-b834-9972-311062241ba4","FullyQualifiedName":"OnlineShoppingUnitTest.ProductTest.FailFindProduct","DisplayName":"FailFindProduct","ExecutorUri":"executor://NUnit3TestExecutor","Source":"C:\\Users\\VC\\Documents\\Projects\\Day-14(Async and Await)\\OnlineShoppingSln\\OnlineShoppingUnitTest\\bin\\Debug\\net6.0\\fine-code-coverage\\build-output\\OnlineShoppingUnitTest.dll","CodeFilePath":null,"LineNumber":0,"Properties":[{"Key":{"Id":"NUnit.Seed","Label":"Seed","Category":"","Description":"","Attributes":0,"ValueType":"System.String"},"Value":"1400789377"}]}]}}
TpTrace Verbose: 0 : 28428, 13, 2024/04/27, 20:30:56.120, 6066807939319, vstest.console.dll, TestRunRequest:SendTestRunStatsChange: Starting.
TpTrace Verbose: 0 : 28428, 13, 2024/04/27, 20:30:56.120, 6066807940902, vstest.console.dll, InProgress is FailFindProduct
TpTrace Verbose: 0 : 28428, 13, 2024/04/27, 20:30:56.120, 6066807942548, vstest.console.dll, MulticastDelegateUtilities.SafeInvoke: TestRun.RunStatsChanged: Invoking callbacks was skipped because there are no subscribers.
TpTrace Information: 0 : 28428, 13, 2024/04/27, 20:30:56.120, 6066807943020, vstest.console.dll, TestRunRequest:SendTestRunStatsChange: Completed.
TpTrace Verbose: 0 : 28428, 13, 2024/04/27, 20:30:56.120, 6066807943339, vstest.console.dll, MulticastDelegateUtilities.SafeInvoke: LengthPrefixCommunicationChannel: MessageReceived: Invoking callback 1/1 for Microsoft.VisualStudio.TestPlatform.CommunicationUtilities.TestRequestSender+<>c__DisplayClass34_0., took 28 ms.
TpTrace Verbose: 0 : 28428, 13, 2024/04/27, 20:30:56.120, 6066807945528, vstest.console.dll, TcpClientExtensions.MessageLoopAsync: Polling on remoteEndPoint: 127.0.0.1:63815 localEndPoint: 127.0.0.1:63814 after 208 ms
TpTrace Verbose: 0 : 28428, 4, 2024/04/27, 20:30:56.122, 6066807962436, vstest.console.dll, MulticastDelegateUtilities.SafeInvoke: InternalTestLoggerEvents.SendTestResult: Invoking callback 1/1 for Microsoft.VisualStudio.TestPlatform.CommandLine.Internal.ConsoleLogger., took 1 ms.
TpTrace Verbose: 0 : 28428, 4, 2024/04/27, 20:30:56.122, 6066807965936, vstest.console.dll, MulticastDelegateUtilities.SafeInvoke: InternalTestLoggerEvents.SendTestResult: Invoking callback 1/1 for Microsoft.VisualStudio.TestPlatform.CommandLine.Internal.ConsoleLogger., took 0 ms.
TpTrace Verbose: 0 : 28428, 4, 2024/04/27, 20:30:56.122, 6066807966898, vstest.console.dll, MulticastDelegateUtilities.SafeInvoke: InternalTestLoggerEvents.SendTestResult: Invoking callback 1/1 for Microsoft.VisualStudio.TestPlatform.CommandLine.Internal.ConsoleLogger., took 0 ms.
TpTrace Verbose: 0 : 28428, 4, 2024/04/27, 20:30:56.123, 6066807974662, vstest.console.dll, MulticastDelegateUtilities.SafeInvoke: InternalTestLoggerEvents.SendTestResult: Invoking callback 1/1 for Microsoft.VisualStudio.TestPlatform.CommandLine.Internal.ConsoleLogger., took 0 ms.
TpTrace Verbose: 0 : 28428, 4, 2024/04/27, 20:30:56.124, 6066807978910, vstest.console.dll, MulticastDelegateUtilities.SafeInvoke: InternalTestLoggerEvents.SendTestResult: Invoking callback 1/1 for Microsoft.VisualStudio.TestPlatform.CommandLine.Internal.ConsoleLogger., took 0 ms.
TpTrace Verbose: 0 : 28428, 4, 2024/04/27, 20:30:56.124, 6066807982860, vstest.console.dll, MulticastDelegateUtilities.SafeInvoke: InternalTestLoggerEvents.SendTestResult: Invoking callback 1/1 for Microsoft.VisualStudio.TestPlatform.CommandLine.Internal.ConsoleLogger., took 0 ms.
TpTrace Verbose: 0 : 28428, 4, 2024/04/27, 20:30:56.124, 6066807983578, vstest.console.dll, MulticastDelegateUtilities.SafeInvoke: InternalTestLoggerEvents.SendTestResult: Invoking callback 1/1 for Microsoft.VisualStudio.TestPlatform.CommandLine.Internal.ConsoleLogger., took 0 ms.
TpTrace Verbose: 0 : 28428, 4, 2024/04/27, 20:30:56.124, 6066807984190, vstest.console.dll, MulticastDelegateUtilities.SafeInvoke: InternalTestLoggerEvents.SendTestResult: Invoking callback 1/1 for Microsoft.VisualStudio.TestPlatform.CommandLine.Internal.ConsoleLogger., took 0 ms.
TpTrace Verbose: 0 : 28428, 4, 2024/04/27, 20:30:56.124, 6066807984736, vstest.console.dll, MulticastDelegateUtilities.SafeInvoke: InternalTestLoggerEvents.SendTestResult: Invoking callback 1/1 for Microsoft.VisualStudio.TestPlatform.CommandLine.Internal.ConsoleLogger., took 0 ms.
TpTrace Verbose: 0 : 28428, 13, 2024/04/27, 20:30:56.131, 6066808053001, vstest.console.dll, TcpClientExtensions.MessageLoopAsync: NotifyDataAvailable remoteEndPoint: 127.0.0.1:63815 localEndPoint: 127.0.0.1:63814
TpTrace Verbose: 0 : 28428, 13, 2024/04/27, 20:30:56.131, 6066808054753, vstest.console.dll, TestRequestSender.OnExecutionMessageReceived: Received message: {"Version":7,"MessageType":"TestSession.Message","Payload":{"MessageLevel":0,"Message":"NUnit Adapter 4.4.0.0: Test execution complete"}}
TpTrace Verbose: 0 : 28428, 13, 2024/04/27, 20:30:56.131, 6066808057097, vstest.console.dll, TestRunRequest:SendTestRunMessage: Starting.
TpTrace Verbose: 0 : 28428, 13, 2024/04/27, 20:30:56.132, 6066808057693, vstest.console.dll, MulticastDelegateUtilities.SafeInvoke: TestRun.LogMessages: Invoking callback 1/1 for Microsoft.VisualStudio.TestPlatform.CommandLine.TestRunResultAggregator., took 0 ms.
TpTrace Information: 0 : 28428, 13, 2024/04/27, 20:30:56.132, 6066808057992, vstest.console.dll, TestRunRequest:SendTestRunMessage: Completed.
TpTrace Verbose: 0 : 28428, 13, 2024/04/27, 20:30:56.132, 6066808058267, vstest.console.dll, MulticastDelegateUtilities.SafeInvoke: LengthPrefixCommunicationChannel: MessageReceived: Invoking callback 1/1 for Microsoft.VisualStudio.TestPlatform.CommunicationUtilities.TestRequestSender+<>c__DisplayClass34_0., took 0 ms.
TpTrace Verbose: 0 : 28428, 13, 2024/04/27, 20:30:56.132, 6066808058565, vstest.console.dll, TcpClientExtensions.MessageLoopAsync: Polling on remoteEndPoint: 127.0.0.1:63815 localEndPoint: 127.0.0.1:63814 after 11 ms
TpTrace Verbose: 0 : 28428, 4, 2024/04/27, 20:30:56.132, 6066808058736, vstest.console.dll, MulticastDelegateUtilities.SafeInvoke: InternalTestLoggerEvents.SendTestRunMessage: Invoking callback 1/1 for Microsoft.VisualStudio.TestPlatform.CommandLine.Internal.ConsoleLogger., took 0 ms.
TpTrace Verbose: 0 : 28428, 13, 2024/04/27, 20:30:56.150, 6066808241332, vstest.console.dll, TcpClientExtensions.MessageLoopAsync: NotifyDataAvailable remoteEndPoint: 127.0.0.1:63815 localEndPoint: 127.0.0.1:63814
TpTrace Verbose: 0 : 28428, 13, 2024/04/27, 20:30:56.150, 6066808247263, vstest.console.dll, TestRequestSender.OnExecutionMessageReceived: Received message: {"Version":7,"MessageType":"TestExecution.Completed","Payload":{"TestRunCompleteArgs":{"TestRunStatistics":{"ExecutedTests":18,"Stats":{"Passed":14,"Failed":4}},"IsCanceled":false,"IsAborted":false,"Error":null,"AttachmentSets":[],"InvokedDataCollectors":[],"ElapsedTimeInRunningTests":"00:00:00.3772204","Metrics":{},"DiscoveredExtensions":{"TestDiscoverers":["NUnit.VisualStudio.TestAdapter.NUnit3TestDiscoverer, NUnit3.TestAdapter, Version=4.4.0.0, Culture=neutral, PublicKeyToken=4cb40d35494691ac"],"TestExecutors":["executor://NUnit3TestExecutor"],"TestExecutors2":[],"TestSettingsProviders":[]}},"LastRunTests":{"NewTestResults":[{"TestCase":{"Id":"22d22c66-d0bd-b834-9972-311062241ba4","FullyQualifiedName":"OnlineShoppingUnitTest.ProductTest.FailFindProduct","DisplayName":"FailFindProduct","ExecutorUri":"executor://NUnit3TestExecutor","Source":"C:\\Users\\VC\\Documents\\Projects\\Day-14(Async and Await)\\OnlineShoppingSln\\OnlineShoppingUnitTest\\bin\\Debug\\net6.0\\fine-code-coverage\\build-output\\OnlineShoppingUnitTest.dll","CodeFilePath":null,"LineNumber":0,"Properties":[{"Key":{"Id":"NUnit.Seed","Label":"Seed","Category":"","Description":"","Attributes":0,"ValueType":"System.String"},"Value":"1400789377"}]},"Attachments":[],"Outcome":1,"ErrorMessage":null,"ErrorStackTrace":null,"DisplayName":"FailFindProduct","Messages":[],"ComputerName":"75RBBX3","Duration":"00:00:00.0009960","StartTime":"2024-04-27T15:00:56.0243156+00:00","EndTime":"2024-04-27T15:00:56.0253116+00:00","Properties":[{"Key":{"Id":"NUnit.Seed","Label":"Seed","Category":"","Description":"","Attributes":0,"ValueType":"System.String"},"Value":"1400789377"}]},{"TestCase":{"Id":"8f4f7e26-3780-52ec-969d-670d31ed73b6","FullyQualifiedName":"OnlineShoppingUnitTest.ProductTest.FindProduct","DisplayName":"FindProduct","ExecutorUri":"executor://NUnit3TestExecutor","Source":"C:\\Users\\VC\\Documents\\Projects\\Day-14(Async and Await)\\OnlineShoppingSln\\OnlineShoppingUnitTest\\bin\\Debug\\net6.0\\fine-code-coverage\\build-output\\OnlineShoppingUnitTest.dll","CodeFilePath":null,"LineNumber":0,"Properties":[{"Key":{"Id":"NUnit.Seed","Label":"Seed","Category":"","Description":"","Attributes":0,"ValueType":"System.String"},"Value":"1510772704"}]},"Attachments":[],"Outcome":2,"ErrorMessage":"OnlineShoppingModelLibrary.CustomException.NoDataWithGiveIdException : No Product with given id present","ErrorStackTrace":"   at OnlineShoppingBLLibrary.ProductBL.FindProductById(Int32 id) in C:\\Users\\VC\\Documents\\Projects\\Day-14(Async and Await)\\OnlineShoppingSln\\OnlineShoppingBLLibrary\\ProductBL.cs:line 51\r\n   at OnlineShoppingUnitTest.ProductTest.FindProduct() in C:\\Users\\VC\\Documents\\Projects\\Day-14(Async and Await)\\OnlineShoppingSln\\OnlineShoppingUnitTest\\ProductTest.cs:line 46\n","DisplayName":"FindProduct","Messages":[],"ComputerName":"75RBBX3","Duration":"00:00:00.0008790","StartTime":"2024-04-27T15:00:56.0253443+00:00","EndTime":"2024-04-27T15:00:56.0262233+00:00","Properties":[{"Key":{"Id":"NUnit.Seed","Label":"Seed","Category":"","Description":"","Attributes":0,"ValueType":"System.String"},"Value":"1510772704"}]},{"TestCase":{"Id":"72aebac8-bb41-369f-5907-b5721cddaa5b","FullyQualifiedName":"OnlineShoppingUnitTest.Tests.AddCustomer","DisplayName":"AddCustomer","ExecutorUri":"executor://NUnit3TestExecutor","Source":"C:\\Users\\VC\\Documents\\Projects\\Day-14(Async and Await)\\OnlineShoppingSln\\OnlineShoppingUnitTest\\bin\\Debug\\net6.0\\fine-code-coverage\\build-output\\OnlineShoppingUnitTest.dll","CodeFilePath":null,"LineNumber":0,"Properties":[{"Key":{"Id":"NUnit.Seed","Label":"Seed","Category":"","Description":"","Attributes":0,"ValueType":"System.String"},"Value":"2069234439"}]},"Attachments":[],"Outcome":1,"ErrorMessage":null,"ErrorStackTrace":null,"DisplayName":"AddCustomer","Messages":[],"ComputerName":"75RBBX3","Duration":"00:00:00.0011110","StartTime":"2024-04-27T15:00:56.0264381+00:00","EndTime":"2024-04-27T15:00:56.0275491+00:00","Properties":[{"Key":{"Id":"NUnit.Seed","Label":"Seed","Category":"","Description":"","Attributes":0,"ValueType":"System.String"},"Value":"2069234439"}]},{"TestCase":{"Id":"86b87b8c-334d-31f8-8c9e-38630d967fc9","FullyQualifiedName":"OnlineShoppingUnitTest.Tests.ExceptionInAddCustomer","DisplayName":"ExceptionInAddCustomer","ExecutorUri":"executor://NUnit3TestExecutor","Source":"C:\\Users\\VC\\Documents\\Projects\\Day-14(Async and Await)\\OnlineShoppingSln\\OnlineShoppingUnitTest\\bin\\Debug\\net6.0\\fine-code-coverage\\build-output\\OnlineShoppingUnitTest.dll","CodeFilePath":null,"LineNumber":0,"Properties":[{"Key":{"Id":"NUnit.Seed","Label":"Seed","Category":"","Description":"","Attributes":0,"ValueType":"System.String"},"Value":"328498735"}]},"Attachments":[],"Outcome":1,"ErrorMessage":null,"ErrorStackTrace":null,"DisplayName":"ExceptionInAddCustomer","Messages":[],"ComputerName":"75RBBX3","Duration":"00:00:00.0013530","StartTime":"2024-04-27T15:00:56.0275651+00:00","EndTime":"2024-04-27T15:00:56.0289183+00:00","Properties":[{"Key":{"Id":"NUnit.Seed","Label":"Seed","Category":"","Description":"","Attributes":0,"ValueType":"System.String"},"Value":"328498735"}]},{"TestCase":{"Id":"80bc0ad7-bc34-b2a9-cca6-d12f6a56bb9b","FullyQualifiedName":"OnlineShoppingUnitTest.Tests.ExceptionInFindById","DisplayName":"ExceptionInFindById","ExecutorUri":"executor://NUnit3TestExecutor","Source":"C:\\Users\\VC\\Documents\\Projects\\Day-14(Async and Await)\\OnlineShoppingSln\\OnlineShoppingUnitTest\\bin\\Debug\\net6.0\\fine-code-coverage\\build-output\\OnlineShoppingUnitTest.dll","CodeFilePath":null,"LineNumber":0,"Properties":[{"Key":{"Id":"NUnit.Seed","Label":"Seed","Category":"","Description":"","Attributes":0,"ValueType":"System.String"},"Value":"733647661"}]},"Attachments":[],"Outcome":1,"ErrorMessage":null,"ErrorStackTrace":null,"DisplayName":"ExceptionInFindById","Messages":[],"ComputerName":"75RBBX3","Duration":"00:00:00.0016950","StartTime":"2024-04-27T15:00:56.0289398+00:00","EndTime":"2024-04-27T15:00:56.0306342+00:00","Properties":[{"Key":{"Id":"NUnit.Seed","Label":"Seed","Category":"","Description":"","Attributes":0,"ValueType":"System.String"},"Value":"733647661"}]},{"TestCase":{"Id":"189f31ba-5603-90d0-10a6-c27a5b8503f3","FullyQualifiedName":"OnlineShoppingUnitTest.Tests.FailAddCustomer","DisplayName":"FailAddCustomer","ExecutorUri":"executor://NUnit3TestExecutor","Source":"C:\\Users\\VC\\Documents\\Projects\\Day-14(Async and Await)\\OnlineShoppingSln\\OnlineShoppingUnitTest\\bin\\Debug\\net6.0\\fine-code-coverage\\build-output\\OnlineShoppingUnitTest.dll","CodeFilePath":null,"LineNumber":0,"Properties":[{"Key":{"Id":"NUnit.Seed","Label":"Seed","Category":"","Description":"","Attributes":0,"ValueType":"System.String"},"Value":"130047101"}]},"Attachments":[],"Outcome":1,"ErrorMessage":null,"ErrorStackTrace":null,"DisplayName":"FailAddCustomer","Messages":[],"ComputerName":"75RBBX3","Duration":"00:00:00.0010850","StartTime":"2024-04-27T15:00:56.0306577+00:00","EndTime":"2024-04-27T15:00:56.0317426+00:00","Properties":[{"Key":{"Id":"NUnit.Seed","Label":"Seed","Category":"","Description":"","Attributes":0,"ValueType":"System.String"},"Value":"130047101"}]},{"TestCase":{"Id":"9f01bcc0-601e-9d75-d0df-179efb93e605","FullyQualifiedName":"OnlineShoppingUnitTest.Tests.FailFindCustomerById","DisplayName":"FailFindCustomerById","ExecutorUri":"executor://NUnit3TestExecutor","Source":"C:\\Users\\VC\\Documents\\Projects\\Day-14(Async and Await)\\OnlineShoppingSln\\OnlineShoppingUnitTest\\bin\\Debug\\net6.0\\fine-code-coverage\\build-output\\OnlineShoppingUnitTest.dll","CodeFilePath":null,"LineNumber":0,"Properties":[{"Key":{"Id":"NUnit.Seed","Label":"Seed","Category":"","Description":"","Attributes":0,"ValueType":"System.String"},"Value":"286415670"}]},"Attachments":[],"Outcome":1,"ErrorMessage":null,"ErrorStackTrace":null,"DisplayName":"FailFindCustomerById","Messages":[],"ComputerName":"75RBBX3","Duration":"00:00:00.0012880","StartTime":"2024-04-27T15:00:56.0317819+00:00","EndTime":"2024-04-27T15:00:56.03307+00:00","Properties":[{"Key":{"Id":"NUnit.Seed","Label":"Seed","Category":"","Description":"","Attributes":0,"ValueType":"System.String"},"Value":"286415670"}]},{"TestCase":{"Id":"b3b2845e-af73-454f-4c9d-3daf0c0f2831","FullyQualifiedName":"OnlineShoppingUnitTest.Tests.FindCustomerById","DisplayName":"FindCustomerById","ExecutorUri":"executor://NUnit3TestExecutor","Source":"C:\\Users\\VC\\Documents\\Projects\\Day-14(Async and Await)\\OnlineShoppingSln\\OnlineShoppingUnitTest\\bin\\Debug\\net6.0\\fine-code-coverage\\build-output\\OnlineShoppingUnitTest.dll","CodeFilePath":null,"LineNumber":0,"Properties":[{"Key":{"Id":"NUnit.Seed","Label":"Seed","Category":"","Description":"","Attributes":0,"ValueType":"System.String"},"Value":"1005084313"}]},"Attachments":[],"Outcome":2,"ErrorMessage":"OnlineShoppingModelLibrary.CustomException.NoDataWithGiveIdException : No Customer with given id present","ErrorStackTrace":"   at OnlineShoppingBLLibrary.CustomerBL.FindCustomerById(Int32 id) in C:\\Users\\VC\\Documents\\Projects\\Day-14(Async and Await)\\OnlineShoppingSln\\OnlineShoppingBLLibrary\\CustomerBL.cs:line 54\r\n   at OnlineShoppingUnitTest.Tests.FindCustomerById() in C:\\Users\\VC\\Documents\\Projects\\Day-14(Async and Await)\\OnlineShoppingSln\\OnlineShoppingUnitTest\\UnitTest1.cs:line 49\n","DisplayName":"FindCustomerById","Messages":[],"ComputerName":"75RBBX3","Duration":"00:00:00.0009540","StartTime":"2024-04-27T15:00:56.0330914+00:00","EndTime":"2024-04-27T15:00:56.0340457+00:00","Properties":[{"Key":{"Id":"NUnit.Seed","Label":"Seed","Category":"","Description":"","Attributes":0,"ValueType":"System.String"},"Value":"1005084313"}]},{"TestCase":{"Id":"dee0b4c6-0c14-8881-37c8-cc156aa9b709","FullyQualifiedName":"OnlineShoppingUnitTest.Tests.GetAll","DisplayName":"GetAll","ExecutorUri":"executor://NUnit3TestExecutor","Source":"C:\\Users\\VC\\Documents\\Projects\\Day-14(Async and Await)\\OnlineShoppingSln\\OnlineShoppingUnitTest\\bin\\Debug\\net6.0\\fine-code-coverage\\build-output\\OnlineShoppingUnitTest.dll","CodeFilePath":null,"LineNumber":0,"Properties":[{"Key":{"Id":"NUnit.Seed","Label":"Seed","Category":"","Description":"","Attributes":0,"ValueType":"System.String"},"Value":"1097402323"}]},"Attachments":[],"Outcome":1,"ErrorMessage":null,"ErrorStackTrace":null,"DisplayName":"GetAll","Messages":[],"ComputerName":"75RBBX3","Duration":"00:00:00.0014490","StartTime":"2024-04-27T15:00:56.0340823+00:00","EndTime":"2024-04-27T15:00:56.0355313+00:00","Properties":[{"Key":{"Id":"NUnit.Seed","Label":"Seed","Category":"","Description":"","Attributes":0,"ValueType":"System.String"},"Value":"1097402323"}]}],"TestRunStatistics":{"ExecutedTests":18,"Stats":{"Passed":14,"Failed":4}},"ActiveTests":[]},"RunAttachments":[],"ExecutorUris":["executor://nunit3testexecutor/"]}}
TpTrace Verbose: 0 : 28428, 13, 2024/04/27, 20:30:56.151, 6066808248940, vstest.console.dll, TestRequestSender.EndSession: Sending end session.
TpTrace Verbose: 0 : 28428, 13, 2024/04/27, 20:30:56.151, 6066808250564, vstest.console.dll, ProxyOperationManager.Close: waiting for test host to exit for 100 ms
TpTrace Verbose: 0 : 28428, 12, 2024/04/27, 20:30:56.189, 6066808636516, vstest.console.dll, TestHostManagerCallbacks.ctor: Experimental forwarding output is disabled.
TpTrace Warning: 0 : 28428, 12, 2024/04/27, 20:30:56.190, 6066808638356, vstest.console.dll, TestHostManagerCallbacks.ErrorReceivedCallback Test host standard error line: 
TpTrace Verbose: 0 : 28428, 12, 2024/04/27, 20:30:56.201, 6066808753513, vstest.console.dll, TestHostProvider.ExitCallBack: Host exited starting callback.
TpTrace Information: 0 : 28428, 12, 2024/04/27, 20:30:56.202, 6066808760071, vstest.console.dll, TestHostManagerCallbacks.ExitCallBack: Testhost processId: 512 exited with exitcode: 0 error: ''
TpTrace Verbose: 0 : 28428, 12, 2024/04/27, 20:30:56.202, 6066808761104, vstest.console.dll, DotnetTestHostManager.OnHostExited: invoking OnHostExited callback
TpTrace Verbose: 0 : 28428, 12, 2024/04/27, 20:30:56.202, 6066808762166, vstest.console.dll, CrossPlatEngine.TestHostManagerHostExited: calling on client process exit callback.
TpTrace Information: 0 : 28428, 12, 2024/04/27, 20:30:56.202, 6066808763206, vstest.console.dll, TestRequestSender.OnClientProcessExit: Test host process exited. Standard error: 
TpTrace Information: 0 : 28428, 12, 2024/04/27, 20:30:56.202, 6066808764098, vstest.console.dll, SocketServer.Stop: Stop server endPoint: 127.0.0.1:63814
TpTrace Information: 0 : 28428, 12, 2024/04/27, 20:30:56.202, 6066808764797, vstest.console.dll, SocketServer.Stop: Cancellation requested. Stopping message loop.
TpTrace Information: 0 : 28428, 13, 2024/04/27, 20:30:56.202, 6066808764869, vstest.console.dll, SocketServer.Stop: Stop server endPoint: 127.0.0.1:63814
TpTrace Information: 0 : 28428, 13, 2024/04/27, 20:30:56.202, 6066808767349, vstest.console.dll, SocketServer.Stop: Cancellation requested. Stopping message loop.
TpTrace Verbose: 0 : 28428, 12, 2024/04/27, 20:30:56.203, 6066808769823, vstest.console.dll, MulticastDelegateUtilities.SafeInvoke: HostProviderEvents.OnHostExited: Invoking callback 1/1 for Microsoft.VisualStudio.TestPlatform.CrossPlatEngine.Client.ProxyOperationManager., took 0 ms.
TpTrace Information: 0 : 28428, 13, 2024/04/27, 20:30:56.203, 6066808770179, vstest.console.dll, Closing the connection
TpTrace Verbose: 0 : 28428, 13, 2024/04/27, 20:30:56.204, 6066808777688, vstest.console.dll, ProxyDataCollectionManager.InvokeDataCollectionServiceAction: Starting.
TpTrace Information: 0 : 28428, 13, 2024/04/27, 20:30:56.204, 6066808779883, vstest.console.dll, ProxyDataCollectionManager.AfterTestRunEnd: Get attachment set and invoked data collectors processId: 44280 port: 63811
TpTrace Verbose: 0 : 28428, 13, 2024/04/27, 20:30:56.204, 6066808782243, vstest.console.dll, DataCollectionRequestSender.SendAfterTestRunStartAndGetResult: Send AfterTestRunEnd message with isCancelled: False
TpTrace Verbose: 0 : 28428, 13, 2024/04/27, 20:30:56.216, 6066808906844, vstest.console.dll, DataCollectionRequestSender.SendAfterTestRunStartAndGetResult: Received message: (DataCollection.AfterTestRunEndResult) -> {"MessageType":"DataCollection.AfterTestRunEndResult","Payload":{"AttachmentSets":[],"InvokedDataCollectors":[{"Uri":"datacollector://Microsoft/TestPlatform/Extensions/Blame/v1","FriendlyName":"Blame","AssemblyQualifiedName":"Microsoft.TestPlatform.Extensions.BlameDataCollector.BlameCollector, Microsoft.TestPlatform.Extensions.BlameDataCollector, Version=15.0.0.0, Culture=neutral, PublicKeyToken=b03f5f7f11d50a3a","FilePath":"C:\\Program Files\\dotnet\\sdk\\8.0.202\\Extensions\\Microsoft.TestPlatform.Extensions.BlameDataCollector.dll","HasAttachmentProcessor":false}],"Metrics":{}}}
TpTrace Information: 0 : 28428, 13, 2024/04/27, 20:30:56.228, 6066809020179, vstest.console.dll, ProxyDataCollectionManager.InvokeDataCollectionServiceAction: Completed.
TpTrace Warning: 0 : 28428, 10, 2024/04/27, 20:30:56.244, 6066809182801, vstest.console.dll, DataCollectionLauncher.ErrorReceivedCallback datacollector standard error line: 
TpTrace Information: 0 : 28428, 10, 2024/04/27, 20:30:56.253, 6066809276944, vstest.console.dll, DataCollectionLauncher.ExitCallBack: Data collector exited with exitcode: 0 error: ''
TpTrace Verbose: 0 : 28428, 13, 2024/04/27, 20:30:56.268, 6066809427057, vstest.console.dll, TestRunRequest:SendTestRunStatsChange: Starting.
TpTrace Verbose: 0 : 28428, 13, 2024/04/27, 20:30:56.269, 6066809428488, vstest.console.dll, MulticastDelegateUtilities.SafeInvoke: TestRun.RunStatsChanged: Invoking callbacks was skipped because there are no subscribers.
TpTrace Information: 0 : 28428, 13, 2024/04/27, 20:30:56.269, 6066809428948, vstest.console.dll, TestRunRequest:SendTestRunStatsChange: Completed.
TpTrace Verbose: 0 : 28428, 4, 2024/04/27, 20:30:56.269, 6066809431170, vstest.console.dll, MulticastDelegateUtilities.SafeInvoke: InternalTestLoggerEvents.SendTestResult: Invoking callback 1/1 for Microsoft.VisualStudio.TestPlatform.CommandLine.Internal.ConsoleLogger., took 0 ms.
TpTrace Verbose: 0 : 28428, 13, 2024/04/27, 20:30:56.269, 6066809433689, vstest.console.dll, ParallelProxyExecutionManager: HandlePartialRunComplete: Total workloads = 1, Total started clients = 1 Total completed clients = 1, Run complete = True, Run canceled: False.
TpTrace Verbose: 0 : 28428, 13, 2024/04/27, 20:30:56.269, 6066809434083, vstest.console.dll, ParallelProxyExecutionManager: HandlePartialRunComplete: All runs completed stopping all managers.
TpTrace Verbose: 0 : 28428, 13, 2024/04/27, 20:30:56.269, 6066809434392, vstest.console.dll, ParallelOperationManager.StopAllManagers: Stopping all managers.
TpTrace Verbose: 0 : 28428, 13, 2024/04/27, 20:30:56.269, 6066809434680, vstest.console.dll, ParallelOperationManager.ClearSlots: Clearing all slots. Slots should accept more work: False
TpTrace Verbose: 0 : 28428, 13, 2024/04/27, 20:30:56.269, 6066809435028, vstest.console.dll, ParallelOperationManager.SetOccupiedSlotCount: Setting slot counts AvailableSlotCount = 1, OccupiedSlotCount = 0.
TpTrace Verbose: 0 : 28428, 4, 2024/04/27, 20:30:56.269, 6066809435317, vstest.console.dll, MulticastDelegateUtilities.SafeInvoke: InternalTestLoggerEvents.SendTestResult: Invoking callback 1/1 for Microsoft.VisualStudio.TestPlatform.CommandLine.Internal.ConsoleLogger., took 0 ms.
TpTrace Verbose: 0 : 28428, 13, 2024/04/27, 20:30:56.269, 6066809435432, vstest.console.dll, Occupied slots:

TpTrace Verbose: 0 : 28428, 4, 2024/04/27, 20:30:56.269, 6066809435969, vstest.console.dll, MulticastDelegateUtilities.SafeInvoke: InternalTestLoggerEvents.SendTestResult: Invoking callback 1/1 for Microsoft.VisualStudio.TestPlatform.CommandLine.Internal.ConsoleLogger., took 0 ms.
TpTrace Verbose: 0 : 28428, 4, 2024/04/27, 20:30:56.269, 6066809436999, vstest.console.dll, MulticastDelegateUtilities.SafeInvoke: InternalTestLoggerEvents.SendTestResult: Invoking callback 1/1 for Microsoft.VisualStudio.TestPlatform.CommandLine.Internal.ConsoleLogger., took 0 ms.
TpTrace Verbose: 0 : 28428, 4, 2024/04/27, 20:30:56.269, 6066809437468, vstest.console.dll, MulticastDelegateUtilities.SafeInvoke: InternalTestLoggerEvents.SendTestResult: Invoking callback 1/1 for Microsoft.VisualStudio.TestPlatform.CommandLine.Internal.ConsoleLogger., took 0 ms.
TpTrace Verbose: 0 : 28428, 4, 2024/04/27, 20:30:56.270, 6066809438006, vstest.console.dll, MulticastDelegateUtilities.SafeInvoke: InternalTestLoggerEvents.SendTestResult: Invoking callback 1/1 for Microsoft.VisualStudio.TestPlatform.CommandLine.Internal.ConsoleLogger., took 0 ms.
TpTrace Verbose: 0 : 28428, 4, 2024/04/27, 20:30:56.270, 6066809439805, vstest.console.dll, MulticastDelegateUtilities.SafeInvoke: InternalTestLoggerEvents.SendTestResult: Invoking callback 1/1 for Microsoft.VisualStudio.TestPlatform.CommandLine.Internal.ConsoleLogger., took 0 ms.
TpTrace Verbose: 0 : 28428, 4, 2024/04/27, 20:30:56.270, 6066809445090, vstest.console.dll, MulticastDelegateUtilities.SafeInvoke: InternalTestLoggerEvents.SendTestResult: Invoking callback 1/1 for Microsoft.VisualStudio.TestPlatform.CommandLine.Internal.ConsoleLogger., took 0 ms.
TpTrace Verbose: 0 : 28428, 4, 2024/04/27, 20:30:56.272, 6066809465957, vstest.console.dll, MulticastDelegateUtilities.SafeInvoke: InternalTestLoggerEvents.SendTestResult: Invoking callback 1/1 for Microsoft.VisualStudio.TestPlatform.CommandLine.Internal.ConsoleLogger., took 1 ms.
TpTrace Verbose: 0 : 28428, 4, 2024/04/27, 20:30:56.277, 6066809515479, vstest.console.dll, MulticastDelegateUtilities.SafeInvoke: InternalTestLoggerEvents.SendTestRunComplete: Invoking callback 1/2 for Microsoft.TestPlatform.Extensions.BlameDataCollector.BlameLogger., took 0 ms.
TpTrace Verbose: 0 : 28428, 4, 2024/04/27, 20:30:56.283, 6066809567950, vstest.console.dll, MulticastDelegateUtilities.SafeInvoke: InternalTestLoggerEvents.SendTestRunComplete: Invoking callback 2/2 for Microsoft.VisualStudio.TestPlatform.CommandLine.Internal.ConsoleLogger., took 5 ms.
TpTrace Verbose: 0 : 28428, 13, 2024/04/27, 20:30:56.283, 6066809575354, vstest.console.dll, TestRunRequest:TestRunComplete: Starting. IsAborted:False IsCanceled:False.
TpTrace Verbose: 0 : 28428, 13, 2024/04/27, 20:30:56.283, 6066809577162, vstest.console.dll, ParallelOperationManager.DoActionOnAllManagers: Calling an action on all managers.
TpTrace Verbose: 0 : 28428, 13, 2024/04/27, 20:30:56.284, 6066809584789, vstest.console.dll, TestLoggerManager.HandleTestRunComplete: Ignoring as the object is disposed.
TpTrace Verbose: 0 : 28428, 13, 2024/04/27, 20:30:56.284, 6066809586288, vstest.console.dll, MulticastDelegateUtilities.SafeInvoke: TestRun.TestRunComplete: Invoking callback 1/2 for Microsoft.VisualStudio.TestPlatform.CommandLine.TestRunResultAggregator., took 0 ms.
TpTrace Verbose: 0 : 28428, 13, 2024/04/27, 20:30:56.284, 6066809587154, vstest.console.dll, MulticastDelegateUtilities.SafeInvoke: TestRun.TestRunComplete: Invoking callback 2/2 for Microsoft.VisualStudio.TestPlatform.CommandLine.Processors.RunTestsArgumentExecutor+TestRunRequestEventsRegistrar., took 0 ms.
TpTrace Information: 0 : 28428, 13, 2024/04/27, 20:30:56.285, 6066809587933, vstest.console.dll, TestRunRequest:TestRunComplete: Completed.
TpTrace Verbose: 0 : 28428, 13, 2024/04/27, 20:30:56.285, 6066809588233, vstest.console.dll, TestRequestSender.SetOperationComplete: Setting operation complete.
TpTrace Information: 0 : 28428, 13, 2024/04/27, 20:30:56.285, 6066809588479, vstest.console.dll, SocketServer.Stop: Stop server endPoint: 127.0.0.1:63814
TpTrace Information: 0 : 28428, 13, 2024/04/27, 20:30:56.285, 6066809588709, vstest.console.dll, SocketServer.Stop: Cancellation requested. Stopping message loop.
TpTrace Verbose: 0 : 28428, 13, 2024/04/27, 20:30:56.285, 6066809588966, vstest.console.dll, MulticastDelegateUtilities.SafeInvoke: LengthPrefixCommunicationChannel: MessageReceived: Invoking callback 1/1 for Microsoft.VisualStudio.TestPlatform.CommunicationUtilities.TestRequestSender+<>c__DisplayClass34_0., took 134 ms.
TpTrace Verbose: 0 : 28428, 1, 2024/04/27, 20:30:56.285, 6066809589076, vstest.console.dll, TestRunRequest.Dispose: Starting.
TpTrace Information: 0 : 28428, 1, 2024/04/27, 20:30:56.285, 6066809590540, vstest.console.dll, TestRunRequest.Dispose: Completed.
TpTrace Information: 0 : 28428, 13, 2024/04/27, 20:30:56.285, 6066809589355, vstest.console.dll, SocketServer.PrivateStop: Stopping server endPoint: 127.0.0.1:63814 error: 
TpTrace Information: 0 : 28428, 1, 2024/04/27, 20:30:56.285, 6066809591141, vstest.console.dll, TestRequestManager.RunTests: run tests completed.
TpTrace Information: 0 : 28428, 1, 2024/04/27, 20:30:56.285, 6066809593660, vstest.console.dll, RunTestsArgumentProcessor:Execute: Test run is completed.
TpTrace Verbose: 0 : 28428, 13, 2024/04/27, 20:30:56.285, 6066809595208, vstest.console.dll, LengthPrefixCommunicationChannel.Dispose: Dispose reader and writer.
TpTrace Information: 0 : 28428, 13, 2024/04/27, 20:30:56.285, 6066809596005, vstest.console.dll, SocketServer.Stop: Raise disconnected event endPoint: 127.0.0.1:63814 error: 
TpTrace Verbose: 0 : 28428, 1, 2024/04/27, 20:30:56.285, 6066809596981, vstest.console.dll, Executor.Execute: Exiting with exit code of 1
TpTrace Verbose: 0 : 28428, 13, 2024/04/27, 20:30:56.285, 6066809597508, vstest.console.dll, TestRequestSender: OnTestRunAbort: Operation is already complete. Skip error message.
TpTrace Verbose: 0 : 28428, 13, 2024/04/27, 20:30:56.286, 6066809599082, vstest.console.dll, MulticastDelegateUtilities.SafeInvoke: SocketServer: ClientDisconnected: Invoking callback 1/1 for Microsoft.VisualStudio.TestPlatform.CommunicationUtilities.TestRequestSender., took 0 ms.
TpTrace Verbose: 0 : 28428, 13, 2024/04/27, 20:30:56.286, 6066809599571, vstest.console.dll, TcpClientExtensions.MessageLoopAsync: exiting MessageLoopAsync remoteEndPoint: 127.0.0.1:63815 localEndPoint: 127.0.0.1:63814
